GLPSOL: GLPK LP/MIP Solver, v4.52
Parameter(s) specified in the command line:
 --math math_model.mod -d HB10000_GLPK.dat -o HB10000_SOL.sol --log HB10000_LOG.log
 --tmlim 3600
Reading model section from math_model.mod...
40 lines were read
Reading data section from HB10000_GLPK.dat...
10010 lines were read
Generating profit...
Generating CAP...
Model has been successfully generated
GLPK Integer Optimizer, v4.52
600 rows, 10000 columns, 568887 non-zeros
10000 integer variables, all of which are binary
Preprocessing...
1 hidden covering inequaliti(es) were detected
596 rows, 10000 columns, 558883 non-zeros
10000 integer variables, all of which are binary
Scaling...
 A: min|aij| =  1.000e+00  max|aij| =  1.000e+03  ratio =  1.000e+03
GM: min|aij| =  8.992e-01  max|aij| =  1.112e+00  ratio =  1.237e+00
EQ: min|aij| =  8.370e-01  max|aij| =  1.000e+00  ratio =  1.195e+00
2N: min|aij| =  4.302e-01  max|aij| =  1.752e+00  ratio =  4.073e+00
Constructing initial basis...
Size of triangular part is 596
Solving LP relaxation...
GLPK Simplex Optimizer, v4.52
596 rows, 10000 columns, 558883 non-zeros
*     0: obj =   0.000000000e+00  infeas =  0.000e+00 (0)
*   500: obj =   4.552123505e+04  infeas =  2.656e-17 (0)
*  1000: obj =   6.463035528e+04  infeas =  4.467e-17 (0)
*  1500: obj =   7.108978723e+04  infeas =  1.181e-18 (0)
*  2000: obj =   7.176509013e+04  infeas =  6.351e-17 (0)
*  2036: obj =   7.176635628e+04  infeas =  4.614e-17 (0)
OPTIMAL LP SOLUTION FOUND
Integer optimization begins...
+  2036: mip =     not found yet <=              +inf        (1; 0)
+  2052: mip =     not found yet <=   7.176500000e+04        (4; 0)
+  2097: mip =     not found yet <=   7.175900000e+04        (7; 0)
+  2115: mip =     not found yet <=   7.175900000e+04        (10; 0)
+  2139: mip =     not found yet <=   7.175900000e+04        (13; 0)
+  2175: mip =     not found yet <=   7.175900000e+04        (16; 0)
+  2199: mip =     not found yet <=   7.175900000e+04        (19; 0)
+  2232: mip =     not found yet <=   7.175900000e+04        (22; 0)
+  2249: mip =     not found yet <=   7.175900000e+04        (25; 0)
+  2288: mip =     not found yet <=   7.175900000e+04        (28; 0)
Time used: 60.6 secs.  Memory used: 89.9 Mb.
+  2321: mip =     not found yet <=   7.175900000e+04        (31; 0)
+  2335: mip =     not found yet <=   7.175900000e+04        (34; 0)
+  2350: mip =     not found yet <=   7.175900000e+04        (37; 0)
+  2370: mip =     not found yet <=   7.175900000e+04        (40; 0)
+  2387: mip =     not found yet <=   7.175900000e+04        (43; 0)
+  2408: mip =     not found yet <=   7.175900000e+04        (46; 0)
+  2433: mip =     not found yet <=   7.175900000e+04        (49; 0)
+  2474: mip =     not found yet <=   7.175900000e+04        (52; 0)
+  2509: mip =     not found yet <=   7.175900000e+04        (55; 0)
Time used: 120.8 secs.  Memory used: 89.9 Mb.
+  2543: mip =     not found yet <=   7.175900000e+04        (58; 0)
+  2576: mip =     not found yet <=   7.175900000e+04        (61; 0)
+  2594: mip =     not found yet <=   7.175900000e+04        (64; 0)
+  2630: mip =     not found yet <=   7.175900000e+04        (67; 0)
+  2649: mip =     not found yet <=   7.175900000e+04        (70; 0)
+  2668: mip =     not found yet <=   7.175900000e+04        (73; 0)
+  2699: mip =     not found yet <=   7.175900000e+04        (76; 0)
+  2718: mip =     not found yet <=   7.175900000e+04        (79; 0)
+  2736: mip =     not found yet <=   7.175900000e+04        (82; 0)
+  2765: mip =     not found yet <=   7.175900000e+04        (85; 0)
Time used: 182.3 secs.  Memory used: 89.9 Mb.
+  2809: mip =     not found yet <=   7.175900000e+04        (88; 0)
+  2841: mip =     not found yet <=   7.175900000e+04        (91; 0)
+  2861: mip =     not found yet <=   7.175900000e+04        (94; 0)
+  2875: mip =     not found yet <=   7.175900000e+04        (97; 0)
+  2885: mip =     not found yet <=   7.175900000e+04        (100; 0)
+  2903: mip =     not found yet <=   7.175900000e+04        (103; 0)
+  2944: mip =     not found yet <=   7.175900000e+04        (106; 0)
+  2964: mip =     not found yet <=   7.175900000e+04        (109; 0)
+  2980: mip =     not found yet <=   7.175900000e+04        (112; 0)
+  3000: mip =     not found yet <=   7.175900000e+04        (115; 0)
+  3032: mip =     not found yet <=   7.175900000e+04        (118; 0)
Time used: 243.9 secs.  Memory used: 90.0 Mb.
+  3048: mip =     not found yet <=   7.175900000e+04        (121; 0)
+  3075: mip =     not found yet <=   7.175900000e+04        (124; 0)
+  3093: mip =     not found yet <=   7.175900000e+04        (127; 0)
+  3110: mip =     not found yet <=   7.175900000e+04        (130; 0)
+  3127: mip =     not found yet <=   7.175900000e+04        (133; 0)
+  3143: mip =     not found yet <=   7.175900000e+04        (136; 0)
+  3162: mip =     not found yet <=   7.175900000e+04        (139; 0)
+  3186: mip =     not found yet <=   7.175900000e+04        (142; 0)
+  3214: mip =     not found yet <=   7.175900000e+04        (145; 0)
+  3235: mip =     not found yet <=   7.175900000e+04        (148; 0)
+  3270: mip =     not found yet <=   7.175900000e+04        (151; 0)
Time used: 305.7 secs.  Memory used: 90.0 Mb.
+  3294: mip =     not found yet <=   7.175900000e+04        (154; 0)
+  3317: mip =     not found yet <=   7.175900000e+04        (157; 0)
+  3342: mip =     not found yet <=   7.175900000e+04        (160; 0)
+  3364: mip =     not found yet <=   7.175900000e+04        (163; 0)
+  3380: mip =     not found yet <=   7.175900000e+04        (166; 0)
+  3401: mip =     not found yet <=   7.175900000e+04        (169; 0)
+  3424: mip =     not found yet <=   7.175900000e+04        (172; 0)
+  3447: mip =     not found yet <=   7.175900000e+04        (175; 0)
+  3468: mip =     not found yet <=   7.175900000e+04        (178; 0)
+  3496: mip =     not found yet <=   7.175900000e+04        (181; 0)
+  3517: mip =     not found yet <=   7.175900000e+04        (184; 0)
+  3544: mip =     not found yet <=   7.175900000e+04        (187; 0)
Time used: 367.1 secs.  Memory used: 90.0 Mb.
+  3571: mip =     not found yet <=   7.175900000e+04        (190; 0)
+  3604: mip =     not found yet <=   7.175900000e+04        (193; 0)
+  3621: mip =     not found yet <=   7.175900000e+04        (196; 0)
+  3638: mip =     not found yet <=   7.175900000e+04        (199; 0)
+  3659: mip =     not found yet <=   7.175900000e+04        (202; 0)
+  3678: mip =     not found yet <=   7.175900000e+04        (205; 0)
+  3725: mip =     not found yet <=   7.175900000e+04        (208; 0)
+  3740: mip =     not found yet <=   7.175900000e+04        (211; 0)
+  3759: mip =     not found yet <=   7.175900000e+04        (214; 0)
+  3789: mip =     not found yet <=   7.175900000e+04        (217; 0)
+  3816: mip =     not found yet <=   7.175900000e+04        (220; 0)
Time used: 427.6 secs.  Memory used: 90.0 Mb.
+  3834: mip =     not found yet <=   7.175900000e+04        (223; 0)
+  3875: mip =     not found yet <=   7.175900000e+04        (226; 0)
+  3895: mip =     not found yet <=   7.175900000e+04        (229; 0)
+  3919: mip =     not found yet <=   7.175900000e+04        (232; 0)
+  3935: mip =     not found yet <=   7.175900000e+04        (235; 0)
+  3962: mip =     not found yet <=   7.175900000e+04        (238; 0)
+  3982: mip =     not found yet <=   7.175900000e+04        (241; 0)
+  3999: mip =     not found yet <=   7.175900000e+04        (244; 0)
+  4014: mip =     not found yet <=   7.175900000e+04        (247; 0)
+  4034: mip =     not found yet <=   7.175900000e+04        (250; 0)
+  4054: mip =     not found yet <=   7.175900000e+04        (253; 0)
+  4099: mip =     not found yet <=   7.175900000e+04        (256; 0)
Time used: 488.7 secs.  Memory used: 90.0 Mb.
+  4125: mip =     not found yet <=   7.175900000e+04        (259; 0)
+  4170: mip =     not found yet <=   7.175900000e+04        (262; 0)
+  4211: mip =     not found yet <=   7.175900000e+04        (266; 0)
+  4247: mip =     not found yet <=   7.175900000e+04        (270; 0)
+  4278: mip =     not found yet <=   7.175900000e+04        (274; 0)
+  4317: mip =     not found yet <=   7.175900000e+04        (278; 0)
+  4341: mip =     not found yet <=   7.175900000e+04        (282; 0)
+  4371: mip =     not found yet <=   7.175900000e+04        (286; 0)
+  4392: mip =     not found yet <=   7.175900000e+04        (290; 0)
+  4418: mip =     not found yet <=   7.175900000e+04        (294; 0)
Time used: 549.5 secs.  Memory used: 90.1 Mb.
+  4445: mip =     not found yet <=   7.175900000e+04        (298; 0)
+  4475: mip =     not found yet <=   7.175900000e+04        (302; 0)
+  4491: mip =     not found yet <=   7.175900000e+04        (306; 0)
+  4513: mip =     not found yet <=   7.175900000e+04        (310; 0)
+  4544: mip =     not found yet <=   7.175900000e+04        (314; 0)
+  4559: mip =     not found yet <=   7.175900000e+04        (318; 0)
+  4576: mip =     not found yet <=   7.175900000e+04        (322; 0)
+  4602: mip =     not found yet <=   7.175900000e+04        (326; 0)
+  4617: mip =     not found yet <=   7.175900000e+04        (330; 0)
+  4636: mip =     not found yet <=   7.175900000e+04        (334; 0)
Time used: 610.8 secs.  Memory used: 90.1 Mb.
+  4654: mip =     not found yet <=   7.175900000e+04        (338; 0)
+  4684: mip =     not found yet <=   7.175900000e+04        (342; 0)
+  4696: mip =     not found yet <=   7.175900000e+04        (346; 0)
+  4710: mip =     not found yet <=   7.175900000e+04        (350; 0)
+  4734: mip =     not found yet <=   7.175900000e+04        (354; 0)
+  4762: mip =     not found yet <=   7.175900000e+04        (358; 0)
+  4790: mip =     not found yet <=   7.175900000e+04        (362; 0)
+  4817: mip =     not found yet <=   7.175900000e+04        (366; 0)
+  4833: mip =     not found yet <=   7.175900000e+04        (370; 0)
Time used: 671.0 secs.  Memory used: 90.1 Mb.
+  4859: mip =     not found yet <=   7.175900000e+04        (374; 0)
+  4881: mip =     not found yet <=   7.175900000e+04        (378; 0)
+  4920: mip =     not found yet <=   7.175900000e+04        (382; 0)
+  4939: mip =     not found yet <=   7.175900000e+04        (386; 0)
+  4979: mip =     not found yet <=   7.175900000e+04        (390; 0)
+  5003: mip =     not found yet <=   7.175900000e+04        (394; 0)
+  5014: mip =     not found yet <=   7.175900000e+04        (398; 0)
+  5022: mip =     not found yet <=   7.175900000e+04        (402; 0)
+  5029: mip =     not found yet <=   7.175900000e+04        (406; 0)
+  5035: mip =     not found yet <=   7.175900000e+04        (410; 0)
+  5051: mip =     not found yet <=   7.175900000e+04        (414; 0)
Time used: 732.3 secs.  Memory used: 90.2 Mb.
+  5059: mip =     not found yet <=   7.175900000e+04        (418; 0)
+  5086: mip =     not found yet <=   7.175900000e+04        (422; 0)
+  5092: mip =     not found yet <=   7.175900000e+04        (426; 0)
+  5101: mip =     not found yet <=   7.175900000e+04        (430; 0)
+  5130: mip =     not found yet <=   7.175900000e+04        (434; 0)
+  5153: mip =     not found yet <=   7.175900000e+04        (438; 0)
+  5179: mip =     not found yet <=   7.175900000e+04        (442; 0)
+  5197: mip =     not found yet <=   7.175900000e+04        (446; 0)
+  5212: mip =     not found yet <=   7.175900000e+04        (450; 0)
+  5224: mip =     not found yet <=   7.175900000e+04        (454; 0)
+  5234: mip =     not found yet <=   7.175900000e+04        (458; 0)
Time used: 792.3 secs.  Memory used: 90.2 Mb.
+  5260: mip =     not found yet <=   7.175900000e+04        (462; 0)
+  5278: mip =     not found yet <=   7.175900000e+04        (466; 0)
+  5299: mip =     not found yet <=   7.175900000e+04        (470; 0)
+  5314: mip =     not found yet <=   7.175900000e+04        (474; 0)
+  5330: mip =     not found yet <=   7.175900000e+04        (478; 0)
+  5349: mip =     not found yet <=   7.175900000e+04        (482; 0)
+  5372: mip =     not found yet <=   7.175900000e+04        (486; 0)
+  5388: mip =     not found yet <=   7.175900000e+04        (490; 0)
+  5404: mip =     not found yet <=   7.175900000e+04        (494; 0)
+  5420: mip =     not found yet <=   7.175900000e+04        (498; 0)
+  5436: mip =     not found yet <=   7.175900000e+04        (502; 0)
+  5470: mip =     not found yet <=   7.175900000e+04        (506; 0)
Time used: 853.2 secs.  Memory used: 90.3 Mb.
+  5508: mip =     not found yet <=   7.175900000e+04        (511; 0)
+  5546: mip =     not found yet <=   7.175900000e+04        (516; 0)
+  5560: mip =     not found yet <=   7.175900000e+04        (520; 0)
+  5593: mip =     not found yet <=   7.175900000e+04        (524; 0)
+  5620: mip =     not found yet <=   7.175900000e+04        (528; 0)
+  5639: mip =     not found yet <=   7.175900000e+04        (532; 0)
+  5664: mip =     not found yet <=   7.175900000e+04        (537; 0)
+  5685: mip =     not found yet <=   7.175900000e+04        (542; 0)
+  5727: mip =     not found yet <=   7.175900000e+04        (547; 0)
+  5768: mip =     not found yet <=   7.175900000e+04        (552; 0)
Time used: 914.3 secs.  Memory used: 90.3 Mb.
+  5807: mip =     not found yet <=   7.175900000e+04        (557; 0)
+  5864: mip =     not found yet <=   7.175900000e+04        (562; 0)
+  5897: mip =     not found yet <=   7.175900000e+04        (567; 0)
+  5931: mip =     not found yet <=   7.175900000e+04        (572; 0)
+  5960: mip =     not found yet <=   7.175900000e+04        (577; 0)
+  5991: mip =     not found yet <=   7.175900000e+04        (582; 0)
+  6026: mip =     not found yet <=   7.175900000e+04        (587; 0)
+  6054: mip =     not found yet <=   7.175900000e+04        (592; 0)
+  6091: mip =     not found yet <=   7.175900000e+04        (597; 0)
+  6110: mip =     not found yet <=   7.175900000e+04        (602; 0)
+  6135: mip =     not found yet <=   7.175900000e+04        (607; 0)
Time used: 974.6 secs.  Memory used: 90.4 Mb.
+  6159: mip =     not found yet <=   7.175900000e+04        (612; 0)
+  6179: mip =     not found yet <=   7.175900000e+04        (617; 0)
+  6200: mip =     not found yet <=   7.175900000e+04        (622; 0)
+  6223: mip =     not found yet <=   7.175900000e+04        (627; 0)
+  6238: mip =     not found yet <=   7.175900000e+04        (632; 0)
+  6262: mip =     not found yet <=   7.175900000e+04        (637; 0)
+  6294: mip =     not found yet <=   7.175900000e+04        (642; 0)
+  6325: mip =     not found yet <=   7.175900000e+04        (647; 0)
+  6352: mip =     not found yet <=   7.175900000e+04        (652; 0)
+  6383: mip =     not found yet <=   7.175900000e+04        (657; 0)
Time used: 1035.3 secs.  Memory used: 90.4 Mb.
+  6409: mip =     not found yet <=   7.175900000e+04        (662; 0)
+  6432: mip =     not found yet <=   7.175900000e+04        (667; 0)
+  6449: mip =     not found yet <=   7.175900000e+04        (672; 0)
+  6464: mip =     not found yet <=   7.175900000e+04        (677; 0)
+  6479: mip =     not found yet <=   7.175900000e+04        (682; 0)
+  6494: mip =     not found yet <=   7.175900000e+04        (687; 0)
+  6515: mip =     not found yet <=   7.175900000e+04        (692; 0)
+  6545: mip =     not found yet <=   7.175900000e+04        (697; 0)
+  6561: mip =     not found yet <=   7.175900000e+04        (702; 0)
+  6574: mip =     not found yet <=   7.175900000e+04        (707; 0)
+  6592: mip =     not found yet <=   7.175900000e+04        (712; 0)
+  6605: mip =     not found yet <=   7.175900000e+04        (717; 0)
Time used: 1095.8 secs.  Memory used: 90.4 Mb.
+  6630: mip =     not found yet <=   7.175900000e+04        (722; 0)
+  6644: mip =     not found yet <=   7.175900000e+04        (727; 0)
+  6657: mip =     not found yet <=   7.175900000e+04        (732; 0)
+  6671: mip =     not found yet <=   7.175900000e+04        (737; 0)
+  6684: mip =     not found yet <=   7.175900000e+04        (742; 0)
+  6704: mip =     not found yet <=   7.175900000e+04        (747; 0)
+  6725: mip =     not found yet <=   7.175900000e+04        (753; 0)
+  6740: mip =     not found yet <=   7.175900000e+04        (759; 0)
+  6752: mip =     not found yet <=   7.175900000e+04        (765; 0)
+  6764: mip =     not found yet <=   7.175900000e+04        (771; 0)
+  6780: mip =     not found yet <=   7.175900000e+04        (777; 0)
Time used: 1156.7 secs.  Memory used: 90.5 Mb.
+  6798: mip =     not found yet <=   7.175900000e+04        (783; 0)
+  6831: mip =     not found yet <=   7.175900000e+04        (789; 0)
+  6853: mip =     not found yet <=   7.175900000e+04        (795; 0)
+  6877: mip =     not found yet <=   7.175900000e+04        (801; 0)
+  6899: mip =     not found yet <=   7.175900000e+04        (807; 0)
+  6926: mip =     not found yet <=   7.175900000e+04        (813; 0)
+  6938: mip =     not found yet <=   7.175900000e+04        (819; 0)
+  6965: mip =     not found yet <=   7.175900000e+04        (825; 0)
+  7017: mip =     not found yet <=   7.175900000e+04        (831; 0)
+  7039: mip =     not found yet <=   7.175900000e+04        (838; 0)
+  7059: mip =     not found yet <=   7.175900000e+04        (844; 0)
Time used: 1217.4 secs.  Memory used: 90.5 Mb.
+  7090: mip =     not found yet <=   7.175900000e+04        (851; 0)
+  7113: mip =     not found yet <=   7.175900000e+04        (858; 0)
+  7155: mip =     not found yet <=   7.175900000e+04        (865; 0)
+  7175: mip =     not found yet <=   7.175900000e+04        (872; 0)
+  7189: mip =     not found yet <=   7.175900000e+04        (879; 0)
+  7205: mip =     not found yet <=   7.175900000e+04        (886; 0)
+  7221: mip =     not found yet <=   7.175900000e+04        (893; 0)
+  7243: mip =     not found yet <=   7.175900000e+04        (900; 0)
+  7251: mip =     not found yet <=   7.175900000e+04        (907; 0)
+  7260: mip =     not found yet <=   7.175900000e+04        (914; 0)
+  7275: mip =     not found yet <=   7.175900000e+04        (921; 0)
Time used: 1278.0 secs.  Memory used: 90.6 Mb.
+  7292: mip =     not found yet <=   7.175900000e+04        (928; 0)
+  7319: mip =     not found yet <=   7.175900000e+04        (935; 0)
+  7344: mip =     not found yet <=   7.175900000e+04        (942; 0)
+  7380: mip =     not found yet <=   7.175900000e+04        (949; 0)
+  7412: mip =     not found yet <=   7.175900000e+04        (957; 0)
+  7429: mip =     not found yet <=   7.175900000e+04        (965; 0)
+  7456: mip =     not found yet <=   7.175900000e+04        (973; 0)
+  7485: mip =     not found yet <=   7.175900000e+04        (981; 0)
+  7512: mip =     not found yet <=   7.175900000e+04        (989; 0)
+  7549: mip =     not found yet <=   7.175900000e+04        (997; 0)
+  7581: mip =     not found yet <=   7.175900000e+04        (1005; 0)
+  7608: mip =     not found yet <=   7.175900000e+04        (1013; 0)
Time used: 1338.0 secs.  Memory used: 90.7 Mb.
+  7637: mip =     not found yet <=   7.175900000e+04        (1021; 0)
+  7680: mip =     not found yet <=   7.175900000e+04        (1029; 0)
+  7706: mip =     not found yet <=   7.175900000e+04        (1037; 0)
+  7717: mip =     not found yet <=   7.175900000e+04        (1045; 0)
+  7748: mip =     not found yet <=   7.175900000e+04        (1054; 0)
+  7780: mip =     not found yet <=   7.175900000e+04        (1062; 0)
+  7814: mip =     not found yet <=   7.175900000e+04        (1070; 0)
+  7835: mip =     not found yet <=   7.175900000e+04        (1078; 0)
+  7872: mip =     not found yet <=   7.175900000e+04        (1086; 0)
+  7919: mip =     not found yet <=   7.175900000e+04        (1095; 0)
+  7950: mip =     not found yet <=   7.175900000e+04        (1104; 0)
Time used: 1398.3 secs.  Memory used: 90.8 Mb.
+  7977: mip =     not found yet <=   7.175900000e+04        (1113; 0)
+  8013: mip =     not found yet <=   7.175900000e+04        (1122; 0)
+  8051: mip =     not found yet <=   7.175900000e+04        (1131; 0)
+  8091: mip =     not found yet <=   7.175900000e+04        (1141; 0)
+  8138: mip =     not found yet <=   7.175900000e+04        (1151; 0)
+  8184: mip =     not found yet <=   7.175900000e+04        (1162; 0)
+  8210: mip =     not found yet <=   7.175900000e+04        (1173; 0)
+  8244: mip =     not found yet <=   7.175900000e+04        (1184; 0)
+  8279: mip =     not found yet <=   7.175900000e+04        (1196; 0)
+  8307: mip =     not found yet <=   7.175900000e+04        (1208; 0)
+  8331: mip =     not found yet <=   7.175900000e+04        (1220; 0)
Time used: 1458.6 secs.  Memory used: 90.9 Mb.
+  8355: mip =     not found yet <=   7.175900000e+04        (1232; 0)
+  8382: mip =     not found yet <=   7.175900000e+04        (1244; 0)
+  8406: mip =     not found yet <=   7.175900000e+04        (1256; 0)
+  8431: mip =     not found yet <=   7.175900000e+04        (1268; 0)
+  8475: mip =     not found yet <=   7.175900000e+04        (1280; 0)
+  8526: mip =     not found yet <=   7.175900000e+04        (1293; 0)
+  8574: mip =     not found yet <=   7.175900000e+04        (1306; 0)
+  8617: mip =     not found yet <=   7.175900000e+04        (1320; 0)
+  8695: mip =     not found yet <=   7.175900000e+04        (1334; 0)
+  8782: mip =     not found yet <=   7.175900000e+04        (1349; 0)
+  8855: mip =     not found yet <=   7.175900000e+04        (1364; 0)
+  8915: mip =     not found yet <=   7.175900000e+04        (1380; 0)
Time used: 1518.9 secs.  Memory used: 91.0 Mb.
+  8982: mip =     not found yet <=   7.175900000e+04        (1397; 0)
+  9070: mip =     not found yet <=   7.175900000e+04        (1415; 0)
+  9144: mip =     not found yet <=   7.175900000e+04        (1437; 0)
+  9251: mip =     not found yet <=   7.175900000e+04        (1467; 0)
+  9390: mip =     not found yet <=   7.175900000e+04        (1502; 0)
Solution found by heuristic: 66609
+  9501: mip =   6.660900000e+04 <=   7.175900000e+04   7.7% (1549; 0)
+  9550: mip =   6.660900000e+04 <=   7.175900000e+04   7.7% (1572; 1)
+  9570: mip =   6.660900000e+04 <=   7.175800000e+04   7.7% (1575; 1)
+  9600: mip =   6.660900000e+04 <=   7.175700000e+04   7.7% (1578; 1)
+  9615: mip =   6.660900000e+04 <=   7.175700000e+04   7.7% (1581; 1)
+  9637: mip =   6.660900000e+04 <=   7.175700000e+04   7.7% (1584; 1)
Time used: 1579.4 secs.  Memory used: 91.2 Mb.
+  9673: mip =   6.660900000e+04 <=   7.175700000e+04   7.7% (1587; 1)
+  9702: mip =   6.660900000e+04 <=   7.175700000e+04   7.7% (1590; 1)
+  9723: mip =   6.660900000e+04 <=   7.175700000e+04   7.7% (1593; 1)
+  9742: mip =   6.660900000e+04 <=   7.175700000e+04   7.7% (1596; 1)
+  9769: mip =   6.660900000e+04 <=   7.175700000e+04   7.7% (1599; 1)
+  9820: mip =   6.660900000e+04 <=   7.175700000e+04   7.7% (1602; 1)
+  9859: mip =   6.660900000e+04 <=   7.175700000e+04   7.7% (1605; 1)
+  9888: mip =   6.660900000e+04 <=   7.175700000e+04   7.7% (1608; 1)
+  9923: mip =   6.660900000e+04 <=   7.175700000e+04   7.7% (1611; 1)
Time used: 1641.3 secs.  Memory used: 91.2 Mb.
+  9944: mip =   6.660900000e+04 <=   7.175700000e+04   7.7% (1614; 1)
+  9978: mip =   6.660900000e+04 <=   7.175700000e+04   7.7% (1617; 1)
+ 10002: mip =   6.660900000e+04 <=   7.175700000e+04   7.7% (1620; 1)
+ 10028: mip =   6.660900000e+04 <=   7.175700000e+04   7.7% (1623; 1)
+ 10084: mip =   6.660900000e+04 <=   7.175700000e+04   7.7% (1626; 1)
+ 10108: mip =   6.660900000e+04 <=   7.175700000e+04   7.7% (1629; 1)
+ 10138: mip =   6.660900000e+04 <=   7.175700000e+04   7.7% (1632; 1)
+ 10159: mip =   6.660900000e+04 <=   7.175700000e+04   7.7% (1635; 1)
+ 10181: mip =   6.660900000e+04 <=   7.175700000e+04   7.7% (1638; 1)
+ 10204: mip =   6.660900000e+04 <=   7.175700000e+04   7.7% (1641; 1)
Time used: 1703.0 secs.  Memory used: 91.2 Mb.
+ 10242: mip =   6.660900000e+04 <=   7.175700000e+04   7.7% (1644; 1)
+ 10261: mip =   6.660900000e+04 <=   7.175700000e+04   7.7% (1647; 1)
+ 10280: mip =   6.660900000e+04 <=   7.175700000e+04   7.7% (1650; 1)
+ 10316: mip =   6.660900000e+04 <=   7.175700000e+04   7.7% (1653; 1)
+ 10340: mip =   6.660900000e+04 <=   7.175700000e+04   7.7% (1656; 1)
+ 10361: mip =   6.660900000e+04 <=   7.175700000e+04   7.7% (1659; 1)
+ 10387: mip =   6.660900000e+04 <=   7.175700000e+04   7.7% (1662; 1)
+ 10409: mip =   6.660900000e+04 <=   7.175700000e+04   7.7% (1665; 1)
+ 10436: mip =   6.660900000e+04 <=   7.175700000e+04   7.7% (1668; 1)
+ 10453: mip =   6.660900000e+04 <=   7.175700000e+04   7.7% (1671; 1)
Time used: 1763.2 secs.  Memory used: 91.2 Mb.
+ 10473: mip =   6.660900000e+04 <=   7.175700000e+04   7.7% (1674; 1)
+ 10490: mip =   6.660900000e+04 <=   7.175700000e+04   7.7% (1677; 1)
+ 10523: mip =   6.660900000e+04 <=   7.175700000e+04   7.7% (1680; 1)
+ 10546: mip =   6.660900000e+04 <=   7.175700000e+04   7.7% (1683; 1)
+ 10575: mip =   6.660900000e+04 <=   7.175700000e+04   7.7% (1686; 1)
+ 10598: mip =   6.660900000e+04 <=   7.175700000e+04   7.7% (1689; 1)
+ 10636: mip =   6.660900000e+04 <=   7.175700000e+04   7.7% (1692; 1)
+ 10655: mip =   6.660900000e+04 <=   7.175700000e+04   7.7% (1695; 1)
+ 10672: mip =   6.660900000e+04 <=   7.175700000e+04   7.7% (1698; 1)
+ 10685: mip =   6.660900000e+04 <=   7.175700000e+04   7.7% (1701; 1)
Time used: 1824.4 secs.  Memory used: 91.3 Mb.
+ 10702: mip =   6.660900000e+04 <=   7.175700000e+04   7.7% (1704; 1)
+ 10716: mip =   6.660900000e+04 <=   7.175700000e+04   7.7% (1707; 1)
+ 10738: mip =   6.660900000e+04 <=   7.175700000e+04   7.7% (1710; 1)
+ 10763: mip =   6.660900000e+04 <=   7.175700000e+04   7.7% (1713; 1)
+ 10789: mip =   6.660900000e+04 <=   7.175700000e+04   7.7% (1716; 1)
+ 10814: mip =   6.660900000e+04 <=   7.175700000e+04   7.7% (1719; 1)
+ 10846: mip =   6.660900000e+04 <=   7.175700000e+04   7.7% (1722; 1)
+ 10865: mip =   6.660900000e+04 <=   7.175700000e+04   7.7% (1725; 1)
+ 10882: mip =   6.660900000e+04 <=   7.175700000e+04   7.7% (1728; 1)
+ 10914: mip =   6.660900000e+04 <=   7.175700000e+04   7.7% (1731; 1)
+ 10934: mip =   6.660900000e+04 <=   7.175700000e+04   7.7% (1734; 1)
Time used: 1885.3 secs.  Memory used: 91.3 Mb.
+ 10948: mip =   6.660900000e+04 <=   7.175700000e+04   7.7% (1737; 1)
+ 10966: mip =   6.660900000e+04 <=   7.175700000e+04   7.7% (1740; 1)
+ 10984: mip =   6.660900000e+04 <=   7.175700000e+04   7.7% (1743; 1)
+ 11017: mip =   6.660900000e+04 <=   7.175700000e+04   7.7% (1746; 1)
+ 11042: mip =   6.660900000e+04 <=   7.175700000e+04   7.7% (1749; 1)
+ 11065: mip =   6.660900000e+04 <=   7.175700000e+04   7.7% (1752; 1)
+ 11086: mip =   6.660900000e+04 <=   7.175700000e+04   7.7% (1755; 1)
+ 11126: mip =   6.660900000e+04 <=   7.175700000e+04   7.7% (1758; 1)
+ 11151: mip =   6.660900000e+04 <=   7.175700000e+04   7.7% (1761; 1)
+ 11171: mip =   6.660900000e+04 <=   7.175700000e+04   7.7% (1764; 1)
+ 11190: mip =   6.660900000e+04 <=   7.175700000e+04   7.7% (1767; 1)
+ 11206: mip =   6.660900000e+04 <=   7.175700000e+04   7.7% (1770; 1)
Time used: 1946.1 secs.  Memory used: 91.3 Mb.
+ 11224: mip =   6.660900000e+04 <=   7.175700000e+04   7.7% (1773; 1)
+ 11257: mip =   6.660900000e+04 <=   7.175700000e+04   7.7% (1776; 1)
+ 11297: mip =   6.660900000e+04 <=   7.175700000e+04   7.7% (1779; 1)
+ 11326: mip =   6.660900000e+04 <=   7.175700000e+04   7.7% (1782; 1)
+ 11370: mip =   6.660900000e+04 <=   7.175700000e+04   7.7% (1785; 1)
+ 11400: mip =   6.660900000e+04 <=   7.175700000e+04   7.7% (1788; 1)
+ 11423: mip =   6.660900000e+04 <=   7.175700000e+04   7.7% (1791; 1)
+ 11447: mip =   6.660900000e+04 <=   7.175700000e+04   7.7% (1794; 1)
+ 11469: mip =   6.660900000e+04 <=   7.175700000e+04   7.7% (1797; 1)
+ 11494: mip =   6.660900000e+04 <=   7.175700000e+04   7.7% (1800; 1)
+ 11514: mip =   6.660900000e+04 <=   7.175700000e+04   7.7% (1803; 1)
Time used: 2007.0 secs.  Memory used: 91.4 Mb.
+ 11533: mip =   6.660900000e+04 <=   7.175700000e+04   7.7% (1806; 1)
+ 11552: mip =   6.660900000e+04 <=   7.175700000e+04   7.7% (1809; 1)
+ 11573: mip =   6.660900000e+04 <=   7.175700000e+04   7.7% (1812; 1)
+ 11592: mip =   6.660900000e+04 <=   7.175700000e+04   7.7% (1815; 1)
+ 11609: mip =   6.660900000e+04 <=   7.175700000e+04   7.7% (1818; 1)
+ 11637: mip =   6.660900000e+04 <=   7.175700000e+04   7.7% (1821; 1)
+ 11660: mip =   6.660900000e+04 <=   7.175700000e+04   7.7% (1824; 1)
+ 11690: mip =   6.660900000e+04 <=   7.175700000e+04   7.7% (1827; 1)
+ 11733: mip =   6.660900000e+04 <=   7.175700000e+04   7.7% (1830; 1)
+ 11756: mip =   6.660900000e+04 <=   7.175700000e+04   7.7% (1833; 1)
+ 11779: mip =   6.660900000e+04 <=   7.175700000e+04   7.7% (1836; 1)
+ 11801: mip =   6.660900000e+04 <=   7.175700000e+04   7.7% (1839; 1)
Time used: 2067.2 secs.  Memory used: 91.4 Mb.
+ 11840: mip =   6.660900000e+04 <=   7.175700000e+04   7.7% (1842; 1)
+ 11866: mip =   6.660900000e+04 <=   7.175700000e+04   7.7% (1845; 1)
+ 11899: mip =   6.660900000e+04 <=   7.175700000e+04   7.7% (1848; 1)
+ 11929: mip =   6.660900000e+04 <=   7.175700000e+04   7.7% (1851; 1)
+ 11959: mip =   6.660900000e+04 <=   7.175700000e+04   7.7% (1854; 1)
+ 11998: mip =   6.660900000e+04 <=   7.175700000e+04   7.7% (1857; 1)
+ 12038: mip =   6.660900000e+04 <=   7.175700000e+04   7.7% (1861; 1)
+ 12080: mip =   6.660900000e+04 <=   7.175700000e+04   7.7% (1865; 1)
+ 12114: mip =   6.660900000e+04 <=   7.175700000e+04   7.7% (1869; 1)
+ 12183: mip =   6.660900000e+04 <=   7.175700000e+04   7.7% (1873; 1)
+ 12230: mip =   6.660900000e+04 <=   7.175700000e+04   7.7% (1877; 1)
Time used: 2128.2 secs.  Memory used: 91.4 Mb.
+ 12275: mip =   6.660900000e+04 <=   7.175700000e+04   7.7% (1881; 1)
+ 12301: mip =   6.660900000e+04 <=   7.175700000e+04   7.7% (1885; 1)
+ 12328: mip =   6.660900000e+04 <=   7.175700000e+04   7.7% (1889; 1)
+ 12366: mip =   6.660900000e+04 <=   7.175700000e+04   7.7% (1893; 1)
+ 12397: mip =   6.660900000e+04 <=   7.175700000e+04   7.7% (1897; 1)
+ 12428: mip =   6.660900000e+04 <=   7.175700000e+04   7.7% (1901; 1)
+ 12450: mip =   6.660900000e+04 <=   7.175700000e+04   7.7% (1905; 1)
+ 12472: mip =   6.660900000e+04 <=   7.175700000e+04   7.7% (1909; 1)
+ 12499: mip =   6.660900000e+04 <=   7.175700000e+04   7.7% (1913; 1)
Time used: 2188.5 secs.  Memory used: 91.5 Mb.
+ 12526: mip =   6.660900000e+04 <=   7.175700000e+04   7.7% (1917; 1)
+ 12562: mip =   6.660900000e+04 <=   7.175700000e+04   7.7% (1921; 1)
+ 12593: mip =   6.660900000e+04 <=   7.175700000e+04   7.7% (1925; 1)
+ 12625: mip =   6.660900000e+04 <=   7.175700000e+04   7.7% (1929; 1)
+ 12657: mip =   6.660900000e+04 <=   7.175700000e+04   7.7% (1933; 1)
+ 12690: mip =   6.660900000e+04 <=   7.175700000e+04   7.7% (1937; 1)
+ 12715: mip =   6.660900000e+04 <=   7.175700000e+04   7.7% (1941; 1)
+ 12728: mip =   6.660900000e+04 <=   7.175700000e+04   7.7% (1945; 1)
+ 12749: mip =   6.660900000e+04 <=   7.175700000e+04   7.7% (1949; 1)
+ 12771: mip =   6.660900000e+04 <=   7.175700000e+04   7.7% (1953; 1)
Time used: 2249.3 secs.  Memory used: 91.5 Mb.
+ 12805: mip =   6.660900000e+04 <=   7.175700000e+04   7.7% (1957; 1)
+ 12815: mip =   6.660900000e+04 <=   7.175700000e+04   7.7% (1961; 1)
+ 12831: mip =   6.660900000e+04 <=   7.175700000e+04   7.7% (1965; 1)
+ 12851: mip =   6.660900000e+04 <=   7.175700000e+04   7.7% (1969; 1)
+ 12882: mip =   6.660900000e+04 <=   7.175700000e+04   7.7% (1973; 1)
+ 12922: mip =   6.660900000e+04 <=   7.175700000e+04   7.7% (1977; 1)
+ 12975: mip =   6.660900000e+04 <=   7.175700000e+04   7.7% (1981; 1)
+ 13008: mip =   6.660900000e+04 <=   7.175700000e+04   7.7% (1985; 1)
+ 13034: mip =   6.660900000e+04 <=   7.175700000e+04   7.7% (1989; 1)
+ 13063: mip =   6.660900000e+04 <=   7.175700000e+04   7.7% (1993; 1)
Time used: 2310.2 secs.  Memory used: 91.5 Mb.
+ 13081: mip =   6.660900000e+04 <=   7.175700000e+04   7.7% (1997; 1)
+ 13110: mip =   6.660900000e+04 <=   7.175700000e+04   7.7% (2001; 1)
+ 13144: mip =   6.660900000e+04 <=   7.175700000e+04   7.7% (2005; 1)
+ 13168: mip =   6.660900000e+04 <=   7.175700000e+04   7.7% (2009; 1)
+ 13181: mip =   6.660900000e+04 <=   7.175700000e+04   7.7% (2013; 1)
+ 13217: mip =   6.660900000e+04 <=   7.175700000e+04   7.7% (2017; 1)
+ 13230: mip =   6.660900000e+04 <=   7.175700000e+04   7.7% (2021; 1)
+ 13260: mip =   6.660900000e+04 <=   7.175700000e+04   7.7% (2025; 1)
+ 13290: mip =   6.660900000e+04 <=   7.175700000e+04   7.7% (2029; 1)
+ 13321: mip =   6.660900000e+04 <=   7.175700000e+04   7.7% (2033; 1)
+ 13346: mip =   6.660900000e+04 <=   7.175700000e+04   7.7% (2037; 1)
Time used: 2371.0 secs.  Memory used: 91.5 Mb.
+ 13386: mip =   6.660900000e+04 <=   7.175700000e+04   7.7% (2041; 1)
+ 13417: mip =   6.660900000e+04 <=   7.175700000e+04   7.7% (2045; 1)
+ 13441: mip =   6.660900000e+04 <=   7.175700000e+04   7.7% (2049; 1)
+ 13488: mip =   6.660900000e+04 <=   7.175700000e+04   7.7% (2053; 1)
+ 13527: mip =   6.660900000e+04 <=   7.175700000e+04   7.7% (2057; 1)
+ 13557: mip =   6.660900000e+04 <=   7.175700000e+04   7.7% (2061; 1)
+ 13588: mip =   6.660900000e+04 <=   7.175700000e+04   7.7% (2065; 1)
+ 13624: mip =   6.660900000e+04 <=   7.175700000e+04   7.7% (2069; 1)
+ 13659: mip =   6.660900000e+04 <=   7.175700000e+04   7.7% (2073; 1)
+ 13687: mip =   6.660900000e+04 <=   7.175700000e+04   7.7% (2077; 1)
+ 13716: mip =   6.660900000e+04 <=   7.175700000e+04   7.7% (2081; 1)
+ 13741: mip =   6.660900000e+04 <=   7.175700000e+04   7.7% (2085; 1)
Time used: 2431.3 secs.  Memory used: 91.6 Mb.
+ 13764: mip =   6.660900000e+04 <=   7.175700000e+04   7.7% (2089; 1)
+ 13800: mip =   6.660900000e+04 <=   7.175700000e+04   7.7% (2093; 1)
+ 13834: mip =   6.660900000e+04 <=   7.175700000e+04   7.7% (2097; 1)
+ 13857: mip =   6.660900000e+04 <=   7.175700000e+04   7.7% (2101; 1)
+ 13895: mip =   6.660900000e+04 <=   7.175700000e+04   7.7% (2105; 1)
+ 13936: mip =   6.660900000e+04 <=   7.175700000e+04   7.7% (2109; 1)
+ 13965: mip =   6.660900000e+04 <=   7.175700000e+04   7.7% (2113; 1)
+ 13992: mip =   6.660900000e+04 <=   7.175700000e+04   7.7% (2117; 1)
+ 14012: mip =   6.660900000e+04 <=   7.175700000e+04   7.7% (2122; 1)
+ 14028: mip =   6.660900000e+04 <=   7.175700000e+04   7.7% (2126; 1)
+ 14049: mip =   6.660900000e+04 <=   7.175700000e+04   7.7% (2130; 1)
Time used: 2491.8 secs.  Memory used: 91.6 Mb.
+ 14073: mip =   6.660900000e+04 <=   7.175700000e+04   7.7% (2135; 1)
+ 14096: mip =   6.660900000e+04 <=   7.175700000e+04   7.7% (2139; 1)
+ 14119: mip =   6.660900000e+04 <=   7.175700000e+04   7.7% (2144; 1)
+ 14137: mip =   6.660900000e+04 <=   7.175700000e+04   7.7% (2149; 1)
+ 14172: mip =   6.660900000e+04 <=   7.175700000e+04   7.7% (2154; 1)
+ 14208: mip =   6.660900000e+04 <=   7.175700000e+04   7.7% (2159; 1)
+ 14245: mip =   6.660900000e+04 <=   7.175700000e+04   7.7% (2164; 1)
+ 14270: mip =   6.660900000e+04 <=   7.175700000e+04   7.7% (2169; 1)
+ 14313: mip =   6.660900000e+04 <=   7.175700000e+04   7.7% (2174; 1)
+ 14346: mip =   6.660900000e+04 <=   7.175700000e+04   7.7% (2179; 1)
Time used: 2552.1 secs.  Memory used: 91.6 Mb.
+ 14376: mip =   6.660900000e+04 <=   7.175700000e+04   7.7% (2184; 1)
+ 14407: mip =   6.660900000e+04 <=   7.175700000e+04   7.7% (2189; 1)
+ 14448: mip =   6.660900000e+04 <=   7.175700000e+04   7.7% (2194; 1)
+ 14483: mip =   6.660900000e+04 <=   7.175700000e+04   7.7% (2199; 1)
+ 14518: mip =   6.660900000e+04 <=   7.175700000e+04   7.7% (2204; 1)
+ 14551: mip =   6.660900000e+04 <=   7.175700000e+04   7.7% (2209; 1)
+ 14589: mip =   6.660900000e+04 <=   7.175700000e+04   7.7% (2214; 1)
+ 14634: mip =   6.660900000e+04 <=   7.175700000e+04   7.7% (2219; 1)
+ 14685: mip =   6.660900000e+04 <=   7.175700000e+04   7.7% (2224; 1)
+ 14727: mip =   6.660900000e+04 <=   7.175700000e+04   7.7% (2229; 1)
+ 14770: mip =   6.660900000e+04 <=   7.175700000e+04   7.7% (2234; 1)
Time used: 2613.1 secs.  Memory used: 91.7 Mb.
+ 14813: mip =   6.660900000e+04 <=   7.175700000e+04   7.7% (2239; 1)
+ 14850: mip =   6.660900000e+04 <=   7.175700000e+04   7.7% (2244; 1)
+ 14886: mip =   6.660900000e+04 <=   7.175700000e+04   7.7% (2249; 1)
+ 14939: mip =   6.660900000e+04 <=   7.175700000e+04   7.7% (2254; 1)
+ 14993: mip =   6.660900000e+04 <=   7.175700000e+04   7.7% (2259; 1)
+ 15033: mip =   6.660900000e+04 <=   7.175700000e+04   7.7% (2264; 1)
+ 15065: mip =   6.660900000e+04 <=   7.175700000e+04   7.7% (2269; 1)
+ 15099: mip =   6.660900000e+04 <=   7.175700000e+04   7.7% (2274; 1)
+ 15139: mip =   6.660900000e+04 <=   7.175700000e+04   7.7% (2279; 1)
+ 15177: mip =   6.660900000e+04 <=   7.175700000e+04   7.7% (2284; 1)
+ 15210: mip =   6.660900000e+04 <=   7.175700000e+04   7.7% (2289; 1)
Time used: 2673.4 secs.  Memory used: 91.8 Mb.
+ 15250: mip =   6.660900000e+04 <=   7.175700000e+04   7.7% (2294; 1)
+ 15310: mip =   6.660900000e+04 <=   7.175700000e+04   7.7% (2300; 1)
+ 15341: mip =   6.660900000e+04 <=   7.175700000e+04   7.7% (2305; 1)
+ 15381: mip =   6.660900000e+04 <=   7.175700000e+04   7.7% (2311; 1)
+ 15421: mip =   6.660900000e+04 <=   7.175700000e+04   7.7% (2317; 1)
+ 15462: mip =   6.660900000e+04 <=   7.175700000e+04   7.7% (2323; 1)
+ 15506: mip =   6.660900000e+04 <=   7.175700000e+04   7.7% (2329; 1)
+ 15562: mip =   6.660900000e+04 <=   7.175700000e+04   7.7% (2335; 1)
+ 15613: mip =   6.660900000e+04 <=   7.175700000e+04   7.7% (2341; 1)
+ 15654: mip =   6.660900000e+04 <=   7.175700000e+04   7.7% (2347; 1)
Time used: 2733.9 secs.  Memory used: 91.8 Mb.
+ 15708: mip =   6.660900000e+04 <=   7.175700000e+04   7.7% (2353; 1)
+ 15748: mip =   6.660900000e+04 <=   7.175700000e+04   7.7% (2359; 1)
+ 15784: mip =   6.660900000e+04 <=   7.175700000e+04   7.7% (2365; 1)
+ 15833: mip =   6.660900000e+04 <=   7.175700000e+04   7.7% (2371; 1)
+ 15874: mip =   6.660900000e+04 <=   7.175700000e+04   7.7% (2377; 1)
+ 15912: mip =   6.660900000e+04 <=   7.175700000e+04   7.7% (2383; 1)
+ 15949: mip =   6.660900000e+04 <=   7.175700000e+04   7.7% (2389; 1)
+ 16015: mip =   6.660900000e+04 <=   7.175700000e+04   7.7% (2395; 1)
+ 16058: mip =   6.660900000e+04 <=   7.175700000e+04   7.7% (2401; 1)
+ 16112: mip =   6.660900000e+04 <=   7.175700000e+04   7.7% (2407; 1)
+ 16167: mip =   6.660900000e+04 <=   7.175700000e+04   7.7% (2413; 1)
+ 16227: mip =   6.660900000e+04 <=   7.175700000e+04   7.7% (2419; 1)
Time used: 2794.7 secs.  Memory used: 91.9 Mb.
+ 16279: mip =   6.660900000e+04 <=   7.175700000e+04   7.7% (2425; 1)
+ 16330: mip =   6.660900000e+04 <=   7.175700000e+04   7.7% (2431; 1)
+ 16379: mip =   6.660900000e+04 <=   7.175700000e+04   7.7% (2437; 1)
+ 16414: mip =   6.660900000e+04 <=   7.175700000e+04   7.7% (2443; 1)
+ 16471: mip =   6.660900000e+04 <=   7.175700000e+04   7.7% (2450; 1)
+ 16503: mip =   6.660900000e+04 <=   7.175700000e+04   7.7% (2456; 1)
+ 16546: mip =   6.660900000e+04 <=   7.175700000e+04   7.7% (2463; 1)
+ 16597: mip =   6.660900000e+04 <=   7.175700000e+04   7.7% (2470; 1)
+ 16653: mip =   6.660900000e+04 <=   7.175700000e+04   7.7% (2477; 1)
+ 16703: mip =   6.660900000e+04 <=   7.175700000e+04   7.7% (2484; 1)
+ 16745: mip =   6.660900000e+04 <=   7.175700000e+04   7.7% (2492; 1)
Time used: 2854.9 secs.  Memory used: 92.0 Mb.
+ 16798: mip =   6.660900000e+04 <=   7.175700000e+04   7.7% (2500; 1)
+ 16841: mip =   6.660900000e+04 <=   7.175700000e+04   7.7% (2508; 1)
+ 16892: mip =   6.660900000e+04 <=   7.175700000e+04   7.7% (2516; 1)
+ 16923: mip =   6.660900000e+04 <=   7.175700000e+04   7.7% (2524; 1)
+ 16973: mip =   6.660900000e+04 <=   7.175700000e+04   7.7% (2532; 1)
+ 17003: mip =   6.660900000e+04 <=   7.175700000e+04   7.7% (2540; 1)
+ 17028: mip =   6.660900000e+04 <=   7.175700000e+04   7.7% (2548; 1)
+ 17054: mip =   6.660900000e+04 <=   7.175700000e+04   7.7% (2556; 1)
+ 17104: mip =   6.660900000e+04 <=   7.175700000e+04   7.7% (2565; 1)
+ 17153: mip =   6.660900000e+04 <=   7.175700000e+04   7.7% (2574; 1)
+ 17215: mip =   6.660900000e+04 <=   7.175700000e+04   7.7% (2583; 1)
+ 17248: mip =   6.660900000e+04 <=   7.175700000e+04   7.7% (2592; 1)
Time used: 2915.3 secs.  Memory used: 92.1 Mb.
+ 17286: mip =   6.660900000e+04 <=   7.175700000e+04   7.7% (2601; 1)
+ 17329: mip =   6.660900000e+04 <=   7.175700000e+04   7.7% (2610; 1)
+ 17377: mip =   6.660900000e+04 <=   7.175700000e+04   7.7% (2619; 1)
+ 17426: mip =   6.660900000e+04 <=   7.175700000e+04   7.7% (2628; 1)
+ 17472: mip =   6.660900000e+04 <=   7.175700000e+04   7.7% (2638; 1)
+ 17525: mip =   6.660900000e+04 <=   7.175700000e+04   7.7% (2648; 1)
+ 17561: mip =   6.660900000e+04 <=   7.175700000e+04   7.7% (2657; 1)
+ 17614: mip =   6.660900000e+04 <=   7.175700000e+04   7.7% (2667; 1)
+ 17669: mip =   6.660900000e+04 <=   7.175700000e+04   7.7% (2677; 1)
+ 17700: mip =   6.660900000e+04 <=   7.175700000e+04   7.7% (2687; 1)
+ 17739: mip =   6.660900000e+04 <=   7.175700000e+04   7.7% (2697; 1)
Time used: 2975.5 secs.  Memory used: 92.2 Mb.
+ 17782: mip =   6.660900000e+04 <=   7.175700000e+04   7.7% (2707; 1)
+ 17862: mip =   6.660900000e+04 <=   7.175700000e+04   7.7% (2717; 1)
+ 17913: mip =   6.660900000e+04 <=   7.175700000e+04   7.7% (2728; 1)
+ 17957: mip =   6.660900000e+04 <=   7.175700000e+04   7.7% (2739; 1)
+ 18019: mip =   6.660900000e+04 <=   7.175700000e+04   7.7% (2750; 1)
+ 18066: mip =   6.660900000e+04 <=   7.175700000e+04   7.7% (2761; 1)
+ 18132: mip =   6.660900000e+04 <=   7.175700000e+04   7.7% (2772; 1)
+ 18196: mip =   6.660900000e+04 <=   7.175700000e+04   7.7% (2784; 1)
+ 18258: mip =   6.660900000e+04 <=   7.175700000e+04   7.7% (2796; 1)
+ 18320: mip =   6.660900000e+04 <=   7.175700000e+04   7.7% (2808; 1)
+ 18382: mip =   6.660900000e+04 <=   7.175700000e+04   7.7% (2821; 1)
Time used: 3035.7 secs.  Memory used: 92.3 Mb.
+ 18453: mip =   6.660900000e+04 <=   7.175700000e+04   7.7% (2835; 1)
+ 18523: mip =   6.660900000e+04 <=   7.175700000e+04   7.7% (2850; 1)
+ 18579: mip =   6.660900000e+04 <=   7.175700000e+04   7.7% (2865; 1)
+ 18646: mip =   6.660900000e+04 <=   7.175700000e+04   7.7% (2882; 1)
+ 18704: mip =   6.660900000e+04 <=   7.175700000e+04   7.7% (2901; 1)
+ 18747: mip =   6.660900000e+04 <=   7.175700000e+04   7.7% (2922; 1)
+ 18835: mip =   6.660900000e+04 <=   7.175700000e+04   7.7% (2946; 1)
+ 18922: mip =   6.660900000e+04 <=   7.175700000e+04   7.7% (2975; 1)
+ 19004: mip =   6.660900000e+04 <=   7.175700000e+04   7.7% (3027; 1)
Solution found by heuristic: 66725
+ 19052: mip =   6.672500000e+04 <=   7.175700000e+04   7.5% (3019; 56)
+ 19066: mip =   6.672500000e+04 <=   7.175700000e+04   7.5% (3022; 56)
+ 19099: mip =   6.672500000e+04 <=   7.175600000e+04   7.5% (3025; 56)
Time used: 3096.8 secs.  Memory used: 92.4 Mb.
+ 19120: mip =   6.672500000e+04 <=   7.175600000e+04   7.5% (3028; 56)
+ 19152: mip =   6.672500000e+04 <=   7.175400000e+04   7.5% (3031; 56)
+ 19163: mip =   6.672500000e+04 <=   7.175400000e+04   7.5% (3034; 56)
+ 19200: mip =   6.672500000e+04 <=   7.175400000e+04   7.5% (3037; 56)
+ 19232: mip =   6.672500000e+04 <=   7.175400000e+04   7.5% (3040; 56)
+ 19250: mip =   6.672500000e+04 <=   7.175400000e+04   7.5% (3043; 56)
+ 19267: mip =   6.672500000e+04 <=   7.175400000e+04   7.5% (3046; 56)
+ 19290: mip =   6.672500000e+04 <=   7.175400000e+04   7.5% (3049; 56)
+ 19317: mip =   6.672500000e+04 <=   7.175400000e+04   7.5% (3052; 56)
Time used: 3158.0 secs.  Memory used: 92.4 Mb.
+ 19341: mip =   6.672500000e+04 <=   7.175400000e+04   7.5% (3055; 56)
+ 19370: mip =   6.672500000e+04 <=   7.175400000e+04   7.5% (3058; 56)
+ 19411: mip =   6.672500000e+04 <=   7.175400000e+04   7.5% (3061; 56)
+ 19443: mip =   6.672500000e+04 <=   7.175400000e+04   7.5% (3064; 56)
+ 19481: mip =   6.672500000e+04 <=   7.175400000e+04   7.5% (3067; 56)
+ 19512: mip =   6.672500000e+04 <=   7.175400000e+04   7.5% (3070; 56)
+ 19532: mip =   6.672500000e+04 <=   7.175400000e+04   7.5% (3073; 56)
+ 19568: mip =   6.672500000e+04 <=   7.175400000e+04   7.5% (3076; 56)
+ 19591: mip =   6.672500000e+04 <=   7.175400000e+04   7.5% (3079; 56)
+ 19612: mip =   6.672500000e+04 <=   7.175400000e+04   7.5% (3082; 56)
Time used: 3219.2 secs.  Memory used: 92.4 Mb.
+ 19646: mip =   6.672500000e+04 <=   7.175400000e+04   7.5% (3085; 56)
+ 19669: mip =   6.672500000e+04 <=   7.175400000e+04   7.5% (3088; 56)
+ 19690: mip =   6.672500000e+04 <=   7.175400000e+04   7.5% (3091; 56)
+ 19714: mip =   6.672500000e+04 <=   7.175400000e+04   7.5% (3094; 56)
+ 19736: mip =   6.672500000e+04 <=   7.175400000e+04   7.5% (3097; 56)
+ 19775: mip =   6.672500000e+04 <=   7.175400000e+04   7.5% (3100; 56)
+ 19797: mip =   6.672500000e+04 <=   7.175400000e+04   7.5% (3103; 56)
+ 19813: mip =   6.672500000e+04 <=   7.175400000e+04   7.5% (3106; 56)
+ 19835: mip =   6.672500000e+04 <=   7.175400000e+04   7.5% (3109; 56)
+ 19856: mip =   6.672500000e+04 <=   7.175400000e+04   7.5% (3112; 56)
Time used: 3281.1 secs.  Memory used: 92.5 Mb.
+ 19902: mip =   6.672500000e+04 <=   7.175400000e+04   7.5% (3115; 56)
+ 19928: mip =   6.672500000e+04 <=   7.175400000e+04   7.5% (3118; 56)
+ 19951: mip =   6.672500000e+04 <=   7.175400000e+04   7.5% (3121; 56)
+ 19969: mip =   6.672500000e+04 <=   7.175400000e+04   7.5% (3124; 56)
+ 20010: mip =   6.672500000e+04 <=   7.175400000e+04   7.5% (3127; 56)
+ 20038: mip =   6.672500000e+04 <=   7.175400000e+04   7.5% (3130; 56)
+ 20081: mip =   6.672500000e+04 <=   7.175400000e+04   7.5% (3133; 56)
+ 20123: mip =   6.672500000e+04 <=   7.175400000e+04   7.5% (3136; 56)
+ 20147: mip =   6.672500000e+04 <=   7.175400000e+04   7.5% (3139; 56)
+ 20165: mip =   6.672500000e+04 <=   7.175400000e+04   7.5% (3142; 56)
+ 20188: mip =   6.672500000e+04 <=   7.175400000e+04   7.5% (3145; 56)
Time used: 3342.4 secs.  Memory used: 92.5 Mb.
+ 20203: mip =   6.672500000e+04 <=   7.175400000e+04   7.5% (3148; 56)
+ 20237: mip =   6.672500000e+04 <=   7.175400000e+04   7.5% (3151; 56)
+ 20274: mip =   6.672500000e+04 <=   7.175400000e+04   7.5% (3154; 56)
+ 20311: mip =   6.672500000e+04 <=   7.175400000e+04   7.5% (3157; 56)
+ 20334: mip =   6.672500000e+04 <=   7.175400000e+04   7.5% (3160; 56)
+ 20363: mip =   6.672500000e+04 <=   7.175400000e+04   7.5% (3163; 56)
+ 20380: mip =   6.672500000e+04 <=   7.175400000e+04   7.5% (3166; 56)
+ 20400: mip =   6.672500000e+04 <=   7.175400000e+04   7.5% (3169; 56)
+ 20435: mip =   6.672500000e+04 <=   7.175400000e+04   7.5% (3172; 56)
+ 20465: mip =   6.672500000e+04 <=   7.175400000e+04   7.5% (3175; 56)
+ 20474: mip =   6.672500000e+04 <=   7.175400000e+04   7.5% (3178; 56)
Time used: 3403.4 secs.  Memory used: 92.5 Mb.
+ 20485: mip =   6.672500000e+04 <=   7.175400000e+04   7.5% (3181; 56)
+ 20496: mip =   6.672500000e+04 <=   7.175400000e+04   7.5% (3184; 56)
+ 20513: mip =   6.672500000e+04 <=   7.175400000e+04   7.5% (3187; 56)
+ 20541: mip =   6.672500000e+04 <=   7.175400000e+04   7.5% (3190; 56)
+ 20564: mip =   6.672500000e+04 <=   7.175400000e+04   7.5% (3193; 56)
+ 20585: mip =   6.672500000e+04 <=   7.175400000e+04   7.5% (3196; 56)
+ 20609: mip =   6.672500000e+04 <=   7.175400000e+04   7.5% (3199; 56)
+ 20626: mip =   6.672500000e+04 <=   7.175400000e+04   7.5% (3202; 56)
+ 20653: mip =   6.672500000e+04 <=   7.175400000e+04   7.5% (3205; 56)
+ 20675: mip =   6.672500000e+04 <=   7.175400000e+04   7.5% (3208; 56)
+ 20720: mip =   6.672500000e+04 <=   7.175400000e+04   7.5% (3211; 56)
+ 20736: mip =   6.672500000e+04 <=   7.175400000e+04   7.5% (3214; 56)
Time used: 3464.6 secs.  Memory used: 92.5 Mb.
+ 20772: mip =   6.672500000e+04 <=   7.175400000e+04   7.5% (3218; 56)
+ 20829: mip =   6.672500000e+04 <=   7.175400000e+04   7.5% (3222; 56)
+ 20852: mip =   6.672500000e+04 <=   7.175400000e+04   7.5% (3226; 56)
+ 20871: mip =   6.672500000e+04 <=   7.175400000e+04   7.5% (3230; 56)
+ 20899: mip =   6.672500000e+04 <=   7.175400000e+04   7.5% (3234; 56)
+ 20928: mip =   6.672500000e+04 <=   7.175400000e+04   7.5% (3238; 56)
+ 20962: mip =   6.672500000e+04 <=   7.175400000e+04   7.5% (3242; 56)
+ 20994: mip =   6.672500000e+04 <=   7.175400000e+04   7.5% (3246; 56)
+ 21021: mip =   6.672500000e+04 <=   7.175400000e+04   7.5% (3250; 56)
Time used: 3525.0 secs.  Memory used: 92.5 Mb.
+ 21046: mip =   6.672500000e+04 <=   7.175400000e+04   7.5% (3254; 56)
+ 21087: mip =   6.672500000e+04 <=   7.175400000e+04   7.5% (3258; 56)
+ 21118: mip =   6.672500000e+04 <=   7.175400000e+04   7.5% (3262; 56)
+ 21154: mip =   6.672500000e+04 <=   7.175400000e+04   7.5% (3266; 56)
+ 21198: mip =   6.672500000e+04 <=   7.175400000e+04   7.5% (3270; 56)
+ 21246: mip =   6.672500000e+04 <=   7.175400000e+04   7.5% (3274; 56)
+ 21275: mip =   6.672500000e+04 <=   7.175400000e+04   7.5% (3278; 56)
+ 21320: mip =   6.672500000e+04 <=   7.175400000e+04   7.5% (3282; 56)
+ 21358: mip =   6.672500000e+04 <=   7.175400000e+04   7.5% (3286; 56)
+ 21403: mip =   6.672500000e+04 <=   7.175400000e+04   7.5% (3290; 56)
Time used: 3585.5 secs.  Memory used: 92.6 Mb.
+ 21432: mip =   6.672500000e+04 <=   7.175400000e+04   7.5% (3294; 56)
+ 21460: mip =   6.672500000e+04 <=   7.175400000e+04   7.5% (3298; 56)
+ 21517: mip =   6.672500000e+04 <=   7.175400000e+04   7.5% (3301; 56)
TIME LIMIT EXCEEDED; SEARCH TERMINATED
Time used:   3603.0 secs
Memory used: 120.3 Mb (126142827 bytes)
Writing MIP solution to `HB10000_SOL.sol'...
