GLPSOL: GLPK LP/MIP Solver, v4.52
Parameter(s) specified in the command line:
 --math math_model.mod -d HB15000_GLPK.dat -o HB15000_SOL.sol --log HB15000_LOG.log
 --tmlim 3600
Reading model section from math_model.mod...
40 lines were read
Reading data section from HB15000_GLPK.dat...
15010 lines were read
Generating profit...
Generating CAP...
Model has been successfully generated
GLPK Integer Optimizer, v4.52
600 rows, 15000 columns, 852424 non-zeros
15000 integer variables, all of which are binary
Preprocessing...
594 rows, 15000 columns, 837413 non-zeros
15000 integer variables, all of which are binary
Scaling...
 A: min|aij| =  1.000e+02  max|aij| =  1.000e+03  ratio =  1.000e+01
GM: min|aij| =  1.000e+00  max|aij| =  1.000e+00  ratio =  1.000e+00
EQ: min|aij| =  1.000e+00  max|aij| =  1.000e+00  ratio =  1.000e+00
2N: min|aij| =  6.670e-01  max|aij| =  1.332e+00  ratio =  1.997e+00
Constructing initial basis...
Size of triangular part is 594
Solving LP relaxation...
GLPK Simplex Optimizer, v4.52
594 rows, 15000 columns, 837413 non-zeros
*     0: obj =   0.000000000e+00  infeas =  0.000e+00 (0)
*   500: obj =   5.610271154e+04  infeas =  1.679e-13 (0)
*  1000: obj =   8.334137542e+04  infeas =  9.771e-14 (0)
*  1500: obj =   9.760271748e+04  infeas =  4.172e-14 (0)
*  2000: obj =   1.074667910e+05  infeas =  6.451e-15 (0)
*  2500: obj =   1.106424002e+05  infeas =  1.472e-14 (0)
*  2911: obj =   1.108475912e+05  infeas =  0.000e+00 (0)
OPTIMAL LP SOLUTION FOUND
Integer optimization begins...
+  2911: mip =     not found yet <=              +inf        (1; 0)
+  2924: mip =     not found yet <=   1.108470000e+05        (3; 0)
+  2944: mip =     not found yet <=   1.108460000e+05        (5; 0)
+  2964: mip =     not found yet <=   1.108450000e+05        (7; 0)
+  2983: mip =     not found yet <=   1.108430000e+05        (9; 0)
+  2998: mip =     not found yet <=   1.108420000e+05        (11; 0)
+  3015: mip =     not found yet <=   1.108400000e+05        (13; 0)
+  3029: mip =     not found yet <=   1.108390000e+05        (15; 0)
+  3049: mip =     not found yet <=   1.108370000e+05        (17; 0)
Time used: 61.2 secs.  Memory used: 134.4 Mb.
+  3063: mip =     not found yet <=   1.108370000e+05        (19; 0)
+  3080: mip =     not found yet <=   1.108370000e+05        (21; 0)
+  3100: mip =     not found yet <=   1.108360000e+05        (23; 0)
+  3120: mip =     not found yet <=   1.108360000e+05        (25; 0)
+  3138: mip =     not found yet <=   1.108360000e+05        (27; 0)
+  3164: mip =     not found yet <=   1.108330000e+05        (29; 0)
+  3194: mip =     not found yet <=   1.108330000e+05        (31; 0)
+  3225: mip =     not found yet <=   1.108330000e+05        (33; 0)
Time used: 121.9 secs.  Memory used: 134.5 Mb.
+  3249: mip =     not found yet <=   1.108330000e+05        (35; 0)
+  3262: mip =     not found yet <=   1.108330000e+05        (37; 0)
+  3274: mip =     not found yet <=   1.108330000e+05        (39; 0)
+  3294: mip =     not found yet <=   1.108330000e+05        (41; 0)
+  3317: mip =     not found yet <=   1.108330000e+05        (43; 0)
+  3338: mip =     not found yet <=   1.108330000e+05        (45; 0)
+  3370: mip =     not found yet <=   1.108330000e+05        (47; 0)
+  3385: mip =     not found yet <=   1.108330000e+05        (49; 0)
Time used: 184.2 secs.  Memory used: 134.5 Mb.
+  3401: mip =     not found yet <=   1.108330000e+05        (51; 0)
+  3425: mip =     not found yet <=   1.108330000e+05        (53; 0)
+  3446: mip =     not found yet <=   1.108330000e+05        (55; 0)
+  3466: mip =     not found yet <=   1.108330000e+05        (57; 0)
+  3488: mip =     not found yet <=   1.108330000e+05        (59; 0)
+  3505: mip =     not found yet <=   1.108330000e+05        (61; 0)
+  3517: mip =     not found yet <=   1.108330000e+05        (63; 0)
+  3532: mip =     not found yet <=   1.108330000e+05        (65; 0)
+  3554: mip =     not found yet <=   1.108330000e+05        (67; 0)
Time used: 245.1 secs.  Memory used: 134.5 Mb.
+  3572: mip =     not found yet <=   1.108330000e+05        (69; 0)
+  3590: mip =     not found yet <=   1.108330000e+05        (71; 0)
+  3605: mip =     not found yet <=   1.108330000e+05        (73; 0)
+  3629: mip =     not found yet <=   1.108330000e+05        (75; 0)
+  3655: mip =     not found yet <=   1.108330000e+05        (77; 0)
+  3683: mip =     not found yet <=   1.108330000e+05        (79; 0)
+  3700: mip =     not found yet <=   1.108330000e+05        (81; 0)
+  3719: mip =     not found yet <=   1.108330000e+05        (83; 0)
Time used: 305.5 secs.  Memory used: 134.5 Mb.
+  3740: mip =     not found yet <=   1.108330000e+05        (85; 0)
+  3760: mip =     not found yet <=   1.108330000e+05        (87; 0)
+  3776: mip =     not found yet <=   1.108330000e+05        (89; 0)
+  3793: mip =     not found yet <=   1.108330000e+05        (91; 0)
+  3810: mip =     not found yet <=   1.108330000e+05        (93; 0)
+  3829: mip =     not found yet <=   1.108330000e+05        (95; 0)
+  3847: mip =     not found yet <=   1.108330000e+05        (97; 0)
+  3866: mip =     not found yet <=   1.108330000e+05        (99; 0)
+  3886: mip =     not found yet <=   1.108330000e+05        (101; 0)
Time used: 366.1 secs.  Memory used: 134.5 Mb.
+  3911: mip =     not found yet <=   1.108330000e+05        (103; 0)
+  3928: mip =     not found yet <=   1.108330000e+05        (105; 0)
+  3945: mip =     not found yet <=   1.108330000e+05        (107; 0)
+  3967: mip =     not found yet <=   1.108330000e+05        (109; 0)
+  3983: mip =     not found yet <=   1.108330000e+05        (111; 0)
+  4016: mip =     not found yet <=   1.108330000e+05        (113; 0)
+  4041: mip =     not found yet <=   1.108330000e+05        (115; 0)
+  4082: mip =     not found yet <=   1.108330000e+05        (117; 0)
+  4117: mip =     not found yet <=   1.108330000e+05        (119; 0)
Time used: 428.7 secs.  Memory used: 134.5 Mb.
+  4133: mip =     not found yet <=   1.108330000e+05        (121; 0)
+  4150: mip =     not found yet <=   1.108330000e+05        (123; 0)
+  4170: mip =     not found yet <=   1.108330000e+05        (125; 0)
+  4192: mip =     not found yet <=   1.108330000e+05        (127; 0)
+  4212: mip =     not found yet <=   1.108330000e+05        (129; 0)
+  4238: mip =     not found yet <=   1.108330000e+05        (131; 0)
+  4256: mip =     not found yet <=   1.108330000e+05        (133; 0)
+  4272: mip =     not found yet <=   1.108330000e+05        (135; 0)
+  4290: mip =     not found yet <=   1.108330000e+05        (137; 0)
Time used: 489.7 secs.  Memory used: 134.5 Mb.
+  4312: mip =     not found yet <=   1.108330000e+05        (139; 0)
+  4339: mip =     not found yet <=   1.108330000e+05        (141; 0)
+  4355: mip =     not found yet <=   1.108330000e+05        (143; 0)
+  4371: mip =     not found yet <=   1.108330000e+05        (145; 0)
+  4386: mip =     not found yet <=   1.108330000e+05        (147; 0)
+  4404: mip =     not found yet <=   1.108330000e+05        (149; 0)
+  4427: mip =     not found yet <=   1.108330000e+05        (151; 0)
+  4455: mip =     not found yet <=   1.108330000e+05        (153; 0)
+  4483: mip =     not found yet <=   1.108330000e+05        (155; 0)
Time used: 552.9 secs.  Memory used: 134.5 Mb.
+  4502: mip =     not found yet <=   1.108330000e+05        (157; 0)
+  4520: mip =     not found yet <=   1.108330000e+05        (159; 0)
+  4538: mip =     not found yet <=   1.108330000e+05        (161; 0)
+  4561: mip =     not found yet <=   1.108330000e+05        (163; 0)
+  4577: mip =     not found yet <=   1.108330000e+05        (165; 0)
+  4601: mip =     not found yet <=   1.108330000e+05        (167; 0)
+  4616: mip =     not found yet <=   1.108330000e+05        (169; 0)
+  4626: mip =     not found yet <=   1.108330000e+05        (171; 0)
+  4639: mip =     not found yet <=   1.108330000e+05        (173; 0)
+  4659: mip =     not found yet <=   1.108330000e+05        (175; 0)
Time used: 615.3 secs.  Memory used: 134.5 Mb.
+  4687: mip =     not found yet <=   1.108330000e+05        (177; 0)
+  4705: mip =     not found yet <=   1.108330000e+05        (179; 0)
+  4725: mip =     not found yet <=   1.108330000e+05        (181; 0)
+  4743: mip =     not found yet <=   1.108330000e+05        (183; 0)
+  4760: mip =     not found yet <=   1.108330000e+05        (185; 0)
+  4776: mip =     not found yet <=   1.108330000e+05        (187; 0)
+  4792: mip =     not found yet <=   1.108330000e+05        (189; 0)
+  4808: mip =     not found yet <=   1.108330000e+05        (191; 0)
+  4824: mip =     not found yet <=   1.108330000e+05        (193; 0)
Time used: 677.8 secs.  Memory used: 134.6 Mb.
+  4843: mip =     not found yet <=   1.108330000e+05        (195; 0)
+  4867: mip =     not found yet <=   1.108330000e+05        (197; 0)
+  4881: mip =     not found yet <=   1.108330000e+05        (199; 0)
+  4898: mip =     not found yet <=   1.108330000e+05        (201; 0)
+  4914: mip =     not found yet <=   1.108330000e+05        (203; 0)
+  4932: mip =     not found yet <=   1.108330000e+05        (205; 0)
+  4952: mip =     not found yet <=   1.108330000e+05        (207; 0)
+  4970: mip =     not found yet <=   1.108330000e+05        (209; 0)
+  4988: mip =     not found yet <=   1.108330000e+05        (211; 0)
+  5008: mip =     not found yet <=   1.108330000e+05        (213; 0)
Time used: 739.9 secs.  Memory used: 134.6 Mb.
+  5029: mip =     not found yet <=   1.108330000e+05        (215; 0)
+  5057: mip =     not found yet <=   1.108330000e+05        (217; 0)
+  5073: mip =     not found yet <=   1.108330000e+05        (219; 0)
+  5098: mip =     not found yet <=   1.108330000e+05        (221; 0)
+  5133: mip =     not found yet <=   1.108330000e+05        (223; 0)
+  5165: mip =     not found yet <=   1.108330000e+05        (225; 0)
+  5185: mip =     not found yet <=   1.108330000e+05        (227; 0)
+  5207: mip =     not found yet <=   1.108330000e+05        (229; 0)
+  5225: mip =     not found yet <=   1.108330000e+05        (231; 0)
Time used: 801.5 secs.  Memory used: 134.6 Mb.
+  5240: mip =     not found yet <=   1.108330000e+05        (233; 0)
+  5260: mip =     not found yet <=   1.108330000e+05        (235; 0)
+  5277: mip =     not found yet <=   1.108330000e+05        (237; 0)
+  5295: mip =     not found yet <=   1.108330000e+05        (239; 0)
+  5320: mip =     not found yet <=   1.108330000e+05        (241; 0)
+  5338: mip =     not found yet <=   1.108330000e+05        (243; 0)
+  5356: mip =     not found yet <=   1.108330000e+05        (245; 0)
+  5374: mip =     not found yet <=   1.108330000e+05        (247; 0)
+  5392: mip =     not found yet <=   1.108330000e+05        (249; 0)
+  5412: mip =     not found yet <=   1.108330000e+05        (251; 0)
Time used: 862.5 secs.  Memory used: 134.6 Mb.
+  5433: mip =     not found yet <=   1.108330000e+05        (253; 0)
+  5452: mip =     not found yet <=   1.108330000e+05        (255; 0)
+  5479: mip =     not found yet <=   1.108330000e+05        (257; 0)
+  5497: mip =     not found yet <=   1.108330000e+05        (259; 0)
+  5519: mip =     not found yet <=   1.108330000e+05        (261; 0)
+  5540: mip =     not found yet <=   1.108330000e+05        (263; 0)
+  5562: mip =     not found yet <=   1.108330000e+05        (265; 0)
+  5573: mip =     not found yet <=   1.108330000e+05        (267; 0)
+  5597: mip =     not found yet <=   1.108330000e+05        (269; 0)
Time used: 922.8 secs.  Memory used: 134.6 Mb.
+  5608: mip =     not found yet <=   1.108330000e+05        (271; 0)
+  5618: mip =     not found yet <=   1.108330000e+05        (273; 0)
+  5630: mip =     not found yet <=   1.108330000e+05        (275; 0)
+  5657: mip =     not found yet <=   1.108330000e+05        (277; 0)
+  5683: mip =     not found yet <=   1.108330000e+05        (279; 0)
+  5700: mip =     not found yet <=   1.108330000e+05        (281; 0)
+  5720: mip =     not found yet <=   1.108330000e+05        (283; 0)
+  5746: mip =     not found yet <=   1.108330000e+05        (285; 0)
+  5769: mip =     not found yet <=   1.108330000e+05        (287; 0)
+  5808: mip =     not found yet <=   1.108330000e+05        (289; 0)
Time used: 985.8 secs.  Memory used: 134.6 Mb.
+  5832: mip =     not found yet <=   1.108330000e+05        (291; 0)
+  5856: mip =     not found yet <=   1.108330000e+05        (293; 0)
+  5908: mip =     not found yet <=   1.108330000e+05        (295; 0)
+  5918: mip =     not found yet <=   1.108330000e+05        (297; 0)
+  5928: mip =     not found yet <=   1.108330000e+05        (299; 0)
+  5939: mip =     not found yet <=   1.108330000e+05        (301; 0)
+  5951: mip =     not found yet <=   1.108330000e+05        (303; 0)
+  5961: mip =     not found yet <=   1.108330000e+05        (305; 0)
+  5971: mip =     not found yet <=   1.108330000e+05        (307; 0)
+  5988: mip =     not found yet <=   1.108330000e+05        (309; 0)
Time used: 1048.0 secs.  Memory used: 134.7 Mb.
+  6006: mip =     not found yet <=   1.108330000e+05        (311; 0)
+  6021: mip =     not found yet <=   1.108330000e+05        (313; 0)
+  6048: mip =     not found yet <=   1.108330000e+05        (315; 0)
+  6082: mip =     not found yet <=   1.108330000e+05        (317; 0)
+  6095: mip =     not found yet <=   1.108330000e+05        (319; 0)
+  6123: mip =     not found yet <=   1.108330000e+05        (321; 0)
+  6153: mip =     not found yet <=   1.108330000e+05        (323; 0)
+  6181: mip =     not found yet <=   1.108330000e+05        (325; 0)
+  6204: mip =     not found yet <=   1.108330000e+05        (327; 0)
+  6226: mip =     not found yet <=   1.108330000e+05        (329; 0)
Time used: 1109.2 secs.  Memory used: 134.7 Mb.
+  6246: mip =     not found yet <=   1.108330000e+05        (331; 0)
+  6260: mip =     not found yet <=   1.108330000e+05        (333; 0)
+  6288: mip =     not found yet <=   1.108330000e+05        (335; 0)
+  6311: mip =     not found yet <=   1.108330000e+05        (337; 0)
+  6342: mip =     not found yet <=   1.108330000e+05        (339; 0)
+  6373: mip =     not found yet <=   1.108330000e+05        (341; 0)
+  6394: mip =     not found yet <=   1.108330000e+05        (343; 0)
+  6424: mip =     not found yet <=   1.108330000e+05        (345; 0)
+  6443: mip =     not found yet <=   1.108330000e+05        (347; 0)
+  6463: mip =     not found yet <=   1.108330000e+05        (349; 0)
+  6493: mip =     not found yet <=   1.108330000e+05        (351; 0)
Time used: 1171.8 secs.  Memory used: 134.7 Mb.
+  6511: mip =     not found yet <=   1.108330000e+05        (353; 0)
+  6549: mip =     not found yet <=   1.108330000e+05        (355; 0)
+  6581: mip =     not found yet <=   1.108330000e+05        (357; 0)
+  6597: mip =     not found yet <=   1.108330000e+05        (359; 0)
+  6613: mip =     not found yet <=   1.108330000e+05        (361; 0)
+  6629: mip =     not found yet <=   1.108330000e+05        (363; 0)
+  6645: mip =     not found yet <=   1.108330000e+05        (365; 0)
+  6660: mip =     not found yet <=   1.108330000e+05        (367; 0)
+  6677: mip =     not found yet <=   1.108330000e+05        (369; 0)
+  6693: mip =     not found yet <=   1.108330000e+05        (371; 0)
Time used: 1233.1 secs.  Memory used: 134.7 Mb.
+  6711: mip =     not found yet <=   1.108330000e+05        (373; 0)
+  6729: mip =     not found yet <=   1.108330000e+05        (375; 0)
+  6746: mip =     not found yet <=   1.108330000e+05        (377; 0)
+  6763: mip =     not found yet <=   1.108330000e+05        (379; 0)
+  6780: mip =     not found yet <=   1.108330000e+05        (381; 0)
+  6797: mip =     not found yet <=   1.108330000e+05        (383; 0)
+  6813: mip =     not found yet <=   1.108330000e+05        (385; 0)
+  6830: mip =     not found yet <=   1.108330000e+05        (387; 0)
+  6847: mip =     not found yet <=   1.108330000e+05        (389; 0)
+  6856: mip =     not found yet <=   1.108330000e+05        (391; 0)
+  6865: mip =     not found yet <=   1.108330000e+05        (393; 0)
Time used: 1295.1 secs.  Memory used: 134.7 Mb.
+  6879: mip =     not found yet <=   1.108330000e+05        (395; 0)
+  6898: mip =     not found yet <=   1.108330000e+05        (397; 0)
+  6928: mip =     not found yet <=   1.108330000e+05        (399; 0)
+  6943: mip =     not found yet <=   1.108330000e+05        (401; 0)
+  6958: mip =     not found yet <=   1.108330000e+05        (403; 0)
+  6975: mip =     not found yet <=   1.108330000e+05        (405; 0)
+  6995: mip =     not found yet <=   1.108330000e+05        (407; 0)
+  7010: mip =     not found yet <=   1.108330000e+05        (409; 0)
+  7024: mip =     not found yet <=   1.108330000e+05        (411; 0)
+  7036: mip =     not found yet <=   1.108330000e+05        (413; 0)
Time used: 1356.2 secs.  Memory used: 134.8 Mb.
+  7050: mip =     not found yet <=   1.108330000e+05        (415; 0)
+  7062: mip =     not found yet <=   1.108330000e+05        (417; 0)
+  7074: mip =     not found yet <=   1.108330000e+05        (419; 0)
+  7088: mip =     not found yet <=   1.108330000e+05        (421; 0)
+  7103: mip =     not found yet <=   1.108330000e+05        (423; 0)
+  7117: mip =     not found yet <=   1.108330000e+05        (425; 0)
+  7136: mip =     not found yet <=   1.108330000e+05        (427; 0)
+  7146: mip =     not found yet <=   1.108330000e+05        (429; 0)
+  7161: mip =     not found yet <=   1.108330000e+05        (431; 0)
+  7181: mip =     not found yet <=   1.108330000e+05        (433; 0)
+  7191: mip =     not found yet <=   1.108330000e+05        (435; 0)
Time used: 1416.8 secs.  Memory used: 134.8 Mb.
+  7203: mip =     not found yet <=   1.108330000e+05        (437; 0)
+  7223: mip =     not found yet <=   1.108330000e+05        (439; 0)
+  7238: mip =     not found yet <=   1.108330000e+05        (441; 0)
+  7263: mip =     not found yet <=   1.108330000e+05        (443; 0)
+  7276: mip =     not found yet <=   1.108330000e+05        (445; 0)
+  7291: mip =     not found yet <=   1.108330000e+05        (447; 0)
+  7305: mip =     not found yet <=   1.108330000e+05        (449; 0)
+  7322: mip =     not found yet <=   1.108330000e+05        (451; 0)
+  7343: mip =     not found yet <=   1.108330000e+05        (453; 0)
+  7367: mip =     not found yet <=   1.108330000e+05        (455; 0)
+  7402: mip =     not found yet <=   1.108330000e+05        (457; 0)
Time used: 1479.2 secs.  Memory used: 134.8 Mb.
+  7417: mip =     not found yet <=   1.108330000e+05        (459; 0)
+  7436: mip =     not found yet <=   1.108330000e+05        (461; 0)
+  7449: mip =     not found yet <=   1.108330000e+05        (463; 0)
+  7463: mip =     not found yet <=   1.108330000e+05        (465; 0)
+  7467: mip =     not found yet <=   1.108330000e+05        (467; 0)
+  7482: mip =     not found yet <=   1.108330000e+05        (469; 0)
+  7507: mip =     not found yet <=   1.108330000e+05        (471; 0)
+  7527: mip =     not found yet <=   1.108330000e+05        (473; 0)
+  7544: mip =     not found yet <=   1.108330000e+05        (475; 0)
+  7560: mip =     not found yet <=   1.108330000e+05        (477; 0)
+  7576: mip =     not found yet <=   1.108330000e+05        (479; 0)
Time used: 1541.7 secs.  Memory used: 134.9 Mb.
+  7595: mip =     not found yet <=   1.108330000e+05        (481; 0)
+  7609: mip =     not found yet <=   1.108330000e+05        (483; 0)
+  7631: mip =     not found yet <=   1.108330000e+05        (485; 0)
+  7649: mip =     not found yet <=   1.108330000e+05        (487; 0)
+  7686: mip =     not found yet <=   1.108330000e+05        (489; 0)
+  7701: mip =     not found yet <=   1.108330000e+05        (491; 0)
+  7715: mip =     not found yet <=   1.108330000e+05        (493; 0)
+  7729: mip =     not found yet <=   1.108330000e+05        (495; 0)
+  7756: mip =     not found yet <=   1.108330000e+05        (497; 0)
+  7768: mip =     not found yet <=   1.108330000e+05        (499; 0)
+  7788: mip =     not found yet <=   1.108330000e+05        (501; 0)
Time used: 1602.8 secs.  Memory used: 134.9 Mb.
+  7802: mip =     not found yet <=   1.108330000e+05        (503; 0)
+  7817: mip =     not found yet <=   1.108330000e+05        (505; 0)
+  7837: mip =     not found yet <=   1.108330000e+05        (507; 0)
+  7852: mip =     not found yet <=   1.108330000e+05        (509; 0)
+  7873: mip =     not found yet <=   1.108330000e+05        (511; 0)
+  7891: mip =     not found yet <=   1.108330000e+05        (513; 0)
+  7920: mip =     not found yet <=   1.108330000e+05        (515; 0)
+  7938: mip =     not found yet <=   1.108330000e+05        (517; 0)
+  7954: mip =     not found yet <=   1.108330000e+05        (519; 0)
+  7979: mip =     not found yet <=   1.108330000e+05        (521; 0)
+  7996: mip =     not found yet <=   1.108330000e+05        (523; 0)
Time used: 1663.0 secs.  Memory used: 134.9 Mb.
+  8009: mip =     not found yet <=   1.108330000e+05        (525; 0)
+  8019: mip =     not found yet <=   1.108330000e+05        (527; 0)
+  8030: mip =     not found yet <=   1.108330000e+05        (529; 0)
+  8041: mip =     not found yet <=   1.108330000e+05        (531; 0)
+  8054: mip =     not found yet <=   1.108330000e+05        (533; 0)
+  8072: mip =     not found yet <=   1.108330000e+05        (535; 0)
+  8091: mip =     not found yet <=   1.108330000e+05        (537; 0)
+  8109: mip =     not found yet <=   1.108330000e+05        (539; 0)
+  8127: mip =     not found yet <=   1.108330000e+05        (541; 0)
+  8139: mip =     not found yet <=   1.108330000e+05        (543; 0)
+  8151: mip =     not found yet <=   1.108330000e+05        (545; 0)
Time used: 1724.8 secs.  Memory used: 134.9 Mb.
+  8167: mip =     not found yet <=   1.108330000e+05        (547; 0)
+  8186: mip =     not found yet <=   1.108330000e+05        (549; 0)
+  8214: mip =     not found yet <=   1.108330000e+05        (551; 0)
+  8231: mip =     not found yet <=   1.108330000e+05        (553; 0)
+  8252: mip =     not found yet <=   1.108330000e+05        (555; 0)
+  8266: mip =     not found yet <=   1.108330000e+05        (557; 0)
+  8282: mip =     not found yet <=   1.108330000e+05        (559; 0)
+  8300: mip =     not found yet <=   1.108330000e+05        (561; 0)
+  8325: mip =     not found yet <=   1.108330000e+05        (563; 0)
+  8349: mip =     not found yet <=   1.108330000e+05        (565; 0)
+  8375: mip =     not found yet <=   1.108330000e+05        (567; 0)
+  8405: mip =     not found yet <=   1.108330000e+05        (569; 0)
Time used: 1785.6 secs.  Memory used: 134.9 Mb.
+  8422: mip =     not found yet <=   1.108330000e+05        (571; 0)
+  8446: mip =     not found yet <=   1.108330000e+05        (573; 0)
+  8475: mip =     not found yet <=   1.108330000e+05        (575; 0)
+  8499: mip =     not found yet <=   1.108330000e+05        (577; 0)
+  8531: mip =     not found yet <=   1.108330000e+05        (579; 0)
+  8555: mip =     not found yet <=   1.108330000e+05        (581; 0)
+  8574: mip =     not found yet <=   1.108330000e+05        (583; 0)
+  8595: mip =     not found yet <=   1.108330000e+05        (585; 0)
+  8623: mip =     not found yet <=   1.108330000e+05        (587; 0)
+  8636: mip =     not found yet <=   1.108330000e+05        (589; 0)
+  8650: mip =     not found yet <=   1.108330000e+05        (591; 0)
Time used: 1845.6 secs.  Memory used: 134.9 Mb.
+  8664: mip =     not found yet <=   1.108330000e+05        (593; 0)
+  8676: mip =     not found yet <=   1.108330000e+05        (595; 0)
+  8691: mip =     not found yet <=   1.108330000e+05        (597; 0)
+  8705: mip =     not found yet <=   1.108330000e+05        (599; 0)
+  8717: mip =     not found yet <=   1.108330000e+05        (601; 0)
+  8728: mip =     not found yet <=   1.108330000e+05        (603; 0)
+  8741: mip =     not found yet <=   1.108330000e+05        (605; 0)
+  8754: mip =     not found yet <=   1.108330000e+05        (607; 0)
+  8769: mip =     not found yet <=   1.108330000e+05        (609; 0)
+  8785: mip =     not found yet <=   1.108330000e+05        (611; 0)
+  8815: mip =     not found yet <=   1.108330000e+05        (613; 0)
+  8829: mip =     not found yet <=   1.108330000e+05        (615; 0)
Time used: 1907.8 secs.  Memory used: 134.9 Mb.
+  8847: mip =     not found yet <=   1.108330000e+05        (617; 0)
+  8871: mip =     not found yet <=   1.108330000e+05        (619; 0)
+  8890: mip =     not found yet <=   1.108330000e+05        (621; 0)
+  8912: mip =     not found yet <=   1.108330000e+05        (623; 0)
+  8930: mip =     not found yet <=   1.108330000e+05        (625; 0)
+  8946: mip =     not found yet <=   1.108330000e+05        (627; 0)
+  8965: mip =     not found yet <=   1.108330000e+05        (629; 0)
+  8978: mip =     not found yet <=   1.108330000e+05        (631; 0)
+  8991: mip =     not found yet <=   1.108330000e+05        (633; 0)
+  9004: mip =     not found yet <=   1.108330000e+05        (635; 0)
+  9017: mip =     not found yet <=   1.108330000e+05        (637; 0)
+  9030: mip =     not found yet <=   1.108330000e+05        (639; 0)
Time used: 1969.8 secs.  Memory used: 134.9 Mb.
+  9041: mip =     not found yet <=   1.108330000e+05        (641; 0)
+  9053: mip =     not found yet <=   1.108330000e+05        (643; 0)
+  9067: mip =     not found yet <=   1.108330000e+05        (645; 0)
+  9079: mip =     not found yet <=   1.108330000e+05        (647; 0)
+  9090: mip =     not found yet <=   1.108330000e+05        (649; 0)
+  9103: mip =     not found yet <=   1.108330000e+05        (651; 0)
+  9116: mip =     not found yet <=   1.108330000e+05        (653; 0)
+  9126: mip =     not found yet <=   1.108330000e+05        (655; 0)
+  9139: mip =     not found yet <=   1.108330000e+05        (657; 0)
+  9160: mip =     not found yet <=   1.108330000e+05        (659; 0)
+  9174: mip =     not found yet <=   1.108330000e+05        (661; 0)
+  9185: mip =     not found yet <=   1.108330000e+05        (663; 0)
Time used: 2031.0 secs.  Memory used: 135.0 Mb.
+  9198: mip =     not found yet <=   1.108330000e+05        (665; 0)
+  9207: mip =     not found yet <=   1.108330000e+05        (667; 0)
+  9219: mip =     not found yet <=   1.108330000e+05        (669; 0)
+  9235: mip =     not found yet <=   1.108330000e+05        (671; 0)
+  9256: mip =     not found yet <=   1.108330000e+05        (673; 0)
+  9277: mip =     not found yet <=   1.108330000e+05        (675; 0)
+  9289: mip =     not found yet <=   1.108330000e+05        (677; 0)
+  9302: mip =     not found yet <=   1.108330000e+05        (679; 0)
+  9311: mip =     not found yet <=   1.108330000e+05        (681; 0)
+  9322: mip =     not found yet <=   1.108330000e+05        (683; 0)
+  9340: mip =     not found yet <=   1.108330000e+05        (685; 0)
+  9354: mip =     not found yet <=   1.108330000e+05        (687; 0)
Time used: 2091.7 secs.  Memory used: 135.0 Mb.
+  9373: mip =     not found yet <=   1.108330000e+05        (689; 0)
+  9414: mip =     not found yet <=   1.108330000e+05        (692; 0)
+  9426: mip =     not found yet <=   1.108330000e+05        (694; 0)
+  9438: mip =     not found yet <=   1.108330000e+05        (696; 0)
+  9453: mip =     not found yet <=   1.108330000e+05        (698; 0)
+  9470: mip =     not found yet <=   1.108330000e+05        (700; 0)
+  9491: mip =     not found yet <=   1.108330000e+05        (702; 0)
+  9510: mip =     not found yet <=   1.108330000e+05        (704; 0)
+  9522: mip =     not found yet <=   1.108330000e+05        (706; 0)
+  9534: mip =     not found yet <=   1.108330000e+05        (708; 0)
+  9546: mip =     not found yet <=   1.108330000e+05        (710; 0)
+  9563: mip =     not found yet <=   1.108330000e+05        (712; 0)
Time used: 2152.4 secs.  Memory used: 135.0 Mb.
+  9573: mip =     not found yet <=   1.108330000e+05        (714; 0)
+  9582: mip =     not found yet <=   1.108330000e+05        (716; 0)
+  9609: mip =     not found yet <=   1.108330000e+05        (719; 0)
+  9640: mip =     not found yet <=   1.108330000e+05        (722; 0)
+  9674: mip =     not found yet <=   1.108330000e+05        (725; 0)
+  9708: mip =     not found yet <=   1.108330000e+05        (728; 0)
+  9733: mip =     not found yet <=   1.108330000e+05        (730; 0)
+  9768: mip =     not found yet <=   1.108330000e+05        (733; 0)
+  9797: mip =     not found yet <=   1.108330000e+05        (736; 0)
Time used: 2214.2 secs.  Memory used: 135.0 Mb.
+  9823: mip =     not found yet <=   1.108330000e+05        (739; 0)
+  9851: mip =     not found yet <=   1.108330000e+05        (742; 0)
+  9870: mip =     not found yet <=   1.108330000e+05        (745; 0)
+  9905: mip =     not found yet <=   1.108330000e+05        (748; 0)
+  9922: mip =     not found yet <=   1.108330000e+05        (751; 0)
+  9945: mip =     not found yet <=   1.108330000e+05        (754; 0)
+  9967: mip =     not found yet <=   1.108330000e+05        (757; 0)
+  9993: mip =     not found yet <=   1.108330000e+05        (760; 0)
Time used: 2274.6 secs.  Memory used: 135.0 Mb.
+ 10012: mip =     not found yet <=   1.108330000e+05        (763; 0)
+ 10031: mip =     not found yet <=   1.108330000e+05        (766; 0)
+ 10055: mip =     not found yet <=   1.108330000e+05        (769; 0)
+ 10081: mip =     not found yet <=   1.108330000e+05        (772; 0)
+ 10104: mip =     not found yet <=   1.108330000e+05        (775; 0)
+ 10126: mip =     not found yet <=   1.108330000e+05        (778; 0)
+ 10148: mip =     not found yet <=   1.108330000e+05        (781; 0)
+ 10172: mip =     not found yet <=   1.108330000e+05        (784; 0)
+ 10186: mip =     not found yet <=   1.108330000e+05        (787; 0)
Time used: 2336.0 secs.  Memory used: 135.1 Mb.
+ 10199: mip =     not found yet <=   1.108330000e+05        (790; 0)
+ 10228: mip =     not found yet <=   1.108330000e+05        (793; 0)
+ 10246: mip =     not found yet <=   1.108330000e+05        (796; 0)
+ 10264: mip =     not found yet <=   1.108330000e+05        (799; 0)
+ 10282: mip =     not found yet <=   1.108330000e+05        (802; 0)
+ 10301: mip =     not found yet <=   1.108330000e+05        (805; 0)
+ 10321: mip =     not found yet <=   1.108330000e+05        (808; 0)
+ 10343: mip =     not found yet <=   1.108330000e+05        (811; 0)
+ 10368: mip =     not found yet <=   1.108330000e+05        (814; 0)
Time used: 2396.7 secs.  Memory used: 135.1 Mb.
+ 10406: mip =     not found yet <=   1.108330000e+05        (817; 0)
+ 10433: mip =     not found yet <=   1.108330000e+05        (820; 0)
+ 10460: mip =     not found yet <=   1.108330000e+05        (823; 0)
+ 10487: mip =     not found yet <=   1.108330000e+05        (826; 0)
+ 10508: mip =     not found yet <=   1.108330000e+05        (829; 0)
+ 10536: mip =     not found yet <=   1.108330000e+05        (832; 0)
+ 10547: mip =     not found yet <=   1.108330000e+05        (835; 0)
+ 10558: mip =     not found yet <=   1.108330000e+05        (838; 0)
+ 10570: mip =     not found yet <=   1.108330000e+05        (841; 0)
Time used: 2458.4 secs.  Memory used: 135.1 Mb.
+ 10583: mip =     not found yet <=   1.108330000e+05        (844; 0)
+ 10596: mip =     not found yet <=   1.108330000e+05        (847; 0)
+ 10606: mip =     not found yet <=   1.108330000e+05        (850; 0)
+ 10617: mip =     not found yet <=   1.108330000e+05        (853; 0)
+ 10628: mip =     not found yet <=   1.108330000e+05        (856; 0)
+ 10640: mip =     not found yet <=   1.108330000e+05        (859; 0)
+ 10650: mip =     not found yet <=   1.108330000e+05        (862; 0)
+ 10666: mip =     not found yet <=   1.108330000e+05        (865; 0)
+ 10679: mip =     not found yet <=   1.108330000e+05        (868; 0)
Time used: 2519.7 secs.  Memory used: 135.1 Mb.
+ 10693: mip =     not found yet <=   1.108330000e+05        (871; 0)
+ 10708: mip =     not found yet <=   1.108330000e+05        (874; 0)
+ 10720: mip =     not found yet <=   1.108330000e+05        (877; 0)
+ 10729: mip =     not found yet <=   1.108330000e+05        (880; 0)
+ 10741: mip =     not found yet <=   1.108330000e+05        (883; 0)
+ 10752: mip =     not found yet <=   1.108330000e+05        (886; 0)
+ 10763: mip =     not found yet <=   1.108330000e+05        (889; 0)
+ 10773: mip =     not found yet <=   1.108330000e+05        (892; 0)
+ 10783: mip =     not found yet <=   1.108330000e+05        (895; 0)
Time used: 2580.5 secs.  Memory used: 135.1 Mb.
+ 10796: mip =     not found yet <=   1.108330000e+05        (898; 0)
+ 10806: mip =     not found yet <=   1.108330000e+05        (901; 0)
+ 10821: mip =     not found yet <=   1.108330000e+05        (904; 0)
+ 10838: mip =     not found yet <=   1.108330000e+05        (907; 0)
+ 10850: mip =     not found yet <=   1.108330000e+05        (910; 0)
+ 10879: mip =     not found yet <=   1.108330000e+05        (913; 0)
+ 10908: mip =     not found yet <=   1.108330000e+05        (916; 0)
+ 10937: mip =     not found yet <=   1.108330000e+05        (919; 0)
+ 10970: mip =     not found yet <=   1.108330000e+05        (922; 0)
Time used: 2641.0 secs.  Memory used: 135.2 Mb.
+ 11009: mip =     not found yet <=   1.108330000e+05        (925; 0)
+ 11027: mip =     not found yet <=   1.108330000e+05        (928; 0)
+ 11045: mip =     not found yet <=   1.108330000e+05        (931; 0)
+ 11063: mip =     not found yet <=   1.108330000e+05        (934; 0)
+ 11082: mip =     not found yet <=   1.108330000e+05        (937; 0)
+ 11100: mip =     not found yet <=   1.108330000e+05        (940; 0)
+ 11120: mip =     not found yet <=   1.108330000e+05        (943; 0)
+ 11139: mip =     not found yet <=   1.108330000e+05        (946; 0)
+ 11163: mip =     not found yet <=   1.108330000e+05        (949; 0)
Time used: 2703.0 secs.  Memory used: 135.2 Mb.
+ 11181: mip =     not found yet <=   1.108330000e+05        (952; 0)
+ 11192: mip =     not found yet <=   1.108330000e+05        (955; 0)
+ 11204: mip =     not found yet <=   1.108330000e+05        (958; 0)
+ 11218: mip =     not found yet <=   1.108330000e+05        (961; 0)
+ 11231: mip =     not found yet <=   1.108330000e+05        (964; 0)
+ 11249: mip =     not found yet <=   1.108330000e+05        (967; 0)
+ 11266: mip =     not found yet <=   1.108330000e+05        (970; 0)
+ 11280: mip =     not found yet <=   1.108330000e+05        (973; 0)
+ 11295: mip =     not found yet <=   1.108330000e+05        (976; 0)
Time used: 2765.0 secs.  Memory used: 135.2 Mb.
+ 11308: mip =     not found yet <=   1.108330000e+05        (979; 0)
+ 11322: mip =     not found yet <=   1.108330000e+05        (982; 0)
+ 11334: mip =     not found yet <=   1.108330000e+05        (985; 0)
+ 11349: mip =     not found yet <=   1.108330000e+05        (988; 0)
+ 11363: mip =     not found yet <=   1.108330000e+05        (991; 0)
+ 11381: mip =     not found yet <=   1.108330000e+05        (994; 0)
+ 11421: mip =     not found yet <=   1.108330000e+05        (997; 0)
+ 11447: mip =     not found yet <=   1.108330000e+05        (1000; 0)
+ 11472: mip =     not found yet <=   1.108330000e+05        (1003; 0)
+ 11489: mip =     not found yet <=   1.108330000e+05        (1006; 0)
Time used: 2826.2 secs.  Memory used: 135.2 Mb.
+ 11501: mip =     not found yet <=   1.108330000e+05        (1009; 0)
+ 11519: mip =     not found yet <=   1.108330000e+05        (1012; 0)
+ 11548: mip =     not found yet <=   1.108330000e+05        (1015; 0)
+ 11563: mip =     not found yet <=   1.108330000e+05        (1018; 0)
+ 11578: mip =     not found yet <=   1.108330000e+05        (1021; 0)
+ 11597: mip =     not found yet <=   1.108330000e+05        (1024; 0)
+ 11629: mip =     not found yet <=   1.108330000e+05        (1027; 0)
+ 11660: mip =     not found yet <=   1.108330000e+05        (1030; 0)
+ 11693: mip =     not found yet <=   1.108330000e+05        (1033; 0)
Time used: 2887.4 secs.  Memory used: 135.3 Mb.
+ 11725: mip =     not found yet <=   1.108330000e+05        (1036; 0)
+ 11754: mip =     not found yet <=   1.108330000e+05        (1039; 0)
+ 11776: mip =     not found yet <=   1.108330000e+05        (1042; 0)
+ 11818: mip =     not found yet <=   1.108330000e+05        (1045; 0)
+ 11849: mip =     not found yet <=   1.108330000e+05        (1048; 0)
+ 11875: mip =     not found yet <=   1.108330000e+05        (1051; 0)
+ 11902: mip =     not found yet <=   1.108330000e+05        (1054; 0)
+ 11920: mip =     not found yet <=   1.108330000e+05        (1057; 0)
+ 11940: mip =     not found yet <=   1.108330000e+05        (1060; 0)
+ 11970: mip =     not found yet <=   1.108330000e+05        (1063; 0)
Time used: 2947.7 secs.  Memory used: 135.3 Mb.
+ 12001: mip =     not found yet <=   1.108330000e+05        (1066; 0)
+ 12027: mip =     not found yet <=   1.108330000e+05        (1069; 0)
+ 12055: mip =     not found yet <=   1.108330000e+05        (1072; 0)
+ 12085: mip =     not found yet <=   1.108330000e+05        (1075; 0)
+ 12113: mip =     not found yet <=   1.108330000e+05        (1078; 0)
+ 12144: mip =     not found yet <=   1.108330000e+05        (1081; 0)
+ 12174: mip =     not found yet <=   1.108330000e+05        (1084; 0)
+ 12202: mip =     not found yet <=   1.108330000e+05        (1087; 0)
+ 12229: mip =     not found yet <=   1.108330000e+05        (1090; 0)
+ 12257: mip =     not found yet <=   1.108330000e+05        (1093; 0)
Time used: 3009.3 secs.  Memory used: 135.3 Mb.
+ 12270: mip =     not found yet <=   1.108330000e+05        (1096; 0)
+ 12294: mip =     not found yet <=   1.108330000e+05        (1099; 0)
+ 12317: mip =     not found yet <=   1.108330000e+05        (1102; 0)
+ 12351: mip =     not found yet <=   1.108330000e+05        (1105; 0)
+ 12377: mip =     not found yet <=   1.108330000e+05        (1108; 0)
+ 12392: mip =     not found yet <=   1.108330000e+05        (1111; 0)
+ 12415: mip =     not found yet <=   1.108330000e+05        (1114; 0)
+ 12441: mip =     not found yet <=   1.108330000e+05        (1117; 0)
+ 12468: mip =     not found yet <=   1.108330000e+05        (1120; 0)
+ 12491: mip =     not found yet <=   1.108330000e+05        (1123; 0)
Time used: 3071.2 secs.  Memory used: 135.3 Mb.
+ 12513: mip =     not found yet <=   1.108330000e+05        (1126; 0)
+ 12531: mip =     not found yet <=   1.108330000e+05        (1129; 0)
+ 12558: mip =     not found yet <=   1.108330000e+05        (1132; 0)
+ 12581: mip =     not found yet <=   1.108330000e+05        (1135; 0)
+ 12603: mip =     not found yet <=   1.108330000e+05        (1138; 0)
+ 12632: mip =     not found yet <=   1.108330000e+05        (1141; 0)
+ 12675: mip =     not found yet <=   1.108330000e+05        (1144; 0)
+ 12714: mip =     not found yet <=   1.108330000e+05        (1147; 0)
+ 12743: mip =     not found yet <=   1.108330000e+05        (1150; 0)
+ 12763: mip =     not found yet <=   1.108330000e+05        (1153; 0)
+ 12792: mip =     not found yet <=   1.108330000e+05        (1156; 0)
Time used: 3131.9 secs.  Memory used: 135.4 Mb.
+ 12848: mip =     not found yet <=   1.108330000e+05        (1159; 0)
+ 12874: mip =     not found yet <=   1.108330000e+05        (1162; 0)
+ 12899: mip =     not found yet <=   1.108330000e+05        (1165; 0)
+ 12929: mip =     not found yet <=   1.108330000e+05        (1168; 0)
+ 12964: mip =     not found yet <=   1.108330000e+05        (1171; 0)
+ 12995: mip =     not found yet <=   1.108330000e+05        (1174; 0)
+ 13022: mip =     not found yet <=   1.108330000e+05        (1177; 0)
+ 13054: mip =     not found yet <=   1.108330000e+05        (1180; 0)
+ 13086: mip =     not found yet <=   1.108330000e+05        (1183; 0)
+ 13115: mip =     not found yet <=   1.108330000e+05        (1186; 0)
Time used: 3192.1 secs.  Memory used: 135.4 Mb.
+ 13141: mip =     not found yet <=   1.108330000e+05        (1189; 0)
+ 13167: mip =     not found yet <=   1.108330000e+05        (1192; 0)
+ 13194: mip =     not found yet <=   1.108330000e+05        (1195; 0)
+ 13218: mip =     not found yet <=   1.108330000e+05        (1198; 0)
+ 13243: mip =     not found yet <=   1.108330000e+05        (1201; 0)
+ 13274: mip =     not found yet <=   1.108330000e+05        (1204; 0)
+ 13303: mip =     not found yet <=   1.108330000e+05        (1207; 0)
+ 13327: mip =     not found yet <=   1.108330000e+05        (1210; 0)
+ 13354: mip =     not found yet <=   1.108330000e+05        (1213; 0)
+ 13381: mip =     not found yet <=   1.108330000e+05        (1216; 0)
+ 13417: mip =     not found yet <=   1.108330000e+05        (1219; 0)
Time used: 3252.4 secs.  Memory used: 135.4 Mb.
+ 13449: mip =     not found yet <=   1.108330000e+05        (1222; 0)
+ 13494: mip =     not found yet <=   1.108330000e+05        (1225; 0)
+ 13529: mip =     not found yet <=   1.108330000e+05        (1228; 0)
+ 13561: mip =     not found yet <=   1.108330000e+05        (1231; 0)
+ 13584: mip =     not found yet <=   1.108330000e+05        (1234; 0)
+ 13624: mip =     not found yet <=   1.108330000e+05        (1237; 0)
+ 13665: mip =     not found yet <=   1.108330000e+05        (1240; 0)
+ 13695: mip =     not found yet <=   1.108330000e+05        (1243; 0)
+ 13736: mip =     not found yet <=   1.108330000e+05        (1246; 0)
+ 13764: mip =     not found yet <=   1.108330000e+05        (1249; 0)
+ 13784: mip =     not found yet <=   1.108330000e+05        (1252; 0)
+ 13814: mip =     not found yet <=   1.108330000e+05        (1255; 0)
Time used: 3312.8 secs.  Memory used: 135.5 Mb.
+ 13847: mip =     not found yet <=   1.108330000e+05        (1258; 0)
+ 13871: mip =     not found yet <=   1.108330000e+05        (1261; 0)
+ 13902: mip =     not found yet <=   1.108330000e+05        (1264; 0)
+ 13940: mip =     not found yet <=   1.108330000e+05        (1267; 0)
+ 13961: mip =     not found yet <=   1.108330000e+05        (1270; 0)
+ 13993: mip =     not found yet <=   1.108330000e+05        (1273; 0)
+ 14029: mip =     not found yet <=   1.108330000e+05        (1276; 0)
+ 14057: mip =     not found yet <=   1.108330000e+05        (1279; 0)
+ 14090: mip =     not found yet <=   1.108330000e+05        (1282; 0)
+ 14116: mip =     not found yet <=   1.108330000e+05        (1285; 0)
+ 14157: mip =     not found yet <=   1.108330000e+05        (1289; 0)
Time used: 3374.4 secs.  Memory used: 135.5 Mb.
+ 14213: mip =     not found yet <=   1.108330000e+05        (1293; 0)
+ 14242: mip =     not found yet <=   1.108330000e+05        (1296; 0)
+ 14264: mip =     not found yet <=   1.108330000e+05        (1299; 0)
+ 14306: mip =     not found yet <=   1.108330000e+05        (1303; 0)
+ 14343: mip =     not found yet <=   1.108330000e+05        (1306; 0)
+ 14380: mip =     not found yet <=   1.108330000e+05        (1310; 0)
+ 14418: mip =     not found yet <=   1.108330000e+05        (1314; 0)
+ 14456: mip =     not found yet <=   1.108330000e+05        (1318; 0)
+ 14499: mip =     not found yet <=   1.108330000e+05        (1322; 0)
+ 14535: mip =     not found yet <=   1.108330000e+05        (1326; 0)
Time used: 3435.3 secs.  Memory used: 135.6 Mb.
+ 14576: mip =     not found yet <=   1.108330000e+05        (1330; 0)
+ 14612: mip =     not found yet <=   1.108330000e+05        (1334; 0)
+ 14650: mip =     not found yet <=   1.108330000e+05        (1338; 0)
+ 14683: mip =     not found yet <=   1.108330000e+05        (1342; 0)
+ 14721: mip =     not found yet <=   1.108330000e+05        (1346; 0)
+ 14753: mip =     not found yet <=   1.108330000e+05        (1350; 0)
+ 14783: mip =     not found yet <=   1.108330000e+05        (1354; 0)
+ 14813: mip =     not found yet <=   1.108330000e+05        (1358; 0)
+ 14840: mip =     not found yet <=   1.108330000e+05        (1362; 0)
+ 14864: mip =     not found yet <=   1.108330000e+05        (1366; 0)
Time used: 3496.7 secs.  Memory used: 135.6 Mb.
+ 14895: mip =     not found yet <=   1.108330000e+05        (1370; 0)
+ 14916: mip =     not found yet <=   1.108330000e+05        (1374; 0)
+ 14957: mip =     not found yet <=   1.108330000e+05        (1378; 0)
+ 14988: mip =     not found yet <=   1.108330000e+05        (1382; 0)
+ 15019: mip =     not found yet <=   1.108330000e+05        (1386; 0)
+ 15041: mip =     not found yet <=   1.108330000e+05        (1390; 0)
+ 15061: mip =     not found yet <=   1.108330000e+05        (1394; 0)
+ 15103: mip =     not found yet <=   1.108330000e+05        (1398; 0)
+ 15124: mip =     not found yet <=   1.108330000e+05        (1402; 0)
+ 15152: mip =     not found yet <=   1.108330000e+05        (1406; 0)
Time used: 3557.3 secs.  Memory used: 135.6 Mb.
+ 15184: mip =     not found yet <=   1.108330000e+05        (1410; 0)
+ 15211: mip =     not found yet <=   1.108330000e+05        (1414; 0)
+ 15230: mip =     not found yet <=   1.108330000e+05        (1418; 0)
+ 15254: mip =     not found yet <=   1.108330000e+05        (1422; 0)
+ 15276: mip =     not found yet <=   1.108330000e+05        (1426; 0)
+ 15298: mip =     not found yet <=   1.108330000e+05        (1430; 0)
+ 15335: mip =     not found yet <=   1.108330000e+05        (1434; 0)
+ 15368: mip =     not found yet <=   1.108330000e+05        (1438; 0)
+ 15368: mip =     not found yet <=   1.108330000e+05        (1438; 0)
TIME LIMIT EXCEEDED; SEARCH TERMINATED
Time used:   3603.9 secs
Memory used: 180.2 Mb (188944771 bytes)
Writing MIP solution to `HB15000_SOL.sol'...
