GLPSOL: GLPK LP/MIP Solver, v4.52
Parameter(s) specified in the command line:
 --math math_model.mod -d HB5000_GLPK.dat -o HB5000_SOL.sol --log HB5000_LOG.log
 --tmlim 3600
Reading model section from math_model.mod...
40 lines were read
Reading data section from HB5000_GLPK.dat...
5010 lines were read
Generating profit...
Generating CAP...
Model has been successfully generated
GLPK Integer Optimizer, v4.52
597 rows, 5000 columns, 284799 non-zeros
5000 integer variables, all of which are binary
Preprocessing...
32 hidden packing inequaliti(es) were detected
595 rows, 5000 columns, 279798 non-zeros
5000 integer variables, all of which are binary
Scaling...
 A: min|aij| =  1.000e+00  max|aij| =  1.000e+03  ratio =  1.000e+03
GM: min|aij| =  8.773e-01  max|aij| =  1.140e+00  ratio =  1.299e+00
EQ: min|aij| =  7.900e-01  max|aij| =  1.000e+00  ratio =  1.266e+00
2N: min|aij| =  4.395e-01  max|aij| =  1.758e+00  ratio =  4.000e+00
Constructing initial basis...
Size of triangular part is 595
Solving LP relaxation...
GLPK Simplex Optimizer, v4.52
595 rows, 5000 columns, 279798 non-zeros
*     0: obj =   0.000000000e+00  infeas =  0.000e+00 (0)
*   500: obj =   2.980631177e+04  infeas =  1.597e-16 (0)
*  1000: obj =   3.455977306e+04  infeas =  1.869e-17 (0)
*  1100: obj =   3.458006506e+04  infeas =  2.329e-16 (0)
OPTIMAL LP SOLUTION FOUND
Integer optimization begins...
+  1100: mip =     not found yet <=              +inf        (1; 0)
+  1127: mip =     not found yet <=   3.457100000e+04        (8; 0)
+  1147: mip =     not found yet <=   3.457000000e+04        (15; 0)
+  1189: mip =     not found yet <=   3.456700000e+04        (22; 0)
+  1225: mip =     not found yet <=   3.456700000e+04        (28; 0)
+  1269: mip =     not found yet <=   3.456700000e+04        (35; 0)
+  1312: mip =     not found yet <=   3.456700000e+04        (42; 0)
+  1344: mip =     not found yet <=   3.456700000e+04        (49; 0)
+  1363: mip =     not found yet <=   3.456700000e+04        (56; 0)
+  1378: mip =     not found yet <=   3.456700000e+04        (63; 0)
+  1407: mip =     not found yet <=   3.456700000e+04        (70; 0)
+  1446: mip =     not found yet <=   3.456700000e+04        (77; 0)
Time used: 60.6 secs.  Memory used: 45.4 Mb.
+  1472: mip =     not found yet <=   3.456700000e+04        (84; 0)
+  1506: mip =     not found yet <=   3.456700000e+04        (91; 0)
+  1550: mip =     not found yet <=   3.456700000e+04        (98; 0)
+  1571: mip =     not found yet <=   3.456700000e+04        (105; 0)
+  1612: mip =     not found yet <=   3.456700000e+04        (112; 0)
+  1653: mip =     not found yet <=   3.456700000e+04        (120; 0)
+  1677: mip =     not found yet <=   3.456700000e+04        (128; 0)
+  1701: mip =     not found yet <=   3.456700000e+04        (136; 0)
+  1732: mip =     not found yet <=   3.456700000e+04        (144; 0)
+  1777: mip =     not found yet <=   3.456700000e+04        (152; 0)
+  1866: mip =     not found yet <=   3.456700000e+04        (160; 0)
Time used: 120.6 secs.  Memory used: 45.5 Mb.
+  1916: mip =     not found yet <=   3.456700000e+04        (168; 0)
+  1948: mip =     not found yet <=   3.456700000e+04        (176; 0)
+  2009: mip =     not found yet <=   3.456700000e+04        (185; 0)
+  2053: mip =     not found yet <=   3.456700000e+04        (194; 0)
+  2094: mip =     not found yet <=   3.456700000e+04        (204; 0)
+  2155: mip =     not found yet <=   3.456700000e+04        (214; 0)
+  2224: mip =     not found yet <=   3.456700000e+04        (225; 0)
+  2274: mip =     not found yet <=   3.456700000e+04        (236; 0)
+  2336: mip =     not found yet <=   3.456700000e+04        (247; 0)
+  2371: mip =     not found yet <=   3.456700000e+04        (258; 0)
+  2444: mip =     not found yet <=   3.456700000e+04        (270; 0)
Time used: 180.6 secs.  Memory used: 45.6 Mb.
+  2474: mip =     not found yet <=   3.456700000e+04        (282; 0)
+  2532: mip =     not found yet <=   3.456700000e+04        (295; 0)
+  2582: mip =     not found yet <=   3.456700000e+04        (309; 0)
+  2625: mip =     not found yet <=   3.456700000e+04        (323; 0)
+  2662: mip =     not found yet <=   3.456700000e+04        (337; 0)
+  2747: mip =     not found yet <=   3.456700000e+04        (352; 0)
+  2835: mip =     not found yet <=   3.456700000e+04        (368; 0)
+  2886: mip =     not found yet <=   3.456700000e+04        (386; 0)
+  2969: mip =     not found yet <=   3.456700000e+04        (407; 0)
+  3037: mip =     not found yet <=   3.456700000e+04        (429; 0)
+  3109: mip =     not found yet <=   3.456700000e+04        (456; 0)
+  3171: mip =     not found yet <=   3.456700000e+04        (491; 0)
Time used: 240.7 secs.  Memory used: 45.8 Mb.
+  3267: mip =     not found yet <=   3.456700000e+04        (547; 0)
+  3357: mip =     not found yet <=   3.456700000e+04        (614; 0)
+  3437: mip =     not found yet <=   3.456700000e+04        (682; 0)
+  3447: >>>>>   3.123700000e+04 <=   3.456700000e+04  10.7% (690; 0)
+  3484: mip =   3.123700000e+04 <=   3.455100000e+04  10.6% (695; 1)
+  3521: mip =   3.123700000e+04 <=   3.455100000e+04  10.6% (702; 1)
+  3562: mip =   3.123700000e+04 <=   3.455100000e+04  10.6% (709; 1)
+  3611: mip =   3.123700000e+04 <=   3.455100000e+04  10.6% (716; 1)
+  3655: mip =   3.123700000e+04 <=   3.455100000e+04  10.6% (723; 1)
+  3678: mip =   3.123700000e+04 <=   3.455100000e+04  10.6% (730; 1)
+  3715: mip =   3.123700000e+04 <=   3.455100000e+04  10.6% (737; 1)
+  3738: mip =   3.123700000e+04 <=   3.455100000e+04  10.6% (744; 1)
Time used: 301.3 secs.  Memory used: 46.0 Mb.
+  3756: mip =   3.123700000e+04 <=   3.455100000e+04  10.6% (752; 1)
+  3795: mip =   3.123700000e+04 <=   3.455100000e+04  10.6% (760; 1)
+  3830: mip =   3.123700000e+04 <=   3.455100000e+04  10.6% (767; 1)
+  3850: mip =   3.123700000e+04 <=   3.455100000e+04  10.6% (775; 1)
+  3902: mip =   3.123700000e+04 <=   3.455100000e+04  10.6% (783; 1)
+  3927: mip =   3.123700000e+04 <=   3.455100000e+04  10.6% (791; 1)
+  3965: mip =   3.123700000e+04 <=   3.455100000e+04  10.6% (799; 1)
+  3993: mip =   3.123700000e+04 <=   3.455100000e+04  10.6% (807; 1)
+  4016: mip =   3.123700000e+04 <=   3.455100000e+04  10.6% (815; 1)
+  4047: mip =   3.123700000e+04 <=   3.455100000e+04  10.6% (823; 1)
+  4089: mip =   3.123700000e+04 <=   3.455100000e+04  10.6% (831; 1)
+  4181: mip =   3.123700000e+04 <=   3.455100000e+04  10.6% (840; 1)
Time used: 361.7 secs.  Memory used: 46.1 Mb.
+  4241: mip =   3.123700000e+04 <=   3.455100000e+04  10.6% (849; 1)
+  4301: mip =   3.123700000e+04 <=   3.455100000e+04  10.6% (858; 1)
+  4345: mip =   3.123700000e+04 <=   3.455100000e+04  10.6% (867; 1)
+  4418: mip =   3.123700000e+04 <=   3.455100000e+04  10.6% (876; 1)
+  4458: mip =   3.123700000e+04 <=   3.455100000e+04  10.6% (885; 1)
+  4515: mip =   3.123700000e+04 <=   3.455100000e+04  10.6% (895; 1)
+  4553: mip =   3.123700000e+04 <=   3.455100000e+04  10.6% (905; 1)
+  4586: mip =   3.123700000e+04 <=   3.455100000e+04  10.6% (915; 1)
+  4614: mip =   3.123700000e+04 <=   3.455100000e+04  10.6% (924; 1)
+  4659: mip =   3.123700000e+04 <=   3.455100000e+04  10.6% (934; 1)
+  4726: mip =   3.123700000e+04 <=   3.455100000e+04  10.6% (944; 1)
Time used: 422.1 secs.  Memory used: 46.2 Mb.
+  4760: mip =   3.123700000e+04 <=   3.455100000e+04  10.6% (954; 1)
+  4821: mip =   3.123700000e+04 <=   3.455100000e+04  10.6% (964; 1)
+  4856: mip =   3.123700000e+04 <=   3.455100000e+04  10.6% (975; 1)
+  4903: mip =   3.123700000e+04 <=   3.455100000e+04  10.6% (986; 1)
+  4947: mip =   3.123700000e+04 <=   3.455100000e+04  10.6% (997; 1)
+  4986: mip =   3.123700000e+04 <=   3.455100000e+04  10.6% (1009; 1)
+  5022: mip =   3.123700000e+04 <=   3.455100000e+04  10.6% (1021; 1)
+  5052: mip =   3.123700000e+04 <=   3.455100000e+04  10.6% (1034; 1)
+  5094: mip =   3.123700000e+04 <=   3.455100000e+04  10.6% (1047; 1)
+  5204: mip =   3.123700000e+04 <=   3.455100000e+04  10.6% (1061; 1)
+  5283: mip =   3.123700000e+04 <=   3.455100000e+04  10.6% (1076; 1)
Time used: 482.2 secs.  Memory used: 46.3 Mb.
+  5316: mip =   3.123700000e+04 <=   3.455100000e+04  10.6% (1093; 1)
+  5356: mip =   3.123700000e+04 <=   3.455100000e+04  10.6% (1111; 1)
+  5404: mip =   3.123700000e+04 <=   3.455100000e+04  10.6% (1131; 1)
+  5492: mip =   3.123700000e+04 <=   3.455100000e+04  10.6% (1154; 1)
+  5574: mip =   3.123700000e+04 <=   3.455100000e+04  10.6% (1183; 1)
+  5673: mip =   3.123700000e+04 <=   3.455100000e+04  10.6% (1224; 1)
Solution found by heuristic: 31329
+  5810: mip =   3.132900000e+04 <=   3.455000000e+04  10.3% (1317; 2)
+  5851: mip =   3.132900000e+04 <=   3.454900000e+04  10.3% (1324; 2)
+  5886: mip =   3.132900000e+04 <=   3.454900000e+04  10.3% (1331; 2)
+  5938: mip =   3.132900000e+04 <=   3.454900000e+04  10.3% (1338; 2)
+  5968: mip =   3.132900000e+04 <=   3.454900000e+04  10.3% (1345; 2)
+  6010: mip =   3.132900000e+04 <=   3.454900000e+04  10.3% (1352; 2)
Time used: 542.3 secs.  Memory used: 46.5 Mb.
+  6033: mip =   3.132900000e+04 <=   3.454900000e+04  10.3% (1359; 2)
+  6046: mip =   3.132900000e+04 <=   3.454900000e+04  10.3% (1366; 2)
+  6069: mip =   3.132900000e+04 <=   3.454900000e+04  10.3% (1373; 2)
+  6105: mip =   3.132900000e+04 <=   3.454900000e+04  10.3% (1380; 2)
+  6127: mip =   3.132900000e+04 <=   3.454900000e+04  10.3% (1388; 2)
+  6154: mip =   3.132900000e+04 <=   3.454900000e+04  10.3% (1395; 2)
+  6192: mip =   3.132900000e+04 <=   3.454900000e+04  10.3% (1403; 2)
+  6214: mip =   3.132900000e+04 <=   3.454900000e+04  10.3% (1411; 2)
+  6256: mip =   3.132900000e+04 <=   3.454900000e+04  10.3% (1419; 2)
+  6285: mip =   3.132900000e+04 <=   3.454900000e+04  10.3% (1427; 2)
+  6308: mip =   3.132900000e+04 <=   3.454900000e+04  10.3% (1435; 2)
Time used: 602.8 secs.  Memory used: 46.6 Mb.
+  6342: mip =   3.132900000e+04 <=   3.454900000e+04  10.3% (1443; 2)
+  6388: mip =   3.132900000e+04 <=   3.454900000e+04  10.3% (1451; 2)
+  6436: mip =   3.132900000e+04 <=   3.454900000e+04  10.3% (1459; 2)
+  6480: mip =   3.132900000e+04 <=   3.454900000e+04  10.3% (1467; 2)
+  6536: mip =   3.132900000e+04 <=   3.454900000e+04  10.3% (1475; 2)
+  6575: mip =   3.132900000e+04 <=   3.454900000e+04  10.3% (1483; 2)
+  6624: mip =   3.132900000e+04 <=   3.454900000e+04  10.3% (1492; 2)
+  6665: mip =   3.132900000e+04 <=   3.454900000e+04  10.3% (1501; 2)
+  6698: mip =   3.132900000e+04 <=   3.454900000e+04  10.3% (1510; 2)
+  6745: mip =   3.132900000e+04 <=   3.454900000e+04  10.3% (1518; 2)
+  6769: mip =   3.132900000e+04 <=   3.454900000e+04  10.3% (1526; 2)
Time used: 662.8 secs.  Memory used: 46.7 Mb.
+  6797: mip =   3.132900000e+04 <=   3.454900000e+04  10.3% (1534; 2)
+  6820: mip =   3.132900000e+04 <=   3.454900000e+04  10.3% (1543; 2)
+  6848: mip =   3.132900000e+04 <=   3.454900000e+04  10.3% (1552; 2)
+  6892: mip =   3.132900000e+04 <=   3.454900000e+04  10.3% (1561; 2)
+  6922: mip =   3.132900000e+04 <=   3.454900000e+04  10.3% (1571; 2)
+  6965: mip =   3.132900000e+04 <=   3.454900000e+04  10.3% (1581; 2)
+  7015: mip =   3.132900000e+04 <=   3.454900000e+04  10.3% (1591; 2)
+  7061: mip =   3.132900000e+04 <=   3.454900000e+04  10.3% (1601; 2)
+  7105: mip =   3.132900000e+04 <=   3.454900000e+04  10.3% (1611; 2)
+  7140: mip =   3.132900000e+04 <=   3.454900000e+04  10.3% (1622; 2)
+  7196: mip =   3.132900000e+04 <=   3.454900000e+04  10.3% (1633; 2)
+  7228: mip =   3.132900000e+04 <=   3.454900000e+04  10.3% (1645; 2)
Time used: 723.1 secs.  Memory used: 46.8 Mb.
+  7270: mip =   3.132900000e+04 <=   3.454900000e+04  10.3% (1657; 2)
+  7310: mip =   3.132900000e+04 <=   3.454900000e+04  10.3% (1669; 2)
+  7364: mip =   3.132900000e+04 <=   3.454900000e+04  10.3% (1681; 2)
+  7405: mip =   3.132900000e+04 <=   3.454900000e+04  10.3% (1693; 2)
+  7492: mip =   3.132900000e+04 <=   3.454900000e+04  10.3% (1706; 2)
+  7597: mip =   3.132900000e+04 <=   3.454900000e+04  10.3% (1721; 2)
+  7676: mip =   3.132900000e+04 <=   3.454900000e+04  10.3% (1738; 2)
+  7739: mip =   3.132900000e+04 <=   3.454900000e+04  10.3% (1757; 2)
+  7824: mip =   3.132900000e+04 <=   3.454900000e+04  10.3% (1778; 2)
+  7882: mip =   3.132900000e+04 <=   3.454900000e+04  10.3% (1805; 2)
Solution found by heuristic: 31368
+  8022: mip =   3.136800000e+04 <=   3.454900000e+04  10.1% (1843; 26)
Time used: 783.9 secs.  Memory used: 46.9 Mb.
+  8052: mip =   3.136800000e+04 <=   3.454800000e+04  10.1% (1849; 26)
+  8092: mip =   3.136800000e+04 <=   3.454800000e+04  10.1% (1855; 26)
+  8120: mip =   3.136800000e+04 <=   3.454800000e+04  10.1% (1861; 26)
+  8157: mip =   3.136800000e+04 <=   3.454800000e+04  10.1% (1867; 26)
+  8168: mip =   3.136800000e+04 <=   3.454800000e+04  10.1% (1873; 26)
+  8189: mip =   3.136800000e+04 <=   3.454800000e+04  10.1% (1879; 26)
+  8213: mip =   3.136800000e+04 <=   3.454800000e+04  10.1% (1886; 26)
+  8239: mip =   3.136800000e+04 <=   3.454800000e+04  10.1% (1893; 26)
+  8273: mip =   3.136800000e+04 <=   3.454800000e+04  10.1% (1900; 26)
+  8291: mip =   3.136800000e+04 <=   3.454800000e+04  10.1% (1907; 26)
+  8330: mip =   3.136800000e+04 <=   3.454800000e+04  10.1% (1914; 26)
+  8364: mip =   3.136800000e+04 <=   3.454800000e+04  10.1% (1921; 26)
Time used: 844.4 secs.  Memory used: 47.0 Mb.
+  8386: mip =   3.136800000e+04 <=   3.454800000e+04  10.1% (1928; 26)
+  8403: mip =   3.136800000e+04 <=   3.454800000e+04  10.1% (1934; 26)
+  8415: mip =   3.136800000e+04 <=   3.454800000e+04  10.1% (1941; 26)
+  8429: mip =   3.136800000e+04 <=   3.454800000e+04  10.1% (1948; 26)
+  8456: mip =   3.136800000e+04 <=   3.454800000e+04  10.1% (1955; 26)
+  8504: mip =   3.136800000e+04 <=   3.454800000e+04  10.1% (1963; 26)
+  8557: mip =   3.136800000e+04 <=   3.454800000e+04  10.1% (1971; 26)
+  8591: mip =   3.136800000e+04 <=   3.454800000e+04  10.1% (1978; 26)
+  8656: mip =   3.136800000e+04 <=   3.454800000e+04  10.1% (1986; 26)
+  8700: mip =   3.136800000e+04 <=   3.454800000e+04  10.1% (1994; 26)
+  8768: mip =   3.136800000e+04 <=   3.454800000e+04  10.1% (2002; 26)
Time used: 904.9 secs.  Memory used: 47.1 Mb.
+  8800: mip =   3.136800000e+04 <=   3.454800000e+04  10.1% (2011; 26)
+  8840: mip =   3.136800000e+04 <=   3.454800000e+04  10.1% (2020; 26)
+  8919: mip =   3.136800000e+04 <=   3.454800000e+04  10.1% (2029; 26)
+  8970: mip =   3.136800000e+04 <=   3.454800000e+04  10.1% (2038; 26)
+  9013: mip =   3.136800000e+04 <=   3.454800000e+04  10.1% (2048; 26)
+  9044: mip =   3.136800000e+04 <=   3.454800000e+04  10.1% (2058; 26)
+  9095: mip =   3.136800000e+04 <=   3.454800000e+04  10.1% (2068; 26)
+  9114: mip =   3.136800000e+04 <=   3.454800000e+04  10.1% (2078; 26)
+  9145: mip =   3.136800000e+04 <=   3.454800000e+04  10.1% (2089; 26)
+  9170: mip =   3.136800000e+04 <=   3.454800000e+04  10.1% (2100; 26)
+  9196: mip =   3.136800000e+04 <=   3.454800000e+04  10.1% (2111; 26)
+  9227: mip =   3.136800000e+04 <=   3.454800000e+04  10.1% (2122; 26)
Time used: 965.2 secs.  Memory used: 47.2 Mb.
+  9285: mip =   3.136800000e+04 <=   3.454800000e+04  10.1% (2134; 26)
+  9316: mip =   3.136800000e+04 <=   3.454800000e+04  10.1% (2145; 26)
+  9372: mip =   3.136800000e+04 <=   3.454800000e+04  10.1% (2158; 26)
+  9401: mip =   3.136800000e+04 <=   3.454800000e+04  10.1% (2171; 26)
+  9432: mip =   3.136800000e+04 <=   3.454800000e+04  10.1% (2184; 26)
+  9488: mip =   3.136800000e+04 <=   3.454800000e+04  10.1% (2197; 26)
+  9529: mip =   3.136800000e+04 <=   3.454800000e+04  10.1% (2210; 26)
+  9588: mip =   3.136800000e+04 <=   3.454800000e+04  10.1% (2224; 26)
+  9662: mip =   3.136800000e+04 <=   3.454800000e+04  10.1% (2240; 26)
+  9740: mip =   3.136800000e+04 <=   3.454800000e+04  10.1% (2256; 26)
+  9792: mip =   3.136800000e+04 <=   3.454800000e+04  10.1% (2272; 26)
Time used: 1025.4 secs.  Memory used: 47.3 Mb.
+  9839: mip =   3.136800000e+04 <=   3.454800000e+04  10.1% (2289; 26)
+  9920: mip =   3.136800000e+04 <=   3.454800000e+04  10.1% (2307; 26)
+  9992: mip =   3.136800000e+04 <=   3.454800000e+04  10.1% (2325; 26)
+ 10047: mip =   3.136800000e+04 <=   3.454800000e+04  10.1% (2345; 26)
+ 10145: mip =   3.136800000e+04 <=   3.454800000e+04  10.1% (2373; 26)
+ 10229: mip =   3.136800000e+04 <=   3.454800000e+04  10.1% (2407; 26)
+ 10325: mip =   3.136800000e+04 <=   3.454800000e+04  10.1% (2436; 27)
+ 10355: mip =   3.136800000e+04 <=   3.454700000e+04  10.1% (2443; 27)
+ 10395: mip =   3.136800000e+04 <=   3.454700000e+04  10.1% (2450; 27)
+ 10418: mip =   3.136800000e+04 <=   3.454700000e+04  10.1% (2456; 27)
+ 10448: mip =   3.136800000e+04 <=   3.454700000e+04  10.1% (2463; 27)
+ 10485: mip =   3.136800000e+04 <=   3.454700000e+04  10.1% (2470; 27)
Time used: 1085.9 secs.  Memory used: 47.4 Mb.
+ 10511: mip =   3.136800000e+04 <=   3.454700000e+04  10.1% (2477; 27)
+ 10528: mip =   3.136800000e+04 <=   3.454700000e+04  10.1% (2484; 27)
+ 10561: mip =   3.136800000e+04 <=   3.454700000e+04  10.1% (2491; 27)
+ 10599: mip =   3.136800000e+04 <=   3.454700000e+04  10.1% (2498; 27)
+ 10624: mip =   3.136800000e+04 <=   3.454700000e+04  10.1% (2505; 27)
+ 10658: mip =   3.136800000e+04 <=   3.454700000e+04  10.1% (2512; 27)
+ 10703: mip =   3.136800000e+04 <=   3.454700000e+04  10.1% (2519; 27)
+ 10724: mip =   3.136800000e+04 <=   3.454700000e+04  10.1% (2526; 27)
+ 10768: mip =   3.136800000e+04 <=   3.454700000e+04  10.1% (2533; 27)
+ 10808: mip =   3.136800000e+04 <=   3.454700000e+04  10.1% (2541; 27)
+ 10825: mip =   3.136800000e+04 <=   3.454700000e+04  10.1% (2549; 27)
Time used: 1146.2 secs.  Memory used: 47.5 Mb.
+ 10838: mip =   3.136800000e+04 <=   3.454700000e+04  10.1% (2556; 27)
+ 10869: mip =   3.136800000e+04 <=   3.454700000e+04  10.1% (2564; 27)
+ 10893: mip =   3.136800000e+04 <=   3.454700000e+04  10.1% (2572; 27)
+ 10940: mip =   3.136800000e+04 <=   3.454700000e+04  10.1% (2580; 27)
+ 11028: mip =   3.136800000e+04 <=   3.454700000e+04  10.1% (2588; 27)
+ 11082: mip =   3.136800000e+04 <=   3.454700000e+04  10.1% (2597; 27)
+ 11115: mip =   3.136800000e+04 <=   3.454700000e+04  10.1% (2605; 27)
+ 11180: mip =   3.136800000e+04 <=   3.454700000e+04  10.1% (2614; 27)
+ 11215: mip =   3.136800000e+04 <=   3.454700000e+04  10.1% (2623; 27)
+ 11257: mip =   3.136800000e+04 <=   3.454700000e+04  10.1% (2632; 27)
+ 11300: mip =   3.136800000e+04 <=   3.454700000e+04  10.1% (2642; 27)
Time used: 1206.2 secs.  Memory used: 47.7 Mb.
+ 11341: mip =   3.136800000e+04 <=   3.454700000e+04  10.1% (2652; 27)
+ 11402: mip =   3.136800000e+04 <=   3.454700000e+04  10.1% (2663; 27)
+ 11466: mip =   3.136800000e+04 <=   3.454700000e+04  10.1% (2674; 27)
+ 11521: mip =   3.136800000e+04 <=   3.454700000e+04  10.1% (2686; 27)
+ 11562: mip =   3.136800000e+04 <=   3.454700000e+04  10.1% (2698; 27)
+ 11596: mip =   3.136800000e+04 <=   3.454700000e+04  10.1% (2711; 27)
+ 11644: mip =   3.136800000e+04 <=   3.454700000e+04  10.1% (2724; 27)
+ 11683: mip =   3.136800000e+04 <=   3.454700000e+04  10.1% (2737; 27)
+ 11737: mip =   3.136800000e+04 <=   3.454700000e+04  10.1% (2751; 27)
+ 11782: mip =   3.136800000e+04 <=   3.454700000e+04  10.1% (2766; 27)
+ 11847: mip =   3.136800000e+04 <=   3.454700000e+04  10.1% (2781; 27)
Time used: 1266.3 secs.  Memory used: 47.8 Mb.
+ 11962: mip =   3.136800000e+04 <=   3.454700000e+04  10.1% (2797; 27)
+ 12014: mip =   3.136800000e+04 <=   3.454700000e+04  10.1% (2815; 27)
+ 12058: mip =   3.136800000e+04 <=   3.454700000e+04  10.1% (2834; 27)
+ 12107: mip =   3.136800000e+04 <=   3.454700000e+04  10.1% (2856; 27)
+ 12151: mip =   3.136800000e+04 <=   3.454700000e+04  10.1% (2881; 27)
+ 12233: mip =   3.136800000e+04 <=   3.454700000e+04  10.1% (2910; 27)
+ 12335: mip =   3.136800000e+04 <=   3.454700000e+04  10.1% (2945; 27)
+ 12401: mip =   3.136800000e+04 <=   3.454700000e+04  10.1% (2968; 28)
+ 12454: mip =   3.136800000e+04 <=   3.454700000e+04  10.1% (2975; 28)
+ 12497: mip =   3.136800000e+04 <=   3.454700000e+04  10.1% (2982; 28)
+ 12531: mip =   3.136800000e+04 <=   3.454700000e+04  10.1% (2989; 28)
+ 12556: mip =   3.136800000e+04 <=   3.454700000e+04  10.1% (2996; 28)
Time used: 1326.3 secs.  Memory used: 47.9 Mb.
+ 12574: mip =   3.136800000e+04 <=   3.454700000e+04  10.1% (3003; 28)
+ 12604: mip =   3.136800000e+04 <=   3.454700000e+04  10.1% (3010; 28)
+ 12645: mip =   3.136800000e+04 <=   3.454700000e+04  10.1% (3018; 28)
+ 12667: mip =   3.136800000e+04 <=   3.454700000e+04  10.1% (3026; 28)
+ 12700: mip =   3.136800000e+04 <=   3.454700000e+04  10.1% (3034; 28)
+ 12742: mip =   3.136800000e+04 <=   3.454700000e+04  10.1% (3042; 28)
+ 12772: mip =   3.136800000e+04 <=   3.454700000e+04  10.1% (3050; 28)
+ 12798: mip =   3.136800000e+04 <=   3.454700000e+04  10.1% (3058; 28)
+ 12822: mip =   3.136800000e+04 <=   3.454700000e+04  10.1% (3066; 28)
+ 12853: mip =   3.136800000e+04 <=   3.454700000e+04  10.1% (3074; 28)
+ 12913: mip =   3.136800000e+04 <=   3.454700000e+04  10.1% (3082; 28)
Time used: 1386.6 secs.  Memory used: 48.0 Mb.
+ 12938: mip =   3.136800000e+04 <=   3.454700000e+04  10.1% (3090; 28)
+ 12987: mip =   3.136800000e+04 <=   3.454700000e+04  10.1% (3098; 28)
+ 13059: mip =   3.136800000e+04 <=   3.454700000e+04  10.1% (3106; 28)
+ 13104: mip =   3.136800000e+04 <=   3.454700000e+04  10.1% (3114; 28)
+ 13151: mip =   3.136800000e+04 <=   3.454700000e+04  10.1% (3123; 28)
+ 13180: mip =   3.136800000e+04 <=   3.454700000e+04  10.1% (3132; 28)
+ 13214: mip =   3.136800000e+04 <=   3.454700000e+04  10.1% (3141; 28)
+ 13243: mip =   3.136800000e+04 <=   3.454700000e+04  10.1% (3150; 28)
+ 13267: mip =   3.136800000e+04 <=   3.454700000e+04  10.1% (3159; 28)
+ 13303: mip =   3.136800000e+04 <=   3.454700000e+04  10.1% (3169; 28)
+ 13353: mip =   3.136800000e+04 <=   3.454700000e+04  10.1% (3180; 28)
Time used: 1446.7 secs.  Memory used: 48.1 Mb.
+ 13416: mip =   3.136800000e+04 <=   3.454700000e+04  10.1% (3191; 28)
+ 13480: mip =   3.136800000e+04 <=   3.454700000e+04  10.1% (3202; 28)
+ 13523: mip =   3.136800000e+04 <=   3.454700000e+04  10.1% (3214; 28)
+ 13566: mip =   3.136800000e+04 <=   3.454700000e+04  10.1% (3226; 28)
+ 13594: mip =   3.136800000e+04 <=   3.454700000e+04  10.1% (3237; 28)
+ 13656: mip =   3.136800000e+04 <=   3.454700000e+04  10.1% (3249; 28)
+ 13733: mip =   3.136800000e+04 <=   3.454700000e+04  10.1% (3262; 28)
+ 13764: mip =   3.136800000e+04 <=   3.454700000e+04  10.1% (3275; 28)
+ 13815: mip =   3.136800000e+04 <=   3.454700000e+04  10.1% (3288; 28)
+ 13857: mip =   3.136800000e+04 <=   3.454700000e+04  10.1% (3302; 28)
+ 13913: mip =   3.136800000e+04 <=   3.454700000e+04  10.1% (3316; 28)
+ 13943: mip =   3.136800000e+04 <=   3.454700000e+04  10.1% (3331; 28)
Time used: 1506.9 secs.  Memory used: 48.2 Mb.
+ 13989: mip =   3.136800000e+04 <=   3.454700000e+04  10.1% (3347; 28)
+ 14024: mip =   3.136800000e+04 <=   3.454700000e+04  10.1% (3364; 28)
+ 14077: mip =   3.136800000e+04 <=   3.454700000e+04  10.1% (3381; 28)
+ 14122: mip =   3.136800000e+04 <=   3.454700000e+04  10.1% (3399; 28)
+ 14193: mip =   3.136800000e+04 <=   3.454700000e+04  10.1% (3418; 28)
+ 14225: mip =   3.136800000e+04 <=   3.454700000e+04  10.1% (3438; 28)
+ 14277: mip =   3.136800000e+04 <=   3.454700000e+04  10.1% (3457; 28)
+ 14310: mip =   3.136800000e+04 <=   3.454700000e+04  10.1% (3477; 28)
+ 14344: mip =   3.136800000e+04 <=   3.454700000e+04  10.1% (3498; 28)
+ 14370: mip =   3.136800000e+04 <=   3.454700000e+04  10.1% (3520; 28)
+ 14402: mip =   3.136800000e+04 <=   3.454700000e+04  10.1% (3544; 28)
+ 14440: mip =   3.136800000e+04 <=   3.454700000e+04  10.1% (3571; 28)
Time used: 1566.9 secs.  Memory used: 48.3 Mb.
+ 14524: mip =   3.136800000e+04 <=   3.454700000e+04  10.1% (3599; 28)
Solution found by heuristic: 31569
+ 14625: mip =   3.156900000e+04 <=   3.454700000e+04   9.4% (3448; 410)
+ 14661: mip =   3.156900000e+04 <=   3.454600000e+04   9.4% (3455; 410)
+ 14675: mip =   3.156900000e+04 <=   3.454600000e+04   9.4% (3462; 410)
+ 14713: mip =   3.156900000e+04 <=   3.454600000e+04   9.4% (3469; 410)
+ 14752: mip =   3.156900000e+04 <=   3.454600000e+04   9.4% (3476; 410)
+ 14775: mip =   3.156900000e+04 <=   3.454600000e+04   9.4% (3483; 410)
+ 14788: mip =   3.156900000e+04 <=   3.454600000e+04   9.4% (3490; 410)
+ 14815: mip =   3.156900000e+04 <=   3.454600000e+04   9.4% (3497; 410)
+ 14846: mip =   3.156900000e+04 <=   3.454600000e+04   9.4% (3504; 410)
+ 14879: mip =   3.156900000e+04 <=   3.454600000e+04   9.4% (3512; 410)
Time used: 1627.0 secs.  Memory used: 48.4 Mb.
+ 14913: mip =   3.156900000e+04 <=   3.454600000e+04   9.4% (3519; 410)
+ 14960: mip =   3.156900000e+04 <=   3.454600000e+04   9.4% (3527; 410)
+ 14988: mip =   3.156900000e+04 <=   3.454600000e+04   9.4% (3535; 410)
+ 15023: mip =   3.156900000e+04 <=   3.454600000e+04   9.4% (3543; 410)
+ 15047: mip =   3.156900000e+04 <=   3.454600000e+04   9.4% (3551; 410)
+ 15072: mip =   3.156900000e+04 <=   3.454600000e+04   9.4% (3559; 410)
+ 15110: mip =   3.156900000e+04 <=   3.454600000e+04   9.4% (3567; 410)
+ 15143: mip =   3.156900000e+04 <=   3.454600000e+04   9.4% (3575; 410)
+ 15196: mip =   3.156900000e+04 <=   3.454600000e+04   9.4% (3583; 410)
+ 15242: mip =   3.156900000e+04 <=   3.454600000e+04   9.4% (3591; 410)
+ 15306: mip =   3.156900000e+04 <=   3.454600000e+04   9.4% (3599; 410)
Time used: 1687.4 secs.  Memory used: 48.5 Mb.
+ 15340: mip =   3.156900000e+04 <=   3.454600000e+04   9.4% (3607; 410)
+ 15382: mip =   3.156900000e+04 <=   3.454600000e+04   9.4% (3616; 410)
+ 15446: mip =   3.156900000e+04 <=   3.454600000e+04   9.4% (3625; 410)
+ 15478: mip =   3.156900000e+04 <=   3.454600000e+04   9.4% (3635; 410)
+ 15524: mip =   3.156900000e+04 <=   3.454600000e+04   9.4% (3645; 410)
+ 15575: mip =   3.156900000e+04 <=   3.454600000e+04   9.4% (3655; 410)
+ 15642: mip =   3.156900000e+04 <=   3.454600000e+04   9.4% (3664; 410)
+ 15684: mip =   3.156900000e+04 <=   3.454600000e+04   9.4% (3674; 410)
+ 15737: mip =   3.156900000e+04 <=   3.454600000e+04   9.4% (3684; 410)
+ 15811: mip =   3.156900000e+04 <=   3.454600000e+04   9.4% (3694; 410)
+ 15878: mip =   3.156900000e+04 <=   3.454600000e+04   9.4% (3705; 410)
+ 15953: mip =   3.156900000e+04 <=   3.454600000e+04   9.4% (3716; 410)
Time used: 1747.8 secs.  Memory used: 48.5 Mb.
+ 16032: mip =   3.156900000e+04 <=   3.454600000e+04   9.4% (3727; 410)
+ 16074: mip =   3.156900000e+04 <=   3.454600000e+04   9.4% (3738; 410)
+ 16134: mip =   3.156900000e+04 <=   3.454600000e+04   9.4% (3749; 410)
+ 16200: mip =   3.156900000e+04 <=   3.454600000e+04   9.4% (3760; 410)
+ 16245: mip =   3.156900000e+04 <=   3.454600000e+04   9.4% (3771; 410)
+ 16287: mip =   3.156900000e+04 <=   3.454600000e+04   9.4% (3783; 410)
+ 16316: mip =   3.156900000e+04 <=   3.454600000e+04   9.4% (3795; 410)
+ 16340: mip =   3.156900000e+04 <=   3.454600000e+04   9.4% (3808; 410)
+ 16389: mip =   3.156900000e+04 <=   3.454600000e+04   9.4% (3823; 410)
+ 16477: mip =   3.156900000e+04 <=   3.454600000e+04   9.4% (3840; 410)
+ 16525: mip =   3.156900000e+04 <=   3.454600000e+04   9.4% (3860; 410)
Time used: 1807.9 secs.  Memory used: 48.6 Mb.
+ 16583: mip =   3.156900000e+04 <=   3.454600000e+04   9.4% (3882; 410)
+ 16623: mip =   3.156900000e+04 <=   3.454600000e+04   9.4% (3907; 410)
+ 16738: mip =   3.156900000e+04 <=   3.454600000e+04   9.4% (3937; 410)
+ 16850: mip =   3.156900000e+04 <=   3.454600000e+04   9.4% (3979; 410)
Solution found by heuristic: 31572
+ 16978: mip =   3.157200000e+04 <=   3.454600000e+04   9.4% (4058; 416)
+ 17005: mip =   3.157200000e+04 <=   3.454600000e+04   9.4% (4065; 416)
+ 17042: mip =   3.157200000e+04 <=   3.454600000e+04   9.4% (4072; 416)
+ 17051: mip =   3.157200000e+04 <=   3.454600000e+04   9.4% (4079; 416)
+ 17088: mip =   3.157200000e+04 <=   3.454600000e+04   9.4% (4086; 416)
+ 17139: mip =   3.157200000e+04 <=   3.454600000e+04   9.4% (4093; 416)
+ 17160: mip =   3.157200000e+04 <=   3.454600000e+04   9.4% (4100; 416)
+ 17194: mip =   3.157200000e+04 <=   3.454600000e+04   9.4% (4107; 416)
Time used: 1867.9 secs.  Memory used: 48.8 Mb.
+ 17221: mip =   3.157200000e+04 <=   3.454600000e+04   9.4% (4115; 416)
+ 17251: mip =   3.157200000e+04 <=   3.454600000e+04   9.4% (4123; 416)
+ 17283: mip =   3.157200000e+04 <=   3.454600000e+04   9.4% (4131; 416)
+ 17308: mip =   3.157200000e+04 <=   3.454600000e+04   9.4% (4139; 416)
+ 17338: mip =   3.157200000e+04 <=   3.454600000e+04   9.4% (4147; 416)
+ 17376: mip =   3.157200000e+04 <=   3.454600000e+04   9.4% (4155; 416)
+ 17399: mip =   3.157200000e+04 <=   3.454600000e+04   9.4% (4163; 416)
+ 17439: mip =   3.157200000e+04 <=   3.454600000e+04   9.4% (4171; 416)
+ 17455: mip =   3.157200000e+04 <=   3.454600000e+04   9.4% (4179; 416)
+ 17472: mip =   3.157200000e+04 <=   3.454600000e+04   9.4% (4187; 416)
+ 17504: mip =   3.157200000e+04 <=   3.454600000e+04   9.4% (4195; 416)
Time used: 1928.3 secs.  Memory used: 48.9 Mb.
+ 17531: mip =   3.157200000e+04 <=   3.454600000e+04   9.4% (4203; 416)
+ 17625: mip =   3.157200000e+04 <=   3.454600000e+04   9.4% (4212; 416)
+ 17663: mip =   3.157200000e+04 <=   3.454600000e+04   9.4% (4221; 416)
+ 17724: mip =   3.157200000e+04 <=   3.454600000e+04   9.4% (4230; 416)
+ 17779: mip =   3.157200000e+04 <=   3.454600000e+04   9.4% (4239; 416)
+ 17825: mip =   3.157200000e+04 <=   3.454600000e+04   9.4% (4249; 416)
+ 17891: mip =   3.157200000e+04 <=   3.454600000e+04   9.4% (4259; 416)
+ 17942: mip =   3.157200000e+04 <=   3.454600000e+04   9.4% (4269; 416)
+ 17973: mip =   3.157200000e+04 <=   3.454600000e+04   9.4% (4279; 416)
+ 18005: mip =   3.157200000e+04 <=   3.454600000e+04   9.4% (4290; 416)
+ 18032: mip =   3.157200000e+04 <=   3.454600000e+04   9.4% (4300; 416)
Time used: 1988.4 secs.  Memory used: 49.0 Mb.
+ 18078: mip =   3.157200000e+04 <=   3.454600000e+04   9.4% (4310; 416)
+ 18118: mip =   3.157200000e+04 <=   3.454600000e+04   9.4% (4320; 416)
+ 18152: mip =   3.157200000e+04 <=   3.454600000e+04   9.4% (4331; 416)
+ 18183: mip =   3.157200000e+04 <=   3.454600000e+04   9.4% (4342; 416)
+ 18219: mip =   3.157200000e+04 <=   3.454600000e+04   9.4% (4354; 416)
+ 18238: mip =   3.157200000e+04 <=   3.454600000e+04   9.4% (4366; 416)
+ 18287: mip =   3.157200000e+04 <=   3.454600000e+04   9.4% (4378; 416)
+ 18350: mip =   3.157200000e+04 <=   3.454600000e+04   9.4% (4391; 416)
+ 18376: mip =   3.157200000e+04 <=   3.454600000e+04   9.4% (4405; 416)
+ 18412: mip =   3.157200000e+04 <=   3.454600000e+04   9.4% (4420; 416)
+ 18438: mip =   3.157200000e+04 <=   3.454600000e+04   9.4% (4435; 416)
+ 18508: mip =   3.157200000e+04 <=   3.454600000e+04   9.4% (4452; 416)
Time used: 2048.6 secs.  Memory used: 49.1 Mb.
+ 18553: mip =   3.157200000e+04 <=   3.454600000e+04   9.4% (4470; 416)
+ 18669: mip =   3.157200000e+04 <=   3.454600000e+04   9.4% (4489; 416)
+ 18754: mip =   3.157200000e+04 <=   3.454600000e+04   9.4% (4510; 416)
+ 18811: mip =   3.157200000e+04 <=   3.454600000e+04   9.4% (4533; 416)
+ 18878: mip =   3.157200000e+04 <=   3.454500000e+04   9.4% (4548; 417)
+ 18914: mip =   3.157200000e+04 <=   3.454300000e+04   9.4% (4555; 417)
+ 18936: mip =   3.157200000e+04 <=   3.454300000e+04   9.4% (4562; 417)
+ 18966: mip =   3.157200000e+04 <=   3.454300000e+04   9.4% (4569; 417)
+ 19006: mip =   3.157200000e+04 <=   3.454300000e+04   9.4% (4576; 417)
+ 19032: mip =   3.157200000e+04 <=   3.454300000e+04   9.4% (4583; 417)
+ 19050: mip =   3.157200000e+04 <=   3.454300000e+04   9.4% (4590; 417)
Time used: 2109.1 secs.  Memory used: 49.2 Mb.
+ 19085: mip =   3.157200000e+04 <=   3.454300000e+04   9.4% (4598; 417)
+ 19129: mip =   3.157200000e+04 <=   3.454300000e+04   9.4% (4606; 417)
+ 19157: mip =   3.157200000e+04 <=   3.454300000e+04   9.4% (4614; 417)
+ 19202: mip =   3.157200000e+04 <=   3.454300000e+04   9.4% (4622; 417)
+ 19241: mip =   3.157200000e+04 <=   3.454300000e+04   9.4% (4630; 417)
+ 19276: mip =   3.157200000e+04 <=   3.454300000e+04   9.4% (4638; 417)
+ 19299: mip =   3.157200000e+04 <=   3.454300000e+04   9.4% (4646; 417)
+ 19324: mip =   3.157200000e+04 <=   3.454300000e+04   9.4% (4654; 417)
+ 19362: mip =   3.157200000e+04 <=   3.454300000e+04   9.4% (4662; 417)
+ 19395: mip =   3.157200000e+04 <=   3.454300000e+04   9.4% (4670; 417)
+ 19446: mip =   3.157200000e+04 <=   3.454300000e+04   9.4% (4678; 417)
+ 19491: mip =   3.157200000e+04 <=   3.454300000e+04   9.4% (4686; 417)
Time used: 2169.2 secs.  Memory used: 49.3 Mb.
+ 19535: mip =   3.157200000e+04 <=   3.454300000e+04   9.4% (4694; 417)
+ 19565: mip =   3.157200000e+04 <=   3.454300000e+04   9.4% (4702; 417)
+ 19636: mip =   3.157200000e+04 <=   3.454300000e+04   9.4% (4711; 417)
+ 19684: mip =   3.157200000e+04 <=   3.454300000e+04   9.4% (4720; 417)
+ 19720: mip =   3.157200000e+04 <=   3.454300000e+04   9.4% (4729; 417)
+ 19763: mip =   3.157200000e+04 <=   3.454300000e+04   9.4% (4739; 417)
+ 19807: mip =   3.157200000e+04 <=   3.454300000e+04   9.4% (4749; 417)
+ 19830: mip =   3.157200000e+04 <=   3.454300000e+04   9.4% (4759; 417)
+ 19863: mip =   3.157200000e+04 <=   3.454300000e+04   9.4% (4769; 417)
+ 19911: mip =   3.157200000e+04 <=   3.454300000e+04   9.4% (4780; 417)
+ 19995: mip =   3.157200000e+04 <=   3.454300000e+04   9.4% (4791; 417)
Time used: 2229.5 secs.  Memory used: 49.4 Mb.
+ 20044: mip =   3.157200000e+04 <=   3.454300000e+04   9.4% (4803; 417)
+ 20102: mip =   3.157200000e+04 <=   3.454300000e+04   9.4% (4815; 417)
+ 20152: mip =   3.157200000e+04 <=   3.454300000e+04   9.4% (4827; 417)
+ 20232: mip =   3.157200000e+04 <=   3.454300000e+04   9.4% (4839; 417)
+ 20284: mip =   3.157200000e+04 <=   3.454300000e+04   9.4% (4852; 417)
+ 20355: mip =   3.157200000e+04 <=   3.454300000e+04   9.4% (4865; 417)
+ 20444: mip =   3.157200000e+04 <=   3.454300000e+04   9.4% (4879; 417)
+ 20475: mip =   3.157200000e+04 <=   3.454300000e+04   9.4% (4893; 417)
+ 20499: mip =   3.157200000e+04 <=   3.454300000e+04   9.4% (4908; 417)
+ 20546: mip =   3.157200000e+04 <=   3.454300000e+04   9.4% (4924; 417)
+ 20587: mip =   3.157200000e+04 <=   3.454300000e+04   9.4% (4941; 417)
+ 20659: mip =   3.157200000e+04 <=   3.454300000e+04   9.4% (4959; 417)
Time used: 2289.7 secs.  Memory used: 49.5 Mb.
+ 20694: mip =   3.157200000e+04 <=   3.454300000e+04   9.4% (4977; 417)
+ 20750: mip =   3.157200000e+04 <=   3.454300000e+04   9.4% (4997; 417)
+ 20811: mip =   3.157200000e+04 <=   3.454300000e+04   9.4% (5020; 417)
+ 20906: mip =   3.157200000e+04 <=   3.454300000e+04   9.4% (5046; 417)
+ 21018: mip =   3.157200000e+04 <=   3.454300000e+04   9.4% (5075; 417)
+ 21122: mip =   3.157200000e+04 <=   3.454300000e+04   9.4% (5114; 417)
+ 21228: mip =   3.157200000e+04 <=   3.454300000e+04   9.4% (5160; 417)
+ 21340: mip =   3.157200000e+04 <=   3.454300000e+04   9.4% (5207; 417)
Solution found by heuristic: 31611
+ 21446: mip =   3.161100000e+04 <=   3.454300000e+04   9.3% (5203; 521)
+ 21490: mip =   3.161100000e+04 <=   3.454200000e+04   9.3% (5210; 521)
+ 21542: mip =   3.161100000e+04 <=   3.454200000e+04   9.3% (5217; 521)
Time used: 2350.4 secs.  Memory used: 49.8 Mb.
+ 21575: mip =   3.161100000e+04 <=   3.454200000e+04   9.3% (5224; 521)
+ 21599: mip =   3.161100000e+04 <=   3.454200000e+04   9.3% (5231; 521)
+ 21611: mip =   3.161100000e+04 <=   3.454200000e+04   9.3% (5238; 521)
+ 21636: mip =   3.161100000e+04 <=   3.454200000e+04   9.3% (5245; 521)
+ 21669: mip =   3.161100000e+04 <=   3.454200000e+04   9.3% (5252; 521)
+ 21688: mip =   3.161100000e+04 <=   3.454200000e+04   9.3% (5259; 521)
+ 21712: mip =   3.161100000e+04 <=   3.454200000e+04   9.3% (5267; 521)
+ 21754: mip =   3.161100000e+04 <=   3.454200000e+04   9.3% (5275; 521)
+ 21779: mip =   3.161100000e+04 <=   3.454200000e+04   9.3% (5283; 521)
+ 21827: mip =   3.161100000e+04 <=   3.454200000e+04   9.3% (5291; 521)
+ 21841: mip =   3.161100000e+04 <=   3.454200000e+04   9.3% (5299; 521)
+ 21860: mip =   3.161100000e+04 <=   3.454200000e+04   9.3% (5307; 521)
Time used: 2410.6 secs.  Memory used: 49.9 Mb.
+ 21887: mip =   3.161100000e+04 <=   3.454200000e+04   9.3% (5315; 521)
+ 21932: mip =   3.161100000e+04 <=   3.454200000e+04   9.3% (5323; 521)
+ 21970: mip =   3.161100000e+04 <=   3.454200000e+04   9.3% (5331; 521)
+ 22025: mip =   3.161100000e+04 <=   3.454200000e+04   9.3% (5339; 521)
+ 22117: mip =   3.161100000e+04 <=   3.454200000e+04   9.3% (5348; 521)
+ 22166: mip =   3.161100000e+04 <=   3.454200000e+04   9.3% (5357; 521)
+ 22224: mip =   3.161100000e+04 <=   3.454200000e+04   9.3% (5366; 521)
+ 22263: mip =   3.161100000e+04 <=   3.454200000e+04   9.3% (5375; 521)
+ 22327: mip =   3.161100000e+04 <=   3.454200000e+04   9.3% (5384; 521)
+ 22394: mip =   3.161100000e+04 <=   3.454200000e+04   9.3% (5393; 521)
+ 22443: mip =   3.161100000e+04 <=   3.454200000e+04   9.3% (5402; 521)
Time used: 2471.1 secs.  Memory used: 50.0 Mb.
+ 22488: mip =   3.161100000e+04 <=   3.454200000e+04   9.3% (5411; 521)
+ 22542: mip =   3.161100000e+04 <=   3.454200000e+04   9.3% (5421; 521)
+ 22609: mip =   3.161100000e+04 <=   3.454200000e+04   9.3% (5431; 521)
+ 22644: mip =   3.161100000e+04 <=   3.454200000e+04   9.3% (5441; 521)
+ 22667: mip =   3.161100000e+04 <=   3.454200000e+04   9.3% (5451; 521)
+ 22699: mip =   3.161100000e+04 <=   3.454200000e+04   9.3% (5461; 521)
+ 22754: mip =   3.161100000e+04 <=   3.454200000e+04   9.3% (5472; 521)
+ 22807: mip =   3.161100000e+04 <=   3.454200000e+04   9.3% (5483; 521)
+ 22854: mip =   3.161100000e+04 <=   3.454200000e+04   9.3% (5494; 521)
+ 22908: mip =   3.161100000e+04 <=   3.454200000e+04   9.3% (5506; 521)
+ 22957: mip =   3.161100000e+04 <=   3.454200000e+04   9.3% (5518; 521)
+ 23013: mip =   3.161100000e+04 <=   3.454200000e+04   9.3% (5530; 521)
Time used: 2531.3 secs.  Memory used: 50.0 Mb.
+ 23073: mip =   3.161100000e+04 <=   3.454200000e+04   9.3% (5543; 521)
+ 23118: mip =   3.161100000e+04 <=   3.454200000e+04   9.3% (5556; 521)
+ 23174: mip =   3.161100000e+04 <=   3.454200000e+04   9.3% (5570; 521)
+ 23213: mip =   3.161100000e+04 <=   3.454200000e+04   9.3% (5584; 521)
+ 23249: mip =   3.161100000e+04 <=   3.454200000e+04   9.3% (5599; 521)
+ 23305: mip =   3.161100000e+04 <=   3.454200000e+04   9.3% (5614; 521)
+ 23368: mip =   3.161100000e+04 <=   3.454200000e+04   9.3% (5630; 521)
+ 23414: mip =   3.161100000e+04 <=   3.454200000e+04   9.3% (5647; 521)
+ 23477: mip =   3.161100000e+04 <=   3.454200000e+04   9.3% (5665; 521)
+ 23582: mip =   3.161100000e+04 <=   3.454200000e+04   9.3% (5687; 521)
+ 23643: mip =   3.161100000e+04 <=   3.454200000e+04   9.3% (5713; 521)
Time used: 2591.4 secs.  Memory used: 50.2 Mb.
+ 23765: mip =   3.161100000e+04 <=   3.454200000e+04   9.3% (5743; 521)
+ 23897: mip =   3.161100000e+04 <=   3.454200000e+04   9.3% (5796; 521)
Solution found by heuristic: 31829
+ 24041: mip =   3.182900000e+04 <=   3.454200000e+04   8.5% (5506; 1195)
+ 24080: mip =   3.182900000e+04 <=   3.454200000e+04   8.5% (5513; 1195)
+ 24123: mip =   3.182900000e+04 <=   3.454200000e+04   8.5% (5520; 1195)
+ 24172: mip =   3.182900000e+04 <=   3.454200000e+04   8.5% (5527; 1195)
+ 24192: mip =   3.182900000e+04 <=   3.454200000e+04   8.5% (5534; 1195)
+ 24228: mip =   3.182900000e+04 <=   3.454200000e+04   8.5% (5541; 1195)
+ 24251: mip =   3.182900000e+04 <=   3.454200000e+04   8.5% (5548; 1195)
+ 24260: mip =   3.182900000e+04 <=   3.454200000e+04   8.5% (5555; 1195)
+ 24295: mip =   3.182900000e+04 <=   3.454200000e+04   8.5% (5563; 1195)
+ 24329: mip =   3.182900000e+04 <=   3.454200000e+04   8.5% (5571; 1195)
Time used: 2652.0 secs.  Memory used: 50.2 Mb.
+ 24356: mip =   3.182900000e+04 <=   3.454200000e+04   8.5% (5579; 1195)
+ 24398: mip =   3.182900000e+04 <=   3.454200000e+04   8.5% (5587; 1195)
+ 24414: mip =   3.182900000e+04 <=   3.454200000e+04   8.5% (5595; 1195)
+ 24465: mip =   3.182900000e+04 <=   3.454200000e+04   8.5% (5603; 1195)
+ 24517: mip =   3.182900000e+04 <=   3.454200000e+04   8.5% (5611; 1195)
+ 24541: mip =   3.182900000e+04 <=   3.454200000e+04   8.5% (5619; 1195)
+ 24556: mip =   3.182900000e+04 <=   3.454200000e+04   8.5% (5627; 1195)
+ 24580: mip =   3.182900000e+04 <=   3.454200000e+04   8.5% (5635; 1195)
+ 24605: mip =   3.182900000e+04 <=   3.454200000e+04   8.5% (5643; 1195)
+ 24664: mip =   3.182900000e+04 <=   3.454200000e+04   8.5% (5651; 1195)
+ 24713: mip =   3.182900000e+04 <=   3.454200000e+04   8.5% (5660; 1195)
Time used: 2712.4 secs.  Memory used: 50.3 Mb.
+ 24772: mip =   3.182900000e+04 <=   3.454200000e+04   8.5% (5669; 1195)
+ 24823: mip =   3.182900000e+04 <=   3.454200000e+04   8.5% (5678; 1195)
+ 24861: mip =   3.182900000e+04 <=   3.454200000e+04   8.5% (5687; 1195)
+ 24906: mip =   3.182900000e+04 <=   3.454200000e+04   8.5% (5696; 1195)
+ 24952: mip =   3.182900000e+04 <=   3.454200000e+04   8.5% (5705; 1195)
+ 25008: mip =   3.182900000e+04 <=   3.454200000e+04   8.5% (5714; 1195)
+ 25040: mip =   3.182900000e+04 <=   3.454200000e+04   8.5% (5723; 1195)
+ 25073: mip =   3.182900000e+04 <=   3.454200000e+04   8.5% (5732; 1195)
+ 25105: mip =   3.182900000e+04 <=   3.454200000e+04   8.5% (5741; 1195)
+ 25138: mip =   3.182900000e+04 <=   3.454200000e+04   8.5% (5751; 1195)
+ 25196: mip =   3.182900000e+04 <=   3.454200000e+04   8.5% (5761; 1195)
+ 25242: mip =   3.182900000e+04 <=   3.454200000e+04   8.5% (5771; 1195)
Time used: 2772.6 secs.  Memory used: 50.3 Mb.
+ 25272: mip =   3.182900000e+04 <=   3.454200000e+04   8.5% (5781; 1195)
+ 25319: mip =   3.182900000e+04 <=   3.454200000e+04   8.5% (5792; 1195)
+ 25396: mip =   3.182900000e+04 <=   3.454200000e+04   8.5% (5804; 1195)
+ 25443: mip =   3.182900000e+04 <=   3.454200000e+04   8.5% (5816; 1195)
+ 25499: mip =   3.182900000e+04 <=   3.454200000e+04   8.5% (5828; 1195)
+ 25549: mip =   3.182900000e+04 <=   3.454200000e+04   8.5% (5840; 1195)
+ 25589: mip =   3.182900000e+04 <=   3.454200000e+04   8.5% (5853; 1195)
+ 25629: mip =   3.182900000e+04 <=   3.454200000e+04   8.5% (5866; 1195)
+ 25686: mip =   3.182900000e+04 <=   3.454200000e+04   8.5% (5880; 1195)
+ 25718: mip =   3.182900000e+04 <=   3.454200000e+04   8.5% (5896; 1195)
+ 25750: mip =   3.182900000e+04 <=   3.454200000e+04   8.5% (5912; 1195)
Time used: 2832.9 secs.  Memory used: 50.4 Mb.
+ 25767: mip =   3.182900000e+04 <=   3.454200000e+04   8.5% (5929; 1195)
+ 25785: mip =   3.182900000e+04 <=   3.454200000e+04   8.5% (5946; 1195)
+ 25804: mip =   3.182900000e+04 <=   3.454200000e+04   8.5% (5963; 1195)
+ 25822: mip =   3.182900000e+04 <=   3.454200000e+04   8.5% (5980; 1195)
+ 25840: mip =   3.182900000e+04 <=   3.454200000e+04   8.5% (5997; 1195)
+ 25868: mip =   3.182900000e+04 <=   3.454200000e+04   8.5% (6015; 1195)
+ 25996: mip =   3.182900000e+04 <=   3.454200000e+04   8.5% (6035; 1195)
+ 26080: mip =   3.182900000e+04 <=   3.454200000e+04   8.5% (6059; 1195)
+ 26141: mip =   3.182900000e+04 <=   3.454200000e+04   8.5% (6084; 1195)
+ 26216: mip =   3.182900000e+04 <=   3.454200000e+04   8.5% (6097; 1196)
+ 26244: mip =   3.182900000e+04 <=   3.454200000e+04   8.5% (6104; 1196)
+ 26275: mip =   3.182900000e+04 <=   3.454200000e+04   8.5% (6111; 1196)
Time used: 2893.0 secs.  Memory used: 50.5 Mb.
+ 26310: mip =   3.182900000e+04 <=   3.454200000e+04   8.5% (6118; 1196)
+ 26338: mip =   3.182900000e+04 <=   3.454200000e+04   8.5% (6125; 1196)
+ 26368: mip =   3.182900000e+04 <=   3.454200000e+04   8.5% (6132; 1196)
+ 26388: mip =   3.182900000e+04 <=   3.454200000e+04   8.5% (6139; 1196)
+ 26396: mip =   3.182900000e+04 <=   3.454200000e+04   8.5% (6146; 1196)
+ 26430: mip =   3.182900000e+04 <=   3.454200000e+04   8.5% (6154; 1196)
+ 26463: mip =   3.182900000e+04 <=   3.454200000e+04   8.5% (6162; 1196)
+ 26483: mip =   3.182900000e+04 <=   3.454200000e+04   8.5% (6170; 1196)
+ 26529: mip =   3.182900000e+04 <=   3.454200000e+04   8.5% (6178; 1196)
+ 26549: mip =   3.182900000e+04 <=   3.454200000e+04   8.5% (6186; 1196)
+ 26569: mip =   3.182900000e+04 <=   3.454200000e+04   8.5% (6194; 1196)
Time used: 2953.1 secs.  Memory used: 50.6 Mb.
+ 26621: mip =   3.182900000e+04 <=   3.454200000e+04   8.5% (6202; 1196)
+ 26636: mip =   3.182900000e+04 <=   3.454200000e+04   8.5% (6210; 1196)
+ 26656: mip =   3.182900000e+04 <=   3.454200000e+04   8.5% (6218; 1196)
+ 26688: mip =   3.182900000e+04 <=   3.454200000e+04   8.5% (6226; 1196)
+ 26712: mip =   3.182900000e+04 <=   3.454200000e+04   8.5% (6234; 1196)
+ 26765: mip =   3.182900000e+04 <=   3.454200000e+04   8.5% (6242; 1196)
+ 26825: mip =   3.182900000e+04 <=   3.454200000e+04   8.5% (6250; 1196)
+ 26873: mip =   3.182900000e+04 <=   3.454200000e+04   8.5% (6259; 1196)
+ 26928: mip =   3.182900000e+04 <=   3.454200000e+04   8.5% (6268; 1196)
+ 26971: mip =   3.182900000e+04 <=   3.454200000e+04   8.5% (6277; 1196)
+ 27015: mip =   3.182900000e+04 <=   3.454200000e+04   8.5% (6286; 1196)
+ 27079: mip =   3.182900000e+04 <=   3.454200000e+04   8.5% (6296; 1196)
Time used: 3013.6 secs.  Memory used: 50.7 Mb.
+ 27137: mip =   3.182900000e+04 <=   3.454200000e+04   8.5% (6306; 1196)
+ 27187: mip =   3.182900000e+04 <=   3.454200000e+04   8.5% (6316; 1196)
+ 27230: mip =   3.182900000e+04 <=   3.454200000e+04   8.5% (6326; 1196)
+ 27271: mip =   3.182900000e+04 <=   3.454200000e+04   8.5% (6336; 1196)
+ 27326: mip =   3.182900000e+04 <=   3.454200000e+04   8.5% (6346; 1196)
+ 27386: mip =   3.182900000e+04 <=   3.454200000e+04   8.5% (6356; 1196)
+ 27440: mip =   3.182900000e+04 <=   3.454200000e+04   8.5% (6367; 1196)
+ 27498: mip =   3.182900000e+04 <=   3.454200000e+04   8.5% (6378; 1196)
+ 27560: mip =   3.182900000e+04 <=   3.454200000e+04   8.5% (6389; 1196)
+ 27655: mip =   3.182900000e+04 <=   3.454200000e+04   8.5% (6401; 1196)
+ 27715: mip =   3.182900000e+04 <=   3.454200000e+04   8.5% (6413; 1196)
Time used: 3073.8 secs.  Memory used: 50.8 Mb.
+ 27801: mip =   3.182900000e+04 <=   3.454200000e+04   8.5% (6426; 1196)
+ 27871: mip =   3.182900000e+04 <=   3.454200000e+04   8.5% (6440; 1196)
+ 27940: mip =   3.182900000e+04 <=   3.454200000e+04   8.5% (6455; 1196)
+ 28015: mip =   3.182900000e+04 <=   3.454200000e+04   8.5% (6471; 1196)
+ 28082: mip =   3.182900000e+04 <=   3.454200000e+04   8.5% (6488; 1196)
+ 28155: mip =   3.182900000e+04 <=   3.454200000e+04   8.5% (6506; 1196)
+ 28206: mip =   3.182900000e+04 <=   3.454200000e+04   8.5% (6525; 1196)
+ 28288: mip =   3.182900000e+04 <=   3.454200000e+04   8.5% (6548; 1196)
+ 28379: mip =   3.182900000e+04 <=   3.454200000e+04   8.5% (6575; 1196)
+ 28464: mip =   3.182900000e+04 <=   3.454100000e+04   8.5% (6591; 1197)
+ 28499: mip =   3.182900000e+04 <=   3.454100000e+04   8.5% (6598; 1197)
+ 28538: mip =   3.182900000e+04 <=   3.454100000e+04   8.5% (6605; 1197)
Time used: 3134.6 secs.  Memory used: 51.0 Mb.
+ 28554: mip =   3.182900000e+04 <=   3.454100000e+04   8.5% (6612; 1197)
+ 28585: mip =   3.182900000e+04 <=   3.454100000e+04   8.5% (6619; 1197)
+ 28610: mip =   3.182900000e+04 <=   3.454100000e+04   8.5% (6626; 1197)
+ 28628: mip =   3.182900000e+04 <=   3.454100000e+04   8.5% (6633; 1197)
+ 28656: mip =   3.182900000e+04 <=   3.454100000e+04   8.5% (6640; 1197)
+ 28690: mip =   3.182900000e+04 <=   3.454100000e+04   8.5% (6647; 1197)
+ 28714: mip =   3.182900000e+04 <=   3.454100000e+04   8.5% (6654; 1197)
+ 28768: mip =   3.182900000e+04 <=   3.454100000e+04   8.5% (6662; 1197)
+ 28792: mip =   3.182900000e+04 <=   3.454100000e+04   8.5% (6670; 1197)
+ 28843: mip =   3.182900000e+04 <=   3.454100000e+04   8.5% (6678; 1197)
+ 28873: mip =   3.182900000e+04 <=   3.454100000e+04   8.5% (6686; 1197)
Time used: 3194.6 secs.  Memory used: 51.0 Mb.
+ 28888: mip =   3.182900000e+04 <=   3.454100000e+04   8.5% (6694; 1197)
+ 28918: mip =   3.182900000e+04 <=   3.454100000e+04   8.5% (6702; 1197)
+ 28953: mip =   3.182900000e+04 <=   3.454100000e+04   8.5% (6710; 1197)
+ 28992: mip =   3.182900000e+04 <=   3.454100000e+04   8.5% (6718; 1197)
+ 29036: mip =   3.182900000e+04 <=   3.454100000e+04   8.5% (6726; 1197)
+ 29071: mip =   3.182900000e+04 <=   3.454100000e+04   8.5% (6734; 1197)
+ 29101: mip =   3.182900000e+04 <=   3.454100000e+04   8.5% (6742; 1197)
+ 29206: mip =   3.182900000e+04 <=   3.454100000e+04   8.5% (6751; 1197)
+ 29241: mip =   3.182900000e+04 <=   3.454100000e+04   8.5% (6760; 1197)
+ 29273: mip =   3.182900000e+04 <=   3.454100000e+04   8.5% (6769; 1197)
+ 29320: mip =   3.182900000e+04 <=   3.454100000e+04   8.5% (6778; 1197)
+ 29371: mip =   3.182900000e+04 <=   3.454100000e+04   8.5% (6788; 1197)
Time used: 3255.0 secs.  Memory used: 51.1 Mb.
+ 29446: mip =   3.182900000e+04 <=   3.454100000e+04   8.5% (6798; 1197)
+ 29502: mip =   3.182900000e+04 <=   3.454100000e+04   8.5% (6808; 1197)
+ 29571: mip =   3.182900000e+04 <=   3.454100000e+04   8.5% (6818; 1197)
+ 29621: mip =   3.182900000e+04 <=   3.454100000e+04   8.5% (6828; 1197)
+ 29649: mip =   3.182900000e+04 <=   3.454100000e+04   8.5% (6838; 1197)
+ 29706: mip =   3.182900000e+04 <=   3.454100000e+04   8.5% (6848; 1197)
+ 29761: mip =   3.182900000e+04 <=   3.454100000e+04   8.5% (6858; 1197)
+ 29813: mip =   3.182900000e+04 <=   3.454100000e+04   8.5% (6869; 1197)
+ 29844: mip =   3.182900000e+04 <=   3.454100000e+04   8.5% (6880; 1197)
+ 29874: mip =   3.182900000e+04 <=   3.454100000e+04   8.5% (6891; 1197)
+ 29946: mip =   3.182900000e+04 <=   3.454100000e+04   8.5% (6903; 1197)
Time used: 3315.3 secs.  Memory used: 51.2 Mb.
+ 29985: mip =   3.182900000e+04 <=   3.454100000e+04   8.5% (6916; 1197)
+ 30002: mip =   3.182900000e+04 <=   3.454100000e+04   8.5% (6929; 1197)
+ 30050: mip =   3.182900000e+04 <=   3.454100000e+04   8.5% (6942; 1197)
+ 30113: mip =   3.182900000e+04 <=   3.454100000e+04   8.5% (6955; 1197)
+ 30156: mip =   3.182900000e+04 <=   3.454100000e+04   8.5% (6968; 1197)
+ 30191: mip =   3.182900000e+04 <=   3.454100000e+04   8.5% (6981; 1197)
+ 30242: mip =   3.182900000e+04 <=   3.454100000e+04   8.5% (6995; 1197)
+ 30262: mip =   3.182900000e+04 <=   3.454100000e+04   8.5% (7009; 1197)
+ 30332: mip =   3.182900000e+04 <=   3.454100000e+04   8.5% (7024; 1197)
+ 30373: mip =   3.182900000e+04 <=   3.454100000e+04   8.5% (7040; 1197)
+ 30415: mip =   3.182900000e+04 <=   3.454100000e+04   8.5% (7056; 1197)
+ 30474: mip =   3.182900000e+04 <=   3.454100000e+04   8.5% (7074; 1197)
Time used: 3375.4 secs.  Memory used: 51.3 Mb.
+ 30535: mip =   3.182900000e+04 <=   3.454100000e+04   8.5% (7093; 1197)
+ 30635: mip =   3.182900000e+04 <=   3.454100000e+04   8.5% (7113; 1197)
+ 30734: mip =   3.182900000e+04 <=   3.454100000e+04   8.5% (7137; 1197)
+ 30848: mip =   3.182900000e+04 <=   3.454000000e+04   8.5% (7156; 1198)
+ 30884: mip =   3.182900000e+04 <=   3.454000000e+04   8.5% (7163; 1198)
+ 30926: mip =   3.182900000e+04 <=   3.454000000e+04   8.5% (7170; 1198)
+ 30969: mip =   3.182900000e+04 <=   3.454000000e+04   8.5% (7177; 1198)
+ 31013: mip =   3.182900000e+04 <=   3.454000000e+04   8.5% (7184; 1198)
+ 31040: mip =   3.182900000e+04 <=   3.454000000e+04   8.5% (7191; 1198)
+ 31076: mip =   3.182900000e+04 <=   3.454000000e+04   8.5% (7198; 1198)
+ 31117: mip =   3.182900000e+04 <=   3.454000000e+04   8.5% (7205; 1198)
+ 31156: mip =   3.182900000e+04 <=   3.454000000e+04   8.5% (7213; 1198)
Time used: 3435.4 secs.  Memory used: 51.5 Mb.
+ 31182: mip =   3.182900000e+04 <=   3.454000000e+04   8.5% (7221; 1198)
+ 31200: mip =   3.182900000e+04 <=   3.454000000e+04   8.5% (7229; 1198)
+ 31233: mip =   3.182900000e+04 <=   3.454000000e+04   8.5% (7237; 1198)
+ 31273: mip =   3.182900000e+04 <=   3.454000000e+04   8.5% (7245; 1198)
+ 31297: mip =   3.182900000e+04 <=   3.454000000e+04   8.5% (7253; 1198)
+ 31348: mip =   3.182900000e+04 <=   3.454000000e+04   8.5% (7261; 1198)
+ 31372: mip =   3.182900000e+04 <=   3.454000000e+04   8.5% (7269; 1198)
+ 31399: mip =   3.182900000e+04 <=   3.454000000e+04   8.5% (7277; 1198)
+ 31421: mip =   3.182900000e+04 <=   3.454000000e+04   8.5% (7285; 1198)
+ 31457: mip =   3.182900000e+04 <=   3.454000000e+04   8.5% (7293; 1198)
+ 31493: mip =   3.182900000e+04 <=   3.454000000e+04   8.5% (7302; 1198)
Time used: 3495.6 secs.  Memory used: 51.5 Mb.
+ 31525: mip =   3.182900000e+04 <=   3.454000000e+04   8.5% (7311; 1198)
+ 31592: mip =   3.182900000e+04 <=   3.454000000e+04   8.5% (7320; 1198)
+ 31643: mip =   3.182900000e+04 <=   3.454000000e+04   8.5% (7330; 1198)
+ 31683: mip =   3.182900000e+04 <=   3.454000000e+04   8.5% (7340; 1198)
+ 31724: mip =   3.182900000e+04 <=   3.454000000e+04   8.5% (7350; 1198)
+ 31759: mip =   3.182900000e+04 <=   3.454000000e+04   8.5% (7360; 1198)
+ 31802: mip =   3.182900000e+04 <=   3.454000000e+04   8.5% (7370; 1198)
+ 31857: mip =   3.182900000e+04 <=   3.454000000e+04   8.5% (7380; 1198)
+ 31891: mip =   3.182900000e+04 <=   3.454000000e+04   8.5% (7391; 1198)
+ 31912: mip =   3.182900000e+04 <=   3.454000000e+04   8.5% (7402; 1198)
+ 31941: mip =   3.182900000e+04 <=   3.454000000e+04   8.5% (7413; 1198)
Time used: 3555.6 secs.  Memory used: 51.6 Mb.
+ 31968: mip =   3.182900000e+04 <=   3.454000000e+04   8.5% (7424; 1198)
+ 31996: mip =   3.182900000e+04 <=   3.454000000e+04   8.5% (7436; 1198)
+ 32015: mip =   3.182900000e+04 <=   3.454000000e+04   8.5% (7448; 1198)
+ 32062: mip =   3.182900000e+04 <=   3.454000000e+04   8.5% (7460; 1198)
+ 32120: mip =   3.182900000e+04 <=   3.454000000e+04   8.5% (7473; 1198)
+ 32161: mip =   3.182900000e+04 <=   3.454000000e+04   8.5% (7487; 1198)
+ 32230: mip =   3.182900000e+04 <=   3.454000000e+04   8.5% (7501; 1198)
+ 32252: mip =   3.182900000e+04 <=   3.454000000e+04   8.5% (7516; 1198)
+ 32314: mip =   3.182900000e+04 <=   3.454000000e+04   8.5% (7531; 1198)
+ 32320: mip =   3.182900000e+04 <=   3.454000000e+04   8.5% (7534; 1198)
TIME LIMIT EXCEEDED; SEARCH TERMINATED
Time used:   3601.0 secs
Memory used: 60.4 Mb (63338831 bytes)
Writing MIP solution to `HB5000_SOL.sol'...
