GLPSOL: GLPK LP/MIP Solver, v4.52
Parameter(s) specified in the command line:
 --math math_model.mod -d I100_GLPK.dat -o I100_SOL.sol --log I100_LOG.log
 --tmlim 3600
Reading model section from math_model.mod...
40 lines were read
Reading data section from I100_GLPK.dat...
7719 lines were read
Generating profit...
Generating CAP...
Model has been successfully generated
GLPK Integer Optimizer, v4.52
1922 rows, 7709 columns, 82483 non-zeros
7709 integer variables, all of which are binary
Preprocessing...
1921 rows, 7709 columns, 74774 non-zeros
7709 integer variables, all of which are binary
Scaling...
 A: min|aij| =  1.000e+01  max|aij| =  1.000e+02  ratio =  1.000e+01
GM: min|aij| =  1.000e+00  max|aij| =  1.000e+00  ratio =  1.000e+00
EQ: min|aij| =  1.000e+00  max|aij| =  1.000e+00  ratio =  1.000e+00
2N: min|aij| =  6.719e-01  max|aij| =  1.328e+00  ratio =  1.977e+00
Constructing initial basis...
Size of triangular part is 1921
Solving LP relaxation...
GLPK Simplex Optimizer, v4.52
1921 rows, 7709 columns, 74774 non-zeros
*     0: obj =   0.000000000e+00  infeas =  0.000e+00 (0)
*   500: obj =   3.872912287e+04  infeas =  0.000e+00 (0)
*  1000: obj =   6.647680444e+04  infeas =  3.553e-15 (0)
*  1500: obj =   8.071758765e+04  infeas =  0.000e+00 (0)
*  2000: obj =   9.050329905e+04  infeas =  1.188e-14 (0)
*  2500: obj =   9.633984646e+04  infeas =  8.882e-16 (0)
*  3000: obj =   9.892332399e+04  infeas =  3.553e-15 (0)
*  3105: obj =   9.899859642e+04  infeas =  3.944e-31 (0)
OPTIMAL LP SOLUTION FOUND
Integer optimization begins...
+  3105: mip =     not found yet <=              +inf        (1; 0)
+  3126: mip =     not found yet <=   9.896600000e+04        (9; 0)
+  3154: mip =     not found yet <=   9.893200000e+04        (17; 0)
+  3177: mip =     not found yet <=   9.893200000e+04        (25; 0)
+  3197: mip =     not found yet <=   9.893200000e+04        (33; 0)
+  3223: mip =     not found yet <=   9.893200000e+04        (41; 0)
+  3251: mip =     not found yet <=   9.893200000e+04        (49; 0)
+  3269: mip =     not found yet <=   9.893200000e+04        (57; 0)
+  3297: mip =     not found yet <=   9.893200000e+04        (65; 0)
+  3326: mip =     not found yet <=   9.893200000e+04        (73; 0)
+  3352: mip =     not found yet <=   9.893200000e+04        (82; 0)
+  3373: mip =     not found yet <=   9.893200000e+04        (91; 0)
Time used: 60.5 secs.  Memory used: 23.9 Mb.
+  3401: mip =     not found yet <=   9.893200000e+04        (100; 0)
+  3424: mip =     not found yet <=   9.893200000e+04        (109; 0)
+  3463: mip =     not found yet <=   9.893200000e+04        (118; 0)
+  3486: mip =     not found yet <=   9.893200000e+04        (127; 0)
+  3515: mip =     not found yet <=   9.893200000e+04        (136; 0)
+  3538: mip =     not found yet <=   9.893200000e+04        (145; 0)
+  3583: mip =     not found yet <=   9.893200000e+04        (154; 0)
+  3614: mip =     not found yet <=   9.893200000e+04        (163; 0)
+  3645: mip =     not found yet <=   9.893200000e+04        (172; 0)
+  3682: mip =     not found yet <=   9.893200000e+04        (181; 0)
+  3709: mip =     not found yet <=   9.893200000e+04        (190; 0)
Time used: 120.6 secs.  Memory used: 23.9 Mb.
+  3737: mip =     not found yet <=   9.893200000e+04        (199; 0)
+  3765: mip =     not found yet <=   9.893200000e+04        (208; 0)
+  3797: mip =     not found yet <=   9.893200000e+04        (217; 0)
+  3825: mip =     not found yet <=   9.893200000e+04        (226; 0)
+  3849: mip =     not found yet <=   9.893200000e+04        (235; 0)
+  3878: mip =     not found yet <=   9.893200000e+04        (244; 0)
+  3904: mip =     not found yet <=   9.893200000e+04        (253; 0)
+  3937: mip =     not found yet <=   9.893200000e+04        (262; 0)
+  3960: mip =     not found yet <=   9.893200000e+04        (271; 0)
+  3981: mip =     not found yet <=   9.893200000e+04        (280; 0)
+  4009: mip =     not found yet <=   9.893200000e+04        (289; 0)
+  4046: mip =     not found yet <=   9.893200000e+04        (298; 0)
Time used: 181.2 secs.  Memory used: 24.0 Mb.
+  4077: mip =     not found yet <=   9.893200000e+04        (307; 0)
+  4122: mip =     not found yet <=   9.893200000e+04        (317; 0)
+  4153: mip =     not found yet <=   9.893200000e+04        (326; 0)
+  4192: mip =     not found yet <=   9.893200000e+04        (336; 0)
+  4217: mip =     not found yet <=   9.893200000e+04        (346; 0)
+  4249: mip =     not found yet <=   9.893200000e+04        (356; 0)
+  4280: mip =     not found yet <=   9.893200000e+04        (366; 0)
+  4319: mip =     not found yet <=   9.893200000e+04        (376; 0)
+  4348: mip =     not found yet <=   9.893200000e+04        (386; 0)
+  4377: mip =     not found yet <=   9.893200000e+04        (396; 0)
+  4411: mip =     not found yet <=   9.893200000e+04        (406; 0)
Time used: 241.4 secs.  Memory used: 24.1 Mb.
+  4439: mip =     not found yet <=   9.893200000e+04        (416; 0)
+  4474: mip =     not found yet <=   9.893200000e+04        (426; 0)
+  4508: mip =     not found yet <=   9.893200000e+04        (436; 0)
+  4543: mip =     not found yet <=   9.893200000e+04        (446; 0)
+  4580: mip =     not found yet <=   9.893200000e+04        (456; 0)
+  4604: mip =     not found yet <=   9.893200000e+04        (466; 0)
+  4652: mip =     not found yet <=   9.893200000e+04        (476; 0)
+  4684: mip =     not found yet <=   9.893200000e+04        (486; 0)
+  4712: mip =     not found yet <=   9.893200000e+04        (496; 0)
+  4742: mip =     not found yet <=   9.893200000e+04        (507; 0)
+  4762: mip =     not found yet <=   9.893200000e+04        (518; 0)
+  4781: mip =     not found yet <=   9.893200000e+04        (529; 0)
Time used: 301.6 secs.  Memory used: 24.2 Mb.
+  4800: mip =     not found yet <=   9.893200000e+04        (540; 0)
+  4819: mip =     not found yet <=   9.893200000e+04        (551; 0)
+  4846: mip =     not found yet <=   9.893200000e+04        (562; 0)
+  4864: mip =     not found yet <=   9.893200000e+04        (573; 0)
+  4887: mip =     not found yet <=   9.893200000e+04        (584; 0)
+  4918: mip =     not found yet <=   9.893200000e+04        (595; 0)
+  4945: mip =     not found yet <=   9.893200000e+04        (606; 0)
+  4968: mip =     not found yet <=   9.893200000e+04        (618; 0)
+  5006: mip =     not found yet <=   9.893200000e+04        (630; 0)
+  5031: mip =     not found yet <=   9.893200000e+04        (642; 0)
+  5046: mip =     not found yet <=   9.893200000e+04        (654; 0)
+  5082: mip =     not found yet <=   9.893200000e+04        (666; 0)
Time used: 362.0 secs.  Memory used: 24.2 Mb.
+  5109: mip =     not found yet <=   9.893200000e+04        (678; 0)
+  5137: mip =     not found yet <=   9.893200000e+04        (690; 0)
+  5164: mip =     not found yet <=   9.893200000e+04        (702; 0)
+  5200: mip =     not found yet <=   9.893200000e+04        (714; 0)
+  5217: mip =     not found yet <=   9.893200000e+04        (726; 0)
+  5246: mip =     not found yet <=   9.893200000e+04        (739; 0)
+  5283: mip =     not found yet <=   9.893200000e+04        (752; 0)
+  5317: mip =     not found yet <=   9.893200000e+04        (765; 0)
+  5350: mip =     not found yet <=   9.893200000e+04        (778; 0)
+  5382: mip =     not found yet <=   9.893200000e+04        (792; 0)
+  5412: mip =     not found yet <=   9.893200000e+04        (806; 0)
Time used: 422.2 secs.  Memory used: 24.3 Mb.
+  5460: mip =     not found yet <=   9.893200000e+04        (820; 0)
+  5483: mip =     not found yet <=   9.893200000e+04        (834; 0)
+  5507: mip =     not found yet <=   9.893200000e+04        (848; 0)
+  5547: mip =     not found yet <=   9.893200000e+04        (862; 0)
+  5572: mip =     not found yet <=   9.893200000e+04        (877; 0)
+  5602: mip =     not found yet <=   9.893200000e+04        (892; 0)
+  5648: mip =     not found yet <=   9.893200000e+04        (907; 0)
+  5688: mip =     not found yet <=   9.893200000e+04        (923; 0)
+  5719: mip =     not found yet <=   9.893200000e+04        (939; 0)
+  5749: mip =     not found yet <=   9.893200000e+04        (955; 0)
+  5791: mip =     not found yet <=   9.893200000e+04        (972; 0)
+  5822: mip =     not found yet <=   9.893200000e+04        (989; 0)
Time used: 482.3 secs.  Memory used: 24.4 Mb.
+  5855: mip =     not found yet <=   9.893200000e+04        (1006; 0)
+  5883: mip =     not found yet <=   9.893200000e+04        (1023; 0)
+  5920: mip =     not found yet <=   9.893200000e+04        (1041; 0)
+  5953: mip =     not found yet <=   9.893200000e+04        (1059; 0)
+  5984: mip =     not found yet <=   9.893200000e+04        (1077; 0)
+  6034: mip =     not found yet <=   9.893200000e+04        (1096; 0)
+  6071: mip =     not found yet <=   9.893200000e+04        (1115; 0)
+  6100: mip =     not found yet <=   9.893200000e+04        (1134; 0)
+  6144: mip =     not found yet <=   9.893200000e+04        (1154; 0)
+  6192: mip =     not found yet <=   9.893200000e+04        (1175; 0)
+  6242: mip =     not found yet <=   9.893200000e+04        (1196; 0)
+  6279: mip =     not found yet <=   9.893200000e+04        (1218; 0)
Time used: 542.5 secs.  Memory used: 24.5 Mb.
+  6329: mip =     not found yet <=   9.893200000e+04        (1241; 0)
+  6393: mip =     not found yet <=   9.893200000e+04        (1265; 0)
+  6429: mip =     not found yet <=   9.893200000e+04        (1290; 0)
+  6474: mip =     not found yet <=   9.893200000e+04        (1316; 0)
+  6522: mip =     not found yet <=   9.893200000e+04        (1343; 0)
+  6573: mip =     not found yet <=   9.893200000e+04        (1372; 0)
+  6635: mip =     not found yet <=   9.893200000e+04        (1403; 0)
+  6695: mip =     not found yet <=   9.893200000e+04        (1436; 0)
+  6764: mip =     not found yet <=   9.893200000e+04        (1471; 0)
+  6827: mip =     not found yet <=   9.893200000e+04        (1508; 0)
+  6917: mip =     not found yet <=   9.893200000e+04        (1548; 0)
Time used: 602.6 secs.  Memory used: 24.8 Mb.
+  6989: mip =     not found yet <=   9.893200000e+04        (1590; 0)
+  7080: mip =     not found yet <=   9.893200000e+04        (1635; 0)
+  7142: mip =     not found yet <=   9.893200000e+04        (1675; 0)
+  7206: mip =     not found yet <=   9.893200000e+04        (1719; 0)
+  7304: mip =     not found yet <=   9.893200000e+04        (1773; 0)
+  7432: mip =     not found yet <=   9.893200000e+04        (1842; 0)
Solution found by heuristic: 74100
+  7660: mip =   7.410000000e+04 <=   9.893000000e+04  33.5% (1992; 2)
+  7687: mip =   7.410000000e+04 <=   9.892900000e+04  33.5% (1999; 2)
+  7705: mip =   7.410000000e+04 <=   9.892900000e+04  33.5% (2006; 2)
+  7725: mip =   7.410000000e+04 <=   9.892900000e+04  33.5% (2013; 2)
+  7745: mip =   7.410000000e+04 <=   9.892900000e+04  33.5% (2021; 2)
+  7770: mip =   7.410000000e+04 <=   9.892900000e+04  33.5% (2029; 2)
Time used: 663.1 secs.  Memory used: 25.0 Mb.
+  7798: mip =   7.410000000e+04 <=   9.892900000e+04  33.5% (2037; 2)
+  7821: mip =   7.410000000e+04 <=   9.892900000e+04  33.5% (2045; 2)
+  7845: mip =   7.410000000e+04 <=   9.892900000e+04  33.5% (2053; 2)
+  7874: mip =   7.410000000e+04 <=   9.892900000e+04  33.5% (2061; 2)
+  7895: mip =   7.410000000e+04 <=   9.892900000e+04  33.5% (2069; 2)
+  7920: mip =   7.410000000e+04 <=   9.892900000e+04  33.5% (2077; 2)
+  7939: mip =   7.410000000e+04 <=   9.892900000e+04  33.5% (2085; 2)
+  7960: mip =   7.410000000e+04 <=   9.892900000e+04  33.5% (2093; 2)
+  7993: mip =   7.410000000e+04 <=   9.892900000e+04  33.5% (2101; 2)
+  8016: mip =   7.410000000e+04 <=   9.892900000e+04  33.5% (2109; 2)
+  8042: mip =   7.410000000e+04 <=   9.892900000e+04  33.5% (2117; 2)
+  8061: mip =   7.410000000e+04 <=   9.892900000e+04  33.5% (2125; 2)
Time used: 723.3 secs.  Memory used: 25.1 Mb.
+  8102: mip =   7.410000000e+04 <=   9.892900000e+04  33.5% (2134; 2)
+  8130: mip =   7.410000000e+04 <=   9.892900000e+04  33.5% (2140; 2)
+  8146: mip =   7.410000000e+04 <=   9.892900000e+04  33.5% (2146; 2)
+  8172: mip =   7.410000000e+04 <=   9.892900000e+04  33.5% (2153; 2)
+  8204: mip =   7.410000000e+04 <=   9.892900000e+04  33.5% (2160; 2)
+  8229: mip =   7.410000000e+04 <=   9.892900000e+04  33.5% (2168; 2)
+  8252: mip =   7.410000000e+04 <=   9.892900000e+04  33.5% (2176; 2)
+  8277: mip =   7.410000000e+04 <=   9.892900000e+04  33.5% (2184; 2)
+  8296: mip =   7.410000000e+04 <=   9.892900000e+04  33.5% (2191; 2)
+  8325: mip =   7.410000000e+04 <=   9.892900000e+04  33.5% (2198; 2)
+  8345: mip =   7.410000000e+04 <=   9.892900000e+04  33.5% (2205; 2)
Time used: 783.6 secs.  Memory used: 25.1 Mb.
+  8362: mip =   7.410000000e+04 <=   9.892900000e+04  33.5% (2212; 2)
+  8385: mip =   7.410000000e+04 <=   9.892900000e+04  33.5% (2219; 2)
+  8410: mip =   7.410000000e+04 <=   9.892900000e+04  33.5% (2227; 2)
+  8436: mip =   7.410000000e+04 <=   9.892900000e+04  33.5% (2235; 2)
+  8462: mip =   7.410000000e+04 <=   9.892900000e+04  33.5% (2242; 2)
+  8479: mip =   7.410000000e+04 <=   9.892900000e+04  33.5% (2250; 2)
+  8498: mip =   7.410000000e+04 <=   9.892900000e+04  33.5% (2258; 2)
+  8524: mip =   7.410000000e+04 <=   9.892900000e+04  33.5% (2266; 2)
+  8559: mip =   7.410000000e+04 <=   9.892900000e+04  33.5% (2274; 2)
+  8584: mip =   7.410000000e+04 <=   9.892900000e+04  33.5% (2282; 2)
+  8622: mip =   7.410000000e+04 <=   9.892900000e+04  33.5% (2289; 2)
Time used: 843.8 secs.  Memory used: 25.2 Mb.
+  8642: mip =   7.410000000e+04 <=   9.892900000e+04  33.5% (2296; 2)
+  8664: mip =   7.410000000e+04 <=   9.892900000e+04  33.5% (2302; 2)
+  8685: mip =   7.410000000e+04 <=   9.892900000e+04  33.5% (2309; 2)
+  8713: mip =   7.410000000e+04 <=   9.892900000e+04  33.5% (2316; 2)
+  8730: mip =   7.410000000e+04 <=   9.892900000e+04  33.5% (2322; 2)
+  8754: mip =   7.410000000e+04 <=   9.892900000e+04  33.5% (2329; 2)
+  8772: mip =   7.410000000e+04 <=   9.892900000e+04  33.5% (2336; 2)
+  8793: mip =   7.410000000e+04 <=   9.892900000e+04  33.5% (2342; 2)
+  8813: mip =   7.410000000e+04 <=   9.892900000e+04  33.5% (2349; 2)
+  8842: mip =   7.410000000e+04 <=   9.892900000e+04  33.5% (2356; 2)
+  8863: mip =   7.410000000e+04 <=   9.892900000e+04  33.5% (2363; 2)
Time used: 904.2 secs.  Memory used: 25.2 Mb.
+  8881: mip =   7.410000000e+04 <=   9.892900000e+04  33.5% (2369; 2)
+  8897: mip =   7.410000000e+04 <=   9.892900000e+04  33.5% (2375; 2)
+  8913: mip =   7.410000000e+04 <=   9.892900000e+04  33.5% (2381; 2)
+  8935: mip =   7.410000000e+04 <=   9.892900000e+04  33.5% (2387; 2)
+  8956: mip =   7.410000000e+04 <=   9.892900000e+04  33.5% (2394; 2)
+  8985: mip =   7.410000000e+04 <=   9.892900000e+04  33.5% (2403; 2)
+  9021: mip =   7.410000000e+04 <=   9.892900000e+04  33.5% (2412; 2)
+  9053: mip =   7.410000000e+04 <=   9.892900000e+04  33.5% (2421; 2)
+  9077: mip =   7.410000000e+04 <=   9.892900000e+04  33.5% (2428; 2)
+  9099: mip =   7.410000000e+04 <=   9.892900000e+04  33.5% (2435; 2)
+  9113: mip =   7.410000000e+04 <=   9.892900000e+04  33.5% (2441; 2)
Time used: 964.5 secs.  Memory used: 25.3 Mb.
+  9147: mip =   7.410000000e+04 <=   9.892900000e+04  33.5% (2448; 2)
+  9175: mip =   7.410000000e+04 <=   9.892900000e+04  33.5% (2456; 2)
+  9201: mip =   7.410000000e+04 <=   9.892900000e+04  33.5% (2464; 2)
+  9225: mip =   7.410000000e+04 <=   9.892900000e+04  33.5% (2472; 2)
+  9251: mip =   7.410000000e+04 <=   9.892900000e+04  33.5% (2481; 2)
+  9268: mip =   7.410000000e+04 <=   9.892900000e+04  33.5% (2490; 2)
+  9288: mip =   7.410000000e+04 <=   9.892900000e+04  33.5% (2498; 2)
+  9295: mip =   7.410000000e+04 <=   9.892900000e+04  33.5% (2506; 2)
+  9316: mip =   7.410000000e+04 <=   9.892900000e+04  33.5% (2514; 2)
+  9328: mip =   7.410000000e+04 <=   9.892900000e+04  33.5% (2521; 2)
+  9342: mip =   7.410000000e+04 <=   9.892900000e+04  33.5% (2529; 2)
+  9354: mip =   7.410000000e+04 <=   9.892900000e+04  33.5% (2537; 2)
Time used: 1024.8 secs.  Memory used: 25.3 Mb.
+  9367: mip =   7.410000000e+04 <=   9.892900000e+04  33.5% (2544; 2)
+  9390: mip =   7.410000000e+04 <=   9.892900000e+04  33.5% (2553; 2)
+  9404: mip =   7.410000000e+04 <=   9.892900000e+04  33.5% (2562; 2)
+  9419: mip =   7.410000000e+04 <=   9.892900000e+04  33.5% (2571; 2)
+  9438: mip =   7.410000000e+04 <=   9.892900000e+04  33.5% (2579; 2)
+  9456: mip =   7.410000000e+04 <=   9.892900000e+04  33.5% (2587; 2)
+  9482: mip =   7.410000000e+04 <=   9.892900000e+04  33.5% (2596; 2)
+  9506: mip =   7.410000000e+04 <=   9.892900000e+04  33.5% (2605; 2)
+  9520: mip =   7.410000000e+04 <=   9.892900000e+04  33.5% (2613; 2)
+  9547: mip =   7.410000000e+04 <=   9.892900000e+04  33.5% (2622; 2)
+  9573: mip =   7.410000000e+04 <=   9.892900000e+04  33.5% (2631; 2)
Time used: 1085.0 secs.  Memory used: 25.5 Mb.
+  9588: mip =   7.410000000e+04 <=   9.892900000e+04  33.5% (2640; 2)
+  9607: mip =   7.410000000e+04 <=   9.892900000e+04  33.5% (2650; 2)
+  9632: mip =   7.410000000e+04 <=   9.892900000e+04  33.5% (2661; 2)
+  9658: mip =   7.410000000e+04 <=   9.892900000e+04  33.5% (2672; 2)
+  9689: mip =   7.410000000e+04 <=   9.892900000e+04  33.5% (2683; 2)
+  9706: mip =   7.410000000e+04 <=   9.892900000e+04  33.5% (2692; 2)
+  9729: mip =   7.410000000e+04 <=   9.892900000e+04  33.5% (2702; 2)
+  9762: mip =   7.410000000e+04 <=   9.892900000e+04  33.5% (2712; 2)
+  9777: mip =   7.410000000e+04 <=   9.892900000e+04  33.5% (2722; 2)
+  9792: mip =   7.410000000e+04 <=   9.892900000e+04  33.5% (2733; 2)
+  9821: mip =   7.410000000e+04 <=   9.892900000e+04  33.5% (2743; 2)
+  9850: mip =   7.410000000e+04 <=   9.892900000e+04  33.5% (2754; 2)
Time used: 1145.4 secs.  Memory used: 25.5 Mb.
+  9883: mip =   7.410000000e+04 <=   9.892900000e+04  33.5% (2766; 2)
+  9907: mip =   7.410000000e+04 <=   9.892900000e+04  33.5% (2777; 2)
+  9929: mip =   7.410000000e+04 <=   9.892900000e+04  33.5% (2789; 2)
+  9978: mip =   7.410000000e+04 <=   9.892900000e+04  33.5% (2801; 2)
+ 10001: mip =   7.410000000e+04 <=   9.892900000e+04  33.5% (2813; 2)
+ 10023: mip =   7.410000000e+04 <=   9.892900000e+04  33.5% (2826; 2)
+ 10042: mip =   7.410000000e+04 <=   9.892900000e+04  33.5% (2838; 2)
+ 10080: mip =   7.410000000e+04 <=   9.892900000e+04  33.5% (2850; 2)
+ 10101: mip =   7.410000000e+04 <=   9.892900000e+04  33.5% (2863; 2)
+ 10122: mip =   7.410000000e+04 <=   9.892900000e+04  33.5% (2876; 2)
+ 10166: mip =   7.410000000e+04 <=   9.892900000e+04  33.5% (2890; 2)
+ 10200: mip =   7.410000000e+04 <=   9.892900000e+04  33.5% (2904; 2)
Time used: 1205.6 secs.  Memory used: 25.6 Mb.
+ 10238: mip =   7.410000000e+04 <=   9.892900000e+04  33.5% (2919; 2)
+ 10259: mip =   7.410000000e+04 <=   9.892900000e+04  33.5% (2933; 2)
+ 10290: mip =   7.410000000e+04 <=   9.892900000e+04  33.5% (2946; 2)
+ 10321: mip =   7.410000000e+04 <=   9.892900000e+04  33.5% (2960; 2)
+ 10351: mip =   7.410000000e+04 <=   9.892900000e+04  33.5% (2974; 2)
+ 10378: mip =   7.410000000e+04 <=   9.892900000e+04  33.5% (2989; 2)
+ 10406: mip =   7.410000000e+04 <=   9.892900000e+04  33.5% (3004; 2)
+ 10439: mip =   7.410000000e+04 <=   9.892900000e+04  33.5% (3020; 2)
+ 10466: mip =   7.410000000e+04 <=   9.892900000e+04  33.5% (3036; 2)
+ 10492: mip =   7.410000000e+04 <=   9.892900000e+04  33.5% (3052; 2)
+ 10527: mip =   7.410000000e+04 <=   9.892900000e+04  33.5% (3066; 2)
Time used: 1265.7 secs.  Memory used: 25.7 Mb.
+ 10563: mip =   7.410000000e+04 <=   9.892900000e+04  33.5% (3081; 2)
+ 10591: mip =   7.410000000e+04 <=   9.892900000e+04  33.5% (3096; 2)
+ 10616: mip =   7.410000000e+04 <=   9.892900000e+04  33.5% (3111; 2)
+ 10644: mip =   7.410000000e+04 <=   9.892900000e+04  33.5% (3126; 2)
+ 10683: mip =   7.410000000e+04 <=   9.892900000e+04  33.5% (3144; 2)
+ 10721: mip =   7.410000000e+04 <=   9.892900000e+04  33.5% (3162; 2)
+ 10765: mip =   7.410000000e+04 <=   9.892900000e+04  33.5% (3182; 2)
+ 10812: mip =   7.410000000e+04 <=   9.892900000e+04  33.5% (3203; 2)
+ 10852: mip =   7.410000000e+04 <=   9.892900000e+04  33.5% (3224; 2)
+ 10906: mip =   7.410000000e+04 <=   9.892900000e+04  33.5% (3247; 2)
+ 10944: mip =   7.410000000e+04 <=   9.892900000e+04  33.5% (3271; 2)
+ 10982: mip =   7.410000000e+04 <=   9.892900000e+04  33.5% (3293; 2)
Time used: 1325.8 secs.  Memory used: 25.8 Mb.
+ 11015: mip =   7.410000000e+04 <=   9.892900000e+04  33.5% (3315; 2)
+ 11054: mip =   7.410000000e+04 <=   9.892900000e+04  33.5% (3339; 2)
+ 11108: mip =   7.410000000e+04 <=   9.892900000e+04  33.5% (3365; 2)
+ 11159: mip =   7.410000000e+04 <=   9.892900000e+04  33.5% (3391; 2)
+ 11208: mip =   7.410000000e+04 <=   9.892900000e+04  33.5% (3418; 2)
+ 11262: mip =   7.410000000e+04 <=   9.892900000e+04  33.5% (3446; 2)
+ 11312: mip =   7.410000000e+04 <=   9.892900000e+04  33.5% (3476; 2)
+ 11386: mip =   7.410000000e+04 <=   9.892900000e+04  33.5% (3511; 2)
+ 11454: mip =   7.410000000e+04 <=   9.892900000e+04  33.5% (3549; 2)
+ 11538: mip =   7.410000000e+04 <=   9.892900000e+04  33.5% (3592; 2)
+ 11625: mip =   7.410000000e+04 <=   9.892900000e+04  33.5% (3639; 2)
+ 11725: mip =   7.410000000e+04 <=   9.892900000e+04  33.5% (3705; 2)
Time used: 1385.8 secs.  Memory used: 26.0 Mb.
+ 11870: mip =   7.410000000e+04 <=   9.892900000e+04  33.5% (3791; 2)
+ 12116: mip =   7.410000000e+04 <=   9.892900000e+04  33.5% (3940; 2)
+ 12175: mip =   7.410000000e+04 <=   9.889200000e+04  33.5% (3968; 3)
+ 12204: mip =   7.410000000e+04 <=   9.889200000e+04  33.5% (3976; 3)
+ 12227: mip =   7.410000000e+04 <=   9.889200000e+04  33.5% (3984; 3)
+ 12246: mip =   7.410000000e+04 <=   9.889200000e+04  33.5% (3992; 3)
+ 12273: mip =   7.410000000e+04 <=   9.889200000e+04  33.5% (4000; 3)
+ 12301: mip =   7.410000000e+04 <=   9.889200000e+04  33.5% (4008; 3)
+ 12319: mip =   7.410000000e+04 <=   9.889200000e+04  33.5% (4016; 3)
+ 12350: mip =   7.410000000e+04 <=   9.889200000e+04  33.5% (4024; 3)
+ 12374: mip =   7.410000000e+04 <=   9.889200000e+04  33.5% (4032; 3)
Time used: 1445.9 secs.  Memory used: 26.2 Mb.
+ 12402: mip =   7.410000000e+04 <=   9.889200000e+04  33.5% (4040; 3)
+ 12423: mip =   7.410000000e+04 <=   9.889200000e+04  33.5% (4048; 3)
+ 12450: mip =   7.410000000e+04 <=   9.889200000e+04  33.5% (4057; 3)
+ 12469: mip =   7.410000000e+04 <=   9.889200000e+04  33.5% (4065; 3)
+ 12498: mip =   7.410000000e+04 <=   9.889200000e+04  33.5% (4074; 3)
+ 12534: mip =   7.410000000e+04 <=   9.889200000e+04  33.5% (4083; 3)
+ 12552: mip =   7.410000000e+04 <=   9.889200000e+04  33.5% (4091; 3)
+ 12576: mip =   7.410000000e+04 <=   9.889200000e+04  33.5% (4098; 3)
+ 12594: mip =   7.410000000e+04 <=   9.889200000e+04  33.5% (4106; 3)
+ 12632: mip =   7.410000000e+04 <=   9.889200000e+04  33.5% (4114; 3)
+ 12666: mip =   7.410000000e+04 <=   9.889200000e+04  33.5% (4122; 3)
+ 12699: mip =   7.410000000e+04 <=   9.889200000e+04  33.5% (4131; 3)
Time used: 1506.2 secs.  Memory used: 26.3 Mb.
+ 12736: mip =   7.410000000e+04 <=   9.889200000e+04  33.5% (4140; 3)
+ 12763: mip =   7.410000000e+04 <=   9.889200000e+04  33.5% (4149; 3)
+ 12791: mip =   7.410000000e+04 <=   9.889200000e+04  33.5% (4158; 3)
+ 12819: mip =   7.410000000e+04 <=   9.889200000e+04  33.5% (4167; 3)
+ 12851: mip =   7.410000000e+04 <=   9.889200000e+04  33.5% (4176; 3)
+ 12879: mip =   7.410000000e+04 <=   9.889200000e+04  33.5% (4185; 3)
+ 12903: mip =   7.410000000e+04 <=   9.889200000e+04  33.5% (4194; 3)
+ 12932: mip =   7.410000000e+04 <=   9.889200000e+04  33.5% (4203; 3)
+ 12958: mip =   7.410000000e+04 <=   9.889200000e+04  33.5% (4212; 3)
+ 12991: mip =   7.410000000e+04 <=   9.889200000e+04  33.5% (4221; 3)
+ 13014: mip =   7.410000000e+04 <=   9.889200000e+04  33.5% (4230; 3)
Time used: 1566.6 secs.  Memory used: 26.3 Mb.
+ 13035: mip =   7.410000000e+04 <=   9.889200000e+04  33.5% (4239; 3)
+ 13063: mip =   7.410000000e+04 <=   9.889200000e+04  33.5% (4248; 3)
+ 13100: mip =   7.410000000e+04 <=   9.889200000e+04  33.5% (4257; 3)
+ 13131: mip =   7.410000000e+04 <=   9.889200000e+04  33.5% (4266; 3)
+ 13173: mip =   7.410000000e+04 <=   9.889200000e+04  33.5% (4275; 3)
+ 13207: mip =   7.410000000e+04 <=   9.889200000e+04  33.5% (4285; 3)
+ 13246: mip =   7.410000000e+04 <=   9.889200000e+04  33.5% (4295; 3)
+ 13271: mip =   7.410000000e+04 <=   9.889200000e+04  33.5% (4305; 3)
+ 13303: mip =   7.410000000e+04 <=   9.889200000e+04  33.5% (4315; 3)
+ 13334: mip =   7.410000000e+04 <=   9.889200000e+04  33.5% (4325; 3)
+ 13373: mip =   7.410000000e+04 <=   9.889200000e+04  33.5% (4335; 3)
+ 13402: mip =   7.410000000e+04 <=   9.889200000e+04  33.5% (4345; 3)
Time used: 1626.6 secs.  Memory used: 26.4 Mb.
+ 13431: mip =   7.410000000e+04 <=   9.889200000e+04  33.5% (4355; 3)
+ 13465: mip =   7.410000000e+04 <=   9.889200000e+04  33.5% (4365; 3)
+ 13492: mip =   7.410000000e+04 <=   9.889200000e+04  33.5% (4375; 3)
+ 13521: mip =   7.410000000e+04 <=   9.889200000e+04  33.5% (4385; 3)
+ 13563: mip =   7.410000000e+04 <=   9.889200000e+04  33.5% (4395; 3)
+ 13595: mip =   7.410000000e+04 <=   9.889200000e+04  33.5% (4405; 3)
+ 13630: mip =   7.410000000e+04 <=   9.889200000e+04  33.5% (4415; 3)
+ 13660: mip =   7.410000000e+04 <=   9.889200000e+04  33.5% (4425; 3)
+ 13700: mip =   7.410000000e+04 <=   9.889200000e+04  33.5% (4435; 3)
+ 13735: mip =   7.410000000e+04 <=   9.889200000e+04  33.5% (4446; 3)
+ 13771: mip =   7.410000000e+04 <=   9.889200000e+04  33.5% (4457; 3)
Time used: 1687.0 secs.  Memory used: 26.5 Mb.
+ 13804: mip =   7.410000000e+04 <=   9.889200000e+04  33.5% (4468; 3)
+ 13823: mip =   7.410000000e+04 <=   9.889200000e+04  33.5% (4479; 3)
+ 13845: mip =   7.410000000e+04 <=   9.889200000e+04  33.5% (4490; 3)
+ 13860: mip =   7.410000000e+04 <=   9.889200000e+04  33.5% (4501; 3)
+ 13880: mip =   7.410000000e+04 <=   9.889200000e+04  33.5% (4512; 3)
+ 13908: mip =   7.410000000e+04 <=   9.889200000e+04  33.5% (4523; 3)
+ 13927: mip =   7.410000000e+04 <=   9.889200000e+04  33.5% (4534; 3)
+ 13945: mip =   7.410000000e+04 <=   9.889200000e+04  33.5% (4545; 3)
+ 13980: mip =   7.410000000e+04 <=   9.889200000e+04  33.5% (4556; 3)
+ 14010: mip =   7.410000000e+04 <=   9.889200000e+04  33.5% (4568; 3)
+ 14031: mip =   7.410000000e+04 <=   9.889200000e+04  33.5% (4580; 3)
+ 14069: mip =   7.410000000e+04 <=   9.889200000e+04  33.5% (4591; 3)
Time used: 1747.4 secs.  Memory used: 26.5 Mb.
+ 14089: mip =   7.410000000e+04 <=   9.889200000e+04  33.5% (4603; 3)
+ 14112: mip =   7.410000000e+04 <=   9.889200000e+04  33.5% (4615; 3)
+ 14139: mip =   7.410000000e+04 <=   9.889200000e+04  33.5% (4627; 3)
+ 14176: mip =   7.410000000e+04 <=   9.889200000e+04  33.5% (4639; 3)
+ 14198: mip =   7.410000000e+04 <=   9.889200000e+04  33.5% (4651; 3)
+ 14237: mip =   7.410000000e+04 <=   9.889200000e+04  33.5% (4663; 3)
+ 14262: mip =   7.410000000e+04 <=   9.889200000e+04  33.5% (4676; 3)
+ 14279: mip =   7.410000000e+04 <=   9.889200000e+04  33.5% (4689; 3)
+ 14312: mip =   7.410000000e+04 <=   9.889200000e+04  33.5% (4702; 3)
+ 14346: mip =   7.410000000e+04 <=   9.889200000e+04  33.5% (4715; 3)
+ 14392: mip =   7.410000000e+04 <=   9.889200000e+04  33.5% (4728; 3)
Time used: 1807.6 secs.  Memory used: 26.6 Mb.
+ 14421: mip =   7.410000000e+04 <=   9.889200000e+04  33.5% (4741; 3)
+ 14445: mip =   7.410000000e+04 <=   9.889200000e+04  33.5% (4755; 3)
+ 14497: mip =   7.410000000e+04 <=   9.889200000e+04  33.5% (4769; 3)
+ 14527: mip =   7.410000000e+04 <=   9.889200000e+04  33.5% (4783; 3)
+ 14545: mip =   7.410000000e+04 <=   9.889200000e+04  33.5% (4797; 3)
+ 14578: mip =   7.410000000e+04 <=   9.889200000e+04  33.5% (4811; 3)
+ 14614: mip =   7.410000000e+04 <=   9.889200000e+04  33.5% (4826; 3)
+ 14635: mip =   7.410000000e+04 <=   9.889200000e+04  33.5% (4841; 3)
+ 14676: mip =   7.410000000e+04 <=   9.889200000e+04  33.5% (4856; 3)
+ 14719: mip =   7.410000000e+04 <=   9.889200000e+04  33.5% (4872; 3)
+ 14760: mip =   7.410000000e+04 <=   9.889200000e+04  33.5% (4888; 3)
+ 14784: mip =   7.410000000e+04 <=   9.889200000e+04  33.5% (4904; 3)
Time used: 1867.7 secs.  Memory used: 26.7 Mb.
+ 14822: mip =   7.410000000e+04 <=   9.889200000e+04  33.5% (4920; 3)
+ 14862: mip =   7.410000000e+04 <=   9.889200000e+04  33.5% (4937; 3)
+ 14891: mip =   7.410000000e+04 <=   9.889200000e+04  33.5% (4954; 3)
+ 14923: mip =   7.410000000e+04 <=   9.889200000e+04  33.5% (4971; 3)
+ 14959: mip =   7.410000000e+04 <=   9.889200000e+04  33.5% (4989; 3)
+ 14989: mip =   7.410000000e+04 <=   9.889200000e+04  33.5% (5007; 3)
+ 15018: mip =   7.410000000e+04 <=   9.889200000e+04  33.5% (5025; 3)
+ 15060: mip =   7.410000000e+04 <=   9.889200000e+04  33.5% (5043; 3)
+ 15106: mip =   7.410000000e+04 <=   9.889200000e+04  33.5% (5062; 3)
+ 15138: mip =   7.410000000e+04 <=   9.889200000e+04  33.5% (5081; 3)
+ 15172: mip =   7.410000000e+04 <=   9.889200000e+04  33.5% (5100; 3)
+ 15216: mip =   7.410000000e+04 <=   9.889200000e+04  33.5% (5119; 3)
Time used: 1927.7 secs.  Memory used: 27.0 Mb.
+ 15257: mip =   7.410000000e+04 <=   9.889200000e+04  33.5% (5138; 3)
+ 15305: mip =   7.410000000e+04 <=   9.889200000e+04  33.5% (5159; 3)
+ 15351: mip =   7.410000000e+04 <=   9.889200000e+04  33.5% (5181; 3)
+ 15396: mip =   7.410000000e+04 <=   9.889200000e+04  33.5% (5204; 3)
+ 15450: mip =   7.410000000e+04 <=   9.889200000e+04  33.5% (5228; 3)
+ 15490: mip =   7.410000000e+04 <=   9.889200000e+04  33.5% (5253; 3)
+ 15533: mip =   7.410000000e+04 <=   9.889200000e+04  33.5% (5279; 3)
+ 15581: mip =   7.410000000e+04 <=   9.889200000e+04  33.5% (5306; 3)
+ 15634: mip =   7.410000000e+04 <=   9.889200000e+04  33.5% (5335; 3)
+ 15702: mip =   7.410000000e+04 <=   9.889200000e+04  33.5% (5366; 3)
+ 15761: mip =   7.410000000e+04 <=   9.889200000e+04  33.5% (5399; 3)
Time used: 1987.8 secs.  Memory used: 27.1 Mb.
+ 15827: mip =   7.410000000e+04 <=   9.889200000e+04  33.5% (5434; 3)
+ 15892: mip =   7.410000000e+04 <=   9.889200000e+04  33.5% (5471; 3)
+ 15973: mip =   7.410000000e+04 <=   9.889200000e+04  33.5% (5511; 3)
+ 16058: mip =   7.410000000e+04 <=   9.889200000e+04  33.5% (5556; 3)
+ 16154: mip =   7.410000000e+04 <=   9.889200000e+04  33.5% (5606; 3)
+ 16239: mip =   7.410000000e+04 <=   9.889200000e+04  33.5% (5667; 3)
+ 16376: mip =   7.410000000e+04 <=   9.889200000e+04  33.5% (5748; 3)
+ 16592: mip =   7.410000000e+04 <=   9.889200000e+04  33.5% (5872; 3)
+ 16712: mip =   7.410000000e+04 <=   9.887900000e+04  33.4% (5942; 4)
+ 16735: mip =   7.410000000e+04 <=   9.887900000e+04  33.4% (5950; 4)
+ 16756: mip =   7.410000000e+04 <=   9.887900000e+04  33.4% (5958; 4)
+ 16783: mip =   7.410000000e+04 <=   9.887900000e+04  33.4% (5966; 4)
Time used: 2048.1 secs.  Memory used: 27.4 Mb.
+ 16808: mip =   7.410000000e+04 <=   9.887900000e+04  33.4% (5974; 4)
+ 16833: mip =   7.410000000e+04 <=   9.887900000e+04  33.4% (5982; 4)
+ 16864: mip =   7.410000000e+04 <=   9.887900000e+04  33.4% (5991; 4)
+ 16893: mip =   7.410000000e+04 <=   9.887900000e+04  33.4% (6000; 4)
+ 16915: mip =   7.410000000e+04 <=   9.887900000e+04  33.4% (6009; 4)
+ 16943: mip =   7.410000000e+04 <=   9.887900000e+04  33.4% (6018; 4)
+ 16961: mip =   7.410000000e+04 <=   9.887900000e+04  33.4% (6026; 4)
+ 16995: mip =   7.410000000e+04 <=   9.887900000e+04  33.4% (6035; 4)
+ 17024: mip =   7.410000000e+04 <=   9.887900000e+04  33.4% (6044; 4)
+ 17052: mip =   7.410000000e+04 <=   9.887900000e+04  33.4% (6053; 4)
+ 17073: mip =   7.410000000e+04 <=   9.887900000e+04  33.4% (6062; 4)
Time used: 2108.5 secs.  Memory used: 27.5 Mb.
+ 17114: mip =   7.410000000e+04 <=   9.887900000e+04  33.4% (6071; 4)
+ 17150: mip =   7.410000000e+04 <=   9.887900000e+04  33.4% (6080; 4)
+ 17182: mip =   7.410000000e+04 <=   9.887900000e+04  33.4% (6089; 4)
+ 17218: mip =   7.410000000e+04 <=   9.887900000e+04  33.4% (6098; 4)
+ 17246: mip =   7.410000000e+04 <=   9.887900000e+04  33.4% (6107; 4)
+ 17273: mip =   7.410000000e+04 <=   9.887900000e+04  33.4% (6116; 4)
+ 17299: mip =   7.410000000e+04 <=   9.887900000e+04  33.4% (6125; 4)
+ 17324: mip =   7.410000000e+04 <=   9.887900000e+04  33.4% (6134; 4)
+ 17362: mip =   7.410000000e+04 <=   9.887900000e+04  33.4% (6143; 4)
+ 17386: mip =   7.410000000e+04 <=   9.887900000e+04  33.4% (6152; 4)
+ 17414: mip =   7.410000000e+04 <=   9.887900000e+04  33.4% (6161; 4)
+ 17441: mip =   7.410000000e+04 <=   9.887900000e+04  33.4% (6170; 4)
Time used: 2168.9 secs.  Memory used: 27.5 Mb.
+ 17471: mip =   7.410000000e+04 <=   9.887900000e+04  33.4% (6179; 4)
+ 17500: mip =   7.410000000e+04 <=   9.887900000e+04  33.4% (6188; 4)
+ 17518: mip =   7.410000000e+04 <=   9.887900000e+04  33.4% (6197; 4)
+ 17545: mip =   7.410000000e+04 <=   9.887900000e+04  33.4% (6206; 4)
+ 17587: mip =   7.410000000e+04 <=   9.887900000e+04  33.4% (6215; 4)
+ 17614: mip =   7.410000000e+04 <=   9.887900000e+04  33.4% (6224; 4)
+ 17649: mip =   7.410000000e+04 <=   9.887900000e+04  33.4% (6233; 4)
+ 17686: mip =   7.410000000e+04 <=   9.887900000e+04  33.4% (6242; 4)
+ 17718: mip =   7.410000000e+04 <=   9.887900000e+04  33.4% (6252; 4)
+ 17757: mip =   7.410000000e+04 <=   9.887900000e+04  33.4% (6262; 4)
+ 17786: mip =   7.410000000e+04 <=   9.887900000e+04  33.4% (6272; 4)
Time used: 2229.2 secs.  Memory used: 27.6 Mb.
+ 17821: mip =   7.410000000e+04 <=   9.887900000e+04  33.4% (6282; 4)
+ 17850: mip =   7.410000000e+04 <=   9.887900000e+04  33.4% (6292; 4)
+ 17886: mip =   7.410000000e+04 <=   9.887900000e+04  33.4% (6302; 4)
+ 17916: mip =   7.410000000e+04 <=   9.887900000e+04  33.4% (6312; 4)
+ 17941: mip =   7.410000000e+04 <=   9.887900000e+04  33.4% (6322; 4)
+ 17977: mip =   7.410000000e+04 <=   9.887900000e+04  33.4% (6332; 4)
+ 18006: mip =   7.410000000e+04 <=   9.887900000e+04  33.4% (6342; 4)
+ 18047: mip =   7.410000000e+04 <=   9.887900000e+04  33.4% (6352; 4)
+ 18081: mip =   7.410000000e+04 <=   9.887900000e+04  33.4% (6362; 4)
+ 18113: mip =   7.410000000e+04 <=   9.887900000e+04  33.4% (6372; 4)
+ 18141: mip =   7.410000000e+04 <=   9.887900000e+04  33.4% (6382; 4)
+ 18181: mip =   7.410000000e+04 <=   9.887900000e+04  33.4% (6392; 4)
Time used: 2289.5 secs.  Memory used: 27.7 Mb.
+ 18222: mip =   7.410000000e+04 <=   9.887900000e+04  33.4% (6402; 4)
+ 18256: mip =   7.410000000e+04 <=   9.887900000e+04  33.4% (6413; 4)
+ 18283: mip =   7.410000000e+04 <=   9.887900000e+04  33.4% (6424; 4)
+ 18302: mip =   7.410000000e+04 <=   9.887900000e+04  33.4% (6435; 4)
+ 18324: mip =   7.410000000e+04 <=   9.887900000e+04  33.4% (6446; 4)
+ 18339: mip =   7.410000000e+04 <=   9.887900000e+04  33.4% (6457; 4)
+ 18356: mip =   7.410000000e+04 <=   9.887900000e+04  33.4% (6468; 4)
+ 18384: mip =   7.410000000e+04 <=   9.887900000e+04  33.4% (6479; 4)
+ 18403: mip =   7.410000000e+04 <=   9.887900000e+04  33.4% (6490; 4)
+ 18421: mip =   7.410000000e+04 <=   9.887900000e+04  33.4% (6501; 4)
+ 18457: mip =   7.410000000e+04 <=   9.887900000e+04  33.4% (6512; 4)
+ 18484: mip =   7.410000000e+04 <=   9.887900000e+04  33.4% (6523; 4)
Time used: 2349.9 secs.  Memory used: 27.7 Mb.
+ 18510: mip =   7.410000000e+04 <=   9.887900000e+04  33.4% (6534; 4)
+ 18530: mip =   7.410000000e+04 <=   9.887900000e+04  33.4% (6546; 4)
+ 18566: mip =   7.410000000e+04 <=   9.887900000e+04  33.4% (6558; 4)
+ 18594: mip =   7.410000000e+04 <=   9.887900000e+04  33.4% (6570; 4)
+ 18609: mip =   7.410000000e+04 <=   9.887900000e+04  33.4% (6582; 4)
+ 18639: mip =   7.410000000e+04 <=   9.887900000e+04  33.4% (6594; 4)
+ 18672: mip =   7.410000000e+04 <=   9.887900000e+04  33.4% (6606; 4)
+ 18699: mip =   7.410000000e+04 <=   9.887900000e+04  33.4% (6618; 4)
+ 18725: mip =   7.410000000e+04 <=   9.887900000e+04  33.4% (6630; 4)
+ 18770: mip =   7.410000000e+04 <=   9.887900000e+04  33.4% (6643; 4)
+ 18789: mip =   7.410000000e+04 <=   9.887900000e+04  33.4% (6656; 4)
Time used: 2410.0 secs.  Memory used: 27.8 Mb.
+ 18830: mip =   7.410000000e+04 <=   9.887900000e+04  33.4% (6669; 4)
+ 18857: mip =   7.410000000e+04 <=   9.887900000e+04  33.4% (6682; 4)
+ 18898: mip =   7.410000000e+04 <=   9.887900000e+04  33.4% (6695; 4)
+ 18927: mip =   7.410000000e+04 <=   9.887900000e+04  33.4% (6708; 4)
+ 18953: mip =   7.410000000e+04 <=   9.887900000e+04  33.4% (6722; 4)
+ 19007: mip =   7.410000000e+04 <=   9.887900000e+04  33.4% (6736; 4)
+ 19029: mip =   7.410000000e+04 <=   9.887900000e+04  33.4% (6750; 4)
+ 19052: mip =   7.410000000e+04 <=   9.887900000e+04  33.4% (6764; 4)
+ 19093: mip =   7.410000000e+04 <=   9.887900000e+04  33.4% (6778; 4)
+ 19117: mip =   7.410000000e+04 <=   9.887900000e+04  33.4% (6793; 4)
+ 19142: mip =   7.410000000e+04 <=   9.887900000e+04  33.4% (6808; 4)
+ 19190: mip =   7.410000000e+04 <=   9.887900000e+04  33.4% (6823; 4)
Time used: 2470.3 secs.  Memory used: 27.9 Mb.
+ 19235: mip =   7.410000000e+04 <=   9.887900000e+04  33.4% (6839; 4)
+ 19264: mip =   7.410000000e+04 <=   9.887900000e+04  33.4% (6855; 4)
+ 19296: mip =   7.410000000e+04 <=   9.887900000e+04  33.4% (6871; 4)
+ 19335: mip =   7.410000000e+04 <=   9.887900000e+04  33.4% (6887; 4)
+ 19364: mip =   7.410000000e+04 <=   9.887900000e+04  33.4% (6903; 4)
+ 19395: mip =   7.410000000e+04 <=   9.887900000e+04  33.4% (6920; 4)
+ 19424: mip =   7.410000000e+04 <=   9.887900000e+04  33.4% (6937; 4)
+ 19462: mip =   7.410000000e+04 <=   9.887900000e+04  33.4% (6955; 4)
+ 19491: mip =   7.410000000e+04 <=   9.887900000e+04  33.4% (6973; 4)
+ 19522: mip =   7.410000000e+04 <=   9.887900000e+04  33.4% (6991; 4)
+ 19562: mip =   7.410000000e+04 <=   9.887900000e+04  33.4% (7009; 4)
Time used: 2530.5 secs.  Memory used: 28.0 Mb.
+ 19606: mip =   7.410000000e+04 <=   9.887900000e+04  33.4% (7027; 4)
+ 19638: mip =   7.410000000e+04 <=   9.887900000e+04  33.4% (7046; 4)
+ 19677: mip =   7.410000000e+04 <=   9.887900000e+04  33.4% (7065; 4)
+ 19722: mip =   7.410000000e+04 <=   9.887900000e+04  33.4% (7085; 4)
+ 19766: mip =   7.410000000e+04 <=   9.887900000e+04  33.4% (7106; 4)
+ 19815: mip =   7.410000000e+04 <=   9.887900000e+04  33.4% (7127; 4)
+ 19859: mip =   7.410000000e+04 <=   9.887900000e+04  33.4% (7149; 4)
+ 19908: mip =   7.410000000e+04 <=   9.887900000e+04  33.4% (7172; 4)
+ 19951: mip =   7.410000000e+04 <=   9.887900000e+04  33.4% (7196; 4)
+ 19993: mip =   7.410000000e+04 <=   9.887900000e+04  33.4% (7220; 4)
+ 20033: mip =   7.410000000e+04 <=   9.887900000e+04  33.4% (7245; 4)
+ 20084: mip =   7.410000000e+04 <=   9.887900000e+04  33.4% (7272; 4)
Time used: 2590.5 secs.  Memory used: 28.1 Mb.
+ 20137: mip =   7.410000000e+04 <=   9.887900000e+04  33.4% (7301; 4)
+ 20204: mip =   7.410000000e+04 <=   9.887900000e+04  33.4% (7332; 4)
+ 20274: mip =   7.410000000e+04 <=   9.887900000e+04  33.4% (7365; 4)
+ 20332: mip =   7.410000000e+04 <=   9.887900000e+04  33.4% (7400; 4)
+ 20397: mip =   7.410000000e+04 <=   9.887900000e+04  33.4% (7437; 4)
+ 20485: mip =   7.410000000e+04 <=   9.887900000e+04  33.4% (7478; 4)
+ 20578: mip =   7.410000000e+04 <=   9.887900000e+04  33.4% (7523; 4)
+ 20667: mip =   7.410000000e+04 <=   9.887900000e+04  33.4% (7575; 4)
+ 20763: mip =   7.410000000e+04 <=   9.887900000e+04  33.4% (7641; 4)
+ 20922: mip =   7.410000000e+04 <=   9.887900000e+04  33.4% (7728; 4)
+ 21179: mip =   7.410000000e+04 <=   9.887500000e+04  33.4% (7889; 5)
+ 21210: mip =   7.410000000e+04 <=   9.887500000e+04  33.4% (7897; 5)
Time used: 2650.7 secs.  Memory used: 28.5 Mb.
+ 21230: mip =   7.410000000e+04 <=   9.887500000e+04  33.4% (7905; 5)
+ 21253: mip =   7.410000000e+04 <=   9.887500000e+04  33.4% (7913; 5)
+ 21279: mip =   7.410000000e+04 <=   9.887500000e+04  33.4% (7921; 5)
+ 21306: mip =   7.410000000e+04 <=   9.887500000e+04  33.4% (7929; 5)
+ 21324: mip =   7.410000000e+04 <=   9.887500000e+04  33.4% (7937; 5)
+ 21350: mip =   7.410000000e+04 <=   9.887500000e+04  33.4% (7945; 5)
+ 21378: mip =   7.410000000e+04 <=   9.887500000e+04  33.4% (7953; 5)
+ 21407: mip =   7.410000000e+04 <=   9.887500000e+04  33.4% (7962; 5)
+ 21429: mip =   7.410000000e+04 <=   9.887500000e+04  33.4% (7971; 5)
+ 21457: mip =   7.410000000e+04 <=   9.887500000e+04  33.4% (7980; 5)
+ 21478: mip =   7.410000000e+04 <=   9.887500000e+04  33.4% (7989; 5)
Time used: 2710.9 secs.  Memory used: 28.5 Mb.
+ 21514: mip =   7.410000000e+04 <=   9.887500000e+04  33.4% (7998; 5)
+ 21540: mip =   7.410000000e+04 <=   9.887500000e+04  33.4% (8007; 5)
+ 21568: mip =   7.410000000e+04 <=   9.887500000e+04  33.4% (8016; 5)
+ 21589: mip =   7.410000000e+04 <=   9.887500000e+04  33.4% (8025; 5)
+ 21630: mip =   7.410000000e+04 <=   9.887500000e+04  33.4% (8034; 5)
+ 21666: mip =   7.410000000e+04 <=   9.887500000e+04  33.4% (8043; 5)
+ 21698: mip =   7.410000000e+04 <=   9.887500000e+04  33.4% (8052; 5)
+ 21734: mip =   7.410000000e+04 <=   9.887500000e+04  33.4% (8061; 5)
+ 21764: mip =   7.410000000e+04 <=   9.887500000e+04  33.4% (8070; 5)
+ 21789: mip =   7.410000000e+04 <=   9.887500000e+04  33.4% (8079; 5)
+ 21815: mip =   7.410000000e+04 <=   9.887500000e+04  33.4% (8088; 5)
+ 21844: mip =   7.410000000e+04 <=   9.887500000e+04  33.4% (8097; 5)
Time used: 2771.1 secs.  Memory used: 28.6 Mb.
+ 21878: mip =   7.410000000e+04 <=   9.887500000e+04  33.4% (8106; 5)
+ 21902: mip =   7.410000000e+04 <=   9.887500000e+04  33.4% (8115; 5)
+ 21932: mip =   7.410000000e+04 <=   9.887500000e+04  33.4% (8124; 5)
+ 21963: mip =   7.410000000e+04 <=   9.887500000e+04  33.4% (8133; 5)
+ 21994: mip =   7.410000000e+04 <=   9.887500000e+04  33.4% (8142; 5)
+ 22012: mip =   7.410000000e+04 <=   9.887500000e+04  33.4% (8151; 5)
+ 22034: mip =   7.410000000e+04 <=   9.887500000e+04  33.4% (8160; 5)
+ 22076: mip =   7.410000000e+04 <=   9.887500000e+04  33.4% (8169; 5)
+ 22105: mip =   7.410000000e+04 <=   9.887500000e+04  33.4% (8178; 5)
+ 22149: mip =   7.410000000e+04 <=   9.887500000e+04  33.4% (8187; 5)
+ 22181: mip =   7.410000000e+04 <=   9.887500000e+04  33.4% (8196; 5)
Time used: 2831.5 secs.  Memory used: 28.6 Mb.
+ 22209: mip =   7.410000000e+04 <=   9.887500000e+04  33.4% (8206; 5)
+ 22245: mip =   7.410000000e+04 <=   9.887500000e+04  33.4% (8216; 5)
+ 22279: mip =   7.410000000e+04 <=   9.887500000e+04  33.4% (8226; 5)
+ 22309: mip =   7.410000000e+04 <=   9.887500000e+04  33.4% (8236; 5)
+ 22332: mip =   7.410000000e+04 <=   9.887500000e+04  33.4% (8246; 5)
+ 22376: mip =   7.410000000e+04 <=   9.887500000e+04  33.4% (8256; 5)
+ 22403: mip =   7.410000000e+04 <=   9.887500000e+04  33.4% (8266; 5)
+ 22432: mip =   7.410000000e+04 <=   9.887500000e+04  33.4% (8276; 5)
+ 22464: mip =   7.410000000e+04 <=   9.887500000e+04  33.4% (8286; 5)
+ 22494: mip =   7.410000000e+04 <=   9.887500000e+04  33.4% (8296; 5)
+ 22525: mip =   7.410000000e+04 <=   9.887500000e+04  33.4% (8306; 5)
+ 22563: mip =   7.410000000e+04 <=   9.887500000e+04  33.4% (8316; 5)
Time used: 2892.0 secs.  Memory used: 28.7 Mb.
+ 22597: mip =   7.410000000e+04 <=   9.887500000e+04  33.4% (8326; 5)
+ 22633: mip =   7.410000000e+04 <=   9.887500000e+04  33.4% (8336; 5)
+ 22658: mip =   7.410000000e+04 <=   9.887500000e+04  33.4% (8346; 5)
+ 22698: mip =   7.410000000e+04 <=   9.887500000e+04  33.4% (8356; 5)
+ 22739: mip =   7.410000000e+04 <=   9.887500000e+04  33.4% (8366; 5)
+ 22773: mip =   7.410000000e+04 <=   9.887500000e+04  33.4% (8377; 5)
+ 22799: mip =   7.410000000e+04 <=   9.887500000e+04  33.4% (8388; 5)
+ 22818: mip =   7.410000000e+04 <=   9.887500000e+04  33.4% (8399; 5)
+ 22840: mip =   7.410000000e+04 <=   9.887500000e+04  33.4% (8410; 5)
+ 22855: mip =   7.410000000e+04 <=   9.887500000e+04  33.4% (8421; 5)
+ 22872: mip =   7.410000000e+04 <=   9.887500000e+04  33.4% (8432; 5)
Time used: 2952.0 secs.  Memory used: 28.8 Mb.
+ 22900: mip =   7.410000000e+04 <=   9.887500000e+04  33.4% (8443; 5)
+ 22919: mip =   7.410000000e+04 <=   9.887500000e+04  33.4% (8454; 5)
+ 22937: mip =   7.410000000e+04 <=   9.887500000e+04  33.4% (8465; 5)
+ 22973: mip =   7.410000000e+04 <=   9.887500000e+04  33.4% (8476; 5)
+ 23003: mip =   7.410000000e+04 <=   9.887500000e+04  33.4% (8488; 5)
+ 23028: mip =   7.410000000e+04 <=   9.887500000e+04  33.4% (8500; 5)
+ 23048: mip =   7.410000000e+04 <=   9.887500000e+04  33.4% (8511; 5)
+ 23086: mip =   7.410000000e+04 <=   9.887500000e+04  33.4% (8523; 5)
+ 23111: mip =   7.410000000e+04 <=   9.887500000e+04  33.4% (8535; 5)
+ 23126: mip =   7.410000000e+04 <=   9.887500000e+04  33.4% (8547; 5)
+ 23162: mip =   7.410000000e+04 <=   9.887500000e+04  33.4% (8559; 5)
+ 23189: mip =   7.410000000e+04 <=   9.887500000e+04  33.4% (8571; 5)
Time used: 3012.2 secs.  Memory used: 28.9 Mb.
+ 23217: mip =   7.410000000e+04 <=   9.887500000e+04  33.4% (8583; 5)
+ 23244: mip =   7.410000000e+04 <=   9.887500000e+04  33.4% (8595; 5)
+ 23281: mip =   7.410000000e+04 <=   9.887500000e+04  33.4% (8608; 5)
+ 23300: mip =   7.410000000e+04 <=   9.887500000e+04  33.4% (8621; 5)
+ 23342: mip =   7.410000000e+04 <=   9.887500000e+04  33.4% (8634; 5)
+ 23369: mip =   7.410000000e+04 <=   9.887500000e+04  33.4% (8647; 5)
+ 23415: mip =   7.410000000e+04 <=   9.887500000e+04  33.4% (8660; 5)
+ 23442: mip =   7.410000000e+04 <=   9.887500000e+04  33.4% (8674; 5)
+ 23467: mip =   7.410000000e+04 <=   9.887500000e+04  33.4% (8687; 5)
+ 23516: mip =   7.410000000e+04 <=   9.887500000e+04  33.4% (8700; 5)
+ 23545: mip =   7.410000000e+04 <=   9.887500000e+04  33.4% (8714; 5)
Time used: 3072.5 secs.  Memory used: 28.9 Mb.
+ 23563: mip =   7.410000000e+04 <=   9.887500000e+04  33.4% (8728; 5)
+ 23602: mip =   7.410000000e+04 <=   9.887500000e+04  33.4% (8742; 5)
+ 23633: mip =   7.410000000e+04 <=   9.887500000e+04  33.4% (8757; 5)
+ 23653: mip =   7.410000000e+04 <=   9.887500000e+04  33.4% (8772; 5)
+ 23695: mip =   7.410000000e+04 <=   9.887500000e+04  33.4% (8787; 5)
+ 23738: mip =   7.410000000e+04 <=   9.887500000e+04  33.4% (8803; 5)
+ 23779: mip =   7.410000000e+04 <=   9.887500000e+04  33.4% (8819; 5)
+ 23802: mip =   7.410000000e+04 <=   9.887500000e+04  33.4% (8835; 5)
+ 23840: mip =   7.410000000e+04 <=   9.887500000e+04  33.4% (8851; 5)
+ 23880: mip =   7.410000000e+04 <=   9.887500000e+04  33.4% (8868; 5)
+ 23909: mip =   7.410000000e+04 <=   9.887500000e+04  33.4% (8885; 5)
+ 23941: mip =   7.410000000e+04 <=   9.887500000e+04  33.4% (8902; 5)
Time used: 3132.5 secs.  Memory used: 29.0 Mb.
+ 23975: mip =   7.410000000e+04 <=   9.887500000e+04  33.4% (8919; 5)
+ 24003: mip =   7.410000000e+04 <=   9.887500000e+04  33.4% (8936; 5)
+ 24032: mip =   7.410000000e+04 <=   9.887500000e+04  33.4% (8954; 5)
+ 24073: mip =   7.410000000e+04 <=   9.887500000e+04  33.4% (8972; 5)
+ 24119: mip =   7.410000000e+04 <=   9.887500000e+04  33.4% (8991; 5)
+ 24151: mip =   7.410000000e+04 <=   9.887500000e+04  33.4% (9010; 5)
+ 24190: mip =   7.410000000e+04 <=   9.887500000e+04  33.4% (9029; 5)
+ 24234: mip =   7.410000000e+04 <=   9.887500000e+04  33.4% (9049; 5)
+ 24279: mip =   7.410000000e+04 <=   9.887500000e+04  33.4% (9070; 5)
+ 24327: mip =   7.410000000e+04 <=   9.887500000e+04  33.4% (9091; 5)
+ 24372: mip =   7.410000000e+04 <=   9.887500000e+04  33.4% (9113; 5)
+ 24418: mip =   7.410000000e+04 <=   9.887500000e+04  33.4% (9136; 5)
Time used: 3192.7 secs.  Memory used: 29.2 Mb.
+ 24463: mip =   7.410000000e+04 <=   9.887500000e+04  33.4% (9159; 5)
+ 24503: mip =   7.410000000e+04 <=   9.887500000e+04  33.4% (9183; 5)
+ 24546: mip =   7.410000000e+04 <=   9.887500000e+04  33.4% (9209; 5)
+ 24598: mip =   7.410000000e+04 <=   9.887500000e+04  33.4% (9236; 5)
+ 24650: mip =   7.410000000e+04 <=   9.887500000e+04  33.4% (9264; 5)
+ 24716: mip =   7.410000000e+04 <=   9.887500000e+04  33.4% (9295; 5)
+ 24775: mip =   7.410000000e+04 <=   9.887500000e+04  33.4% (9327; 5)
+ 24836: mip =   7.410000000e+04 <=   9.887500000e+04  33.4% (9361; 5)
+ 24899: mip =   7.410000000e+04 <=   9.887500000e+04  33.4% (9397; 5)
+ 24986: mip =   7.410000000e+04 <=   9.887500000e+04  33.4% (9436; 5)
+ 25061: mip =   7.410000000e+04 <=   9.887500000e+04  33.4% (9480; 5)
+ 25153: mip =   7.410000000e+04 <=   9.887500000e+04  33.4% (9529; 5)
Time used: 3252.7 secs.  Memory used: 29.4 Mb.
+ 25244: mip =   7.410000000e+04 <=   9.887500000e+04  33.4% (9588; 5)
+ 25376: mip =   7.410000000e+04 <=   9.887500000e+04  33.4% (9666; 5)
+ 25571: mip =   7.410000000e+04 <=   9.887500000e+04  33.4% (9777; 5)
+ 25713: mip =   7.410000000e+04 <=   9.887100000e+04  33.4% (9871; 6)
+ 25734: mip =   7.410000000e+04 <=   9.887100000e+04  33.4% (9879; 6)
+ 25756: mip =   7.410000000e+04 <=   9.887100000e+04  33.4% (9887; 6)
+ 25782: mip =   7.410000000e+04 <=   9.887100000e+04  33.4% (9895; 6)
+ 25809: mip =   7.410000000e+04 <=   9.887100000e+04  33.4% (9903; 6)
+ 25827: mip =   7.410000000e+04 <=   9.887100000e+04  33.4% (9911; 6)
+ 25858: mip =   7.410000000e+04 <=   9.887100000e+04  33.4% (9920; 6)
+ 25889: mip =   7.410000000e+04 <=   9.887100000e+04  33.4% (9929; 6)
Time used: 3312.8 secs.  Memory used: 29.6 Mb.
+ 25916: mip =   7.410000000e+04 <=   9.887100000e+04  33.4% (9938; 6)
+ 25937: mip =   7.410000000e+04 <=   9.887100000e+04  33.4% (9947; 6)
+ 25965: mip =   7.410000000e+04 <=   9.887100000e+04  33.4% (9956; 6)
+ 25989: mip =   7.410000000e+04 <=   9.887100000e+04  33.4% (9965; 6)
+ 26029: mip =   7.410000000e+04 <=   9.887100000e+04  33.4% (9974; 6)
+ 26050: mip =   7.410000000e+04 <=   9.887100000e+04  33.4% (9983; 6)
+ 26079: mip =   7.410000000e+04 <=   9.887100000e+04  33.4% (9992; 6)
+ 26102: mip =   7.410000000e+04 <=   9.887100000e+04  33.4% (10001; 6)
+ 26153: mip =   7.410000000e+04 <=   9.887100000e+04  33.4% (10010; 6)
+ 26186: mip =   7.410000000e+04 <=   9.887100000e+04  33.4% (10019; 6)
+ 26218: mip =   7.410000000e+04 <=   9.887100000e+04  33.4% (10028; 6)
Time used: 3373.0 secs.  Memory used: 29.6 Mb.
+ 26251: mip =   7.410000000e+04 <=   9.887100000e+04  33.4% (10037; 6)
+ 26276: mip =   7.410000000e+04 <=   9.887100000e+04  33.4% (10046; 6)
+ 26302: mip =   7.410000000e+04 <=   9.887100000e+04  33.4% (10055; 6)
+ 26329: mip =   7.410000000e+04 <=   9.887100000e+04  33.4% (10064; 6)
+ 26365: mip =   7.410000000e+04 <=   9.887100000e+04  33.4% (10073; 6)
+ 26385: mip =   7.410000000e+04 <=   9.887100000e+04  33.4% (10082; 6)
+ 26409: mip =   7.410000000e+04 <=   9.887100000e+04  33.4% (10091; 6)
+ 26440: mip =   7.410000000e+04 <=   9.887100000e+04  33.4% (10100; 6)
+ 26465: mip =   7.410000000e+04 <=   9.887100000e+04  33.4% (10109; 6)
+ 26497: mip =   7.410000000e+04 <=   9.887100000e+04  33.4% (10118; 6)
+ 26522: mip =   7.410000000e+04 <=   9.887100000e+04  33.4% (10127; 6)
+ 26543: mip =   7.410000000e+04 <=   9.887100000e+04  33.4% (10136; 6)
Time used: 3433.0 secs.  Memory used: 29.7 Mb.
+ 26571: mip =   7.410000000e+04 <=   9.887100000e+04  33.4% (10145; 6)
+ 26608: mip =   7.410000000e+04 <=   9.887100000e+04  33.4% (10154; 6)
+ 26641: mip =   7.410000000e+04 <=   9.887100000e+04  33.4% (10164; 6)
+ 26686: mip =   7.410000000e+04 <=   9.887100000e+04  33.4% (10174; 6)
+ 26719: mip =   7.410000000e+04 <=   9.887100000e+04  33.4% (10184; 6)
+ 26758: mip =   7.410000000e+04 <=   9.887100000e+04  33.4% (10194; 6)
+ 26784: mip =   7.410000000e+04 <=   9.887100000e+04  33.4% (10204; 6)
+ 26815: mip =   7.410000000e+04 <=   9.887100000e+04  33.4% (10214; 6)
+ 26846: mip =   7.410000000e+04 <=   9.887100000e+04  33.4% (10224; 6)
+ 26886: mip =   7.410000000e+04 <=   9.887100000e+04  33.4% (10234; 6)
+ 26915: mip =   7.410000000e+04 <=   9.887100000e+04  33.4% (10244; 6)
Time used: 3493.3 secs.  Memory used: 30.0 Mb.
+ 26944: mip =   7.410000000e+04 <=   9.887100000e+04  33.4% (10254; 6)
+ 26978: mip =   7.410000000e+04 <=   9.887100000e+04  33.4% (10264; 6)
+ 27006: mip =   7.410000000e+04 <=   9.887100000e+04  33.4% (10274; 6)
+ 27041: mip =   7.410000000e+04 <=   9.887100000e+04  33.4% (10284; 6)
+ 27074: mip =   7.410000000e+04 <=   9.887100000e+04  33.4% (10294; 6)
+ 27108: mip =   7.410000000e+04 <=   9.887100000e+04  33.4% (10304; 6)
+ 27133: mip =   7.410000000e+04 <=   9.887100000e+04  33.4% (10314; 6)
+ 27173: mip =   7.410000000e+04 <=   9.887100000e+04  33.4% (10324; 6)
+ 27214: mip =   7.410000000e+04 <=   9.887100000e+04  33.4% (10334; 6)
+ 27242: mip =   7.410000000e+04 <=   9.887100000e+04  33.4% (10344; 6)
+ 27271: mip =   7.410000000e+04 <=   9.887100000e+04  33.4% (10355; 6)
Time used: 3553.4 secs.  Memory used: 30.1 Mb.
+ 27291: mip =   7.410000000e+04 <=   9.887100000e+04  33.4% (10366; 6)
+ 27310: mip =   7.410000000e+04 <=   9.887100000e+04  33.4% (10377; 6)
+ 27335: mip =   7.410000000e+04 <=   9.887100000e+04  33.4% (10388; 6)
+ 27353: mip =   7.410000000e+04 <=   9.887100000e+04  33.4% (10399; 6)
+ 27378: mip =   7.410000000e+04 <=   9.887100000e+04  33.4% (10410; 6)
+ 27402: mip =   7.410000000e+04 <=   9.887100000e+04  33.4% (10421; 6)
+ 27419: mip =   7.410000000e+04 <=   9.887100000e+04  33.4% (10432; 6)
+ 27453: mip =   7.410000000e+04 <=   9.887100000e+04  33.4% (10443; 6)
+ 27478: mip =   7.410000000e+04 <=   9.887100000e+04  33.4% (10454; 6)
+ 27506: mip =   7.410000000e+04 <=   9.887100000e+04  33.4% (10465; 6)
TIME LIMIT EXCEEDED; SEARCH TERMINATED
Time used:   3600.4 secs
Memory used: 32.7 Mb (34307844 bytes)
Writing MIP solution to `I100_SOL.sol'...
