GLPSOL: GLPK LP/MIP Solver, v4.52
Parameter(s) specified in the command line:
 --math math_model.mod -d I25_GLPK.dat -o I25_SOL.sol --log I25_LOG.log --tmlim
 3600
Reading model section from math_model.mod...
40 lines were read
Reading data section from I25_GLPK.dat...
5885 lines were read
Generating profit...
Generating CAP...
Model has been successfully generated
GLPK Integer Optimizer, v4.52
3202 rows, 5875 columns, 75750 non-zeros
5875 integer variables, all of which are binary
Preprocessing...
3201 rows, 5875 columns, 69875 non-zeros
5875 integer variables, all of which are binary
Scaling...
 A: min|aij| =  1.000e+01  max|aij| =  1.000e+02  ratio =  1.000e+01
GM: min|aij| =  1.000e+00  max|aij| =  1.000e+00  ratio =  1.000e+00
EQ: min|aij| =  1.000e+00  max|aij| =  1.000e+00  ratio =  1.000e+00
2N: min|aij| =  6.719e-01  max|aij| =  1.328e+00  ratio =  1.977e+00
Constructing initial basis...
Size of triangular part is 3201
Solving LP relaxation...
GLPK Simplex Optimizer, v4.52
3201 rows, 5875 columns, 69875 non-zeros
*     0: obj =   0.000000000e+00  infeas =  0.000e+00 (0)
*   500: obj =   3.684713436e+04  infeas =  0.000e+00 (0)
*  1000: obj =   6.656840012e+04  infeas =  3.331e-16 (0)
*  1500: obj =   8.166280944e+04  infeas =  1.776e-15 (0)
*  2000: obj =   9.178245780e+04  infeas =  1.952e-15 (0)
*  2500: obj =   9.837019981e+04  infeas =  5.895e-15 (0)
*  3000: obj =   1.032728452e+05  infeas =  3.417e-15 (0)
*  3500: obj =   1.051443463e+05  infeas =  7.105e-16 (0)
*  3645: obj =   1.052498032e+05  infeas =  7.105e-16 (0)
OPTIMAL LP SOLUTION FOUND
Integer optimization begins...
+  3645: mip =     not found yet <=              +inf        (1; 0)
+  3652: mip =     not found yet <=   1.052260000e+05        (7; 0)
+  3664: mip =     not found yet <=   1.052260000e+05        (13; 0)
+  3681: mip =     not found yet <=   1.052260000e+05        (19; 0)
+  3695: mip =     not found yet <=   1.052260000e+05        (25; 0)
+  3722: mip =     not found yet <=   1.052260000e+05        (31; 0)
+  3731: mip =     not found yet <=   1.052260000e+05        (37; 0)
+  3739: mip =     not found yet <=   1.052260000e+05        (43; 0)
+  3760: mip =     not found yet <=   1.052260000e+05        (49; 0)
+  3777: mip =     not found yet <=   1.052260000e+05        (55; 0)
+  3795: mip =     not found yet <=   1.052260000e+05        (61; 0)
+  3812: mip =     not found yet <=   1.052260000e+05        (67; 0)
Time used: 60.1 secs.  Memory used: 21.2 Mb.
+  3830: mip =     not found yet <=   1.052260000e+05        (73; 0)
+  3847: mip =     not found yet <=   1.052260000e+05        (79; 0)
+  3858: mip =     not found yet <=   1.052260000e+05        (85; 0)
+  3868: mip =     not found yet <=   1.052260000e+05        (91; 0)
+  3885: mip =     not found yet <=   1.052260000e+05        (97; 0)
+  3892: mip =     not found yet <=   1.052260000e+05        (103; 0)
+  3915: mip =     not found yet <=   1.052260000e+05        (109; 0)
+  3932: mip =     not found yet <=   1.052260000e+05        (116; 0)
+  3942: mip =     not found yet <=   1.052260000e+05        (123; 0)
+  3956: mip =     not found yet <=   1.052260000e+05        (130; 0)
+  3971: mip =     not found yet <=   1.052260000e+05        (137; 0)
+  4013: mip =     not found yet <=   1.052260000e+05        (144; 0)
Time used: 120.7 secs.  Memory used: 21.3 Mb.
+  4022: mip =     not found yet <=   1.052260000e+05        (151; 0)
+  4040: mip =     not found yet <=   1.052260000e+05        (158; 0)
+  4059: mip =     not found yet <=   1.052260000e+05        (165; 0)
+  4076: mip =     not found yet <=   1.052260000e+05        (172; 0)
+  4091: mip =     not found yet <=   1.052260000e+05        (179; 0)
+  4114: mip =     not found yet <=   1.052260000e+05        (186; 0)
+  4138: mip =     not found yet <=   1.052260000e+05        (193; 0)
+  4158: mip =     not found yet <=   1.052260000e+05        (200; 0)
+  4177: mip =     not found yet <=   1.052260000e+05        (207; 0)
+  4199: mip =     not found yet <=   1.052260000e+05        (214; 0)
+  4219: mip =     not found yet <=   1.052260000e+05        (221; 0)
Time used: 181.0 secs.  Memory used: 21.3 Mb.
+  4229: mip =     not found yet <=   1.052260000e+05        (228; 0)
+  4239: mip =     not found yet <=   1.052260000e+05        (235; 0)
+  4260: mip =     not found yet <=   1.052260000e+05        (242; 0)
+  4274: mip =     not found yet <=   1.052260000e+05        (249; 0)
+  4295: mip =     not found yet <=   1.052260000e+05        (256; 0)
+  4309: mip =     not found yet <=   1.052260000e+05        (263; 0)
+  4325: mip =     not found yet <=   1.052260000e+05        (270; 0)
+  4334: mip =     not found yet <=   1.052260000e+05        (277; 0)
+  4351: mip =     not found yet <=   1.052260000e+05        (284; 0)
+  4366: mip =     not found yet <=   1.052260000e+05        (291; 0)
+  4382: mip =     not found yet <=   1.052260000e+05        (298; 0)
Time used: 241.1 secs.  Memory used: 21.4 Mb.
+  4394: mip =     not found yet <=   1.052260000e+05        (305; 0)
+  4407: mip =     not found yet <=   1.052260000e+05        (312; 0)
+  4436: mip =     not found yet <=   1.052260000e+05        (319; 0)
+  4450: mip =     not found yet <=   1.052260000e+05        (326; 0)
+  4476: mip =     not found yet <=   1.052260000e+05        (333; 0)
+  4502: mip =     not found yet <=   1.052260000e+05        (341; 0)
+  4521: mip =     not found yet <=   1.052260000e+05        (349; 0)
+  4559: mip =     not found yet <=   1.052260000e+05        (357; 0)
+  4583: mip =     not found yet <=   1.052260000e+05        (365; 0)
+  4609: mip =     not found yet <=   1.052260000e+05        (373; 0)
+  4624: mip =     not found yet <=   1.052260000e+05        (381; 0)
Time used: 301.3 secs.  Memory used: 21.4 Mb.
+  4648: mip =     not found yet <=   1.052260000e+05        (389; 0)
+  4669: mip =     not found yet <=   1.052260000e+05        (397; 0)
+  4695: mip =     not found yet <=   1.052260000e+05        (405; 0)
+  4713: mip =     not found yet <=   1.052260000e+05        (413; 0)
+  4746: mip =     not found yet <=   1.052260000e+05        (421; 0)
+  4767: mip =     not found yet <=   1.052260000e+05        (429; 0)
+  4776: mip =     not found yet <=   1.052260000e+05        (437; 0)
+  4796: mip =     not found yet <=   1.052260000e+05        (445; 0)
+  4807: mip =     not found yet <=   1.052260000e+05        (453; 0)
+  4826: mip =     not found yet <=   1.052260000e+05        (461; 0)
+  4856: mip =     not found yet <=   1.052260000e+05        (469; 0)
+  4872: mip =     not found yet <=   1.052260000e+05        (478; 0)
Time used: 361.7 secs.  Memory used: 21.5 Mb.
+  4888: mip =     not found yet <=   1.052260000e+05        (487; 0)
+  4906: mip =     not found yet <=   1.052260000e+05        (496; 0)
+  4942: mip =     not found yet <=   1.052260000e+05        (505; 0)
+  4953: mip =     not found yet <=   1.052260000e+05        (514; 0)
+  4970: mip =     not found yet <=   1.052260000e+05        (523; 0)
+  4996: mip =     not found yet <=   1.052260000e+05        (532; 0)
+  5032: mip =     not found yet <=   1.052260000e+05        (541; 0)
+  5045: mip =     not found yet <=   1.052260000e+05        (550; 0)
+  5061: mip =     not found yet <=   1.052260000e+05        (559; 0)
+  5073: mip =     not found yet <=   1.052260000e+05        (568; 0)
+  5094: mip =     not found yet <=   1.052260000e+05        (577; 0)
Time used: 421.9 secs.  Memory used: 21.5 Mb.
+  5129: mip =     not found yet <=   1.052260000e+05        (586; 0)
+  5150: mip =     not found yet <=   1.052260000e+05        (596; 0)
+  5179: mip =     not found yet <=   1.052260000e+05        (606; 0)
+  5199: mip =     not found yet <=   1.052260000e+05        (616; 0)
+  5214: mip =     not found yet <=   1.052260000e+05        (626; 0)
+  5258: mip =     not found yet <=   1.052260000e+05        (636; 0)
+  5283: mip =     not found yet <=   1.052260000e+05        (646; 0)
+  5300: mip =     not found yet <=   1.052260000e+05        (656; 0)
+  5326: mip =     not found yet <=   1.052260000e+05        (666; 0)
+  5358: mip =     not found yet <=   1.052260000e+05        (677; 0)
+  5382: mip =     not found yet <=   1.052260000e+05        (688; 0)
+  5407: mip =     not found yet <=   1.052260000e+05        (699; 0)
Time used: 481.9 secs.  Memory used: 21.6 Mb.
+  5431: mip =     not found yet <=   1.052260000e+05        (710; 0)
+  5480: mip =     not found yet <=   1.052260000e+05        (721; 0)
+  5498: mip =     not found yet <=   1.052260000e+05        (732; 0)
+  5531: mip =     not found yet <=   1.052260000e+05        (743; 0)
+  5550: mip =     not found yet <=   1.052260000e+05        (754; 0)
+  5571: mip =     not found yet <=   1.052260000e+05        (766; 0)
+  5597: mip =     not found yet <=   1.052260000e+05        (777; 0)
+  5628: mip =     not found yet <=   1.052260000e+05        (789; 0)
+  5657: mip =     not found yet <=   1.052260000e+05        (801; 0)
+  5691: mip =     not found yet <=   1.052260000e+05        (813; 0)
+  5709: mip =     not found yet <=   1.052260000e+05        (825; 0)
Time used: 542.1 secs.  Memory used: 21.7 Mb.
+  5730: mip =     not found yet <=   1.052260000e+05        (837; 0)
+  5756: mip =     not found yet <=   1.052260000e+05        (849; 0)
+  5792: mip =     not found yet <=   1.052260000e+05        (862; 0)
+  5828: mip =     not found yet <=   1.052260000e+05        (875; 0)
+  5855: mip =     not found yet <=   1.052260000e+05        (888; 0)
+  5876: mip =     not found yet <=   1.052260000e+05        (902; 0)
+  5911: mip =     not found yet <=   1.052260000e+05        (916; 0)
+  5946: mip =     not found yet <=   1.052260000e+05        (930; 0)
+  5966: mip =     not found yet <=   1.052260000e+05        (944; 0)
+  6000: mip =     not found yet <=   1.052260000e+05        (959; 0)
+  6026: mip =     not found yet <=   1.052260000e+05        (974; 0)
+  6055: mip =     not found yet <=   1.052260000e+05        (989; 0)
Time used: 602.4 secs.  Memory used: 21.8 Mb.
+  6101: mip =     not found yet <=   1.052260000e+05        (1004; 0)
+  6146: mip =     not found yet <=   1.052260000e+05        (1020; 0)
+  6171: mip =     not found yet <=   1.052260000e+05        (1036; 0)
+  6196: mip =     not found yet <=   1.052260000e+05        (1052; 0)
+  6242: mip =     not found yet <=   1.052260000e+05        (1068; 0)
+  6292: mip =     not found yet <=   1.052260000e+05        (1085; 0)
+  6328: mip =     not found yet <=   1.052260000e+05        (1102; 0)
+  6364: mip =     not found yet <=   1.052260000e+05        (1120; 0)
+  6408: mip =     not found yet <=   1.052260000e+05        (1139; 0)
+  6448: mip =     not found yet <=   1.052260000e+05        (1158; 0)
+  6487: mip =     not found yet <=   1.052260000e+05        (1178; 0)
Time used: 662.6 secs.  Memory used: 21.9 Mb.
+  6547: mip =     not found yet <=   1.052260000e+05        (1199; 0)
+  6610: mip =     not found yet <=   1.052260000e+05        (1221; 0)
+  6656: mip =     not found yet <=   1.052260000e+05        (1244; 0)
+  6716: mip =     not found yet <=   1.052260000e+05        (1268; 0)
+  6767: mip =     not found yet <=   1.052260000e+05        (1293; 0)
+  6826: mip =     not found yet <=   1.052260000e+05        (1321; 0)
+  6894: mip =     not found yet <=   1.052260000e+05        (1351; 0)
+  6983: mip =     not found yet <=   1.052260000e+05        (1384; 0)
+  7070: mip =     not found yet <=   1.052260000e+05        (1421; 0)
+  7151: mip =     not found yet <=   1.052260000e+05        (1465; 0)
+  7271: mip =     not found yet <=   1.052260000e+05        (1519; 0)
+  7415: mip =     not found yet <=   1.052260000e+05        (1606; 0)
Solution found by heuristic: 77464
Time used: 723.0 secs.  Memory used: 22.3 Mb.
+  7566: mip =   7.746400000e+04 <=   1.051960000e+05  35.8% (1695; 1)
+  7577: mip =   7.746400000e+04 <=   1.051760000e+05  35.8% (1701; 1)
+  7595: mip =   7.746400000e+04 <=   1.051760000e+05  35.8% (1707; 1)
+  7607: mip =   7.746400000e+04 <=   1.051760000e+05  35.8% (1713; 1)
+  7638: mip =   7.746400000e+04 <=   1.051760000e+05  35.8% (1719; 1)
+  7645: mip =   7.746400000e+04 <=   1.051760000e+05  35.8% (1725; 1)
+  7660: mip =   7.746400000e+04 <=   1.051760000e+05  35.8% (1731; 1)
+  7676: mip =   7.746400000e+04 <=   1.051760000e+05  35.8% (1737; 1)
+  7696: mip =   7.746400000e+04 <=   1.051760000e+05  35.8% (1743; 1)
+  7709: mip =   7.746400000e+04 <=   1.051760000e+05  35.8% (1749; 1)
+  7726: mip =   7.746400000e+04 <=   1.051760000e+05  35.8% (1755; 1)
+  7745: mip =   7.746400000e+04 <=   1.051760000e+05  35.8% (1761; 1)
Time used: 783.7 secs.  Memory used: 22.3 Mb.
+  7761: mip =   7.746400000e+04 <=   1.051760000e+05  35.8% (1767; 1)
+  7773: mip =   7.746400000e+04 <=   1.051760000e+05  35.8% (1773; 1)
+  7785: mip =   7.746400000e+04 <=   1.051760000e+05  35.8% (1779; 1)
+  7804: mip =   7.746400000e+04 <=   1.051760000e+05  35.8% (1785; 1)
+  7811: mip =   7.746400000e+04 <=   1.051760000e+05  35.8% (1791; 1)
+  7835: mip =   7.746400000e+04 <=   1.051760000e+05  35.8% (1798; 1)
+  7852: mip =   7.746400000e+04 <=   1.051760000e+05  35.8% (1805; 1)
+  7865: mip =   7.746400000e+04 <=   1.051760000e+05  35.8% (1812; 1)
+  7879: mip =   7.746400000e+04 <=   1.051760000e+05  35.8% (1819; 1)
+  7891: mip =   7.746400000e+04 <=   1.051760000e+05  35.8% (1826; 1)
+  7933: mip =   7.746400000e+04 <=   1.051760000e+05  35.8% (1833; 1)
Time used: 844.4 secs.  Memory used: 22.3 Mb.
+  7943: mip =   7.746400000e+04 <=   1.051760000e+05  35.8% (1840; 1)
+  7961: mip =   7.746400000e+04 <=   1.051760000e+05  35.8% (1847; 1)
+  7980: mip =   7.746400000e+04 <=   1.051760000e+05  35.8% (1854; 1)
+  7997: mip =   7.746400000e+04 <=   1.051760000e+05  35.8% (1861; 1)
+  8012: mip =   7.746400000e+04 <=   1.051760000e+05  35.8% (1868; 1)
+  8035: mip =   7.746400000e+04 <=   1.051760000e+05  35.8% (1875; 1)
+  8059: mip =   7.746400000e+04 <=   1.051760000e+05  35.8% (1882; 1)
+  8079: mip =   7.746400000e+04 <=   1.051760000e+05  35.8% (1889; 1)
+  8098: mip =   7.746400000e+04 <=   1.051760000e+05  35.8% (1896; 1)
+  8120: mip =   7.746400000e+04 <=   1.051760000e+05  35.8% (1903; 1)
+  8140: mip =   7.746400000e+04 <=   1.051760000e+05  35.8% (1910; 1)
Time used: 904.5 secs.  Memory used: 22.4 Mb.
+  8150: mip =   7.746400000e+04 <=   1.051760000e+05  35.8% (1917; 1)
+  8160: mip =   7.746400000e+04 <=   1.051760000e+05  35.8% (1924; 1)
+  8181: mip =   7.746400000e+04 <=   1.051760000e+05  35.8% (1931; 1)
+  8195: mip =   7.746400000e+04 <=   1.051760000e+05  35.8% (1938; 1)
+  8216: mip =   7.746400000e+04 <=   1.051760000e+05  35.8% (1945; 1)
+  8230: mip =   7.746400000e+04 <=   1.051760000e+05  35.8% (1952; 1)
+  8246: mip =   7.746400000e+04 <=   1.051760000e+05  35.8% (1959; 1)
+  8255: mip =   7.746400000e+04 <=   1.051760000e+05  35.8% (1966; 1)
+  8272: mip =   7.746400000e+04 <=   1.051760000e+05  35.8% (1973; 1)
+  8287: mip =   7.746400000e+04 <=   1.051760000e+05  35.8% (1980; 1)
+  8303: mip =   7.746400000e+04 <=   1.051760000e+05  35.8% (1987; 1)
+  8315: mip =   7.746400000e+04 <=   1.051760000e+05  35.8% (1994; 1)
Time used: 965.1 secs.  Memory used: 22.4 Mb.
+  8328: mip =   7.746400000e+04 <=   1.051760000e+05  35.8% (2001; 1)
+  8357: mip =   7.746400000e+04 <=   1.051760000e+05  35.8% (2008; 1)
+  8371: mip =   7.746400000e+04 <=   1.051760000e+05  35.8% (2015; 1)
+  8405: mip =   7.746400000e+04 <=   1.051760000e+05  35.8% (2023; 1)
+  8424: mip =   7.746400000e+04 <=   1.051760000e+05  35.8% (2031; 1)
+  8453: mip =   7.746400000e+04 <=   1.051760000e+05  35.8% (2039; 1)
+  8481: mip =   7.746400000e+04 <=   1.051760000e+05  35.8% (2047; 1)
+  8511: mip =   7.746400000e+04 <=   1.051760000e+05  35.8% (2055; 1)
+  8534: mip =   7.746400000e+04 <=   1.051760000e+05  35.8% (2063; 1)
+  8556: mip =   7.746400000e+04 <=   1.051760000e+05  35.8% (2071; 1)
+  8572: mip =   7.746400000e+04 <=   1.051760000e+05  35.8% (2079; 1)
Time used: 1025.7 secs.  Memory used: 22.5 Mb.
+  8602: mip =   7.746400000e+04 <=   1.051760000e+05  35.8% (2087; 1)
+  8616: mip =   7.746400000e+04 <=   1.051760000e+05  35.8% (2095; 1)
+  8638: mip =   7.746400000e+04 <=   1.051760000e+05  35.8% (2103; 1)
+  8674: mip =   7.746400000e+04 <=   1.051760000e+05  35.8% (2111; 1)
+  8687: mip =   7.746400000e+04 <=   1.051760000e+05  35.8% (2119; 1)
+  8700: mip =   7.746400000e+04 <=   1.051760000e+05  35.8% (2127; 1)
+  8717: mip =   7.746400000e+04 <=   1.051760000e+05  35.8% (2135; 1)
+  8735: mip =   7.746400000e+04 <=   1.051760000e+05  35.8% (2143; 1)
+  8758: mip =   7.746400000e+04 <=   1.051760000e+05  35.8% (2152; 1)
+  8781: mip =   7.746400000e+04 <=   1.051760000e+05  35.8% (2160; 1)
+  8793: mip =   7.746400000e+04 <=   1.051760000e+05  35.8% (2169; 1)
+  8810: mip =   7.746400000e+04 <=   1.051760000e+05  35.8% (2178; 1)
Time used: 1086.0 secs.  Memory used: 22.5 Mb.
+  8842: mip =   7.746400000e+04 <=   1.051760000e+05  35.8% (2187; 1)
+  8863: mip =   7.746400000e+04 <=   1.051760000e+05  35.8% (2196; 1)
+  8879: mip =   7.746400000e+04 <=   1.051760000e+05  35.8% (2205; 1)
+  8898: mip =   7.746400000e+04 <=   1.051760000e+05  35.8% (2214; 1)
+  8928: mip =   7.746400000e+04 <=   1.051760000e+05  35.8% (2223; 1)
+  8955: mip =   7.746400000e+04 <=   1.051760000e+05  35.8% (2232; 1)
+  8966: mip =   7.746400000e+04 <=   1.051760000e+05  35.8% (2241; 1)
+  8984: mip =   7.746400000e+04 <=   1.051760000e+05  35.8% (2250; 1)
+  8999: mip =   7.746400000e+04 <=   1.051760000e+05  35.8% (2259; 1)
+  9035: mip =   7.746400000e+04 <=   1.051760000e+05  35.8% (2268; 1)
+  9062: mip =   7.746400000e+04 <=   1.051760000e+05  35.8% (2277; 1)
Time used: 1146.2 secs.  Memory used: 22.6 Mb.
+  9082: mip =   7.746400000e+04 <=   1.051760000e+05  35.8% (2287; 1)
+  9112: mip =   7.746400000e+04 <=   1.051760000e+05  35.8% (2297; 1)
+  9130: mip =   7.746400000e+04 <=   1.051760000e+05  35.8% (2307; 1)
+  9149: mip =   7.746400000e+04 <=   1.051760000e+05  35.8% (2317; 1)
+  9193: mip =   7.746400000e+04 <=   1.051760000e+05  35.8% (2327; 1)
+  9216: mip =   7.746400000e+04 <=   1.051760000e+05  35.8% (2337; 1)
+  9233: mip =   7.746400000e+04 <=   1.051760000e+05  35.8% (2347; 1)
+  9258: mip =   7.746400000e+04 <=   1.051760000e+05  35.8% (2357; 1)
+  9288: mip =   7.746400000e+04 <=   1.051760000e+05  35.8% (2367; 1)
+  9311: mip =   7.746400000e+04 <=   1.051760000e+05  35.8% (2377; 1)
+  9336: mip =   7.746400000e+04 <=   1.051760000e+05  35.8% (2388; 1)
+  9360: mip =   7.746400000e+04 <=   1.051760000e+05  35.8% (2399; 1)
Time used: 1206.6 secs.  Memory used: 22.6 Mb.
+  9409: mip =   7.746400000e+04 <=   1.051760000e+05  35.8% (2410; 1)
+  9427: mip =   7.746400000e+04 <=   1.051760000e+05  35.8% (2421; 1)
+  9460: mip =   7.746400000e+04 <=   1.051760000e+05  35.8% (2432; 1)
+  9479: mip =   7.746400000e+04 <=   1.051760000e+05  35.8% (2443; 1)
+  9500: mip =   7.746400000e+04 <=   1.051760000e+05  35.8% (2455; 1)
+  9529: mip =   7.746400000e+04 <=   1.051760000e+05  35.8% (2467; 1)
+  9559: mip =   7.746400000e+04 <=   1.051760000e+05  35.8% (2479; 1)
+  9590: mip =   7.746400000e+04 <=   1.051760000e+05  35.8% (2491; 1)
+  9622: mip =   7.746400000e+04 <=   1.051760000e+05  35.8% (2503; 1)
+  9640: mip =   7.746400000e+04 <=   1.051760000e+05  35.8% (2515; 1)
+  9663: mip =   7.746400000e+04 <=   1.051760000e+05  35.8% (2527; 1)
Time used: 1266.7 secs.  Memory used: 22.7 Mb.
+  9687: mip =   7.746400000e+04 <=   1.051760000e+05  35.8% (2539; 1)
+  9722: mip =   7.746400000e+04 <=   1.051760000e+05  35.8% (2552; 1)
+  9759: mip =   7.746400000e+04 <=   1.051760000e+05  35.8% (2565; 1)
+  9785: mip =   7.746400000e+04 <=   1.051760000e+05  35.8% (2578; 1)
+  9805: mip =   7.746400000e+04 <=   1.051760000e+05  35.8% (2591; 1)
+  9840: mip =   7.746400000e+04 <=   1.051760000e+05  35.8% (2605; 1)
+  9875: mip =   7.746400000e+04 <=   1.051760000e+05  35.8% (2619; 1)
+  9895: mip =   7.746400000e+04 <=   1.051760000e+05  35.8% (2633; 1)
+  9928: mip =   7.746400000e+04 <=   1.051760000e+05  35.8% (2647; 1)
+  9954: mip =   7.746400000e+04 <=   1.051760000e+05  35.8% (2662; 1)
+  9983: mip =   7.746400000e+04 <=   1.051760000e+05  35.8% (2677; 1)
+ 10014: mip =   7.746400000e+04 <=   1.051760000e+05  35.8% (2692; 1)
Time used: 1327.0 secs.  Memory used: 22.9 Mb.
+ 10034: mip =   7.746400000e+04 <=   1.051760000e+05  35.8% (2706; 1)
+ 10058: mip =   7.746400000e+04 <=   1.051760000e+05  35.8% (2721; 1)
+ 10103: mip =   7.746400000e+04 <=   1.051760000e+05  35.8% (2737; 1)
+ 10139: mip =   7.746400000e+04 <=   1.051760000e+05  35.8% (2753; 1)
+ 10190: mip =   7.746400000e+04 <=   1.051760000e+05  35.8% (2770; 1)
+ 10225: mip =   7.746400000e+04 <=   1.051760000e+05  35.8% (2787; 1)
+ 10268: mip =   7.746400000e+04 <=   1.051760000e+05  35.8% (2805; 1)
+ 10310: mip =   7.746400000e+04 <=   1.051760000e+05  35.8% (2824; 1)
+ 10352: mip =   7.746400000e+04 <=   1.051760000e+05  35.8% (2843; 1)
+ 10392: mip =   7.746400000e+04 <=   1.051760000e+05  35.8% (2863; 1)
+ 10451: mip =   7.746400000e+04 <=   1.051760000e+05  35.8% (2884; 1)
Time used: 1387.1 secs.  Memory used: 23.0 Mb.
+ 10513: mip =   7.746400000e+04 <=   1.051760000e+05  35.8% (2906; 1)
+ 10560: mip =   7.746400000e+04 <=   1.051760000e+05  35.8% (2929; 1)
+ 10621: mip =   7.746400000e+04 <=   1.051760000e+05  35.8% (2953; 1)
+ 10673: mip =   7.746400000e+04 <=   1.051760000e+05  35.8% (2978; 1)
+ 10728: mip =   7.746400000e+04 <=   1.051760000e+05  35.8% (3005; 1)
+ 10796: mip =   7.746400000e+04 <=   1.051760000e+05  35.8% (3035; 1)
+ 10881: mip =   7.746400000e+04 <=   1.051760000e+05  35.8% (3067; 1)
+ 10965: mip =   7.746400000e+04 <=   1.051760000e+05  35.8% (3103; 1)
+ 11061: mip =   7.746400000e+04 <=   1.051760000e+05  35.8% (3144; 1)
+ 11150: mip =   7.746400000e+04 <=   1.051760000e+05  35.8% (3192; 1)
+ 11281: mip =   7.746400000e+04 <=   1.051760000e+05  35.8% (3259; 1)
+ 11481: mip =   7.746400000e+04 <=   1.051550000e+05  35.7% (3376; 2)
Time used: 1447.3 secs.  Memory used: 23.3 Mb.
+ 11492: mip =   7.746400000e+04 <=   1.051550000e+05  35.7% (3382; 2)
+ 11510: mip =   7.746400000e+04 <=   1.051550000e+05  35.7% (3388; 2)
+ 11522: mip =   7.746400000e+04 <=   1.051550000e+05  35.7% (3394; 2)
+ 11553: mip =   7.746400000e+04 <=   1.051550000e+05  35.7% (3400; 2)
+ 11567: mip =   7.746400000e+04 <=   1.051550000e+05  35.7% (3406; 2)
+ 11575: mip =   7.746400000e+04 <=   1.051550000e+05  35.7% (3412; 2)
+ 11595: mip =   7.746400000e+04 <=   1.051550000e+05  35.7% (3418; 2)
+ 11610: mip =   7.746400000e+04 <=   1.051550000e+05  35.7% (3424; 2)
+ 11627: mip =   7.746400000e+04 <=   1.051550000e+05  35.7% (3430; 2)
+ 11641: mip =   7.746400000e+04 <=   1.051550000e+05  35.7% (3436; 2)
+ 11661: mip =   7.746400000e+04 <=   1.051550000e+05  35.7% (3442; 2)
+ 11670: mip =   7.746400000e+04 <=   1.051550000e+05  35.7% (3448; 2)
Time used: 1508.1 secs.  Memory used: 23.3 Mb.
+ 11690: mip =   7.746400000e+04 <=   1.051550000e+05  35.7% (3454; 2)
+ 11699: mip =   7.746400000e+04 <=   1.051550000e+05  35.7% (3460; 2)
+ 11713: mip =   7.746400000e+04 <=   1.051550000e+05  35.7% (3466; 2)
+ 11726: mip =   7.746400000e+04 <=   1.051550000e+05  35.7% (3473; 2)
+ 11750: mip =   7.746400000e+04 <=   1.051550000e+05  35.7% (3480; 2)
+ 11767: mip =   7.746400000e+04 <=   1.051550000e+05  35.7% (3487; 2)
+ 11777: mip =   7.746400000e+04 <=   1.051550000e+05  35.7% (3494; 2)
+ 11793: mip =   7.746400000e+04 <=   1.051550000e+05  35.7% (3501; 2)
+ 11806: mip =   7.746400000e+04 <=   1.051550000e+05  35.7% (3508; 2)
+ 11832: mip =   7.746400000e+04 <=   1.051550000e+05  35.7% (3515; 2)
+ 11857: mip =   7.746400000e+04 <=   1.051550000e+05  35.7% (3522; 2)
Time used: 1568.7 secs.  Memory used: 23.3 Mb.
+ 11876: mip =   7.746400000e+04 <=   1.051550000e+05  35.7% (3529; 2)
+ 11894: mip =   7.746400000e+04 <=   1.051550000e+05  35.7% (3536; 2)
+ 11911: mip =   7.746400000e+04 <=   1.051550000e+05  35.7% (3543; 2)
+ 11926: mip =   7.746400000e+04 <=   1.051550000e+05  35.7% (3550; 2)
+ 11945: mip =   7.746400000e+04 <=   1.051550000e+05  35.7% (3557; 2)
+ 11970: mip =   7.746400000e+04 <=   1.051550000e+05  35.7% (3564; 2)
+ 11989: mip =   7.746400000e+04 <=   1.051550000e+05  35.7% (3571; 2)
+ 12007: mip =   7.746400000e+04 <=   1.051550000e+05  35.7% (3578; 2)
+ 12024: mip =   7.746400000e+04 <=   1.051550000e+05  35.7% (3585; 2)
+ 12043: mip =   7.746400000e+04 <=   1.051550000e+05  35.7% (3592; 2)
+ 12054: mip =   7.746400000e+04 <=   1.051550000e+05  35.7% (3599; 2)
Time used: 1628.9 secs.  Memory used: 23.4 Mb.
+ 12065: mip =   7.746400000e+04 <=   1.051550000e+05  35.7% (3606; 2)
+ 12085: mip =   7.746400000e+04 <=   1.051550000e+05  35.7% (3613; 2)
+ 12101: mip =   7.746400000e+04 <=   1.051550000e+05  35.7% (3620; 2)
+ 12122: mip =   7.746400000e+04 <=   1.051550000e+05  35.7% (3627; 2)
+ 12137: mip =   7.746400000e+04 <=   1.051550000e+05  35.7% (3634; 2)
+ 12152: mip =   7.746400000e+04 <=   1.051550000e+05  35.7% (3641; 2)
+ 12158: mip =   7.746400000e+04 <=   1.051550000e+05  35.7% (3648; 2)
+ 12176: mip =   7.746400000e+04 <=   1.051550000e+05  35.7% (3655; 2)
+ 12191: mip =   7.746400000e+04 <=   1.051550000e+05  35.7% (3662; 2)
+ 12207: mip =   7.746400000e+04 <=   1.051550000e+05  35.7% (3669; 2)
+ 12218: mip =   7.746400000e+04 <=   1.051550000e+05  35.7% (3676; 2)
+ 12237: mip =   7.746400000e+04 <=   1.051550000e+05  35.7% (3683; 2)
Time used: 1689.5 secs.  Memory used: 23.4 Mb.
+ 12261: mip =   7.746400000e+04 <=   1.051550000e+05  35.7% (3690; 2)
+ 12275: mip =   7.746400000e+04 <=   1.051550000e+05  35.7% (3698; 2)
+ 12314: mip =   7.746400000e+04 <=   1.051550000e+05  35.7% (3706; 2)
+ 12332: mip =   7.746400000e+04 <=   1.051550000e+05  35.7% (3714; 2)
+ 12358: mip =   7.746400000e+04 <=   1.051550000e+05  35.7% (3722; 2)
+ 12384: mip =   7.746400000e+04 <=   1.051550000e+05  35.7% (3730; 2)
+ 12415: mip =   7.746400000e+04 <=   1.051550000e+05  35.7% (3738; 2)
+ 12431: mip =   7.746400000e+04 <=   1.051550000e+05  35.7% (3746; 2)
+ 12453: mip =   7.746400000e+04 <=   1.051550000e+05  35.7% (3754; 2)
+ 12470: mip =   7.746400000e+04 <=   1.051550000e+05  35.7% (3762; 2)
+ 12503: mip =   7.746400000e+04 <=   1.051550000e+05  35.7% (3770; 2)
Time used: 1749.5 secs.  Memory used: 23.5 Mb.
+ 12521: mip =   7.746400000e+04 <=   1.051550000e+05  35.7% (3778; 2)
+ 12539: mip =   7.746400000e+04 <=   1.051550000e+05  35.7% (3786; 2)
+ 12570: mip =   7.746400000e+04 <=   1.051550000e+05  35.7% (3794; 2)
+ 12583: mip =   7.746400000e+04 <=   1.051550000e+05  35.7% (3802; 2)
+ 12601: mip =   7.746400000e+04 <=   1.051550000e+05  35.7% (3810; 2)
+ 12613: mip =   7.746400000e+04 <=   1.051550000e+05  35.7% (3818; 2)
+ 12632: mip =   7.746400000e+04 <=   1.051550000e+05  35.7% (3826; 2)
+ 12659: mip =   7.746400000e+04 <=   1.051550000e+05  35.7% (3834; 2)
+ 12677: mip =   7.746400000e+04 <=   1.051550000e+05  35.7% (3843; 2)
+ 12689: mip =   7.746400000e+04 <=   1.051550000e+05  35.7% (3852; 2)
+ 12710: mip =   7.746400000e+04 <=   1.051550000e+05  35.7% (3861; 2)
Time used: 1809.8 secs.  Memory used: 23.5 Mb.
+ 12738: mip =   7.746400000e+04 <=   1.051550000e+05  35.7% (3870; 2)
+ 12759: mip =   7.746400000e+04 <=   1.051550000e+05  35.7% (3879; 2)
+ 12777: mip =   7.746400000e+04 <=   1.051550000e+05  35.7% (3888; 2)
+ 12802: mip =   7.746400000e+04 <=   1.051550000e+05  35.7% (3897; 2)
+ 12815: mip =   7.746400000e+04 <=   1.051550000e+05  35.7% (3906; 2)
+ 12830: mip =   7.746400000e+04 <=   1.051550000e+05  35.7% (3915; 2)
+ 12843: mip =   7.746400000e+04 <=   1.051550000e+05  35.7% (3924; 2)
+ 12863: mip =   7.746400000e+04 <=   1.051550000e+05  35.7% (3933; 2)
+ 12899: mip =   7.746400000e+04 <=   1.051550000e+05  35.7% (3942; 2)
+ 12916: mip =   7.746400000e+04 <=   1.051550000e+05  35.7% (3951; 2)
+ 12940: mip =   7.746400000e+04 <=   1.051550000e+05  35.7% (3960; 2)
Time used: 1869.9 secs.  Memory used: 23.6 Mb.
+ 12965: mip =   7.746400000e+04 <=   1.051550000e+05  35.7% (3970; 2)
+ 12980: mip =   7.746400000e+04 <=   1.051550000e+05  35.7% (3980; 2)
+ 13020: mip =   7.746400000e+04 <=   1.051550000e+05  35.7% (3990; 2)
+ 13044: mip =   7.746400000e+04 <=   1.051550000e+05  35.7% (4000; 2)
+ 13065: mip =   7.746400000e+04 <=   1.051550000e+05  35.7% (4010; 2)
+ 13089: mip =   7.746400000e+04 <=   1.051550000e+05  35.7% (4020; 2)
+ 13122: mip =   7.746400000e+04 <=   1.051550000e+05  35.7% (4031; 2)
+ 13148: mip =   7.746400000e+04 <=   1.051550000e+05  35.7% (4042; 2)
+ 13170: mip =   7.746400000e+04 <=   1.051550000e+05  35.7% (4053; 2)
+ 13199: mip =   7.746400000e+04 <=   1.051550000e+05  35.7% (4064; 2)
+ 13241: mip =   7.746400000e+04 <=   1.051550000e+05  35.7% (4075; 2)
+ 13266: mip =   7.746400000e+04 <=   1.051550000e+05  35.7% (4086; 2)
Time used: 1929.9 secs.  Memory used: 23.6 Mb.
+ 13294: mip =   7.746400000e+04 <=   1.051550000e+05  35.7% (4097; 2)
+ 13318: mip =   7.746400000e+04 <=   1.051550000e+05  35.7% (4108; 2)
+ 13333: mip =   7.746400000e+04 <=   1.051550000e+05  35.7% (4120; 2)
+ 13354: mip =   7.746400000e+04 <=   1.051550000e+05  35.7% (4132; 2)
+ 13391: mip =   7.746400000e+04 <=   1.051550000e+05  35.7% (4144; 2)
+ 13421: mip =   7.746400000e+04 <=   1.051550000e+05  35.7% (4156; 2)
+ 13446: mip =   7.746400000e+04 <=   1.051550000e+05  35.7% (4168; 2)
+ 13478: mip =   7.746400000e+04 <=   1.051550000e+05  35.7% (4180; 2)
+ 13496: mip =   7.746400000e+04 <=   1.051550000e+05  35.7% (4192; 2)
+ 13519: mip =   7.746400000e+04 <=   1.051550000e+05  35.7% (4204; 2)
+ 13543: mip =   7.746400000e+04 <=   1.051550000e+05  35.7% (4216; 2)
Time used: 1990.1 secs.  Memory used: 23.7 Mb.
+ 13578: mip =   7.746400000e+04 <=   1.051550000e+05  35.7% (4229; 2)
+ 13615: mip =   7.746400000e+04 <=   1.051550000e+05  35.7% (4242; 2)
+ 13641: mip =   7.746400000e+04 <=   1.051550000e+05  35.7% (4255; 2)
+ 13661: mip =   7.746400000e+04 <=   1.051550000e+05  35.7% (4268; 2)
+ 13696: mip =   7.746400000e+04 <=   1.051550000e+05  35.7% (4282; 2)
+ 13731: mip =   7.746400000e+04 <=   1.051550000e+05  35.7% (4296; 2)
+ 13751: mip =   7.746400000e+04 <=   1.051550000e+05  35.7% (4310; 2)
+ 13785: mip =   7.746400000e+04 <=   1.051550000e+05  35.7% (4325; 2)
+ 13811: mip =   7.746400000e+04 <=   1.051550000e+05  35.7% (4340; 2)
+ 13840: mip =   7.746400000e+04 <=   1.051550000e+05  35.7% (4355; 2)
+ 13886: mip =   7.746400000e+04 <=   1.051550000e+05  35.7% (4370; 2)
+ 13930: mip =   7.746400000e+04 <=   1.051550000e+05  35.7% (4385; 2)
Time used: 2050.4 secs.  Memory used: 23.8 Mb.
+ 13955: mip =   7.746400000e+04 <=   1.051550000e+05  35.7% (4401; 2)
+ 13980: mip =   7.746400000e+04 <=   1.051550000e+05  35.7% (4417; 2)
+ 14025: mip =   7.746400000e+04 <=   1.051550000e+05  35.7% (4433; 2)
+ 14066: mip =   7.746400000e+04 <=   1.051550000e+05  35.7% (4450; 2)
+ 14112: mip =   7.746400000e+04 <=   1.051550000e+05  35.7% (4467; 2)
+ 14147: mip =   7.746400000e+04 <=   1.051550000e+05  35.7% (4485; 2)
+ 14192: mip =   7.746400000e+04 <=   1.051550000e+05  35.7% (4504; 2)
+ 14231: mip =   7.746400000e+04 <=   1.051550000e+05  35.7% (4523; 2)
+ 14292: mip =   7.746400000e+04 <=   1.051550000e+05  35.7% (4543; 2)
+ 14328: mip =   7.746400000e+04 <=   1.051550000e+05  35.7% (4564; 2)
+ 14384: mip =   7.746400000e+04 <=   1.051550000e+05  35.7% (4586; 2)
+ 14453: mip =   7.746400000e+04 <=   1.051550000e+05  35.7% (4609; 2)
Time used: 2110.6 secs.  Memory used: 23.9 Mb.
+ 14503: mip =   7.746400000e+04 <=   1.051550000e+05  35.7% (4633; 2)
+ 14564: mip =   7.746400000e+04 <=   1.051550000e+05  35.7% (4658; 2)
+ 14616: mip =   7.746400000e+04 <=   1.051550000e+05  35.7% (4684; 2)
+ 14684: mip =   7.746400000e+04 <=   1.051550000e+05  35.7% (4714; 2)
+ 14770: mip =   7.746400000e+04 <=   1.051550000e+05  35.7% (4747; 2)
+ 14857: mip =   7.746400000e+04 <=   1.051550000e+05  35.7% (4784; 2)
+ 14944: mip =   7.746400000e+04 <=   1.051550000e+05  35.7% (4828; 2)
+ 15058: mip =   7.746400000e+04 <=   1.051550000e+05  35.7% (4882; 2)
+ 15203: mip =   7.746400000e+04 <=   1.051550000e+05  35.7% (4968; 2)
Solution found by heuristic: 77528
+ 15356: mip =   7.752800000e+04 <=   1.051550000e+05  35.6% (5048; 29)
+ 15374: mip =   7.752800000e+04 <=   1.051550000e+05  35.6% (5054; 29)
+ 15386: mip =   7.752800000e+04 <=   1.051550000e+05  35.6% (5060; 29)
Time used: 2171.3 secs.  Memory used: 24.2 Mb.
+ 15415: mip =   7.752800000e+04 <=   1.051550000e+05  35.6% (5066; 29)
+ 15424: mip =   7.752800000e+04 <=   1.051550000e+05  35.6% (5072; 29)
+ 15432: mip =   7.752800000e+04 <=   1.051550000e+05  35.6% (5078; 29)
+ 15453: mip =   7.752800000e+04 <=   1.051550000e+05  35.6% (5084; 29)
+ 15470: mip =   7.752800000e+04 <=   1.051550000e+05  35.6% (5090; 29)
+ 15483: mip =   7.752800000e+04 <=   1.051550000e+05  35.6% (5096; 29)
+ 15503: mip =   7.752800000e+04 <=   1.051550000e+05  35.6% (5102; 29)
+ 15523: mip =   7.752800000e+04 <=   1.051550000e+05  35.6% (5108; 29)
+ 15537: mip =   7.752800000e+04 <=   1.051550000e+05  35.6% (5114; 29)
+ 15551: mip =   7.752800000e+04 <=   1.051550000e+05  35.6% (5120; 29)
+ 15559: mip =   7.752800000e+04 <=   1.051550000e+05  35.6% (5126; 29)
+ 15576: mip =   7.752800000e+04 <=   1.051550000e+05  35.6% (5132; 29)
Time used: 2231.4 secs.  Memory used: 24.4 Mb.
+ 15591: mip =   7.752800000e+04 <=   1.051550000e+05  35.6% (5139; 29)
+ 15615: mip =   7.752800000e+04 <=   1.051550000e+05  35.6% (5146; 29)
+ 15632: mip =   7.752800000e+04 <=   1.051550000e+05  35.6% (5153; 29)
+ 15642: mip =   7.752800000e+04 <=   1.051550000e+05  35.6% (5160; 29)
+ 15656: mip =   7.752800000e+04 <=   1.051550000e+05  35.6% (5167; 29)
+ 15671: mip =   7.752800000e+04 <=   1.051550000e+05  35.6% (5174; 29)
+ 15713: mip =   7.752800000e+04 <=   1.051550000e+05  35.6% (5181; 29)
+ 15722: mip =   7.752800000e+04 <=   1.051550000e+05  35.6% (5188; 29)
+ 15740: mip =   7.752800000e+04 <=   1.051550000e+05  35.6% (5195; 29)
+ 15759: mip =   7.752800000e+04 <=   1.051550000e+05  35.6% (5202; 29)
Time used: 2291.9 secs.  Memory used: 24.4 Mb.
+ 15775: mip =   7.752800000e+04 <=   1.051550000e+05  35.6% (5209; 29)
+ 15792: mip =   7.752800000e+04 <=   1.051550000e+05  35.6% (5216; 29)
+ 15812: mip =   7.752800000e+04 <=   1.051550000e+05  35.6% (5223; 29)
+ 15835: mip =   7.752800000e+04 <=   1.051550000e+05  35.6% (5230; 29)
+ 15856: mip =   7.752800000e+04 <=   1.051550000e+05  35.6% (5237; 29)
+ 15877: mip =   7.752800000e+04 <=   1.051550000e+05  35.6% (5244; 29)
+ 15899: mip =   7.752800000e+04 <=   1.051550000e+05  35.6% (5251; 29)
+ 15917: mip =   7.752800000e+04 <=   1.051550000e+05  35.6% (5258; 29)
+ 15928: mip =   7.752800000e+04 <=   1.051550000e+05  35.6% (5265; 29)
+ 15939: mip =   7.752800000e+04 <=   1.051550000e+05  35.6% (5272; 29)
+ 15959: mip =   7.752800000e+04 <=   1.051550000e+05  35.6% (5279; 29)
Time used: 2351.9 secs.  Memory used: 24.4 Mb.
+ 15973: mip =   7.752800000e+04 <=   1.051550000e+05  35.6% (5286; 29)
+ 15992: mip =   7.752800000e+04 <=   1.051550000e+05  35.6% (5293; 29)
+ 16007: mip =   7.752800000e+04 <=   1.051550000e+05  35.6% (5300; 29)
+ 16023: mip =   7.752800000e+04 <=   1.051550000e+05  35.6% (5307; 29)
+ 16035: mip =   7.752800000e+04 <=   1.051550000e+05  35.6% (5314; 29)
+ 16050: mip =   7.752800000e+04 <=   1.051550000e+05  35.6% (5321; 29)
+ 16066: mip =   7.752800000e+04 <=   1.051550000e+05  35.6% (5328; 29)
+ 16081: mip =   7.752800000e+04 <=   1.051550000e+05  35.6% (5335; 29)
+ 16092: mip =   7.752800000e+04 <=   1.051550000e+05  35.6% (5342; 29)
+ 16107: mip =   7.752800000e+04 <=   1.051550000e+05  35.6% (5349; 29)
+ 16128: mip =   7.752800000e+04 <=   1.051550000e+05  35.6% (5356; 29)
+ 16151: mip =   7.752800000e+04 <=   1.051550000e+05  35.6% (5364; 29)
Time used: 2412.4 secs.  Memory used: 24.4 Mb.
+ 16185: mip =   7.752800000e+04 <=   1.051550000e+05  35.6% (5372; 29)
+ 16204: mip =   7.752800000e+04 <=   1.051550000e+05  35.6% (5380; 29)
+ 16233: mip =   7.752800000e+04 <=   1.051550000e+05  35.6% (5388; 29)
+ 16261: mip =   7.752800000e+04 <=   1.051550000e+05  35.6% (5396; 29)
+ 16286: mip =   7.752800000e+04 <=   1.051550000e+05  35.6% (5404; 29)
+ 16311: mip =   7.752800000e+04 <=   1.051550000e+05  35.6% (5412; 29)
+ 16327: mip =   7.752800000e+04 <=   1.051550000e+05  35.6% (5420; 29)
+ 16350: mip =   7.752800000e+04 <=   1.051550000e+05  35.6% (5428; 29)
+ 16378: mip =   7.752800000e+04 <=   1.051550000e+05  35.6% (5436; 29)
+ 16394: mip =   7.752800000e+04 <=   1.051550000e+05  35.6% (5444; 29)
+ 16415: mip =   7.752800000e+04 <=   1.051550000e+05  35.6% (5452; 29)
Time used: 2473.0 secs.  Memory used: 24.5 Mb.
+ 16447: mip =   7.752800000e+04 <=   1.051550000e+05  35.6% (5460; 29)
+ 16466: mip =   7.752800000e+04 <=   1.051550000e+05  35.6% (5468; 29)
+ 16478: mip =   7.752800000e+04 <=   1.051550000e+05  35.6% (5476; 29)
+ 16494: mip =   7.752800000e+04 <=   1.051550000e+05  35.6% (5484; 29)
+ 16512: mip =   7.752800000e+04 <=   1.051550000e+05  35.6% (5492; 29)
+ 16533: mip =   7.752800000e+04 <=   1.051550000e+05  35.6% (5500; 29)
+ 16556: mip =   7.752800000e+04 <=   1.051550000e+05  35.6% (5508; 29)
+ 16568: mip =   7.752800000e+04 <=   1.051550000e+05  35.6% (5517; 29)
+ 16585: mip =   7.752800000e+04 <=   1.051550000e+05  35.6% (5526; 29)
+ 16617: mip =   7.752800000e+04 <=   1.051550000e+05  35.6% (5535; 29)
+ 16638: mip =   7.752800000e+04 <=   1.051550000e+05  35.6% (5544; 29)
+ 16654: mip =   7.752800000e+04 <=   1.051550000e+05  35.6% (5553; 29)
Time used: 2533.0 secs.  Memory used: 24.6 Mb.
+ 16673: mip =   7.752800000e+04 <=   1.051550000e+05  35.6% (5562; 29)
+ 16703: mip =   7.752800000e+04 <=   1.051550000e+05  35.6% (5571; 29)
+ 16730: mip =   7.752800000e+04 <=   1.051550000e+05  35.6% (5580; 29)
+ 16741: mip =   7.752800000e+04 <=   1.051550000e+05  35.6% (5589; 29)
+ 16759: mip =   7.752800000e+04 <=   1.051550000e+05  35.6% (5598; 29)
+ 16772: mip =   7.752800000e+04 <=   1.051550000e+05  35.6% (5607; 29)
+ 16803: mip =   7.752800000e+04 <=   1.051550000e+05  35.6% (5616; 29)
+ 16830: mip =   7.752800000e+04 <=   1.051550000e+05  35.6% (5626; 29)
+ 16850: mip =   7.752800000e+04 <=   1.051550000e+05  35.6% (5636; 29)
+ 16880: mip =   7.752800000e+04 <=   1.051550000e+05  35.6% (5646; 29)
+ 16900: mip =   7.752800000e+04 <=   1.051550000e+05  35.6% (5656; 29)
Time used: 2593.2 secs.  Memory used: 24.6 Mb.
+ 16927: mip =   7.752800000e+04 <=   1.051550000e+05  35.6% (5666; 29)
+ 16955: mip =   7.752800000e+04 <=   1.051550000e+05  35.6% (5676; 29)
+ 16978: mip =   7.752800000e+04 <=   1.051550000e+05  35.6% (5686; 29)
+ 17000: mip =   7.752800000e+04 <=   1.051550000e+05  35.6% (5696; 29)
+ 17022: mip =   7.752800000e+04 <=   1.051550000e+05  35.6% (5706; 29)
+ 17059: mip =   7.752800000e+04 <=   1.051550000e+05  35.6% (5717; 29)
+ 17079: mip =   7.752800000e+04 <=   1.051550000e+05  35.6% (5728; 29)
+ 17108: mip =   7.752800000e+04 <=   1.051550000e+05  35.6% (5739; 29)
+ 17150: mip =   7.752800000e+04 <=   1.051550000e+05  35.6% (5750; 29)
+ 17177: mip =   7.752800000e+04 <=   1.051550000e+05  35.6% (5761; 29)
+ 17204: mip =   7.752800000e+04 <=   1.051550000e+05  35.6% (5772; 29)
+ 17229: mip =   7.752800000e+04 <=   1.051550000e+05  35.6% (5783; 29)
Time used: 2653.4 secs.  Memory used: 24.7 Mb.
+ 17242: mip =   7.752800000e+04 <=   1.051550000e+05  35.6% (5794; 29)
+ 17263: mip =   7.752800000e+04 <=   1.051550000e+05  35.6% (5806; 29)
+ 17298: mip =   7.752800000e+04 <=   1.051550000e+05  35.6% (5818; 29)
+ 17325: mip =   7.752800000e+04 <=   1.051550000e+05  35.6% (5830; 29)
+ 17356: mip =   7.752800000e+04 <=   1.051550000e+05  35.6% (5842; 29)
+ 17379: mip =   7.752800000e+04 <=   1.051550000e+05  35.6% (5854; 29)
+ 17401: mip =   7.752800000e+04 <=   1.051550000e+05  35.6% (5866; 29)
+ 17429: mip =   7.752800000e+04 <=   1.051550000e+05  35.6% (5879; 29)
+ 17463: mip =   7.752800000e+04 <=   1.051550000e+05  35.6% (5892; 29)
+ 17507: mip =   7.752800000e+04 <=   1.051550000e+05  35.6% (5905; 29)
+ 17526: mip =   7.752800000e+04 <=   1.051550000e+05  35.6% (5918; 29)
Time used: 2713.4 secs.  Memory used: 24.7 Mb.
+ 17552: mip =   7.752800000e+04 <=   1.051550000e+05  35.6% (5931; 29)
+ 17585: mip =   7.752800000e+04 <=   1.051550000e+05  35.6% (5945; 29)
+ 17623: mip =   7.752800000e+04 <=   1.051550000e+05  35.6% (5959; 29)
+ 17643: mip =   7.752800000e+04 <=   1.051550000e+05  35.6% (5973; 29)
+ 17671: mip =   7.752800000e+04 <=   1.051550000e+05  35.6% (5987; 29)
+ 17702: mip =   7.752800000e+04 <=   1.051550000e+05  35.6% (6002; 29)
+ 17733: mip =   7.752800000e+04 <=   1.051550000e+05  35.6% (6017; 29)
+ 17761: mip =   7.752800000e+04 <=   1.051550000e+05  35.6% (6032; 29)
+ 17816: mip =   7.752800000e+04 <=   1.051550000e+05  35.6% (6047; 29)
+ 17850: mip =   7.752800000e+04 <=   1.051550000e+05  35.6% (6063; 29)
+ 17869: mip =   7.752800000e+04 <=   1.051550000e+05  35.6% (6079; 29)
+ 17912: mip =   7.752800000e+04 <=   1.051550000e+05  35.6% (6095; 29)
Time used: 2773.7 secs.  Memory used: 24.8 Mb.
+ 17943: mip =   7.752800000e+04 <=   1.051550000e+05  35.6% (6112; 29)
+ 17990: mip =   7.752800000e+04 <=   1.051550000e+05  35.6% (6129; 29)
+ 18029: mip =   7.752800000e+04 <=   1.051550000e+05  35.6% (6147; 29)
+ 18068: mip =   7.752800000e+04 <=   1.051550000e+05  35.6% (6165; 29)
+ 18113: mip =   7.752800000e+04 <=   1.051550000e+05  35.6% (6184; 29)
+ 18152: mip =   7.752800000e+04 <=   1.051550000e+05  35.6% (6204; 29)
+ 18201: mip =   7.752800000e+04 <=   1.051550000e+05  35.6% (6224; 29)
+ 18253: mip =   7.752800000e+04 <=   1.051550000e+05  35.6% (6245; 29)
+ 18312: mip =   7.752800000e+04 <=   1.051550000e+05  35.6% (6267; 29)
+ 18360: mip =   7.752800000e+04 <=   1.051550000e+05  35.6% (6290; 29)
+ 18421: mip =   7.752800000e+04 <=   1.051550000e+05  35.6% (6315; 29)
Time used: 2833.8 secs.  Memory used: 25.0 Mb.
+ 18479: mip =   7.752800000e+04 <=   1.051550000e+05  35.6% (6341; 29)
+ 18538: mip =   7.752800000e+04 <=   1.051550000e+05  35.6% (6370; 29)
+ 18615: mip =   7.752800000e+04 <=   1.051550000e+05  35.6% (6401; 29)
+ 18703: mip =   7.752800000e+04 <=   1.051550000e+05  35.6% (6436; 29)
+ 18793: mip =   7.752800000e+04 <=   1.051550000e+05  35.6% (6475; 29)
+ 18877: mip =   7.752800000e+04 <=   1.051550000e+05  35.6% (6523; 29)
+ 19014: mip =   7.752800000e+04 <=   1.051550000e+05  35.6% (6589; 29)
+ 19226: mip =   7.752800000e+04 <=   1.051430000e+05  35.6% (6710; 30)
+ 19237: mip =   7.752800000e+04 <=   1.051430000e+05  35.6% (6716; 30)
+ 19255: mip =   7.752800000e+04 <=   1.051430000e+05  35.6% (6722; 30)
+ 19267: mip =   7.752800000e+04 <=   1.051430000e+05  35.6% (6728; 30)
+ 19298: mip =   7.752800000e+04 <=   1.051430000e+05  35.6% (6734; 30)
Time used: 2894.2 secs.  Memory used: 25.2 Mb.
+ 19313: mip =   7.752800000e+04 <=   1.051430000e+05  35.6% (6740; 30)
+ 19321: mip =   7.752800000e+04 <=   1.051430000e+05  35.6% (6746; 30)
+ 19342: mip =   7.752800000e+04 <=   1.051430000e+05  35.6% (6752; 30)
+ 19359: mip =   7.752800000e+04 <=   1.051430000e+05  35.6% (6758; 30)
+ 19372: mip =   7.752800000e+04 <=   1.051430000e+05  35.6% (6764; 30)
+ 19390: mip =   7.752800000e+04 <=   1.051430000e+05  35.6% (6770; 30)
+ 19408: mip =   7.752800000e+04 <=   1.051430000e+05  35.6% (6776; 30)
+ 19425: mip =   7.752800000e+04 <=   1.051430000e+05  35.6% (6782; 30)
+ 19436: mip =   7.752800000e+04 <=   1.051430000e+05  35.6% (6788; 30)
+ 19446: mip =   7.752800000e+04 <=   1.051430000e+05  35.6% (6794; 30)
+ 19461: mip =   7.752800000e+04 <=   1.051430000e+05  35.6% (6800; 30)
+ 19475: mip =   7.752800000e+04 <=   1.051430000e+05  35.6% (6806; 30)
Time used: 2954.6 secs.  Memory used: 25.2 Mb.
+ 19491: mip =   7.752800000e+04 <=   1.051430000e+05  35.6% (6812; 30)
+ 19512: mip =   7.752800000e+04 <=   1.051430000e+05  35.6% (6818; 30)
+ 19524: mip =   7.752800000e+04 <=   1.051430000e+05  35.6% (6825; 30)
+ 19540: mip =   7.752800000e+04 <=   1.051430000e+05  35.6% (6832; 30)
+ 19552: mip =   7.752800000e+04 <=   1.051430000e+05  35.6% (6839; 30)
+ 19570: mip =   7.752800000e+04 <=   1.051430000e+05  35.6% (6846; 30)
+ 19604: mip =   7.752800000e+04 <=   1.051430000e+05  35.6% (6853; 30)
+ 19619: mip =   7.752800000e+04 <=   1.051430000e+05  35.6% (6860; 30)
+ 19640: mip =   7.752800000e+04 <=   1.051430000e+05  35.6% (6867; 30)
+ 19651: mip =   7.752800000e+04 <=   1.051430000e+05  35.6% (6874; 30)
+ 19668: mip =   7.752800000e+04 <=   1.051430000e+05  35.6% (6881; 30)
Time used: 3015.3 secs.  Memory used: 25.3 Mb.
+ 19690: mip =   7.752800000e+04 <=   1.051430000e+05  35.6% (6888; 30)
+ 19706: mip =   7.752800000e+04 <=   1.051430000e+05  35.6% (6895; 30)
+ 19734: mip =   7.752800000e+04 <=   1.051430000e+05  35.6% (6902; 30)
+ 19753: mip =   7.752800000e+04 <=   1.051430000e+05  35.6% (6909; 30)
+ 19771: mip =   7.752800000e+04 <=   1.051430000e+05  35.6% (6916; 30)
+ 19789: mip =   7.752800000e+04 <=   1.051430000e+05  35.6% (6923; 30)
+ 19800: mip =   7.752800000e+04 <=   1.051430000e+05  35.6% (6930; 30)
+ 19811: mip =   7.752800000e+04 <=   1.051430000e+05  35.6% (6937; 30)
+ 19831: mip =   7.752800000e+04 <=   1.051430000e+05  35.6% (6944; 30)
+ 19845: mip =   7.752800000e+04 <=   1.051430000e+05  35.6% (6951; 30)
+ 19864: mip =   7.752800000e+04 <=   1.051430000e+05  35.6% (6958; 30)
Time used: 3075.9 secs.  Memory used: 25.3 Mb.
+ 19879: mip =   7.752800000e+04 <=   1.051430000e+05  35.6% (6965; 30)
+ 19895: mip =   7.752800000e+04 <=   1.051430000e+05  35.6% (6972; 30)
+ 19907: mip =   7.752800000e+04 <=   1.051430000e+05  35.6% (6979; 30)
+ 19920: mip =   7.752800000e+04 <=   1.051430000e+05  35.6% (6986; 30)
+ 19937: mip =   7.752800000e+04 <=   1.051430000e+05  35.6% (6993; 30)
+ 19953: mip =   7.752800000e+04 <=   1.051430000e+05  35.6% (7000; 30)
+ 19964: mip =   7.752800000e+04 <=   1.051430000e+05  35.6% (7007; 30)
+ 19976: mip =   7.752800000e+04 <=   1.051430000e+05  35.6% (7014; 30)
+ 20001: mip =   7.752800000e+04 <=   1.051430000e+05  35.6% (7022; 30)
+ 20023: mip =   7.752800000e+04 <=   1.051430000e+05  35.6% (7030; 30)
+ 20051: mip =   7.752800000e+04 <=   1.051430000e+05  35.6% (7038; 30)
Time used: 3136.0 secs.  Memory used: 25.4 Mb.
+ 20077: mip =   7.752800000e+04 <=   1.051430000e+05  35.6% (7046; 30)
+ 20096: mip =   7.752800000e+04 <=   1.051430000e+05  35.6% (7054; 30)
+ 20131: mip =   7.752800000e+04 <=   1.051430000e+05  35.6% (7062; 30)
+ 20162: mip =   7.752800000e+04 <=   1.051430000e+05  35.6% (7070; 30)
+ 20178: mip =   7.752800000e+04 <=   1.051430000e+05  35.6% (7078; 30)
+ 20200: mip =   7.752800000e+04 <=   1.051430000e+05  35.6% (7086; 30)
+ 20217: mip =   7.752800000e+04 <=   1.051430000e+05  35.6% (7094; 30)
+ 20250: mip =   7.752800000e+04 <=   1.051430000e+05  35.6% (7102; 30)
+ 20268: mip =   7.752800000e+04 <=   1.051430000e+05  35.6% (7110; 30)
+ 20286: mip =   7.752800000e+04 <=   1.051430000e+05  35.6% (7118; 30)
+ 20317: mip =   7.752800000e+04 <=   1.051430000e+05  35.6% (7126; 30)
+ 20330: mip =   7.752800000e+04 <=   1.051430000e+05  35.6% (7134; 30)
Time used: 3196.1 secs.  Memory used: 25.4 Mb.
+ 20348: mip =   7.752800000e+04 <=   1.051430000e+05  35.6% (7142; 30)
+ 20360: mip =   7.752800000e+04 <=   1.051430000e+05  35.6% (7150; 30)
+ 20379: mip =   7.752800000e+04 <=   1.051430000e+05  35.6% (7158; 30)
+ 20406: mip =   7.752800000e+04 <=   1.051430000e+05  35.6% (7166; 30)
+ 20424: mip =   7.752800000e+04 <=   1.051430000e+05  35.6% (7175; 30)
+ 20436: mip =   7.752800000e+04 <=   1.051430000e+05  35.6% (7184; 30)
+ 20457: mip =   7.752800000e+04 <=   1.051430000e+05  35.6% (7193; 30)
+ 20485: mip =   7.752800000e+04 <=   1.051430000e+05  35.6% (7202; 30)
+ 20505: mip =   7.752800000e+04 <=   1.051430000e+05  35.6% (7210; 30)
+ 20521: mip =   7.752800000e+04 <=   1.051430000e+05  35.6% (7219; 30)
+ 20548: mip =   7.752800000e+04 <=   1.051430000e+05  35.6% (7228; 30)
Time used: 3256.5 secs.  Memory used: 25.5 Mb.
+ 20561: mip =   7.752800000e+04 <=   1.051430000e+05  35.6% (7237; 30)
+ 20575: mip =   7.752800000e+04 <=   1.051430000e+05  35.6% (7246; 30)
+ 20589: mip =   7.752800000e+04 <=   1.051430000e+05  35.6% (7255; 30)
+ 20611: mip =   7.752800000e+04 <=   1.051430000e+05  35.6% (7264; 30)
+ 20646: mip =   7.752800000e+04 <=   1.051430000e+05  35.6% (7273; 30)
+ 20669: mip =   7.752800000e+04 <=   1.051430000e+05  35.6% (7282; 30)
+ 20686: mip =   7.752800000e+04 <=   1.051430000e+05  35.6% (7292; 30)
+ 20718: mip =   7.752800000e+04 <=   1.051430000e+05  35.6% (7302; 30)
+ 20736: mip =   7.752800000e+04 <=   1.051430000e+05  35.6% (7312; 30)
+ 20767: mip =   7.752800000e+04 <=   1.051430000e+05  35.6% (7322; 30)
+ 20798: mip =   7.752800000e+04 <=   1.051430000e+05  35.6% (7332; 30)
Time used: 3316.6 secs.  Memory used: 25.5 Mb.
+ 20821: mip =   7.752800000e+04 <=   1.051430000e+05  35.6% (7342; 30)
+ 20843: mip =   7.752800000e+04 <=   1.051430000e+05  35.6% (7352; 30)
+ 20865: mip =   7.752800000e+04 <=   1.051430000e+05  35.6% (7362; 30)
+ 20902: mip =   7.752800000e+04 <=   1.051430000e+05  35.6% (7373; 30)
+ 20922: mip =   7.752800000e+04 <=   1.051430000e+05  35.6% (7384; 30)
+ 20951: mip =   7.752800000e+04 <=   1.051430000e+05  35.6% (7395; 30)
+ 20993: mip =   7.752800000e+04 <=   1.051430000e+05  35.6% (7406; 30)
+ 21020: mip =   7.752800000e+04 <=   1.051430000e+05  35.6% (7417; 30)
+ 21047: mip =   7.752800000e+04 <=   1.051430000e+05  35.6% (7428; 30)
+ 21072: mip =   7.752800000e+04 <=   1.051430000e+05  35.6% (7439; 30)
+ 21085: mip =   7.752800000e+04 <=   1.051430000e+05  35.6% (7450; 30)
+ 21108: mip =   7.752800000e+04 <=   1.051430000e+05  35.6% (7461; 30)
Time used: 3376.9 secs.  Memory used: 25.6 Mb.
+ 21135: mip =   7.752800000e+04 <=   1.051430000e+05  35.6% (7473; 30)
+ 21166: mip =   7.752800000e+04 <=   1.051430000e+05  35.6% (7485; 30)
+ 21192: mip =   7.752800000e+04 <=   1.051430000e+05  35.6% (7497; 30)
+ 21219: mip =   7.752800000e+04 <=   1.051430000e+05  35.6% (7509; 30)
+ 21246: mip =   7.752800000e+04 <=   1.051430000e+05  35.6% (7521; 30)
+ 21267: mip =   7.752800000e+04 <=   1.051430000e+05  35.6% (7533; 30)
+ 21291: mip =   7.752800000e+04 <=   1.051430000e+05  35.6% (7545; 30)
+ 21323: mip =   7.752800000e+04 <=   1.051430000e+05  35.6% (7558; 30)
+ 21366: mip =   7.752800000e+04 <=   1.051430000e+05  35.6% (7571; 30)
+ 21386: mip =   7.752800000e+04 <=   1.051430000e+05  35.6% (7584; 30)
+ 21411: mip =   7.752800000e+04 <=   1.051430000e+05  35.6% (7597; 30)
Time used: 3437.0 secs.  Memory used: 25.7 Mb.
+ 21443: mip =   7.752800000e+04 <=   1.051430000e+05  35.6% (7610; 30)
+ 21481: mip =   7.752800000e+04 <=   1.051430000e+05  35.6% (7624; 30)
+ 21501: mip =   7.752800000e+04 <=   1.051430000e+05  35.6% (7638; 30)
+ 21529: mip =   7.752800000e+04 <=   1.051430000e+05  35.6% (7652; 30)
+ 21559: mip =   7.752800000e+04 <=   1.051430000e+05  35.6% (7667; 30)
+ 21592: mip =   7.752800000e+04 <=   1.051430000e+05  35.6% (7682; 30)
+ 21619: mip =   7.752800000e+04 <=   1.051430000e+05  35.6% (7697; 30)
+ 21643: mip =   7.752800000e+04 <=   1.051430000e+05  35.6% (7712; 30)
+ 21665: mip =   7.752800000e+04 <=   1.051430000e+05  35.6% (7727; 30)
+ 21706: mip =   7.752800000e+04 <=   1.051430000e+05  35.6% (7743; 30)
+ 21740: mip =   7.752800000e+04 <=   1.051430000e+05  35.6% (7759; 30)
+ 21786: mip =   7.752800000e+04 <=   1.051430000e+05  35.6% (7775; 30)
Time used: 3497.1 secs.  Memory used: 25.8 Mb.
+ 21824: mip =   7.752800000e+04 <=   1.051430000e+05  35.6% (7792; 30)
+ 21863: mip =   7.752800000e+04 <=   1.051430000e+05  35.6% (7809; 30)
+ 21910: mip =   7.752800000e+04 <=   1.051430000e+05  35.6% (7827; 30)
+ 21947: mip =   7.752800000e+04 <=   1.051430000e+05  35.6% (7846; 30)
+ 22002: mip =   7.752800000e+04 <=   1.051430000e+05  35.6% (7865; 30)
+ 22043: mip =   7.752800000e+04 <=   1.051430000e+05  35.6% (7885; 30)
+ 22096: mip =   7.752800000e+04 <=   1.051430000e+05  35.6% (7906; 30)
+ 22158: mip =   7.752800000e+04 <=   1.051430000e+05  35.6% (7928; 30)
+ 22210: mip =   7.752800000e+04 <=   1.051430000e+05  35.6% (7951; 30)
+ 22267: mip =   7.752800000e+04 <=   1.051430000e+05  35.6% (7976; 30)
+ 22321: mip =   7.752800000e+04 <=   1.051430000e+05  35.6% (8002; 30)
+ 22389: mip =   7.752800000e+04 <=   1.051430000e+05  35.6% (8030; 30)
Time used: 3557.2 secs.  Memory used: 25.9 Mb.
+ 22458: mip =   7.752800000e+04 <=   1.051430000e+05  35.6% (8060; 30)
+ 22547: mip =   7.752800000e+04 <=   1.051430000e+05  35.6% (8094; 30)
+ 22638: mip =   7.752800000e+04 <=   1.051430000e+05  35.6% (8133; 30)
+ 22720: mip =   7.752800000e+04 <=   1.051430000e+05  35.6% (8178; 30)
+ 22844: mip =   7.752800000e+04 <=   1.051430000e+05  35.6% (8233; 30)
+ 22987: mip =   7.752800000e+04 <=   1.051430000e+05  35.6% (8322; 30)
+ 23114: mip =   7.752800000e+04 <=   1.051330000e+05  35.6% (8391; 31)
+ 23128: mip =   7.752800000e+04 <=   1.051330000e+05  35.6% (8397; 31)
+ 23139: mip =   7.752800000e+04 <=   1.051330000e+05  35.6% (8401; 31)
TIME LIMIT EXCEEDED; SEARCH TERMINATED
Time used:   3601.0 secs
Memory used: 28.5 Mb (29935054 bytes)
Writing MIP solution to `I25_SOL.sol'...
