GLPSOL: GLPK LP/MIP Solver, v4.52
Parameter(s) specified in the command line:
 --math math_model.mod -d I5_GLPK.dat -o I5_SOL.sol --log I5_LOG.log --tmlim
 3600
Reading model section from math_model.mod...
40 lines were read
Reading data section from I5_GLPK.dat...
3219 lines were read
Generating profit...
Generating CAP...
Model has been successfully generated
GLPK Integer Optimizer, v4.52
3202 rows, 3209 columns, 38418 non-zeros
3209 integer variables, all of which are binary
Preprocessing...
12 hidden packing inequaliti(es) were detected
3201 rows, 3209 columns, 35209 non-zeros
3209 integer variables, all of which are binary
Scaling...
 A: min|aij| =  1.000e+00  max|aij| =  1.000e+02  ratio =  1.000e+02
GM: min|aij| =  8.084e-01  max|aij| =  1.237e+00  ratio =  1.530e+00
EQ: min|aij| =  6.621e-01  max|aij| =  1.000e+00  ratio =  1.510e+00
2N: min|aij| =  4.219e-01  max|aij| =  1.750e+00  ratio =  4.148e+00
Constructing initial basis...
Size of triangular part is 3201
Solving LP relaxation...
GLPK Simplex Optimizer, v4.52
3201 rows, 3209 columns, 35209 non-zeros
*     0: obj =   0.000000000e+00  infeas =  0.000e+00 (0)
*   500: obj =   3.647628273e+04  infeas =  0.000e+00 (0)
*  1000: obj =   6.120539463e+04  infeas =  4.810e-16 (0)
*  1500: obj =   7.374390654e+04  infeas =  6.832e-17 (0)
*  2000: obj =   7.917215180e+04  infeas =  1.683e-16 (0)
*  2500: obj =   8.139017097e+04  infeas =  3.331e-16 (0)
*  2545: obj =   8.140709264e+04  infeas =  0.000e+00 (0)
OPTIMAL LP SOLUTION FOUND
Integer optimization begins...
+  2545: mip =     not found yet <=              +inf        (1; 0)
+  2592: mip =     not found yet <=   8.133100000e+04        (19; 0)
+  2628: mip =     not found yet <=   8.133100000e+04        (37; 0)
+  2675: mip =     not found yet <=   8.133100000e+04        (55; 0)
+  2712: mip =     not found yet <=   8.133100000e+04        (73; 0)
+  2771: mip =     not found yet <=   8.133100000e+04        (91; 0)
+  2800: mip =     not found yet <=   8.133100000e+04        (110; 0)
+  2849: mip =     not found yet <=   8.133100000e+04        (129; 0)
+  2896: mip =     not found yet <=   8.133100000e+04        (148; 0)
+  2953: mip =     not found yet <=   8.133100000e+04        (168; 0)
+  2988: mip =     not found yet <=   8.133100000e+04        (188; 0)
+  3049: mip =     not found yet <=   8.133100000e+04        (208; 0)
Time used: 60.0 secs.  Memory used: 12.5 Mb.
+  3096: mip =     not found yet <=   8.133100000e+04        (228; 0)
+  3134: mip =     not found yet <=   8.133100000e+04        (249; 0)
+  3173: mip =     not found yet <=   8.133100000e+04        (270; 0)
+  3229: mip =     not found yet <=   8.133100000e+04        (292; 0)
+  3271: mip =     not found yet <=   8.133100000e+04        (314; 0)
+  3323: mip =     not found yet <=   8.133100000e+04        (337; 0)
+  3382: mip =     not found yet <=   8.133100000e+04        (361; 0)
+  3436: mip =     not found yet <=   8.133100000e+04        (386; 0)
+  3503: mip =     not found yet <=   8.133100000e+04        (411; 0)
+  3578: mip =     not found yet <=   8.133100000e+04        (437; 0)
+  3634: mip =     not found yet <=   8.133100000e+04        (464; 0)
+  3698: mip =     not found yet <=   8.133100000e+04        (493; 0)
Time used: 120.0 secs.  Memory used: 12.7 Mb.
+  3762: mip =     not found yet <=   8.133100000e+04        (523; 0)
+  3821: mip =     not found yet <=   8.133100000e+04        (555; 0)
+  3911: mip =     not found yet <=   8.133100000e+04        (589; 0)
+  4012: mip =     not found yet <=   8.133100000e+04        (625; 0)
+  4100: mip =     not found yet <=   8.133100000e+04        (665; 0)
+  4223: mip =     not found yet <=   8.133100000e+04        (710; 0)
+  4332: mip =     not found yet <=   8.133100000e+04        (762; 0)
+  4456: mip =     not found yet <=   8.133100000e+04        (822; 0)
+  4639: mip =     not found yet <=   8.133100000e+04        (898; 0)
+  4919: mip =     not found yet <=   8.133100000e+04        (1029; 0)
+  5052: >>>>>   5.864600000e+04 <=   8.133100000e+04  38.7% (1104; 0)
+  5098: mip =   5.864600000e+04 <=   8.132100000e+04  38.7% (1120; 1)
+  5134: mip =   5.864600000e+04 <=   8.132100000e+04  38.7% (1138; 1)
Time used: 180.1 secs.  Memory used: 13.1 Mb.
+  5181: mip =   5.864600000e+04 <=   8.132100000e+04  38.7% (1155; 1)
+  5219: mip =   5.864600000e+04 <=   8.132100000e+04  38.7% (1173; 1)
+  5277: mip =   5.864600000e+04 <=   8.132100000e+04  38.7% (1191; 1)
+  5312: mip =   5.864600000e+04 <=   8.132100000e+04  38.7% (1209; 1)
+  5358: mip =   5.864600000e+04 <=   8.132100000e+04  38.7% (1228; 1)
+  5402: mip =   5.864600000e+04 <=   8.132100000e+04  38.7% (1247; 1)
+  5457: mip =   5.864600000e+04 <=   8.132100000e+04  38.7% (1266; 1)
+  5499: mip =   5.864600000e+04 <=   8.132100000e+04  38.7% (1286; 1)
+  5556: mip =   5.864600000e+04 <=   8.132100000e+04  38.7% (1306; 1)
+  5600: mip =   5.864600000e+04 <=   8.132100000e+04  38.7% (1326; 1)
+  5637: mip =   5.864600000e+04 <=   8.132100000e+04  38.7% (1347; 1)
Time used: 240.3 secs.  Memory used: 13.2 Mb.
+  5678: mip =   5.864600000e+04 <=   8.132100000e+04  38.7% (1368; 1)
+  5734: mip =   5.864600000e+04 <=   8.132100000e+04  38.7% (1390; 1)
+  5778: mip =   5.864600000e+04 <=   8.132100000e+04  38.7% (1412; 1)
+  5835: mip =   5.864600000e+04 <=   8.132100000e+04  38.7% (1435; 1)
+  5888: mip =   5.864600000e+04 <=   8.132100000e+04  38.7% (1459; 1)
+  5939: mip =   5.864600000e+04 <=   8.132100000e+04  38.7% (1483; 1)
+  6011: mip =   5.864600000e+04 <=   8.132100000e+04  38.7% (1508; 1)
+  6073: mip =   5.864600000e+04 <=   8.132100000e+04  38.7% (1534; 1)
+  6146: mip =   5.864600000e+04 <=   8.132100000e+04  38.7% (1561; 1)
+  6211: mip =   5.864600000e+04 <=   8.132100000e+04  38.7% (1589; 1)
+  6276: mip =   5.864600000e+04 <=   8.132100000e+04  38.7% (1619; 1)
+  6336: mip =   5.864600000e+04 <=   8.132100000e+04  38.7% (1650; 1)
Time used: 300.4 secs.  Memory used: 13.4 Mb.
+  6418: mip =   5.864600000e+04 <=   8.132100000e+04  38.7% (1683; 1)
+  6511: mip =   5.864600000e+04 <=   8.132100000e+04  38.7% (1718; 1)
+  6603: mip =   5.864600000e+04 <=   8.132100000e+04  38.7% (1756; 1)
+  6688: mip =   5.864600000e+04 <=   8.132100000e+04  38.7% (1794; 1)
+  6813: mip =   5.864600000e+04 <=   8.132100000e+04  38.7% (1842; 1)
+  6926: mip =   5.864600000e+04 <=   8.132100000e+04  38.7% (1896; 1)
+  7084: mip =   5.864600000e+04 <=   8.132100000e+04  38.7% (1961; 1)
+  7292: mip =   5.864600000e+04 <=   8.132100000e+04  38.7% (2049; 1)
+  7604: mip =   5.864600000e+04 <=   8.130700000e+04  38.6% (2210; 2)
+  7644: mip =   5.864600000e+04 <=   8.130700000e+04  38.6% (2228; 2)
+  7692: mip =   5.864600000e+04 <=   8.130700000e+04  38.6% (2246; 2)
+  7734: mip =   5.864600000e+04 <=   8.130700000e+04  38.6% (2264; 2)
Time used: 360.4 secs.  Memory used: 13.7 Mb.
+  7785: mip =   5.864600000e+04 <=   8.130700000e+04  38.6% (2283; 2)
+  7821: mip =   5.864600000e+04 <=   8.130700000e+04  38.6% (2301; 2)
+  7865: mip =   5.864600000e+04 <=   8.130700000e+04  38.6% (2320; 2)
+  7913: mip =   5.864600000e+04 <=   8.130700000e+04  38.6% (2339; 2)
+  7971: mip =   5.864600000e+04 <=   8.130700000e+04  38.6% (2359; 2)
+  8005: mip =   5.864600000e+04 <=   8.130700000e+04  38.6% (2379; 2)
+  8072: mip =   5.864600000e+04 <=   8.130700000e+04  38.6% (2399; 2)
+  8116: mip =   5.864600000e+04 <=   8.130700000e+04  38.6% (2420; 2)
+  8150: mip =   5.864600000e+04 <=   8.130700000e+04  38.6% (2441; 2)
+  8188: mip =   5.864600000e+04 <=   8.130700000e+04  38.6% (2460; 2)
+  8238: mip =   5.864600000e+04 <=   8.130700000e+04  38.6% (2478; 2)
+  8273: mip =   5.864600000e+04 <=   8.130700000e+04  38.6% (2496; 2)
Time used: 420.5 secs.  Memory used: 13.9 Mb.
+  8305: mip =   5.864600000e+04 <=   8.130700000e+04  38.6% (2514; 2)
+  8359: mip =   5.864600000e+04 <=   8.130700000e+04  38.6% (2533; 2)
+  8397: mip =   5.864600000e+04 <=   8.130700000e+04  38.6% (2552; 2)
+  8436: mip =   5.864600000e+04 <=   8.130700000e+04  38.6% (2573; 2)
+  8493: mip =   5.864600000e+04 <=   8.130700000e+04  38.6% (2598; 2)
+  8562: mip =   5.864600000e+04 <=   8.130700000e+04  38.6% (2624; 2)
+  8633: mip =   5.864600000e+04 <=   8.130700000e+04  38.6% (2651; 2)
+  8689: mip =   5.864600000e+04 <=   8.130700000e+04  38.6% (2679; 2)
+  8758: mip =   5.864600000e+04 <=   8.130700000e+04  38.6% (2708; 2)
+  8811: mip =   5.864600000e+04 <=   8.130700000e+04  38.6% (2739; 2)
+  8889: mip =   5.864600000e+04 <=   8.130700000e+04  38.6% (2771; 2)
Time used: 480.7 secs.  Memory used: 14.1 Mb.
+  8985: mip =   5.864600000e+04 <=   8.130700000e+04  38.6% (2805; 2)
+  9076: mip =   5.864600000e+04 <=   8.130700000e+04  38.6% (2843; 2)
+  9167: mip =   5.864600000e+04 <=   8.130700000e+04  38.6% (2884; 2)
+  9294: mip =   5.864600000e+04 <=   8.130700000e+04  38.6% (2931; 2)
+  9409: mip =   5.864600000e+04 <=   8.130700000e+04  38.6% (2985; 2)
+  9556: mip =   5.864600000e+04 <=   8.130700000e+04  38.6% (3048; 2)
+  9756: mip =   5.864600000e+04 <=   8.130700000e+04  38.6% (3131; 2)
+ 10103: mip =   5.864600000e+04 <=   8.130100000e+04  38.6% (3310; 3)
+ 10145: mip =   5.864600000e+04 <=   8.129600000e+04  38.6% (3328; 3)
+ 10184: mip =   5.864600000e+04 <=   8.129600000e+04  38.6% (3346; 3)
+ 10230: mip =   5.864600000e+04 <=   8.129600000e+04  38.6% (3364; 3)
+ 10270: mip =   5.864600000e+04 <=   8.129600000e+04  38.6% (3382; 3)
Time used: 540.9 secs.  Memory used: 14.4 Mb.
+ 10317: mip =   5.864600000e+04 <=   8.129600000e+04  38.6% (3400; 3)
+ 10359: mip =   5.864600000e+04 <=   8.129600000e+04  38.6% (3419; 3)
+ 10405: mip =   5.864600000e+04 <=   8.129600000e+04  38.6% (3438; 3)
+ 10462: mip =   5.864600000e+04 <=   8.129600000e+04  38.6% (3457; 3)
+ 10502: mip =   5.864600000e+04 <=   8.129600000e+04  38.6% (3477; 3)
+ 10559: mip =   5.864600000e+04 <=   8.129600000e+04  38.6% (3497; 3)
+ 10605: mip =   5.864600000e+04 <=   8.129600000e+04  38.6% (3517; 3)
+ 10644: mip =   5.864600000e+04 <=   8.129600000e+04  38.6% (3537; 3)
+ 10685: mip =   5.864600000e+04 <=   8.129600000e+04  38.6% (3558; 3)
+ 10739: mip =   5.864600000e+04 <=   8.129600000e+04  38.6% (3580; 3)
+ 10778: mip =   5.864600000e+04 <=   8.129600000e+04  38.6% (3602; 3)
+ 10832: mip =   5.864600000e+04 <=   8.129600000e+04  38.6% (3625; 3)
Time used: 600.9 secs.  Memory used: 14.6 Mb.
+ 10885: mip =   5.864600000e+04 <=   8.129600000e+04  38.6% (3648; 3)
+ 10937: mip =   5.864600000e+04 <=   8.129600000e+04  38.6% (3672; 3)
+ 10994: mip =   5.864600000e+04 <=   8.129600000e+04  38.6% (3697; 3)
+ 11063: mip =   5.864600000e+04 <=   8.129600000e+04  38.6% (3723; 3)
+ 11137: mip =   5.864600000e+04 <=   8.129600000e+04  38.6% (3749; 3)
+ 11198: mip =   5.864600000e+04 <=   8.129600000e+04  38.6% (3777; 3)
+ 11266: mip =   5.864600000e+04 <=   8.129600000e+04  38.6% (3806; 3)
+ 11319: mip =   5.864600000e+04 <=   8.129600000e+04  38.6% (3837; 3)
+ 11395: mip =   5.864600000e+04 <=   8.129600000e+04  38.6% (3870; 3)
+ 11495: mip =   5.864600000e+04 <=   8.129600000e+04  38.6% (3905; 3)
+ 11582: mip =   5.864600000e+04 <=   8.129600000e+04  38.6% (3942; 3)
+ 11676: mip =   5.864600000e+04 <=   8.129600000e+04  38.6% (3983; 3)
Time used: 661.0 secs.  Memory used: 14.8 Mb.
+ 11797: mip =   5.864600000e+04 <=   8.129600000e+04  38.6% (4030; 3)
+ 11921: mip =   5.864600000e+04 <=   8.129600000e+04  38.6% (4085; 3)
+ 12072: mip =   5.864600000e+04 <=   8.129600000e+04  38.6% (4150; 3)
+ 12275: mip =   5.864600000e+04 <=   8.129600000e+04  38.6% (4236; 3)
+ 12585: >>>>>   5.882800000e+04 <=   8.129600000e+04  38.2% (4400; 3)
+ 12636: mip =   5.882800000e+04 <=   8.128900000e+04  38.2% (4404; 30)
+ 12677: mip =   5.882800000e+04 <=   8.128900000e+04  38.2% (4422; 30)
+ 12722: mip =   5.882800000e+04 <=   8.128900000e+04  38.2% (4440; 30)
+ 12765: mip =   5.882800000e+04 <=   8.128900000e+04  38.2% (4458; 30)
+ 12812: mip =   5.882800000e+04 <=   8.128900000e+04  38.2% (4476; 30)
+ 12848: mip =   5.882800000e+04 <=   8.128900000e+04  38.2% (4495; 30)
+ 12896: mip =   5.882800000e+04 <=   8.128900000e+04  38.2% (4514; 30)
Time used: 721.2 secs.  Memory used: 15.0 Mb.
+ 12946: mip =   5.882800000e+04 <=   8.128900000e+04  38.2% (4533; 30)
+ 12996: mip =   5.882800000e+04 <=   8.128900000e+04  38.2% (4553; 30)
+ 13048: mip =   5.882800000e+04 <=   8.128900000e+04  38.2% (4573; 30)
+ 13095: mip =   5.882800000e+04 <=   8.128900000e+04  38.2% (4593; 30)
+ 13138: mip =   5.882800000e+04 <=   8.128900000e+04  38.2% (4614; 30)
+ 13179: mip =   5.882800000e+04 <=   8.128900000e+04  38.2% (4635; 30)
+ 13232: mip =   5.882800000e+04 <=   8.128900000e+04  38.2% (4657; 30)
+ 13275: mip =   5.882800000e+04 <=   8.128900000e+04  38.2% (4679; 30)
+ 13327: mip =   5.882800000e+04 <=   8.128900000e+04  38.2% (4702; 30)
+ 13376: mip =   5.882800000e+04 <=   8.128900000e+04  38.2% (4725; 30)
+ 13433: mip =   5.882800000e+04 <=   8.128900000e+04  38.2% (4749; 30)
Time used: 781.3 secs.  Memory used: 15.1 Mb.
+ 13489: mip =   5.882800000e+04 <=   8.128900000e+04  38.2% (4774; 30)
+ 13557: mip =   5.882800000e+04 <=   8.128900000e+04  38.2% (4800; 30)
+ 13647: mip =   5.882800000e+04 <=   8.128900000e+04  38.2% (4827; 30)
+ 13709: mip =   5.882800000e+04 <=   8.128900000e+04  38.2% (4855; 30)
+ 13774: mip =   5.882800000e+04 <=   8.128900000e+04  38.2% (4884; 30)
+ 13840: mip =   5.882800000e+04 <=   8.128900000e+04  38.2% (4915; 30)
+ 13903: mip =   5.882800000e+04 <=   8.128900000e+04  38.2% (4947; 30)
+ 13994: mip =   5.882800000e+04 <=   8.128900000e+04  38.2% (4981; 30)
+ 14088: mip =   5.882800000e+04 <=   8.128900000e+04  38.2% (5018; 30)
+ 14189: mip =   5.882800000e+04 <=   8.128900000e+04  38.2% (5059; 30)
+ 14308: mip =   5.882800000e+04 <=   8.128900000e+04  38.2% (5105; 30)
+ 14424: mip =   5.882800000e+04 <=   8.128900000e+04  38.2% (5158; 30)
Time used: 841.4 secs.  Memory used: 15.5 Mb.
+ 14571: mip =   5.882800000e+04 <=   8.128900000e+04  38.2% (5221; 30)
+ 14761: mip =   5.882800000e+04 <=   8.128900000e+04  38.2% (5303; 30)
+ 15110: mip =   5.882800000e+04 <=   8.128000000e+04  38.2% (5480; 31)
+ 15158: mip =   5.882800000e+04 <=   8.127500000e+04  38.2% (5498; 31)
+ 15194: mip =   5.882800000e+04 <=   8.127500000e+04  38.2% (5516; 31)
+ 15247: mip =   5.882800000e+04 <=   8.127500000e+04  38.2% (5534; 31)
+ 15291: mip =   5.882800000e+04 <=   8.127500000e+04  38.2% (5552; 31)
+ 15336: mip =   5.882800000e+04 <=   8.127500000e+04  38.2% (5570; 31)
+ 15374: mip =   5.882800000e+04 <=   8.127500000e+04  38.2% (5589; 31)
+ 15418: mip =   5.882800000e+04 <=   8.127500000e+04  38.2% (5608; 31)
+ 15472: mip =   5.882800000e+04 <=   8.127500000e+04  38.2% (5627; 31)
+ 15516: mip =   5.882800000e+04 <=   8.127500000e+04  38.2% (5646; 31)
Time used: 901.6 secs.  Memory used: 15.8 Mb.
+ 15563: mip =   5.882800000e+04 <=   8.127500000e+04  38.2% (5666; 31)
+ 15616: mip =   5.882800000e+04 <=   8.127500000e+04  38.2% (5686; 31)
+ 15655: mip =   5.882800000e+04 <=   8.127500000e+04  38.2% (5706; 31)
+ 15695: mip =   5.882800000e+04 <=   8.127500000e+04  38.2% (5727; 31)
+ 15745: mip =   5.882800000e+04 <=   8.127500000e+04  38.2% (5748; 31)
+ 15791: mip =   5.882800000e+04 <=   8.127500000e+04  38.2% (5770; 31)
+ 15836: mip =   5.882800000e+04 <=   8.127500000e+04  38.2% (5793; 31)
+ 15891: mip =   5.882800000e+04 <=   8.127500000e+04  38.2% (5816; 31)
+ 15945: mip =   5.882800000e+04 <=   8.127500000e+04  38.2% (5840; 31)
+ 16006: mip =   5.882800000e+04 <=   8.127500000e+04  38.2% (5865; 31)
+ 16071: mip =   5.882800000e+04 <=   8.127500000e+04  38.2% (5890; 31)
+ 16156: mip =   5.882800000e+04 <=   8.127500000e+04  38.2% (5917; 31)
Time used: 961.6 secs.  Memory used: 15.9 Mb.
+ 16204: mip =   5.882800000e+04 <=   8.127500000e+04  38.2% (5945; 31)
+ 16269: mip =   5.882800000e+04 <=   8.127500000e+04  38.2% (5974; 31)
+ 16333: mip =   5.882800000e+04 <=   8.127500000e+04  38.2% (6004; 31)
+ 16392: mip =   5.882800000e+04 <=   8.127500000e+04  38.2% (6036; 31)
+ 16482: mip =   5.882800000e+04 <=   8.127500000e+04  38.2% (6070; 31)
+ 16582: mip =   5.882800000e+04 <=   8.127500000e+04  38.2% (6106; 31)
+ 16672: mip =   5.882800000e+04 <=   8.127500000e+04  38.2% (6146; 31)
+ 16788: mip =   5.882800000e+04 <=   8.127500000e+04  38.2% (6191; 31)
+ 16905: mip =   5.882800000e+04 <=   8.127500000e+04  38.2% (6244; 31)
+ 17034: mip =   5.882800000e+04 <=   8.127500000e+04  38.2% (6305; 31)
+ 17218: mip =   5.882800000e+04 <=   8.127500000e+04  38.2% (6383; 31)
+ 17517: mip =   5.882800000e+04 <=   8.127500000e+04  38.2% (6527; 31)
+ 17609: >>>>>   5.885500000e+04 <=   8.127500000e+04  38.1% (6581; 31)
Time used: 1021.9 secs.  Memory used: 16.3 Mb.
+ 17659: mip =   5.885500000e+04 <=   8.127300000e+04  38.1% (6596; 34)
+ 17698: mip =   5.885500000e+04 <=   8.127300000e+04  38.1% (6614; 34)
+ 17747: mip =   5.885500000e+04 <=   8.127300000e+04  38.1% (6632; 34)
+ 17785: mip =   5.885500000e+04 <=   8.127300000e+04  38.1% (6650; 34)
+ 17834: mip =   5.885500000e+04 <=   8.127300000e+04  38.1% (6668; 34)
+ 17876: mip =   5.885500000e+04 <=   8.127300000e+04  38.1% (6686; 34)
+ 17925: mip =   5.885500000e+04 <=   8.127300000e+04  38.1% (6705; 34)
+ 17980: mip =   5.885500000e+04 <=   8.127300000e+04  38.1% (6724; 34)
+ 18010: mip =   5.885500000e+04 <=   8.127300000e+04  38.1% (6744; 34)
+ 18073: mip =   5.885500000e+04 <=   8.127300000e+04  38.1% (6764; 34)
+ 18120: mip =   5.885500000e+04 <=   8.127300000e+04  38.1% (6784; 34)
Time used: 1082.1 secs.  Memory used: 16.4 Mb.
+ 18164: mip =   5.885500000e+04 <=   8.127300000e+04  38.1% (6805; 34)
+ 18203: mip =   5.885500000e+04 <=   8.127300000e+04  38.1% (6826; 34)
+ 18256: mip =   5.885500000e+04 <=   8.127300000e+04  38.1% (6848; 34)
+ 18307: mip =   5.885500000e+04 <=   8.127300000e+04  38.1% (6870; 34)
+ 18346: mip =   5.885500000e+04 <=   8.127300000e+04  38.1% (6892; 34)
+ 18406: mip =   5.885500000e+04 <=   8.127300000e+04  38.1% (6915; 34)
+ 18455: mip =   5.885500000e+04 <=   8.127300000e+04  38.1% (6939; 34)
+ 18504: mip =   5.885500000e+04 <=   8.127300000e+04  38.1% (6963; 34)
+ 18574: mip =   5.885500000e+04 <=   8.127300000e+04  38.1% (6988; 34)
+ 18650: mip =   5.885500000e+04 <=   8.127300000e+04  38.1% (7014; 34)
+ 18698: mip =   5.885500000e+04 <=   8.127300000e+04  38.1% (7041; 34)
+ 18765: mip =   5.885500000e+04 <=   8.127300000e+04  38.1% (7069; 34)
Time used: 1142.1 secs.  Memory used: 16.5 Mb.
+ 18827: mip =   5.885500000e+04 <=   8.127300000e+04  38.1% (7099; 34)
+ 18896: mip =   5.885500000e+04 <=   8.127300000e+04  38.1% (7130; 34)
+ 18987: mip =   5.885500000e+04 <=   8.127300000e+04  38.1% (7163; 34)
+ 19078: mip =   5.885500000e+04 <=   8.127300000e+04  38.1% (7198; 34)
+ 19161: mip =   5.885500000e+04 <=   8.127300000e+04  38.1% (7236; 34)
+ 19279: mip =   5.885500000e+04 <=   8.127300000e+04  38.1% (7279; 34)
+ 19392: mip =   5.885500000e+04 <=   8.127300000e+04  38.1% (7328; 34)
+ 19496: mip =   5.885500000e+04 <=   8.127300000e+04  38.1% (7382; 34)
+ 19658: mip =   5.885500000e+04 <=   8.127300000e+04  38.1% (7449; 34)
+ 19887: mip =   5.885500000e+04 <=   8.127300000e+04  38.1% (7542; 34)
+ 20167: mip =   5.885500000e+04 <=   8.127000000e+04  38.1% (7683; 35)
+ 20209: mip =   5.885500000e+04 <=   8.127000000e+04  38.1% (7701; 35)
Time used: 1202.2 secs.  Memory used: 16.9 Mb.
+ 20248: mip =   5.885500000e+04 <=   8.127000000e+04  38.1% (7719; 35)
+ 20297: mip =   5.885500000e+04 <=   8.127000000e+04  38.1% (7737; 35)
+ 20347: mip =   5.885500000e+04 <=   8.127000000e+04  38.1% (7755; 35)
+ 20382: mip =   5.885500000e+04 <=   8.127000000e+04  38.1% (7772; 35)
+ 20425: mip =   5.885500000e+04 <=   8.127000000e+04  38.1% (7790; 35)
+ 20465: mip =   5.885500000e+04 <=   8.127000000e+04  38.1% (7807; 35)
+ 20522: mip =   5.885500000e+04 <=   8.127000000e+04  38.1% (7826; 35)
+ 20560: mip =   5.885500000e+04 <=   8.127000000e+04  38.1% (7846; 35)
+ 20611: mip =   5.885500000e+04 <=   8.127000000e+04  38.1% (7866; 35)
+ 20660: mip =   5.885500000e+04 <=   8.127000000e+04  38.1% (7887; 35)
+ 20704: mip =   5.885500000e+04 <=   8.127000000e+04  38.1% (7908; 35)
+ 20745: mip =   5.885500000e+04 <=   8.127000000e+04  38.1% (7929; 35)
Time used: 1262.3 secs.  Memory used: 17.0 Mb.
+ 20792: mip =   5.885500000e+04 <=   8.127000000e+04  38.1% (7951; 35)
+ 20840: mip =   5.885500000e+04 <=   8.127000000e+04  38.1% (7973; 35)
+ 20889: mip =   5.885500000e+04 <=   8.127000000e+04  38.1% (7996; 35)
+ 20939: mip =   5.885500000e+04 <=   8.127000000e+04  38.1% (8020; 35)
+ 20994: mip =   5.885500000e+04 <=   8.127000000e+04  38.1% (8044; 35)
+ 21054: mip =   5.885500000e+04 <=   8.127000000e+04  38.1% (8069; 35)
+ 21123: mip =   5.885500000e+04 <=   8.127000000e+04  38.1% (8095; 35)
+ 21200: mip =   5.885500000e+04 <=   8.127000000e+04  38.1% (8122; 35)
+ 21263: mip =   5.885500000e+04 <=   8.127000000e+04  38.1% (8150; 35)
+ 21328: mip =   5.885500000e+04 <=   8.127000000e+04  38.1% (8179; 35)
+ 21383: mip =   5.885500000e+04 <=   8.127000000e+04  38.1% (8210; 35)
Time used: 1322.4 secs.  Memory used: 17.2 Mb.
+ 21458: mip =   5.885500000e+04 <=   8.127000000e+04  38.1% (8242; 35)
+ 21561: mip =   5.885500000e+04 <=   8.127000000e+04  38.1% (8277; 35)
+ 21649: mip =   5.885500000e+04 <=   8.127000000e+04  38.1% (8315; 35)
+ 21749: mip =   5.885500000e+04 <=   8.127000000e+04  38.1% (8357; 35)
+ 21873: mip =   5.885500000e+04 <=   8.127000000e+04  38.1% (8405; 35)
+ 21989: mip =   5.885500000e+04 <=   8.127000000e+04  38.1% (8460; 35)
+ 22141: mip =   5.885500000e+04 <=   8.127000000e+04  38.1% (8525; 35)
+ 22345: mip =   5.885500000e+04 <=   8.127000000e+04  38.1% (8614; 35)
+ 22655: mip =   5.885500000e+04 <=   8.126400000e+04  38.1% (8772; 36)
+ 22692: mip =   5.885500000e+04 <=   8.126400000e+04  38.1% (8790; 36)
+ 22738: mip =   5.885500000e+04 <=   8.126400000e+04  38.1% (8808; 36)
+ 22775: mip =   5.885500000e+04 <=   8.126400000e+04  38.1% (8826; 36)
Time used: 1382.7 secs.  Memory used: 17.5 Mb.
+ 22833: mip =   5.885500000e+04 <=   8.126400000e+04  38.1% (8844; 36)
+ 22861: mip =   5.885500000e+04 <=   8.126400000e+04  38.1% (8863; 36)
+ 22912: mip =   5.885500000e+04 <=   8.126400000e+04  38.1% (8882; 36)
+ 22965: mip =   5.885500000e+04 <=   8.126400000e+04  38.1% (8901; 36)
+ 23009: mip =   5.885500000e+04 <=   8.126400000e+04  38.1% (8920; 36)
+ 23057: mip =   5.885500000e+04 <=   8.126400000e+04  38.1% (8940; 36)
+ 23111: mip =   5.885500000e+04 <=   8.126400000e+04  38.1% (8960; 36)
+ 23159: mip =   5.885500000e+04 <=   8.126400000e+04  38.1% (8981; 36)
+ 23197: mip =   5.885500000e+04 <=   8.126400000e+04  38.1% (9002; 36)
+ 23242: mip =   5.885500000e+04 <=   8.126400000e+04  38.1% (9024; 36)
+ 23297: mip =   5.885500000e+04 <=   8.126400000e+04  38.1% (9046; 36)
+ 23337: mip =   5.885500000e+04 <=   8.126400000e+04  38.1% (9069; 36)
Time used: 1442.8 secs.  Memory used: 17.6 Mb.
+ 23397: mip =   5.885500000e+04 <=   8.126400000e+04  38.1% (9092; 36)
+ 23443: mip =   5.885500000e+04 <=   8.126400000e+04  38.1% (9116; 36)
+ 23490: mip =   5.885500000e+04 <=   8.126400000e+04  38.1% (9140; 36)
+ 23562: mip =   5.885500000e+04 <=   8.126400000e+04  38.1% (9165; 36)
+ 23626: mip =   5.885500000e+04 <=   8.126400000e+04  38.1% (9191; 36)
+ 23687: mip =   5.885500000e+04 <=   8.126400000e+04  38.1% (9218; 36)
+ 23749: mip =   5.885500000e+04 <=   8.126400000e+04  38.1% (9246; 36)
+ 23816: mip =   5.885500000e+04 <=   8.126400000e+04  38.1% (9276; 36)
+ 23875: mip =   5.885500000e+04 <=   8.126400000e+04  38.1% (9308; 36)
+ 23962: mip =   5.885500000e+04 <=   8.126400000e+04  38.1% (9341; 36)
+ 24054: mip =   5.885500000e+04 <=   8.126400000e+04  38.1% (9376; 36)
+ 24149: mip =   5.885500000e+04 <=   8.126400000e+04  38.1% (9414; 36)
Time used: 1502.9 secs.  Memory used: 17.8 Mb.
+ 24256: mip =   5.885500000e+04 <=   8.126400000e+04  38.1% (9456; 36)
+ 24376: mip =   5.885500000e+04 <=   8.126400000e+04  38.1% (9505; 36)
+ 24484: mip =   5.885500000e+04 <=   8.126400000e+04  38.1% (9561; 36)
+ 24642: mip =   5.885500000e+04 <=   8.126400000e+04  38.1% (9628; 36)
+ 24875: mip =   5.885500000e+04 <=   8.126400000e+04  38.1% (9722; 36)
+ 25162: mip =   5.885500000e+04 <=   8.126100000e+04  38.1% (9869; 37)
+ 25197: mip =   5.885500000e+04 <=   8.126100000e+04  38.1% (9887; 37)
+ 25245: mip =   5.885500000e+04 <=   8.126100000e+04  38.1% (9905; 37)
+ 25282: mip =   5.885500000e+04 <=   8.126100000e+04  38.1% (9923; 37)
+ 25340: mip =   5.885500000e+04 <=   8.126100000e+04  38.1% (9941; 37)
+ 25370: mip =   5.885500000e+04 <=   8.126100000e+04  38.1% (9960; 37)
+ 25422: mip =   5.885500000e+04 <=   8.126100000e+04  38.1% (9979; 37)
Time used: 1563.1 secs.  Memory used: 18.2 Mb.
+ 25466: mip =   5.885500000e+04 <=   8.126100000e+04  38.1% (9998; 37)
+ 25521: mip =   5.885500000e+04 <=   8.126100000e+04  38.1% (10017; 37)
+ 25562: mip =   5.885500000e+04 <=   8.126100000e+04  38.1% (10037; 37)
+ 25616: mip =   5.885500000e+04 <=   8.126100000e+04  38.1% (10057; 37)
+ 25664: mip =   5.885500000e+04 <=   8.126100000e+04  38.1% (10078; 37)
+ 25703: mip =   5.885500000e+04 <=   8.126100000e+04  38.1% (10099; 37)
+ 25752: mip =   5.885500000e+04 <=   8.126100000e+04  38.1% (10121; 37)
+ 25801: mip =   5.885500000e+04 <=   8.126100000e+04  38.1% (10143; 37)
+ 25840: mip =   5.885500000e+04 <=   8.126100000e+04  38.1% (10165; 37)
+ 25900: mip =   5.885500000e+04 <=   8.126100000e+04  38.1% (10188; 37)
+ 25953: mip =   5.885500000e+04 <=   8.126100000e+04  38.1% (10212; 37)
Time used: 1623.2 secs.  Memory used: 18.3 Mb.
+ 26008: mip =   5.885500000e+04 <=   8.126100000e+04  38.1% (10236; 37)
+ 26073: mip =   5.885500000e+04 <=   8.126100000e+04  38.1% (10261; 37)
+ 26153: mip =   5.885500000e+04 <=   8.126100000e+04  38.1% (10287; 37)
+ 26200: mip =   5.885500000e+04 <=   8.126100000e+04  38.1% (10315; 37)
+ 26273: mip =   5.885500000e+04 <=   8.126100000e+04  38.1% (10344; 37)
+ 26335: mip =   5.885500000e+04 <=   8.126100000e+04  38.1% (10374; 37)
+ 26400: mip =   5.885500000e+04 <=   8.126100000e+04  38.1% (10406; 37)
+ 26489: mip =   5.885500000e+04 <=   8.126100000e+04  38.1% (10440; 37)
+ 26581: mip =   5.885500000e+04 <=   8.126100000e+04  38.1% (10476; 37)
+ 26681: mip =   5.885500000e+04 <=   8.126100000e+04  38.1% (10516; 37)
+ 26797: mip =   5.885500000e+04 <=   8.126100000e+04  38.1% (10560; 37)
+ 26901: mip =   5.885500000e+04 <=   8.126100000e+04  38.1% (10612; 37)
Time used: 1683.2 secs.  Memory used: 18.8 Mb.
+ 27026: mip =   5.885500000e+04 <=   8.126100000e+04  38.1% (10672; 37)
+ 27213: mip =   5.885500000e+04 <=   8.126100000e+04  38.1% (10748; 37)
+ 27491: mip =   5.885500000e+04 <=   8.126100000e+04  38.1% (10879; 37)
+ 27616: >>>>>   5.890100000e+04 <=   8.126100000e+04  38.0% (10949; 37)
+ 27658: mip =   5.890100000e+04 <=   8.125900000e+04  38.0% (10956; 55)
+ 27697: mip =   5.890100000e+04 <=   8.125900000e+04  38.0% (10974; 55)
+ 27743: mip =   5.890100000e+04 <=   8.125900000e+04  38.0% (10992; 55)
+ 27792: mip =   5.890100000e+04 <=   8.125900000e+04  38.0% (11010; 55)
+ 27831: mip =   5.890100000e+04 <=   8.125900000e+04  38.0% (11028; 55)
+ 27876: mip =   5.890100000e+04 <=   8.125900000e+04  38.0% (11047; 55)
+ 27925: mip =   5.890100000e+04 <=   8.125900000e+04  38.0% (11066; 55)
+ 27982: mip =   5.890100000e+04 <=   8.125900000e+04  38.0% (11085; 55)
+ 28011: mip =   5.890100000e+04 <=   8.125900000e+04  38.0% (11104; 55)
Time used: 1743.3 secs.  Memory used: 19.0 Mb.
+ 28071: mip =   5.890100000e+04 <=   8.125900000e+04  38.0% (11124; 55)
+ 28117: mip =   5.890100000e+04 <=   8.125900000e+04  38.0% (11144; 55)
+ 28160: mip =   5.890100000e+04 <=   8.125900000e+04  38.0% (11164; 55)
+ 28199: mip =   5.890100000e+04 <=   8.125900000e+04  38.0% (11185; 55)
+ 28249: mip =   5.890100000e+04 <=   8.125900000e+04  38.0% (11206; 55)
+ 28302: mip =   5.890100000e+04 <=   8.125900000e+04  38.0% (11228; 55)
+ 28341: mip =   5.890100000e+04 <=   8.125900000e+04  38.0% (11250; 55)
+ 28401: mip =   5.890100000e+04 <=   8.125900000e+04  38.0% (11273; 55)
+ 28453: mip =   5.890100000e+04 <=   8.125900000e+04  38.0% (11296; 55)
+ 28509: mip =   5.890100000e+04 <=   8.125900000e+04  38.0% (11320; 55)
+ 28576: mip =   5.890100000e+04 <=   8.125900000e+04  38.0% (11345; 55)
+ 28657: mip =   5.890100000e+04 <=   8.125900000e+04  38.0% (11371; 55)
Time used: 1803.4 secs.  Memory used: 19.2 Mb.
+ 28711: mip =   5.890100000e+04 <=   8.125900000e+04  38.0% (11398; 55)
+ 28776: mip =   5.890100000e+04 <=   8.125900000e+04  38.0% (11426; 55)
+ 28832: mip =   5.890100000e+04 <=   8.125900000e+04  38.0% (11456; 55)
+ 28903: mip =   5.890100000e+04 <=   8.125900000e+04  38.0% (11487; 55)
+ 28991: mip =   5.890100000e+04 <=   8.125900000e+04  38.0% (11520; 55)
+ 29085: mip =   5.890100000e+04 <=   8.125900000e+04  38.0% (11556; 55)
+ 29171: mip =   5.890100000e+04 <=   8.125900000e+04  38.0% (11595; 55)
+ 29289: mip =   5.890100000e+04 <=   8.125900000e+04  38.0% (11638; 55)
+ 29400: mip =   5.890100000e+04 <=   8.125900000e+04  38.0% (11688; 55)
+ 29517: mip =   5.890100000e+04 <=   8.125900000e+04  38.0% (11745; 55)
+ 29686: mip =   5.890100000e+04 <=   8.125900000e+04  38.0% (11816; 55)
Time used: 1863.4 secs.  Memory used: 19.5 Mb.
+ 29933: mip =   5.890100000e+04 <=   8.125900000e+04  38.0% (11922; 55)
+ 30160: mip =   5.890100000e+04 <=   8.125400000e+04  38.0% (12039; 56)
+ 30196: mip =   5.890100000e+04 <=   8.125400000e+04  38.0% (12057; 56)
+ 30249: mip =   5.890100000e+04 <=   8.125400000e+04  38.0% (12075; 56)
+ 30286: mip =   5.890100000e+04 <=   8.125400000e+04  38.0% (12093; 56)
+ 30340: mip =   5.890100000e+04 <=   8.125400000e+04  38.0% (12111; 56)
+ 30375: mip =   5.890100000e+04 <=   8.125400000e+04  38.0% (12130; 56)
+ 30422: mip =   5.890100000e+04 <=   8.125400000e+04  38.0% (12149; 56)
+ 30471: mip =   5.890100000e+04 <=   8.125400000e+04  38.0% (12168; 56)
+ 30510: mip =   5.890100000e+04 <=   8.125400000e+04  38.0% (12185; 56)
+ 30560: mip =   5.890100000e+04 <=   8.125400000e+04  38.0% (12205; 56)
+ 30611: mip =   5.890100000e+04 <=   8.125400000e+04  38.0% (12224; 56)
Time used: 1923.5 secs.  Memory used: 19.6 Mb.
+ 30659: mip =   5.890100000e+04 <=   8.125400000e+04  38.0% (12245; 56)
+ 30697: mip =   5.890100000e+04 <=   8.125400000e+04  38.0% (12266; 56)
+ 30742: mip =   5.890100000e+04 <=   8.125400000e+04  38.0% (12288; 56)
+ 30798: mip =   5.890100000e+04 <=   8.125400000e+04  38.0% (12310; 56)
+ 30838: mip =   5.890100000e+04 <=   8.125400000e+04  38.0% (12333; 56)
+ 30899: mip =   5.890100000e+04 <=   8.125400000e+04  38.0% (12357; 56)
+ 30952: mip =   5.890100000e+04 <=   8.125400000e+04  38.0% (12381; 56)
+ 30999: mip =   5.890100000e+04 <=   8.125400000e+04  38.0% (12406; 56)
+ 31066: mip =   5.890100000e+04 <=   8.125400000e+04  38.0% (12431; 56)
+ 31144: mip =   5.890100000e+04 <=   8.125400000e+04  38.0% (12457; 56)
+ 31209: mip =   5.890100000e+04 <=   8.125400000e+04  38.0% (12484; 56)
+ 31273: mip =   5.890100000e+04 <=   8.125400000e+04  38.0% (12513; 56)
Time used: 1983.5 secs.  Memory used: 19.8 Mb.
+ 31337: mip =   5.890100000e+04 <=   8.125400000e+04  38.0% (12543; 56)
+ 31396: mip =   5.890100000e+04 <=   8.125400000e+04  38.0% (12575; 56)
+ 31474: mip =   5.890100000e+04 <=   8.125400000e+04  38.0% (12608; 56)
+ 31581: mip =   5.890100000e+04 <=   8.125400000e+04  38.0% (12643; 56)
+ 31669: mip =   5.890100000e+04 <=   8.125400000e+04  38.0% (12681; 56)
+ 31775: mip =   5.890100000e+04 <=   8.125400000e+04  38.0% (12724; 56)
+ 31907: mip =   5.890100000e+04 <=   8.125400000e+04  38.0% (12774; 56)
+ 32017: mip =   5.890100000e+04 <=   8.125400000e+04  38.0% (12831; 56)
+ 32180: mip =   5.890100000e+04 <=   8.125400000e+04  38.0% (12900; 56)
+ 32413: mip =   5.890100000e+04 <=   8.125400000e+04  38.0% (12998; 56)
+ 32685: mip =   5.890100000e+04 <=   8.125000000e+04  37.9% (13135; 57)
+ 32725: mip =   5.890100000e+04 <=   8.125000000e+04  37.9% (13153; 57)
Time used: 2043.7 secs.  Memory used: 20.1 Mb.
+ 32773: mip =   5.890100000e+04 <=   8.125000000e+04  37.9% (13171; 57)
+ 32811: mip =   5.890100000e+04 <=   8.125000000e+04  37.9% (13189; 57)
+ 32861: mip =   5.890100000e+04 <=   8.125000000e+04  37.9% (13207; 57)
+ 32898: mip =   5.890100000e+04 <=   8.125000000e+04  37.9% (13226; 57)
+ 32943: mip =   5.890100000e+04 <=   8.125000000e+04  37.9% (13245; 57)
+ 32991: mip =   5.890100000e+04 <=   8.125000000e+04  37.9% (13264; 57)
+ 33047: mip =   5.890100000e+04 <=   8.125000000e+04  37.9% (13283; 57)
+ 33082: mip =   5.890100000e+04 <=   8.125000000e+04  37.9% (13303; 57)
+ 33146: mip =   5.890100000e+04 <=   8.125000000e+04  37.9% (13323; 57)
+ 33189: mip =   5.890100000e+04 <=   8.125000000e+04  37.9% (13343; 57)
+ 33223: mip =   5.890100000e+04 <=   8.125000000e+04  37.9% (13364; 57)
Time used: 2103.7 secs.  Memory used: 20.3 Mb.
+ 33264: mip =   5.890100000e+04 <=   8.125000000e+04  37.9% (13385; 57)
+ 33325: mip =   5.890100000e+04 <=   8.125000000e+04  37.9% (13407; 57)
+ 33366: mip =   5.890100000e+04 <=   8.125000000e+04  37.9% (13429; 57)
+ 33413: mip =   5.890100000e+04 <=   8.125000000e+04  37.9% (13449; 57)
+ 33453: mip =   5.890100000e+04 <=   8.125000000e+04  37.9% (13469; 57)
+ 33509: mip =   5.890100000e+04 <=   8.125000000e+04  37.9% (13493; 57)
+ 33564: mip =   5.890100000e+04 <=   8.125000000e+04  37.9% (13518; 57)
+ 33633: mip =   5.890100000e+04 <=   8.125000000e+04  37.9% (13544; 57)
+ 33710: mip =   5.890100000e+04 <=   8.125000000e+04  37.9% (13571; 57)
+ 33770: mip =   5.890100000e+04 <=   8.125000000e+04  37.9% (13599; 57)
+ 33832: mip =   5.890100000e+04 <=   8.125000000e+04  37.9% (13628; 57)
+ 33885: mip =   5.890100000e+04 <=   8.125000000e+04  37.9% (13659; 57)
Time used: 2163.8 secs.  Memory used: 20.4 Mb.
+ 33961: mip =   5.890100000e+04 <=   8.125000000e+04  37.9% (13692; 57)
+ 34063: mip =   5.890100000e+04 <=   8.125000000e+04  37.9% (13725; 57)
+ 34148: mip =   5.890100000e+04 <=   8.125000000e+04  37.9% (13763; 57)
+ 34244: mip =   5.890100000e+04 <=   8.125000000e+04  37.9% (13805; 57)
+ 34371: mip =   5.890100000e+04 <=   8.125000000e+04  37.9% (13853; 57)
+ 34486: mip =   5.890100000e+04 <=   8.125000000e+04  37.9% (13908; 57)
+ 34644: mip =   5.890100000e+04 <=   8.125000000e+04  37.9% (13974; 57)
+ 34853: mip =   5.890100000e+04 <=   8.125000000e+04  37.9% (14065; 57)
+ 35139: mip =   5.890100000e+04 <=   8.124400000e+04  37.9% (14206; 58)
+ 35183: mip =   5.890100000e+04 <=   8.124400000e+04  37.9% (14224; 58)
+ 35228: mip =   5.890100000e+04 <=   8.124400000e+04  37.9% (14242; 58)
+ 35268: mip =   5.890100000e+04 <=   8.124400000e+04  37.9% (14260; 58)
Time used: 2224.0 secs.  Memory used: 20.8 Mb.
+ 35326: mip =   5.890100000e+04 <=   8.124400000e+04  37.9% (14278; 58)
+ 35355: mip =   5.890100000e+04 <=   8.124400000e+04  37.9% (14296; 58)
+ 35404: mip =   5.890100000e+04 <=   8.124400000e+04  37.9% (14315; 58)
+ 35450: mip =   5.890100000e+04 <=   8.124400000e+04  37.9% (14334; 58)
+ 35509: mip =   5.890100000e+04 <=   8.124400000e+04  37.9% (14353; 58)
+ 35535: mip =   5.890100000e+04 <=   8.124400000e+04  37.9% (14372; 58)
+ 35595: mip =   5.890100000e+04 <=   8.124400000e+04  37.9% (14392; 58)
+ 35641: mip =   5.890100000e+04 <=   8.124400000e+04  37.9% (14412; 58)
+ 35687: mip =   5.890100000e+04 <=   8.124400000e+04  37.9% (14432; 58)
+ 35728: mip =   5.890100000e+04 <=   8.124400000e+04  37.9% (14453; 58)
+ 35775: mip =   5.890100000e+04 <=   8.124400000e+04  37.9% (14474; 58)
+ 35829: mip =   5.890100000e+04 <=   8.124400000e+04  37.9% (14496; 58)
Time used: 2284.0 secs.  Memory used: 20.9 Mb.
+ 35879: mip =   5.890100000e+04 <=   8.124400000e+04  37.9% (14519; 58)
+ 35927: mip =   5.890100000e+04 <=   8.124400000e+04  37.9% (14542; 58)
+ 35984: mip =   5.890100000e+04 <=   8.124400000e+04  37.9% (14566; 58)
+ 36041: mip =   5.890100000e+04 <=   8.124400000e+04  37.9% (14590; 58)
+ 36110: mip =   5.890100000e+04 <=   8.124400000e+04  37.9% (14616; 58)
+ 36198: mip =   5.890100000e+04 <=   8.124400000e+04  37.9% (14642; 58)
+ 36259: mip =   5.890100000e+04 <=   8.124400000e+04  37.9% (14669; 58)
+ 36327: mip =   5.890100000e+04 <=   8.124400000e+04  37.9% (14698; 58)
+ 36385: mip =   5.890100000e+04 <=   8.124400000e+04  37.9% (14728; 58)
+ 36456: mip =   5.890100000e+04 <=   8.124400000e+04  37.9% (14759; 58)
+ 36545: mip =   5.890100000e+04 <=   8.124400000e+04  37.9% (14793; 58)
+ 36639: mip =   5.890100000e+04 <=   8.124400000e+04  37.9% (14829; 58)
Time used: 2344.1 secs.  Memory used: 21.1 Mb.
+ 36726: mip =   5.890100000e+04 <=   8.124400000e+04  37.9% (14869; 58)
+ 36846: mip =   5.890100000e+04 <=   8.124400000e+04  37.9% (14914; 58)
+ 36965: mip =   5.890100000e+04 <=   8.124400000e+04  37.9% (14965; 58)
+ 37090: mip =   5.890100000e+04 <=   8.124400000e+04  37.9% (15025; 58)
+ 37275: mip =   5.890100000e+04 <=   8.124400000e+04  37.9% (15099; 58)
+ 37541: mip =   5.890100000e+04 <=   8.124400000e+04  37.9% (15225; 58)
+ 37703: mip =   5.890100000e+04 <=   8.124400000e+04  37.9% (15307; 59)
+ 37739: mip =   5.890100000e+04 <=   8.124400000e+04  37.9% (15325; 59)
+ 37792: mip =   5.890100000e+04 <=   8.124400000e+04  37.9% (15343; 59)
+ 37829: mip =   5.890100000e+04 <=   8.124400000e+04  37.9% (15361; 59)
+ 37881: mip =   5.890100000e+04 <=   8.124400000e+04  37.9% (15379; 59)
Time used: 2404.2 secs.  Memory used: 21.4 Mb.
+ 37919: mip =   5.890100000e+04 <=   8.124400000e+04  37.9% (15398; 59)
+ 37963: mip =   5.890100000e+04 <=   8.124400000e+04  37.9% (15417; 59)
+ 38017: mip =   5.890100000e+04 <=   8.124400000e+04  37.9% (15436; 59)
+ 38062: mip =   5.890100000e+04 <=   8.124400000e+04  37.9% (15456; 59)
+ 38119: mip =   5.890100000e+04 <=   8.124400000e+04  37.9% (15476; 59)
+ 38165: mip =   5.890100000e+04 <=   8.124400000e+04  37.9% (15496; 59)
+ 38209: mip =   5.890100000e+04 <=   8.124400000e+04  37.9% (15517; 59)
+ 38250: mip =   5.890100000e+04 <=   8.124400000e+04  37.9% (15538; 59)
+ 38297: mip =   5.890100000e+04 <=   8.124400000e+04  37.9% (15559; 59)
+ 38345: mip =   5.890100000e+04 <=   8.124400000e+04  37.9% (15581; 59)
+ 38394: mip =   5.890100000e+04 <=   8.124400000e+04  37.9% (15603; 59)
+ 38442: mip =   5.890100000e+04 <=   8.124400000e+04  37.9% (15626; 59)
Time used: 2464.4 secs.  Memory used: 21.5 Mb.
+ 38497: mip =   5.890100000e+04 <=   8.124400000e+04  37.9% (15650; 59)
+ 38551: mip =   5.890100000e+04 <=   8.124400000e+04  37.9% (15674; 59)
+ 38619: mip =   5.890100000e+04 <=   8.124400000e+04  37.9% (15699; 59)
+ 38699: mip =   5.890100000e+04 <=   8.124400000e+04  37.9% (15725; 59)
+ 38769: mip =   5.890100000e+04 <=   8.124400000e+04  37.9% (15752; 59)
+ 38836: mip =   5.890100000e+04 <=   8.124400000e+04  37.9% (15781; 59)
+ 38900: mip =   5.890100000e+04 <=   8.124400000e+04  37.9% (15811; 59)
+ 38957: mip =   5.890100000e+04 <=   8.124400000e+04  37.9% (15843; 59)
+ 39040: mip =   5.890100000e+04 <=   8.124400000e+04  37.9% (15876; 59)
+ 39136: mip =   5.890100000e+04 <=   8.124400000e+04  37.9% (15911; 59)
+ 39229: mip =   5.890100000e+04 <=   8.124400000e+04  37.9% (15950; 59)
+ 39343: mip =   5.890100000e+04 <=   8.124400000e+04  37.9% (15994; 59)
Time used: 2524.4 secs.  Memory used: 21.7 Mb.
+ 39465: mip =   5.890100000e+04 <=   8.124400000e+04  37.9% (16045; 59)
+ 39588: mip =   5.890100000e+04 <=   8.124400000e+04  37.9% (16104; 59)
+ 39763: mip =   5.890100000e+04 <=   8.124400000e+04  37.9% (16177; 59)
+ 40023: mip =   5.890100000e+04 <=   8.124400000e+04  37.9% (16294; 59)
+ 40215: mip =   5.890100000e+04 <=   8.124300000e+04  37.9% (16398; 60)
+ 40261: mip =   5.890100000e+04 <=   8.124300000e+04  37.9% (16416; 60)
+ 40303: mip =   5.890100000e+04 <=   8.124300000e+04  37.9% (16434; 60)
+ 40346: mip =   5.890100000e+04 <=   8.124300000e+04  37.9% (16452; 60)
+ 40404: mip =   5.890100000e+04 <=   8.124300000e+04  37.9% (16470; 60)
+ 40439: mip =   5.890100000e+04 <=   8.124300000e+04  37.9% (16488; 60)
+ 40485: mip =   5.890100000e+04 <=   8.124300000e+04  37.9% (16507; 60)
+ 40529: mip =   5.890100000e+04 <=   8.124300000e+04  37.9% (16526; 60)
Time used: 2584.6 secs.  Memory used: 22.0 Mb.
+ 40584: mip =   5.890100000e+04 <=   8.124300000e+04  37.9% (16545; 60)
+ 40623: mip =   5.890100000e+04 <=   8.124300000e+04  37.9% (16565; 60)
+ 40681: mip =   5.890100000e+04 <=   8.124300000e+04  37.9% (16585; 60)
+ 40724: mip =   5.890100000e+04 <=   8.124300000e+04  37.9% (16605; 60)
+ 40761: mip =   5.890100000e+04 <=   8.124300000e+04  37.9% (16626; 60)
+ 40802: mip =   5.890100000e+04 <=   8.124300000e+04  37.9% (16647; 60)
+ 40860: mip =   5.890100000e+04 <=   8.124300000e+04  37.9% (16669; 60)
+ 40902: mip =   5.890100000e+04 <=   8.124300000e+04  37.9% (16691; 60)
+ 40961: mip =   5.890100000e+04 <=   8.124300000e+04  37.9% (16714; 60)
+ 41011: mip =   5.890100000e+04 <=   8.124300000e+04  37.9% (16737; 60)
+ 41067: mip =   5.890100000e+04 <=   8.124300000e+04  37.9% (16761; 60)
+ 41138: mip =   5.890100000e+04 <=   8.124300000e+04  37.9% (16786; 60)
Time used: 2644.6 secs.  Memory used: 22.1 Mb.
+ 41196: mip =   5.890100000e+04 <=   8.124300000e+04  37.9% (16812; 60)
+ 41274: mip =   5.890100000e+04 <=   8.124300000e+04  37.9% (16839; 60)
+ 41330: mip =   5.890100000e+04 <=   8.124300000e+04  37.9% (16867; 60)
+ 41395: mip =   5.890100000e+04 <=   8.124300000e+04  37.9% (16896; 60)
+ 41450: mip =   5.890100000e+04 <=   8.124300000e+04  37.9% (16927; 60)
+ 41526: mip =   5.890100000e+04 <=   8.124300000e+04  37.9% (16959; 60)
+ 41631: mip =   5.890100000e+04 <=   8.124300000e+04  37.9% (16993; 60)
+ 41708: mip =   5.890100000e+04 <=   8.124300000e+04  37.9% (17030; 60)
+ 41806: mip =   5.890100000e+04 <=   8.124300000e+04  37.9% (17071; 60)
+ 41929: mip =   5.890100000e+04 <=   8.124300000e+04  37.9% (17118; 60)
+ 42045: mip =   5.890100000e+04 <=   8.124300000e+04  37.9% (17172; 60)
Time used: 2704.7 secs.  Memory used: 22.4 Mb.
+ 42188: mip =   5.890100000e+04 <=   8.124300000e+04  37.9% (17236; 60)
+ 42392: mip =   5.890100000e+04 <=   8.124300000e+04  37.9% (17320; 60)
+ 42717: mip =   5.890100000e+04 <=   8.124100000e+04  37.9% (17490; 61)
+ 42754: mip =   5.890100000e+04 <=   8.124100000e+04  37.9% (17508; 61)
+ 42802: mip =   5.890100000e+04 <=   8.124100000e+04  37.9% (17526; 61)
+ 42837: mip =   5.890100000e+04 <=   8.124100000e+04  37.9% (17544; 61)
+ 42896: mip =   5.890100000e+04 <=   8.124100000e+04  37.9% (17562; 61)
+ 42925: mip =   5.890100000e+04 <=   8.124100000e+04  37.9% (17581; 61)
+ 42973: mip =   5.890100000e+04 <=   8.124100000e+04  37.9% (17600; 61)
+ 43019: mip =   5.890100000e+04 <=   8.124100000e+04  37.9% (17619; 61)
+ 43074: mip =   5.890100000e+04 <=   8.124100000e+04  37.9% (17638; 61)
+ 43108: mip =   5.890100000e+04 <=   8.124100000e+04  37.9% (17658; 61)
Time used: 2764.8 secs.  Memory used: 22.6 Mb.
+ 43169: mip =   5.890100000e+04 <=   8.124100000e+04  37.9% (17678; 61)
+ 43215: mip =   5.890100000e+04 <=   8.124100000e+04  37.9% (17698; 61)
+ 43253: mip =   5.890100000e+04 <=   8.124100000e+04  37.9% (17719; 61)
+ 43293: mip =   5.890100000e+04 <=   8.124100000e+04  37.9% (17740; 61)
+ 43352: mip =   5.890100000e+04 <=   8.124100000e+04  37.9% (17762; 61)
+ 43390: mip =   5.890100000e+04 <=   8.124100000e+04  37.9% (17784; 61)
+ 43449: mip =   5.890100000e+04 <=   8.124100000e+04  37.9% (17807; 61)
+ 43506: mip =   5.890100000e+04 <=   8.124100000e+04  37.9% (17831; 61)
+ 43557: mip =   5.890100000e+04 <=   8.124100000e+04  37.9% (17855; 61)
+ 43624: mip =   5.890100000e+04 <=   8.124100000e+04  37.9% (17880; 61)
+ 43699: mip =   5.890100000e+04 <=   8.124100000e+04  37.9% (17906; 61)
+ 43754: mip =   5.890100000e+04 <=   8.124100000e+04  37.9% (17933; 61)
Time used: 2824.8 secs.  Memory used: 22.8 Mb.
+ 43821: mip =   5.890100000e+04 <=   8.124100000e+04  37.9% (17962; 61)
+ 43885: mip =   5.890100000e+04 <=   8.124100000e+04  37.9% (17992; 61)
+ 43943: mip =   5.890100000e+04 <=   8.124100000e+04  37.9% (18023; 61)
+ 44026: mip =   5.890100000e+04 <=   8.124100000e+04  37.9% (18056; 61)
+ 44121: mip =   5.890100000e+04 <=   8.124100000e+04  37.9% (18092; 61)
+ 44216: mip =   5.890100000e+04 <=   8.124100000e+04  37.9% (18131; 61)
+ 44335: mip =   5.890100000e+04 <=   8.124100000e+04  37.9% (18174; 61)
+ 44446: mip =   5.890100000e+04 <=   8.124100000e+04  37.9% (18224; 61)
+ 44564: mip =   5.890100000e+04 <=   8.124100000e+04  37.9% (18282; 61)
+ 44729: mip =   5.890100000e+04 <=   8.124100000e+04  37.9% (18353; 61)
+ 44978: mip =   5.890100000e+04 <=   8.124100000e+04  37.9% (18461; 61)
+ 45194: mip =   5.890100000e+04 <=   8.124100000e+04  37.9% (18575; 62)
Time used: 2884.9 secs.  Memory used: 23.1 Mb.
+ 45230: mip =   5.890100000e+04 <=   8.124100000e+04  37.9% (18593; 62)
+ 45280: mip =   5.890100000e+04 <=   8.124100000e+04  37.9% (18611; 62)
+ 45321: mip =   5.890100000e+04 <=   8.124100000e+04  37.9% (18629; 62)
+ 45368: mip =   5.890100000e+04 <=   8.124100000e+04  37.9% (18647; 62)
+ 45409: mip =   5.890100000e+04 <=   8.124100000e+04  37.9% (18666; 62)
+ 45452: mip =   5.890100000e+04 <=   8.124100000e+04  37.9% (18685; 62)
+ 45500: mip =   5.890100000e+04 <=   8.124100000e+04  37.9% (18704; 62)
+ 45543: mip =   5.890100000e+04 <=   8.124100000e+04  37.9% (18723; 62)
+ 45595: mip =   5.890100000e+04 <=   8.124100000e+04  37.9% (18743; 62)
+ 45641: mip =   5.890100000e+04 <=   8.124100000e+04  37.9% (18763; 62)
+ 45686: mip =   5.890100000e+04 <=   8.124100000e+04  37.9% (18784; 62)
+ 45727: mip =   5.890100000e+04 <=   8.124100000e+04  37.9% (18805; 62)
Time used: 2945.0 secs.  Memory used: 23.2 Mb.
+ 45781: mip =   5.890100000e+04 <=   8.124100000e+04  37.9% (18827; 62)
+ 45820: mip =   5.890100000e+04 <=   8.124100000e+04  37.9% (18849; 62)
+ 45874: mip =   5.890100000e+04 <=   8.124100000e+04  37.9% (18872; 62)
+ 45923: mip =   5.890100000e+04 <=   8.124100000e+04  37.9% (18895; 62)
+ 45979: mip =   5.890100000e+04 <=   8.124100000e+04  37.9% (18919; 62)
+ 46033: mip =   5.890100000e+04 <=   8.124100000e+04  37.9% (18943; 62)
+ 46099: mip =   5.890100000e+04 <=   8.124100000e+04  37.9% (18968; 62)
+ 46176: mip =   5.890100000e+04 <=   8.124100000e+04  37.9% (18994; 62)
+ 46232: mip =   5.890100000e+04 <=   8.124100000e+04  37.9% (19022; 62)
+ 46300: mip =   5.890100000e+04 <=   8.124100000e+04  37.9% (19051; 62)
+ 46363: mip =   5.890100000e+04 <=   8.124100000e+04  37.9% (19082; 62)
Time used: 3005.2 secs.  Memory used: 23.4 Mb.
+ 46430: mip =   5.890100000e+04 <=   8.124100000e+04  37.9% (19114; 62)
+ 46519: mip =   5.890100000e+04 <=   8.124100000e+04  37.9% (19148; 62)
+ 46613: mip =   5.890100000e+04 <=   8.124100000e+04  37.9% (19183; 62)
+ 46709: mip =   5.890100000e+04 <=   8.124100000e+04  37.9% (19223; 62)
+ 46821: mip =   5.890100000e+04 <=   8.124100000e+04  37.9% (19269; 62)
+ 46937: mip =   5.890100000e+04 <=   8.124100000e+04  37.9% (19321; 62)
+ 47055: mip =   5.890100000e+04 <=   8.124100000e+04  37.9% (19381; 62)
+ 47245: mip =   5.890100000e+04 <=   8.124100000e+04  37.9% (19456; 62)
+ 47522: mip =   5.890100000e+04 <=   8.124100000e+04  37.9% (19591; 62)
+ 47640: >>>>>   5.890300000e+04 <=   8.124100000e+04  37.9% (19657; 62)
+ 47693: mip =   5.890300000e+04 <=   8.124000000e+04  37.9% (19673; 64)
+ 47734: mip =   5.890300000e+04 <=   8.124000000e+04  37.9% (19691; 64)
+ 47779: mip =   5.890300000e+04 <=   8.124000000e+04  37.9% (19709; 64)
Time used: 3065.2 secs.  Memory used: 23.7 Mb.
+ 47820: mip =   5.890300000e+04 <=   8.124000000e+04  37.9% (19727; 64)
+ 47865: mip =   5.890300000e+04 <=   8.124000000e+04  37.9% (19743; 64)
+ 47898: mip =   5.890300000e+04 <=   8.124000000e+04  37.9% (19759; 64)
+ 47947: mip =   5.890300000e+04 <=   8.124000000e+04  37.9% (19778; 64)
+ 47999: mip =   5.890300000e+04 <=   8.124000000e+04  37.9% (19797; 64)
+ 48039: mip =   5.890300000e+04 <=   8.124000000e+04  37.9% (19817; 64)
+ 48089: mip =   5.890300000e+04 <=   8.124000000e+04  37.9% (19837; 64)
+ 48142: mip =   5.890300000e+04 <=   8.124000000e+04  37.9% (19857; 64)
+ 48185: mip =   5.890300000e+04 <=   8.124000000e+04  37.9% (19878; 64)
+ 48226: mip =   5.890300000e+04 <=   8.124000000e+04  37.9% (19899; 64)
+ 48279: mip =   5.890300000e+04 <=   8.124000000e+04  37.9% (19921; 64)
+ 48321: mip =   5.890300000e+04 <=   8.124000000e+04  37.9% (19943; 64)
Time used: 3125.2 secs.  Memory used: 23.8 Mb.
+ 48371: mip =   5.890300000e+04 <=   8.124000000e+04  37.9% (19966; 64)
+ 48423: mip =   5.890300000e+04 <=   8.124000000e+04  37.9% (19990; 64)
+ 48476: mip =   5.890300000e+04 <=   8.124000000e+04  37.9% (20014; 64)
+ 48532: mip =   5.890300000e+04 <=   8.124000000e+04  37.9% (20039; 64)
+ 48600: mip =   5.890300000e+04 <=   8.124000000e+04  37.9% (20064; 64)
+ 48670: mip =   5.890300000e+04 <=   8.124000000e+04  37.9% (20090; 64)
+ 48721: mip =   5.890300000e+04 <=   8.124000000e+04  37.9% (20118; 64)
+ 48785: mip =   5.890300000e+04 <=   8.124000000e+04  37.9% (20147; 64)
+ 48849: mip =   5.890300000e+04 <=   8.124000000e+04  37.9% (20177; 64)
+ 48909: mip =   5.890300000e+04 <=   8.124000000e+04  37.9% (20209; 64)
+ 48993: mip =   5.890300000e+04 <=   8.124000000e+04  37.9% (20242; 64)
+ 49091: mip =   5.890300000e+04 <=   8.124000000e+04  37.9% (20278; 64)
Time used: 3185.3 secs.  Memory used: 24.0 Mb.
+ 49184: mip =   5.890300000e+04 <=   8.124000000e+04  37.9% (20318; 64)
+ 49305: mip =   5.890300000e+04 <=   8.124000000e+04  37.9% (20363; 64)
+ 49426: mip =   5.890300000e+04 <=   8.124000000e+04  37.9% (20415; 64)
+ 49543: mip =   5.890300000e+04 <=   8.124000000e+04  37.9% (20474; 64)
+ 49716: mip =   5.890300000e+04 <=   8.124000000e+04  37.9% (20548; 64)
+ 49975: mip =   5.890300000e+04 <=   8.124000000e+04  37.9% (20661; 64)
+ 50191: mip =   5.890300000e+04 <=   8.124000000e+04  37.9% (20770; 65)
+ 50229: mip =   5.890300000e+04 <=   8.124000000e+04  37.9% (20788; 65)
+ 50273: mip =   5.890300000e+04 <=   8.124000000e+04  37.9% (20806; 65)
+ 50316: mip =   5.890300000e+04 <=   8.124000000e+04  37.9% (20824; 65)
+ 50361: mip =   5.890300000e+04 <=   8.124000000e+04  37.9% (20842; 65)
Time used: 3245.3 secs.  Memory used: 25.0 Mb.
+ 50399: mip =   5.890300000e+04 <=   8.124000000e+04  37.9% (20861; 65)
+ 50443: mip =   5.890300000e+04 <=   8.124000000e+04  37.9% (20880; 65)
+ 50497: mip =   5.890300000e+04 <=   8.124000000e+04  37.9% (20899; 65)
+ 50542: mip =   5.890300000e+04 <=   8.124000000e+04  37.9% (20919; 65)
+ 50590: mip =   5.890300000e+04 <=   8.124000000e+04  37.9% (20939; 65)
+ 50646: mip =   5.890300000e+04 <=   8.124000000e+04  37.9% (20960; 65)
+ 50690: mip =   5.890300000e+04 <=   8.124000000e+04  37.9% (20981; 65)
+ 50731: mip =   5.890300000e+04 <=   8.124000000e+04  37.9% (21002; 65)
+ 50778: mip =   5.890300000e+04 <=   8.124000000e+04  37.9% (21024; 65)
+ 50826: mip =   5.890300000e+04 <=   8.124000000e+04  37.9% (21046; 65)
+ 50876: mip =   5.890300000e+04 <=   8.124000000e+04  37.9% (21069; 65)
+ 50924: mip =   5.890300000e+04 <=   8.124000000e+04  37.9% (21092; 65)
Time used: 3305.4 secs.  Memory used: 25.1 Mb.
+ 50977: mip =   5.890300000e+04 <=   8.124000000e+04  37.9% (21116; 65)
+ 51036: mip =   5.890300000e+04 <=   8.124000000e+04  37.9% (21141; 65)
+ 51105: mip =   5.890300000e+04 <=   8.124000000e+04  37.9% (21167; 65)
+ 51183: mip =   5.890300000e+04 <=   8.124000000e+04  37.9% (21194; 65)
+ 51242: mip =   5.890300000e+04 <=   8.124000000e+04  37.9% (21222; 65)
+ 51302: mip =   5.890300000e+04 <=   8.124000000e+04  37.9% (21251; 65)
+ 51368: mip =   5.890300000e+04 <=   8.124000000e+04  37.9% (21282; 65)
+ 51432: mip =   5.890300000e+04 <=   8.124000000e+04  37.9% (21315; 65)
+ 51526: mip =   5.890300000e+04 <=   8.124000000e+04  37.9% (21350; 65)
+ 51616: mip =   5.890300000e+04 <=   8.124000000e+04  37.9% (21388; 65)
+ 51713: mip =   5.890300000e+04 <=   8.124000000e+04  37.9% (21430; 65)
+ 51843: mip =   5.890300000e+04 <=   8.124000000e+04  37.9% (21478; 65)
Time used: 3365.5 secs.  Memory used: 25.3 Mb.
+ 51953: mip =   5.890300000e+04 <=   8.124000000e+04  37.9% (21531; 65)
+ 52106: mip =   5.890300000e+04 <=   8.124000000e+04  37.9% (21596; 65)
+ 52317: mip =   5.890300000e+04 <=   8.124000000e+04  37.9% (21686; 65)
+ 52593: mip =   5.890300000e+04 <=   8.123700000e+04  37.9% (21820; 66)
+ 52638: mip =   5.890300000e+04 <=   8.123700000e+04  37.9% (21838; 66)
+ 52677: mip =   5.890300000e+04 <=   8.123700000e+04  37.9% (21856; 66)
+ 52724: mip =   5.890300000e+04 <=   8.123700000e+04  37.9% (21874; 66)
+ 52773: mip =   5.890300000e+04 <=   8.123700000e+04  37.9% (21892; 66)
+ 52813: mip =   5.890300000e+04 <=   8.123700000e+04  37.9% (21911; 66)
+ 52857: mip =   5.890300000e+04 <=   8.123700000e+04  37.9% (21930; 66)
+ 52904: mip =   5.890300000e+04 <=   8.123700000e+04  37.9% (21949; 66)
+ 52959: mip =   5.890300000e+04 <=   8.123700000e+04  37.9% (21968; 66)
Time used: 3425.6 secs.  Memory used: 25.6 Mb.
+ 52999: mip =   5.890300000e+04 <=   8.123700000e+04  37.9% (21988; 66)
+ 53049: mip =   5.890300000e+04 <=   8.123700000e+04  37.9% (22008; 66)
+ 53098: mip =   5.890300000e+04 <=   8.123700000e+04  37.9% (22029; 66)
+ 53135: mip =   5.890300000e+04 <=   8.123700000e+04  37.9% (22050; 66)
+ 53176: mip =   5.890300000e+04 <=   8.123700000e+04  37.9% (22071; 66)
+ 53231: mip =   5.890300000e+04 <=   8.123700000e+04  37.9% (22093; 66)
+ 53270: mip =   5.890300000e+04 <=   8.123700000e+04  37.9% (22115; 66)
+ 53329: mip =   5.890300000e+04 <=   8.123700000e+04  37.9% (22138; 66)
+ 53379: mip =   5.890300000e+04 <=   8.123700000e+04  37.9% (22161; 66)
+ 53435: mip =   5.890300000e+04 <=   8.123700000e+04  37.9% (22185; 66)
+ 53490: mip =   5.890300000e+04 <=   8.123700000e+04  37.9% (22210; 66)
Time used: 3485.7 secs.  Memory used: 25.7 Mb.
+ 53559: mip =   5.890300000e+04 <=   8.123700000e+04  37.9% (22236; 66)
+ 53636: mip =   5.890300000e+04 <=   8.123700000e+04  37.9% (22263; 66)
+ 53697: mip =   5.890300000e+04 <=   8.123700000e+04  37.9% (22291; 66)
+ 53760: mip =   5.890300000e+04 <=   8.123700000e+04  37.9% (22320; 66)
+ 53816: mip =   5.890300000e+04 <=   8.123700000e+04  37.9% (22351; 66)
+ 53891: mip =   5.890300000e+04 <=   8.123700000e+04  37.9% (22384; 66)
+ 53998: mip =   5.890300000e+04 <=   8.123700000e+04  37.9% (22419; 66)
+ 54088: mip =   5.890300000e+04 <=   8.123700000e+04  37.9% (22457; 66)
+ 54181: mip =   5.890300000e+04 <=   8.123700000e+04  37.9% (22499; 66)
+ 54304: mip =   5.890300000e+04 <=   8.123700000e+04  37.9% (22546; 66)
+ 54420: mip =   5.890300000e+04 <=   8.123700000e+04  37.9% (22601; 66)
+ 54577: mip =   5.890300000e+04 <=   8.123700000e+04  37.9% (22667; 66)
Time used: 3545.7 secs.  Memory used: 26.0 Mb.
+ 54780: mip =   5.890300000e+04 <=   8.123700000e+04  37.9% (22758; 66)
+ 55086: mip =   5.890300000e+04 <=   8.122700000e+04  37.9% (22910; 67)
+ 55121: mip =   5.890300000e+04 <=   8.122700000e+04  37.9% (22928; 67)
+ 55169: mip =   5.890300000e+04 <=   8.122700000e+04  37.9% (22946; 67)
+ 55206: mip =   5.890300000e+04 <=   8.122700000e+04  37.9% (22964; 67)
+ 55264: mip =   5.890300000e+04 <=   8.122700000e+04  37.9% (22982; 67)
+ 55291: mip =   5.890300000e+04 <=   8.122700000e+04  37.9% (23000; 67)
+ 55339: mip =   5.890300000e+04 <=   8.122700000e+04  37.9% (23019; 67)
+ 55385: mip =   5.890300000e+04 <=   8.122700000e+04  37.9% (23038; 67)
+ 55444: mip =   5.890300000e+04 <=   8.122700000e+04  37.9% (23057; 67)
+ 55475: mip =   5.890300000e+04 <=   8.122700000e+04  37.9% (23077; 67)
+ 55491: mip =   5.890300000e+04 <=   8.122700000e+04  37.9% (23081; 67)
TIME LIMIT EXCEEDED; SEARCH TERMINATED
Time used:   3600.2 secs
Memory used: 27.6 Mb (28928944 bytes)
Writing MIP solution to `I5_SOL.sol'...
