GLPSOL: GLPK LP/MIP Solver, v4.52
Parameter(s) specified in the command line:
 --math math_model.mod -d I72_GLPK.dat -o I72_SOL.sol --log I72_LOG.log --tmlim
 3600
Reading model section from math_model.mod...
40 lines were read
Reading data section from I72_GLPK.dat...
3434 lines were read
Generating profit...
Generating CAP...
Model has been successfully generated
GLPK Integer Optimizer, v4.52
898 rows, 3424 columns, 33566 non-zeros
3424 integer variables, all of which are binary
Preprocessing...
897 rows, 3424 columns, 30142 non-zeros
3424 integer variables, all of which are binary
Scaling...
 A: min|aij| =  1.000e+01  max|aij| =  1.000e+02  ratio =  1.000e+01
GM: min|aij| =  1.000e+00  max|aij| =  1.000e+00  ratio =  1.000e+00
EQ: min|aij| =  1.000e+00  max|aij| =  1.000e+00  ratio =  1.000e+00
2N: min|aij| =  6.719e-01  max|aij| =  1.328e+00  ratio =  1.977e+00
Constructing initial basis...
Size of triangular part is 897
Solving LP relaxation...
GLPK Simplex Optimizer, v4.52
897 rows, 3424 columns, 30142 non-zeros
*     0: obj =   0.000000000e+00  infeas =  0.000e+00 (0)
*   500: obj =   3.272785888e+04  infeas =  4.441e-16 (0)
*  1000: obj =   4.440244070e+04  infeas =  2.401e-15 (0)
*  1404: obj =   4.684108105e+04  infeas =  0.000e+00 (0)
OPTIMAL LP SOLUTION FOUND
Integer optimization begins...
+  1404: mip =     not found yet <=              +inf        (1; 0)
+  1517: mip =     not found yet <=   4.680000000e+04        (59; 0)
+  1648: mip =     not found yet <=   4.680000000e+04        (121; 0)
+  1777: mip =     not found yet <=   4.680000000e+04        (190; 0)
+  1929: mip =     not found yet <=   4.680000000e+04        (263; 0)
+  2100: mip =     not found yet <=   4.680000000e+04        (345; 0)
+  2281: mip =     not found yet <=   4.680000000e+04        (440; 0)
+  2525: mip =     not found yet <=   4.680000000e+04        (557; 0)
+  2841: mip =     not found yet <=   4.680000000e+04        (732; 0)
Solution found by heuristic: 35068
+  3149: >>>>>   3.506900000e+04 <=   4.680000000e+04  33.5% (919; 0)
+  3266: mip =   3.506900000e+04 <=   4.679500000e+04  33.4% (976; 1)
+  3394: mip =   3.506900000e+04 <=   4.679500000e+04  33.4% (1038; 1)
+  3527: mip =   3.506900000e+04 <=   4.679500000e+04  33.4% (1107; 1)
Time used: 60.0 secs.  Memory used: 10.9 Mb.
+  3675: mip =   3.506900000e+04 <=   4.679500000e+04  33.4% (1181; 1)
+  3841: mip =   3.506900000e+04 <=   4.679500000e+04  33.4% (1264; 1)
+  4049: mip =   3.506900000e+04 <=   4.679500000e+04  33.4% (1359; 1)
+  4279: mip =   3.506900000e+04 <=   4.679500000e+04  33.4% (1477; 1)
+  4610: mip =   3.506900000e+04 <=   4.679500000e+04  33.4% (1660; 1)
+  4973: mip =   3.506900000e+04 <=   4.677800000e+04  33.4% (1872; 2)
+  5092: mip =   3.506900000e+04 <=   4.677800000e+04  33.4% (1932; 2)
+  5243: mip =   3.506900000e+04 <=   4.677800000e+04  33.4% (1999; 2)
+  5388: mip =   3.506900000e+04 <=   4.677800000e+04  33.4% (2070; 2)
+  5541: mip =   3.506900000e+04 <=   4.677800000e+04  33.4% (2148; 2)
+  5703: mip =   3.506900000e+04 <=   4.677800000e+04  33.4% (2236; 2)
+  5896: mip =   3.506900000e+04 <=   4.677800000e+04  33.4% (2341; 2)
Time used: 120.1 secs.  Memory used: 11.6 Mb.
+  6179: mip =   3.506900000e+04 <=   4.677800000e+04  33.4% (2485; 2)
+  6634: mip =   3.506900000e+04 <=   4.677000000e+04  33.4% (2748; 3)
+  6747: mip =   3.506900000e+04 <=   4.677000000e+04  33.4% (2807; 3)
+  6886: mip =   3.506900000e+04 <=   4.677000000e+04  33.4% (2870; 3)
+  7016: mip =   3.506900000e+04 <=   4.677000000e+04  33.4% (2940; 3)
+  7161: mip =   3.506900000e+04 <=   4.677000000e+04  33.4% (3014; 3)
+  7335: mip =   3.506900000e+04 <=   4.677000000e+04  33.4% (3097; 3)
+  7542: mip =   3.506900000e+04 <=   4.677000000e+04  33.4% (3193; 3)
+  7760: mip =   3.506900000e+04 <=   4.677000000e+04  33.4% (3311; 3)
+  8087: mip =   3.506900000e+04 <=   4.677000000e+04  33.4% (3485; 3)
+  8422: mip =   3.506900000e+04 <=   4.675500000e+04  33.3% (3686; 4)
+  8547: mip =   3.506900000e+04 <=   4.675500000e+04  33.3% (3746; 4)
Time used: 180.1 secs.  Memory used: 12.4 Mb.
+  8684: mip =   3.506900000e+04 <=   4.675500000e+04  33.3% (3812; 4)
+  8813: mip =   3.506900000e+04 <=   4.675500000e+04  33.3% (3883; 4)
+  8958: mip =   3.506900000e+04 <=   4.675500000e+04  33.3% (3960; 4)
+  9150: mip =   3.506900000e+04 <=   4.675500000e+04  33.3% (4048; 4)
+  9365: mip =   3.506900000e+04 <=   4.675500000e+04  33.3% (4150; 4)
+  9612: mip =   3.506900000e+04 <=   4.675500000e+04  33.3% (4283; 4)
+ 10063: mip =   3.506900000e+04 <=   4.675500000e+04  33.3% (4547; 4)
Solution found by heuristic: 35231
+ 10120: >>>>>   3.523200000e+04 <=   4.675500000e+04  32.7% (4579; 4)
+ 10229: mip =   3.523200000e+04 <=   4.675400000e+04  32.7% (4608; 61)
+ 10360: mip =   3.523200000e+04 <=   4.675400000e+04  32.7% (4670; 61)
+ 10487: mip =   3.523200000e+04 <=   4.675400000e+04  32.7% (4738; 61)
+ 10639: mip =   3.523200000e+04 <=   4.675400000e+04  32.7% (4811; 61)
+ 10808: mip =   3.523200000e+04 <=   4.675400000e+04  32.7% (4892; 61)
Time used: 240.1 secs.  Memory used: 13.0 Mb.
+ 10988: mip =   3.523200000e+04 <=   4.675400000e+04  32.7% (4985; 61)
+ 11218: mip =   3.523200000e+04 <=   4.675400000e+04  32.7% (5098; 61)
+ 11487: mip =   3.523200000e+04 <=   4.675400000e+04  32.7% (5247; 61)
+ 11884: mip =   3.523200000e+04 <=   4.674500000e+04  32.7% (5479; 62)
+ 12003: mip =   3.523200000e+04 <=   4.674500000e+04  32.7% (5538; 62)
+ 12153: mip =   3.523200000e+04 <=   4.674500000e+04  32.7% (5603; 62)
+ 12290: mip =   3.523200000e+04 <=   4.674500000e+04  32.7% (5673; 62)
+ 12431: mip =   3.523200000e+04 <=   4.674500000e+04  32.7% (5748; 62)
+ 12597: mip =   3.523200000e+04 <=   4.674500000e+04  32.7% (5834; 62)
+ 12794: mip =   3.523200000e+04 <=   4.674500000e+04  32.7% (5934; 62)
+ 13059: mip =   3.523200000e+04 <=   4.674500000e+04  32.7% (6067; 62)
+ 13506: mip =   3.523200000e+04 <=   4.674500000e+04  32.7% (6328; 62)
Time used: 300.2 secs.  Memory used: 13.9 Mb.
+ 13687: mip =   3.523200000e+04 <=   4.674000000e+04  32.7% (6418; 63)
+ 13806: mip =   3.523200000e+04 <=   4.674000000e+04  32.7% (6476; 63)
+ 13934: mip =   3.523200000e+04 <=   4.674000000e+04  32.7% (6544; 63)
+ 14081: mip =   3.523200000e+04 <=   4.674000000e+04  32.7% (6617; 63)
+ 14252: mip =   3.523200000e+04 <=   4.674000000e+04  32.7% (6699; 63)
+ 14432: mip =   3.523200000e+04 <=   4.674000000e+04  32.7% (6794; 63)
+ 14680: mip =   3.523200000e+04 <=   4.674000000e+04  32.7% (6910; 63)
+ 14982: mip =   3.523200000e+04 <=   4.674000000e+04  32.7% (7080; 63)
+ 15341: mip =   3.523200000e+04 <=   4.673700000e+04  32.7% (7288; 64)
+ 15463: mip =   3.523200000e+04 <=   4.673700000e+04  32.7% (7348; 64)
+ 15600: mip =   3.523200000e+04 <=   4.673700000e+04  32.7% (7414; 64)
+ 15742: mip =   3.523200000e+04 <=   4.673700000e+04  32.7% (7484; 64)
Time used: 360.2 secs.  Memory used: 14.5 Mb.
+ 15895: mip =   3.523200000e+04 <=   4.673700000e+04  32.7% (7560; 64)
+ 16059: mip =   3.523200000e+04 <=   4.673700000e+04  32.7% (7646; 64)
+ 16262: mip =   3.523200000e+04 <=   4.673700000e+04  32.7% (7748; 64)
+ 16533: mip =   3.523200000e+04 <=   4.673700000e+04  32.7% (7884; 64)
+ 17011: mip =   3.523200000e+04 <=   4.673600000e+04  32.7% (8164; 65)
+ 17123: mip =   3.523200000e+04 <=   4.673600000e+04  32.7% (8222; 65)
+ 17250: mip =   3.523200000e+04 <=   4.673600000e+04  32.7% (8284; 65)
+ 17384: mip =   3.523200000e+04 <=   4.673600000e+04  32.7% (8353; 65)
+ 17529: mip =   3.523200000e+04 <=   4.673600000e+04  32.7% (8426; 65)
+ 17694: mip =   3.523200000e+04 <=   4.673600000e+04  32.7% (8507; 65)
+ 17910: mip =   3.523200000e+04 <=   4.673600000e+04  32.7% (8602; 65)
+ 18125: mip =   3.523200000e+04 <=   4.673600000e+04  32.7% (8715; 65)
Time used: 420.2 secs.  Memory used: 15.1 Mb.
+ 18431: mip =   3.523200000e+04 <=   4.673600000e+04  32.7% (8884; 65)
+ 18801: mip =   3.523200000e+04 <=   4.673100000e+04  32.6% (9103; 66)
+ 18923: mip =   3.523200000e+04 <=   4.673100000e+04  32.6% (9163; 66)
+ 19053: mip =   3.523200000e+04 <=   4.673100000e+04  32.6% (9229; 66)
+ 19188: mip =   3.523200000e+04 <=   4.673100000e+04  32.6% (9299; 66)
+ 19340: mip =   3.523200000e+04 <=   4.673100000e+04  32.6% (9375; 66)
+ 19531: mip =   3.523200000e+04 <=   4.673100000e+04  32.6% (9461; 66)
+ 19730: mip =   3.523200000e+04 <=   4.673100000e+04  32.6% (9563; 66)
+ 19991: mip =   3.523200000e+04 <=   4.673100000e+04  32.6% (9698; 66)
+ 20487: mip =   3.523200000e+04 <=   4.671400000e+04  32.6% (9980; 67)
+ 20596: mip =   3.523200000e+04 <=   4.671400000e+04  32.6% (10038; 67)
Time used: 480.3 secs.  Memory used: 15.9 Mb.
+ 20739: mip =   3.523200000e+04 <=   4.671400000e+04  32.6% (10100; 67)
+ 20883: mip =   3.523200000e+04 <=   4.671400000e+04  32.6% (10169; 67)
+ 21029: mip =   3.523200000e+04 <=   4.671400000e+04  32.6% (10243; 67)
+ 21177: mip =   3.523200000e+04 <=   4.671400000e+04  32.6% (10325; 67)
+ 21347: mip =   3.523200000e+04 <=   4.671400000e+04  32.6% (10420; 67)
+ 21594: mip =   3.523200000e+04 <=   4.671400000e+04  32.6% (10533; 67)
+ 21874: mip =   3.523200000e+04 <=   4.671400000e+04  32.6% (10687; 67)
+ 22261: mip =   3.523200000e+04 <=   4.671000000e+04  32.6% (10913; 68)
+ 22378: mip =   3.523200000e+04 <=   4.671000000e+04  32.6% (10972; 68)
+ 22521: mip =   3.523200000e+04 <=   4.671000000e+04  32.6% (11036; 68)
+ 22644: mip =   3.523200000e+04 <=   4.671000000e+04  32.6% (11106; 68)
+ 22790: mip =   3.523200000e+04 <=   4.671000000e+04  32.6% (11182; 68)
Time used: 540.3 secs.  Memory used: 16.8 Mb.
+ 22983: mip =   3.523200000e+04 <=   4.671000000e+04  32.6% (11267; 68)
+ 23191: mip =   3.523200000e+04 <=   4.671000000e+04  32.6% (11367; 68)
+ 23430: mip =   3.523200000e+04 <=   4.671000000e+04  32.6% (11497; 68)
+ 23851: mip =   3.523200000e+04 <=   4.671000000e+04  32.6% (11741; 68)
+ 24044: mip =   3.523200000e+04 <=   4.670500000e+04  32.6% (11847; 69)
+ 24189: mip =   3.523200000e+04 <=   4.670500000e+04  32.6% (11908; 69)
+ 24330: mip =   3.523200000e+04 <=   4.670500000e+04  32.6% (11977; 69)
+ 24482: mip =   3.523200000e+04 <=   4.670500000e+04  32.6% (12050; 69)
+ 24631: mip =   3.523200000e+04 <=   4.670500000e+04  32.6% (12133; 69)
+ 24808: mip =   3.523200000e+04 <=   4.670500000e+04  32.6% (12229; 69)
+ 25061: mip =   3.523200000e+04 <=   4.670500000e+04  32.6% (12350; 69)
+ 25402: mip =   3.523200000e+04 <=   4.670500000e+04  32.6% (12540; 69)
Solution found by heuristic: 35267
+ 25646: >>>>>   3.526800000e+04 <=   4.670500000e+04  32.4% (12691; 69)
Time used: 600.3 secs.  Memory used: 17.5 Mb.
+ 25754: mip =   3.526800000e+04 <=   4.670500000e+04  32.4% (12736; 90)
+ 25903: mip =   3.526800000e+04 <=   4.670500000e+04  32.4% (12799; 90)
+ 26045: mip =   3.526800000e+04 <=   4.670500000e+04  32.4% (12869; 90)
+ 26192: mip =   3.526800000e+04 <=   4.670500000e+04  32.4% (12942; 90)
+ 26352: mip =   3.526800000e+04 <=   4.670500000e+04  32.4% (13026; 90)
+ 26527: mip =   3.526800000e+04 <=   4.670500000e+04  32.4% (13122; 90)
+ 26774: mip =   3.526800000e+04 <=   4.670500000e+04  32.4% (13238; 90)
+ 27087: mip =   3.526800000e+04 <=   4.670500000e+04  32.4% (13414; 90)
+ 27431: mip =   3.526800000e+04 <=   4.670100000e+04  32.4% (13613; 91)
+ 27553: mip =   3.526800000e+04 <=   4.670100000e+04  32.4% (13672; 91)
+ 27683: mip =   3.526800000e+04 <=   4.670100000e+04  32.4% (13738; 91)
+ 27825: mip =   3.526800000e+04 <=   4.670100000e+04  32.4% (13809; 91)
Time used: 660.4 secs.  Memory used: 18.1 Mb.
+ 27984: mip =   3.526800000e+04 <=   4.670100000e+04  32.4% (13888; 91)
+ 28175: mip =   3.526800000e+04 <=   4.670100000e+04  32.4% (13978; 91)
+ 28378: mip =   3.526800000e+04 <=   4.670100000e+04  32.4% (14085; 91)
+ 28651: mip =   3.526800000e+04 <=   4.670100000e+04  32.4% (14232; 91)
+ 29091: mip =   3.526800000e+04 <=   4.670000000e+04  32.4% (14478; 92)
+ 29202: mip =   3.526800000e+04 <=   4.670000000e+04  32.4% (14537; 92)
+ 29350: mip =   3.526800000e+04 <=   4.670000000e+04  32.4% (14601; 92)
+ 29473: mip =   3.526800000e+04 <=   4.670000000e+04  32.4% (14671; 92)
+ 29635: mip =   3.526800000e+04 <=   4.670000000e+04  32.4% (14748; 92)
+ 29818: mip =   3.526800000e+04 <=   4.670000000e+04  32.4% (14835; 92)
+ 30035: mip =   3.526800000e+04 <=   4.670000000e+04  32.4% (14937; 92)
+ 30279: mip =   3.526800000e+04 <=   4.670000000e+04  32.4% (15070; 92)
Time used: 720.4 secs.  Memory used: 18.8 Mb.
+ 30720: mip =   3.526800000e+04 <=   4.670000000e+04  32.4% (15322; 92)
+ 30888: mip =   3.526800000e+04 <=   4.670000000e+04  32.4% (15409; 93)
+ 31028: mip =   3.526800000e+04 <=   4.670000000e+04  32.4% (15472; 93)
+ 31155: mip =   3.526800000e+04 <=   4.670000000e+04  32.4% (15541; 93)
+ 31308: mip =   3.526800000e+04 <=   4.670000000e+04  32.4% (15615; 93)
+ 31487: mip =   3.526800000e+04 <=   4.670000000e+04  32.4% (15699; 93)
+ 31683: mip =   3.526800000e+04 <=   4.670000000e+04  32.4% (15798; 93)
+ 31927: mip =   3.526800000e+04 <=   4.670000000e+04  32.4% (15924; 93)
+ 32299: mip =   3.526800000e+04 <=   4.670000000e+04  32.4% (16133; 93)
Solution found by heuristic: 35384
+ 32479: >>>>>   3.538500000e+04 <=   4.670000000e+04  32.0% (16246; 93)
+ 32593: mip =   3.538500000e+04 <=   4.670000000e+04  32.0% (16160; 366)
+ 32730: mip =   3.538500000e+04 <=   4.670000000e+04  32.0% (16222; 366)
+ 32859: mip =   3.538500000e+04 <=   4.670000000e+04  32.0% (16290; 366)
Time used: 780.5 secs.  Memory used: 19.4 Mb.
+ 33004: mip =   3.538500000e+04 <=   4.670000000e+04  32.0% (16364; 366)
+ 33168: mip =   3.538500000e+04 <=   4.670000000e+04  32.0% (16446; 366)
+ 33350: mip =   3.538500000e+04 <=   4.670000000e+04  32.0% (16541; 366)
+ 33592: mip =   3.538500000e+04 <=   4.670000000e+04  32.0% (16658; 366)
+ 33923: mip =   3.538500000e+04 <=   4.670000000e+04  32.0% (16834; 366)
+ 34213: mip =   3.538500000e+04 <=   4.669900000e+04  32.0% (17003; 367)
+ 34330: mip =   3.538500000e+04 <=   4.669900000e+04  32.0% (17062; 367)
+ 34480: mip =   3.538500000e+04 <=   4.669900000e+04  32.0% (17128; 367)
+ 34621: mip =   3.538500000e+04 <=   4.669900000e+04  32.0% (17199; 367)
+ 34776: mip =   3.538500000e+04 <=   4.669900000e+04  32.0% (17277; 367)
+ 34945: mip =   3.538500000e+04 <=   4.669900000e+04  32.0% (17367; 367)
+ 35144: mip =   3.538500000e+04 <=   4.669900000e+04  32.0% (17473; 367)
Time used: 840.5 secs.  Memory used: 19.9 Mb.
+ 35434: mip =   3.538500000e+04 <=   4.669900000e+04  32.0% (17625; 367)
+ 35810: mip =   3.538500000e+04 <=   4.669600000e+04  32.0% (17845; 368)
+ 35933: mip =   3.538500000e+04 <=   4.669600000e+04  32.0% (17904; 368)
+ 36077: mip =   3.538500000e+04 <=   4.669600000e+04  32.0% (17968; 368)
+ 36207: mip =   3.538500000e+04 <=   4.669600000e+04  32.0% (18037; 368)
+ 36349: mip =   3.538500000e+04 <=   4.669600000e+04  32.0% (18111; 368)
+ 36507: mip =   3.538500000e+04 <=   4.669600000e+04  32.0% (18195; 368)
+ 36711: mip =   3.538500000e+04 <=   4.669600000e+04  32.0% (18292; 368)
+ 36964: mip =   3.538500000e+04 <=   4.669600000e+04  32.0% (18420; 368)
+ 37348: mip =   3.538500000e+04 <=   4.669600000e+04  32.0% (18634; 368)
+ 37598: mip =   3.538500000e+04 <=   4.669500000e+04  32.0% (18778; 369)
+ 37730: mip =   3.538500000e+04 <=   4.669500000e+04  32.0% (18839; 369)
Time used: 900.5 secs.  Memory used: 20.7 Mb.
+ 37853: mip =   3.538500000e+04 <=   4.669500000e+04  32.0% (18907; 369)
+ 38004: mip =   3.538500000e+04 <=   4.669500000e+04  32.0% (18977; 369)
+ 38164: mip =   3.538500000e+04 <=   4.669500000e+04  32.0% (19057; 369)
+ 38350: mip =   3.538500000e+04 <=   4.669500000e+04  32.0% (19150; 369)
+ 38585: mip =   3.538500000e+04 <=   4.669500000e+04  32.0% (19263; 369)
+ 38887: mip =   3.538500000e+04 <=   4.669500000e+04  32.0% (19433; 369)
+ 39218: mip =   3.538500000e+04 <=   4.669200000e+04  32.0% (19625; 370)
+ 39339: mip =   3.538500000e+04 <=   4.669200000e+04  32.0% (19685; 370)
+ 39462: mip =   3.538500000e+04 <=   4.669200000e+04  32.0% (19751; 370)
+ 39604: mip =   3.538500000e+04 <=   4.669200000e+04  32.0% (19821; 370)
+ 39761: mip =   3.538500000e+04 <=   4.669200000e+04  32.0% (19898; 370)
Time used: 960.5 secs.  Memory used: 21.3 Mb.
+ 39961: mip =   3.538500000e+04 <=   4.669200000e+04  32.0% (19985; 370)
+ 40160: mip =   3.538500000e+04 <=   4.669200000e+04  32.0% (20091; 370)
+ 40432: mip =   3.538500000e+04 <=   4.669200000e+04  32.0% (20235; 370)
+ 40908: mip =   3.538500000e+04 <=   4.669100000e+04  32.0% (20511; 371)
+ 41024: mip =   3.538500000e+04 <=   4.669100000e+04  32.0% (20570; 371)
+ 41171: mip =   3.538500000e+04 <=   4.669100000e+04  32.0% (20633; 371)
+ 41310: mip =   3.538500000e+04 <=   4.669100000e+04  32.0% (20702; 371)
+ 41455: mip =   3.538500000e+04 <=   4.669100000e+04  32.0% (20776; 371)
+ 41602: mip =   3.538500000e+04 <=   4.669100000e+04  32.0% (20859; 371)
+ 41807: mip =   3.538500000e+04 <=   4.669100000e+04  32.0% (20955; 371)
+ 42059: mip =   3.538500000e+04 <=   4.669100000e+04  32.0% (21080; 371)
+ 42428: mip =   3.538500000e+04 <=   4.669100000e+04  32.0% (21288; 371)
Time used: 1020.6 secs.  Memory used: 22.6 Mb.
+ 42708: mip =   3.538500000e+04 <=   4.669100000e+04  32.0% (21444; 372)
+ 42841: mip =   3.538500000e+04 <=   4.669100000e+04  32.0% (21506; 372)
+ 42986: mip =   3.538500000e+04 <=   4.669100000e+04  32.0% (21575; 372)
+ 43140: mip =   3.538500000e+04 <=   4.669100000e+04  32.0% (21648; 372)
+ 43284: mip =   3.538500000e+04 <=   4.669100000e+04  32.0% (21729; 372)
+ 43452: mip =   3.538500000e+04 <=   4.669100000e+04  32.0% (21823; 372)
+ 43697: mip =   3.538500000e+04 <=   4.669100000e+04  32.0% (21940; 372)
+ 44006: mip =   3.538500000e+04 <=   4.669100000e+04  32.0% (22114; 372)
+ 44390: mip =   3.538500000e+04 <=   4.668800000e+04  31.9% (22330; 373)
+ 44510: mip =   3.538500000e+04 <=   4.668800000e+04  31.9% (22390; 373)
+ 44657: mip =   3.538500000e+04 <=   4.668800000e+04  31.9% (22457; 373)
+ 44801: mip =   3.538500000e+04 <=   4.668800000e+04  31.9% (22528; 373)
Time used: 1080.6 secs.  Memory used: 23.3 Mb.
+ 44949: mip =   3.538500000e+04 <=   4.668800000e+04  31.9% (22607; 373)
+ 45130: mip =   3.538500000e+04 <=   4.668800000e+04  31.9% (22698; 373)
+ 45331: mip =   3.538500000e+04 <=   4.668800000e+04  31.9% (22804; 373)
+ 45614: mip =   3.538500000e+04 <=   4.668800000e+04  31.9% (22951; 373)
+ 46040: mip =   3.538500000e+04 <=   4.668700000e+04  31.9% (23194; 374)
+ 46149: mip =   3.538500000e+04 <=   4.668700000e+04  31.9% (23252; 374)
+ 46299: mip =   3.538500000e+04 <=   4.668700000e+04  31.9% (23317; 374)
+ 46418: mip =   3.538500000e+04 <=   4.668700000e+04  31.9% (23384; 374)
+ 46563: mip =   3.538500000e+04 <=   4.668700000e+04  31.9% (23459; 374)
+ 46748: mip =   3.538500000e+04 <=   4.668700000e+04  31.9% (23542; 374)
+ 46961: mip =   3.538500000e+04 <=   4.668700000e+04  31.9% (23642; 374)
+ 47200: mip =   3.538500000e+04 <=   4.668700000e+04  31.9% (23771; 374)
Time used: 1140.6 secs.  Memory used: 24.0 Mb.
+ 47613: mip =   3.538500000e+04 <=   4.668700000e+04  31.9% (23998; 374)
+ 47846: mip =   3.538500000e+04 <=   4.668500000e+04  31.9% (24131; 375)
+ 47965: mip =   3.538500000e+04 <=   4.668500000e+04  31.9% (24187; 375)
+ 48102: mip =   3.538500000e+04 <=   4.668500000e+04  31.9% (24257; 375)
+ 48249: mip =   3.538500000e+04 <=   4.668500000e+04  31.9% (24331; 375)
+ 48417: mip =   3.538500000e+04 <=   4.668500000e+04  31.9% (24412; 375)
+ 48601: mip =   3.538500000e+04 <=   4.668500000e+04  31.9% (24508; 375)
+ 48849: mip =   3.538500000e+04 <=   4.668500000e+04  31.9% (24626; 375)
+ 49152: mip =   3.538500000e+04 <=   4.668500000e+04  31.9% (24802; 375)
+ 49508: mip =   3.538500000e+04 <=   4.668200000e+04  31.9% (25008; 376)
+ 49634: mip =   3.538500000e+04 <=   4.668200000e+04  31.9% (25069; 376)
+ 49789: mip =   3.538500000e+04 <=   4.668200000e+04  31.9% (25136; 376)
Time used: 1200.7 secs.  Memory used: 24.6 Mb.
+ 49927: mip =   3.538500000e+04 <=   4.668200000e+04  31.9% (25209; 376)
+ 50079: mip =   3.538500000e+04 <=   4.668200000e+04  31.9% (25287; 376)
+ 50255: mip =   3.538500000e+04 <=   4.668200000e+04  31.9% (25379; 376)
+ 50460: mip =   3.538500000e+04 <=   4.668200000e+04  31.9% (25490; 376)
+ 50748: mip =   3.538500000e+04 <=   4.668200000e+04  31.9% (25644; 376)
+ 51152: mip =   3.538500000e+04 <=   4.667900000e+04  31.9% (25876; 377)
+ 51266: mip =   3.538500000e+04 <=   4.667900000e+04  31.9% (25936; 377)
+ 51415: mip =   3.538500000e+04 <=   4.667900000e+04  31.9% (26001; 377)
+ 51538: mip =   3.538500000e+04 <=   4.667900000e+04  31.9% (26072; 377)
+ 51683: mip =   3.538500000e+04 <=   4.667900000e+04  31.9% (26149; 377)
+ 51882: mip =   3.538500000e+04 <=   4.667900000e+04  31.9% (26237; 377)
+ 52095: mip =   3.538500000e+04 <=   4.667900000e+04  31.9% (26343; 377)
Time used: 1260.7 secs.  Memory used: 25.3 Mb.
+ 52353: mip =   3.538500000e+04 <=   4.667900000e+04  31.9% (26483; 377)
+ 52790: mip =   3.538500000e+04 <=   4.667900000e+04  31.9% (26727; 378)
+ 52915: mip =   3.538500000e+04 <=   4.667900000e+04  31.9% (26787; 378)
+ 53068: mip =   3.538500000e+04 <=   4.667900000e+04  31.9% (26853; 378)
+ 53201: mip =   3.538500000e+04 <=   4.667900000e+04  31.9% (26925; 378)
+ 53350: mip =   3.538500000e+04 <=   4.667900000e+04  31.9% (27003; 378)
+ 53524: mip =   3.538500000e+04 <=   4.667900000e+04  31.9% (27091; 378)
+ 53721: mip =   3.538500000e+04 <=   4.667900000e+04  31.9% (27195; 378)
+ 54002: mip =   3.538500000e+04 <=   4.667900000e+04  31.9% (27337; 378)
+ 54484: mip =   3.538500000e+04 <=   4.667800000e+04  31.9% (27615; 379)
+ 54595: mip =   3.538500000e+04 <=   4.667800000e+04  31.9% (27675; 379)
+ 54745: mip =   3.538500000e+04 <=   4.667800000e+04  31.9% (27739; 379)
Time used: 1320.7 secs.  Memory used: 26.0 Mb.
+ 54871: mip =   3.538500000e+04 <=   4.667800000e+04  31.9% (27809; 379)
+ 55016: mip =   3.538500000e+04 <=   4.667800000e+04  31.9% (27885; 379)
+ 55188: mip =   3.538500000e+04 <=   4.667800000e+04  31.9% (27970; 379)
+ 55401: mip =   3.538500000e+04 <=   4.667800000e+04  31.9% (28070; 379)
+ 55654: mip =   3.538500000e+04 <=   4.667800000e+04  31.9% (28199; 379)
+ 56057: mip =   3.538500000e+04 <=   4.667800000e+04  31.9% (28427; 379)
+ 56246: mip =   3.538500000e+04 <=   4.667600000e+04  31.9% (28528; 380)
+ 56397: mip =   3.538500000e+04 <=   4.667600000e+04  31.9% (28591; 380)
+ 56539: mip =   3.538500000e+04 <=   4.667600000e+04  31.9% (28662; 380)
+ 56690: mip =   3.538500000e+04 <=   4.667600000e+04  31.9% (28737; 380)
+ 56843: mip =   3.538500000e+04 <=   4.667600000e+04  31.9% (28822; 380)
+ 57014: mip =   3.538500000e+04 <=   4.667600000e+04  31.9% (28920; 380)
Time used: 1380.8 secs.  Memory used: 26.6 Mb.
+ 57283: mip =   3.538500000e+04 <=   4.667600000e+04  31.9% (29041; 380)
+ 57647: mip =   3.538500000e+04 <=   4.667600000e+04  31.9% (29245; 380)
+ 57913: mip =   3.538500000e+04 <=   4.667500000e+04  31.9% (29398; 381)
+ 58050: mip =   3.538500000e+04 <=   4.667500000e+04  31.9% (29460; 381)
+ 58183: mip =   3.538500000e+04 <=   4.667500000e+04  31.9% (29525; 381)
+ 58331: mip =   3.538500000e+04 <=   4.667500000e+04  31.9% (29597; 381)
+ 58476: mip =   3.538500000e+04 <=   4.667500000e+04  31.9% (29677; 381)
+ 58648: mip =   3.538500000e+04 <=   4.667500000e+04  31.9% (29769; 381)
+ 58878: mip =   3.538500000e+04 <=   4.667500000e+04  31.9% (29879; 381)
+ 59178: mip =   3.538500000e+04 <=   4.667500000e+04  31.9% (30034; 381)
+ 59587: mip =   3.538500000e+04 <=   4.667500000e+04  31.9% (30271; 382)
+ 59713: mip =   3.538500000e+04 <=   4.667500000e+04  31.9% (30331; 382)
Time used: 1440.8 secs.  Memory used: 27.3 Mb.
+ 59853: mip =   3.538500000e+04 <=   4.667500000e+04  31.9% (30398; 382)
+ 60000: mip =   3.538500000e+04 <=   4.667500000e+04  31.9% (30468; 382)
+ 60160: mip =   3.538500000e+04 <=   4.667500000e+04  31.9% (30546; 382)
+ 60327: mip =   3.538500000e+04 <=   4.667500000e+04  31.9% (30635; 382)
+ 60531: mip =   3.538500000e+04 <=   4.667500000e+04  31.9% (30743; 382)
+ 60817: mip =   3.538500000e+04 <=   4.667500000e+04  31.9% (30893; 382)
+ 61284: mip =   3.538500000e+04 <=   4.667400000e+04  31.9% (31159; 383)
+ 61384: mip =   3.538500000e+04 <=   4.667400000e+04  31.9% (31211; 383)
+ 61513: mip =   3.538500000e+04 <=   4.667400000e+04  31.9% (31274; 383)
+ 61648: mip =   3.538500000e+04 <=   4.667400000e+04  31.9% (31344; 383)
+ 61796: mip =   3.538500000e+04 <=   4.667400000e+04  31.9% (31419; 383)
+ 61961: mip =   3.538500000e+04 <=   4.667400000e+04  31.9% (31503; 383)
Time used: 1500.8 secs.  Memory used: 27.9 Mb.
+ 62171: mip =   3.538500000e+04 <=   4.667400000e+04  31.9% (31600; 383)
+ 62411: mip =   3.538500000e+04 <=   4.667400000e+04  31.9% (31717; 383)
+ 62729: mip =   3.538500000e+04 <=   4.667400000e+04  31.9% (31896; 383)
+ 63098: mip =   3.538500000e+04 <=   4.667200000e+04  31.9% (32108; 384)
+ 63225: mip =   3.538500000e+04 <=   4.667200000e+04  31.9% (32169; 384)
+ 63353: mip =   3.538500000e+04 <=   4.667200000e+04  31.9% (32237; 384)
+ 63501: mip =   3.538500000e+04 <=   4.667200000e+04  31.9% (32310; 384)
+ 63672: mip =   3.538500000e+04 <=   4.667200000e+04  31.9% (32392; 384)
+ 63858: mip =   3.538500000e+04 <=   4.667200000e+04  31.9% (32486; 384)
+ 64079: mip =   3.538500000e+04 <=   4.667200000e+04  31.9% (32601; 384)
+ 64398: mip =   3.538500000e+04 <=   4.667200000e+04  31.9% (32768; 384)
+ 64765: mip =   3.538500000e+04 <=   4.667100000e+04  31.9% (32984; 385)
Time used: 1560.8 secs.  Memory used: 28.7 Mb.
+ 64890: mip =   3.538500000e+04 <=   4.667100000e+04  31.9% (33046; 385)
+ 65019: mip =   3.538500000e+04 <=   4.667100000e+04  31.9% (33113; 385)
+ 65164: mip =   3.538500000e+04 <=   4.667100000e+04  31.9% (33184; 385)
+ 65325: mip =   3.538500000e+04 <=   4.667100000e+04  31.9% (33261; 385)
+ 65516: mip =   3.538500000e+04 <=   4.667100000e+04  31.9% (33349; 385)
+ 65710: mip =   3.538500000e+04 <=   4.667100000e+04  31.9% (33454; 385)
+ 65977: mip =   3.538500000e+04 <=   4.667100000e+04  31.9% (33595; 385)
+ 66460: mip =   3.538500000e+04 <=   4.667000000e+04  31.9% (33867; 386)
+ 66574: mip =   3.538500000e+04 <=   4.667000000e+04  31.9% (33927; 386)
+ 66722: mip =   3.538500000e+04 <=   4.667000000e+04  31.9% (33992; 386)
+ 66866: mip =   3.538500000e+04 <=   4.667000000e+04  31.9% (34063; 386)
+ 67011: mip =   3.538500000e+04 <=   4.667000000e+04  31.9% (34139; 386)
Time used: 1620.9 secs.  Memory used: 29.3 Mb.
+ 67171: mip =   3.538500000e+04 <=   4.667000000e+04  31.9% (34224; 386)
+ 67380: mip =   3.538500000e+04 <=   4.667000000e+04  31.9% (34324; 386)
+ 67633: mip =   3.538500000e+04 <=   4.667000000e+04  31.9% (34453; 386)
+ 68021: mip =   3.538500000e+04 <=   4.667000000e+04  31.9% (34672; 386)
+ 68282: mip =   3.538500000e+04 <=   4.666900000e+04  31.9% (34816; 387)
+ 68417: mip =   3.538500000e+04 <=   4.666900000e+04  31.9% (34879; 387)
+ 68549: mip =   3.538500000e+04 <=   4.666900000e+04  31.9% (34949; 387)
+ 68706: mip =   3.538500000e+04 <=   4.666900000e+04  31.9% (35023; 387)
+ 68858: mip =   3.538500000e+04 <=   4.666900000e+04  31.9% (35105; 387)
+ 69031: mip =   3.538500000e+04 <=   4.666900000e+04  31.9% (35198; 387)
+ 69275: mip =   3.538500000e+04 <=   4.666900000e+04  31.9% (35312; 387)
+ 69571: mip =   3.538500000e+04 <=   4.666900000e+04  31.9% (35480; 387)
Time used: 1680.9 secs.  Memory used: 30.0 Mb.
Solution found by heuristic: 35386
+ 69911: >>>>>   3.538700000e+04 <=   4.666900000e+04  31.9% (35688; 387)
+ 70024: mip =   3.538700000e+04 <=   4.666900000e+04  31.9% (35742; 396)
+ 70173: mip =   3.538700000e+04 <=   4.666900000e+04  31.9% (35807; 396)
+ 70300: mip =   3.538700000e+04 <=   4.666900000e+04  31.9% (35879; 396)
+ 70448: mip =   3.538700000e+04 <=   4.666900000e+04  31.9% (35958; 396)
+ 70650: mip =   3.538700000e+04 <=   4.666900000e+04  31.9% (36046; 396)
+ 70853: mip =   3.538700000e+04 <=   4.666900000e+04  31.9% (36148; 396)
+ 71102: mip =   3.538700000e+04 <=   4.666900000e+04  31.9% (36284; 396)
+ 71595: mip =   3.538700000e+04 <=   4.666700000e+04  31.9% (36567; 397)
+ 71712: mip =   3.538700000e+04 <=   4.666700000e+04  31.9% (36625; 397)
+ 71859: mip =   3.538700000e+04 <=   4.666700000e+04  31.9% (36689; 397)
+ 71997: mip =   3.538700000e+04 <=   4.666700000e+04  31.9% (36759; 397)
Time used: 1740.9 secs.  Memory used: 30.6 Mb.
+ 72155: mip =   3.538700000e+04 <=   4.666700000e+04  31.9% (36835; 397)
+ 72315: mip =   3.538700000e+04 <=   4.666700000e+04  31.9% (36921; 397)
+ 72508: mip =   3.538700000e+04 <=   4.666700000e+04  31.9% (37022; 397)
+ 72787: mip =   3.538700000e+04 <=   4.666700000e+04  31.9% (37160; 397)
+ 73297: mip =   3.538700000e+04 <=   4.666700000e+04  31.9% (37458; 398)
+ 73416: mip =   3.538700000e+04 <=   4.666700000e+04  31.9% (37517; 398)
+ 73567: mip =   3.538700000e+04 <=   4.666700000e+04  31.9% (37581; 398)
+ 73700: mip =   3.538700000e+04 <=   4.666700000e+04  31.9% (37652; 398)
+ 73847: mip =   3.538700000e+04 <=   4.666700000e+04  31.9% (37728; 398)
+ 73997: mip =   3.538700000e+04 <=   4.666700000e+04  31.9% (37813; 398)
+ 74205: mip =   3.538700000e+04 <=   4.666700000e+04  31.9% (37914; 398)
+ 74465: mip =   3.538700000e+04 <=   4.666700000e+04  31.9% (38048; 398)
Time used: 1800.9 secs.  Memory used: 31.3 Mb.
+ 74890: mip =   3.538700000e+04 <=   4.666700000e+04  31.9% (38293; 398)
+ 75047: mip =   3.538700000e+04 <=   4.666700000e+04  31.9% (38380; 399)
+ 75179: mip =   3.538700000e+04 <=   4.666700000e+04  31.9% (38441; 399)
+ 75306: mip =   3.538700000e+04 <=   4.666700000e+04  31.9% (38510; 399)
+ 75465: mip =   3.538700000e+04 <=   4.666700000e+04  31.9% (38584; 399)
+ 75643: mip =   3.538700000e+04 <=   4.666700000e+04  31.9% (38668; 399)
+ 75857: mip =   3.538700000e+04 <=   4.666700000e+04  31.9% (38766; 399)
+ 76100: mip =   3.538700000e+04 <=   4.666700000e+04  31.9% (38890; 399)
+ 76395: mip =   3.538700000e+04 <=   4.666700000e+04  31.9% (39060; 399)
+ 76746: mip =   3.538700000e+04 <=   4.666600000e+04  31.9% (39255; 400)
+ 76855: mip =   3.538700000e+04 <=   4.666600000e+04  31.9% (39310; 400)
+ 76997: mip =   3.538700000e+04 <=   4.666600000e+04  31.9% (39377; 400)
Time used: 1861.0 secs.  Memory used: 32.0 Mb.
+ 77150: mip =   3.538700000e+04 <=   4.666600000e+04  31.9% (39449; 400)
+ 77303: mip =   3.538700000e+04 <=   4.666600000e+04  31.9% (39529; 400)
+ 77474: mip =   3.538700000e+04 <=   4.666600000e+04  31.9% (39620; 400)
+ 77680: mip =   3.538700000e+04 <=   4.666600000e+04  31.9% (39730; 400)
+ 77981: mip =   3.538700000e+04 <=   4.666600000e+04  31.9% (39885; 400)
+ 78361: mip =   3.538700000e+04 <=   4.666600000e+04  31.9% (40102; 401)
+ 78485: mip =   3.538700000e+04 <=   4.666600000e+04  31.9% (40163; 401)
+ 78613: mip =   3.538700000e+04 <=   4.666600000e+04  31.9% (40229; 401)
+ 78754: mip =   3.538700000e+04 <=   4.666600000e+04  31.9% (40300; 401)
+ 78930: mip =   3.538700000e+04 <=   4.666600000e+04  31.9% (40379; 401)
+ 79121: mip =   3.538700000e+04 <=   4.666600000e+04  31.9% (40470; 401)
+ 79337: mip =   3.538700000e+04 <=   4.666600000e+04  31.9% (40582; 401)
Time used: 1921.0 secs.  Memory used: 32.6 Mb.
+ 79621: mip =   3.538700000e+04 <=   4.666600000e+04  31.9% (40740; 401)
Solution found by heuristic: 35476
+ 80032: >>>>>   3.547700000e+04 <=   4.666600000e+04  31.5% (40979; 401)
+ 80162: mip =   3.547700000e+04 <=   4.666600000e+04  31.5% (40782; 906)
+ 80308: mip =   3.547700000e+04 <=   4.666600000e+04  31.5% (40846; 906)
+ 80446: mip =   3.547700000e+04 <=   4.666600000e+04  31.5% (40916; 906)
+ 80595: mip =   3.547700000e+04 <=   4.666600000e+04  31.5% (40992; 906)
+ 80743: mip =   3.547700000e+04 <=   4.666600000e+04  31.5% (41078; 906)
+ 80936: mip =   3.547700000e+04 <=   4.666600000e+04  31.5% (41179; 906)
+ 81197: mip =   3.547700000e+04 <=   4.666600000e+04  31.5% (41308; 906)
+ 81613: mip =   3.547700000e+04 <=   4.666600000e+04  31.5% (41544; 906)
+ 81759: mip =   3.547700000e+04 <=   4.666600000e+04  31.5% (41622; 907)
+ 81898: mip =   3.547700000e+04 <=   4.666600000e+04  31.5% (41686; 907)
Time used: 1981.0 secs.  Memory used: 34.3 Mb.
+ 82028: mip =   3.547700000e+04 <=   4.666600000e+04  31.5% (41755; 907)
+ 82169: mip =   3.547700000e+04 <=   4.666600000e+04  31.5% (41830; 907)
+ 82334: mip =   3.547700000e+04 <=   4.666600000e+04  31.5% (41913; 907)
+ 82547: mip =   3.547700000e+04 <=   4.666600000e+04  31.5% (42008; 907)
+ 82785: mip =   3.547700000e+04 <=   4.666600000e+04  31.5% (42130; 907)
+ 83132: mip =   3.547700000e+04 <=   4.666600000e+04  31.5% (42320; 907)
+ 83411: mip =   3.547700000e+04 <=   4.666500000e+04  31.5% (42477; 908)
+ 83536: mip =   3.547700000e+04 <=   4.666500000e+04  31.5% (42538; 908)
+ 83664: mip =   3.547700000e+04 <=   4.666500000e+04  31.5% (42605; 908)
+ 83815: mip =   3.547700000e+04 <=   4.666500000e+04  31.5% (42676; 908)
+ 83961: mip =   3.547700000e+04 <=   4.666500000e+04  31.5% (42755; 908)
+ 84124: mip =   3.547700000e+04 <=   4.666500000e+04  31.5% (42845; 908)
Time used: 2041.0 secs.  Memory used: 34.9 Mb.
+ 84342: mip =   3.547700000e+04 <=   4.666500000e+04  31.5% (42953; 908)
+ 84639: mip =   3.547700000e+04 <=   4.666500000e+04  31.5% (43104; 908)
+ 85018: mip =   3.547700000e+04 <=   4.666500000e+04  31.5% (43318; 909)
+ 85145: mip =   3.547700000e+04 <=   4.666500000e+04  31.5% (43378; 909)
+ 85296: mip =   3.547700000e+04 <=   4.666500000e+04  31.5% (43445; 909)
+ 85440: mip =   3.547700000e+04 <=   4.666500000e+04  31.5% (43517; 909)
+ 85593: mip =   3.547700000e+04 <=   4.666500000e+04  31.5% (43595; 909)
+ 85751: mip =   3.547700000e+04 <=   4.666500000e+04  31.5% (43685; 909)
+ 85961: mip =   3.547700000e+04 <=   4.666500000e+04  31.5% (43795; 909)
+ 86263: mip =   3.547700000e+04 <=   4.666500000e+04  31.5% (43949; 909)
+ 86632: mip =   3.547700000e+04 <=   4.666000000e+04  31.5% (44163; 910)
+ 86750: mip =   3.547700000e+04 <=   4.666000000e+04  31.5% (44223; 910)
Time used: 2101.1 secs.  Memory used: 35.6 Mb.
+ 86901: mip =   3.547700000e+04 <=   4.666000000e+04  31.5% (44289; 910)
+ 87038: mip =   3.547700000e+04 <=   4.666000000e+04  31.5% (44360; 910)
+ 87186: mip =   3.547700000e+04 <=   4.666000000e+04  31.5% (44436; 910)
+ 87357: mip =   3.547700000e+04 <=   4.666000000e+04  31.5% (44525; 910)
+ 87573: mip =   3.547700000e+04 <=   4.666000000e+04  31.5% (44631; 910)
+ 87849: mip =   3.547700000e+04 <=   4.666000000e+04  31.5% (44777; 910)
+ 88294: mip =   3.547700000e+04 <=   4.666000000e+04  31.5% (45033; 911)
+ 88420: mip =   3.547700000e+04 <=   4.666000000e+04  31.5% (45093; 911)
+ 88571: mip =   3.547700000e+04 <=   4.666000000e+04  31.5% (45160; 911)
+ 88711: mip =   3.547700000e+04 <=   4.666000000e+04  31.5% (45231; 911)
+ 88857: mip =   3.547700000e+04 <=   4.666000000e+04  31.5% (45309; 911)
+ 89028: mip =   3.547700000e+04 <=   4.666000000e+04  31.5% (45397; 911)
Time used: 2161.1 secs.  Memory used: 36.2 Mb.
+ 89221: mip =   3.547700000e+04 <=   4.666000000e+04  31.5% (45501; 911)
+ 89505: mip =   3.547700000e+04 <=   4.666000000e+04  31.5% (45644; 911)
+ 89934: mip =   3.547700000e+04 <=   4.666000000e+04  31.5% (45890; 912)
+ 90059: mip =   3.547700000e+04 <=   4.666000000e+04  31.5% (45950; 912)
+ 90213: mip =   3.547700000e+04 <=   4.666000000e+04  31.5% (46016; 912)
+ 90344: mip =   3.547700000e+04 <=   4.666000000e+04  31.5% (46088; 912)
+ 90503: mip =   3.547700000e+04 <=   4.666000000e+04  31.5% (46168; 912)
+ 90690: mip =   3.547700000e+04 <=   4.666000000e+04  31.5% (46259; 912)
+ 90884: mip =   3.547700000e+04 <=   4.666000000e+04  31.5% (46366; 912)
+ 91168: mip =   3.547700000e+04 <=   4.666000000e+04  31.5% (46516; 912)
+ 91628: mip =   3.547700000e+04 <=   4.665900000e+04  31.5% (46780; 913)
+ 91743: mip =   3.547700000e+04 <=   4.665900000e+04  31.5% (46840; 913)
Time used: 2221.2 secs.  Memory used: 37.0 Mb.
+ 91887: mip =   3.547700000e+04 <=   4.665900000e+04  31.5% (46905; 913)
+ 92016: mip =   3.547700000e+04 <=   4.665900000e+04  31.5% (46976; 913)
+ 92176: mip =   3.547700000e+04 <=   4.665900000e+04  31.5% (47055; 913)
+ 92373: mip =   3.547700000e+04 <=   4.665900000e+04  31.5% (47145; 913)
+ 92598: mip =   3.547700000e+04 <=   4.665900000e+04  31.5% (47253; 913)
+ 92865: mip =   3.547700000e+04 <=   4.665900000e+04  31.5% (47401; 913)
+ 93328: mip =   3.547700000e+04 <=   4.665900000e+04  31.5% (47662; 914)
+ 93448: mip =   3.547700000e+04 <=   4.665900000e+04  31.5% (47721; 914)
+ 93590: mip =   3.547700000e+04 <=   4.665900000e+04  31.5% (47786; 914)
+ 93718: mip =   3.547700000e+04 <=   4.665900000e+04  31.5% (47856; 914)
+ 93873: mip =   3.547700000e+04 <=   4.665900000e+04  31.5% (47934; 914)
+ 94085: mip =   3.547700000e+04 <=   4.665900000e+04  31.5% (48024; 914)
Time used: 2281.2 secs.  Memory used: 37.6 Mb.
+ 94281: mip =   3.547700000e+04 <=   4.665900000e+04  31.5% (48133; 914)
+ 94560: mip =   3.547700000e+04 <=   4.665900000e+04  31.5% (48284; 914)
+ 95035: mip =   3.547700000e+04 <=   4.665900000e+04  31.5% (48554; 915)
+ 95159: mip =   3.547700000e+04 <=   4.665900000e+04  31.5% (48614; 915)
+ 95294: mip =   3.547700000e+04 <=   4.665900000e+04  31.5% (48679; 915)
+ 95432: mip =   3.547700000e+04 <=   4.665900000e+04  31.5% (48751; 915)
+ 95578: mip =   3.547700000e+04 <=   4.665900000e+04  31.5% (48829; 915)
+ 95762: mip =   3.547700000e+04 <=   4.665900000e+04  31.5% (48916; 915)
+ 95972: mip =   3.547700000e+04 <=   4.665900000e+04  31.5% (49020; 915)
+ 96234: mip =   3.547700000e+04 <=   4.665900000e+04  31.5% (49159; 915)
+ 96684: mip =   3.547700000e+04 <=   4.665700000e+04  31.5% (49412; 916)
+ 96793: mip =   3.547700000e+04 <=   4.665700000e+04  31.5% (49470; 916)
Time used: 2341.2 secs.  Memory used: 38.4 Mb.
+ 96938: mip =   3.547700000e+04 <=   4.665700000e+04  31.5% (49533; 916)
+ 97088: mip =   3.547700000e+04 <=   4.665700000e+04  31.5% (49603; 916)
+ 97231: mip =   3.547700000e+04 <=   4.665700000e+04  31.5% (49679; 916)
+ 97387: mip =   3.547700000e+04 <=   4.665700000e+04  31.5% (49765; 916)
+ 97596: mip =   3.547700000e+04 <=   4.665700000e+04  31.5% (49866; 916)
+ 97862: mip =   3.547700000e+04 <=   4.665700000e+04  31.5% (50003; 916)
+ 98315: mip =   3.547700000e+04 <=   4.665700000e+04  31.5% (50267; 917)
+ 98434: mip =   3.547700000e+04 <=   4.665700000e+04  31.5% (50327; 917)
+ 98577: mip =   3.547700000e+04 <=   4.665700000e+04  31.5% (50392; 917)
+ 98700: mip =   3.547700000e+04 <=   4.665700000e+04  31.5% (50462; 917)
+ 98843: mip =   3.547700000e+04 <=   4.665700000e+04  31.5% (50538; 917)
+ 99035: mip =   3.547700000e+04 <=   4.665700000e+04  31.5% (50625; 917)
Time used: 2401.2 secs.  Memory used: 39.0 Mb.
+ 99245: mip =   3.547700000e+04 <=   4.665700000e+04  31.5% (50728; 917)
+ 99499: mip =   3.547700000e+04 <=   4.665700000e+04  31.5% (50866; 917)
+ 99979: mip =   3.547700000e+04 <=   4.665600000e+04  31.5% (51137; 918)
+100093: mip =   3.547700000e+04 <=   4.665600000e+04  31.5% (51197; 918)
+100237: mip =   3.547700000e+04 <=   4.665600000e+04  31.5% (51261; 918)
+100385: mip =   3.547700000e+04 <=   4.665600000e+04  31.5% (51332; 918)
+100528: mip =   3.547700000e+04 <=   4.665600000e+04  31.5% (51407; 918)
+100676: mip =   3.547700000e+04 <=   4.665600000e+04  31.5% (51491; 918)
+100884: mip =   3.547700000e+04 <=   4.665600000e+04  31.5% (51589; 918)
+101141: mip =   3.547700000e+04 <=   4.665600000e+04  31.5% (51715; 918)
+101490: mip =   3.547700000e+04 <=   4.665600000e+04  31.5% (51920; 918)
Time used: 2461.2 secs.  Memory used: 39.7 Mb.
+101795: mip =   3.547700000e+04 <=   4.665600000e+04  31.5% (52089; 919)
+101932: mip =   3.547700000e+04 <=   4.665600000e+04  31.5% (52152; 919)
+102069: mip =   3.547700000e+04 <=   4.665600000e+04  31.5% (52222; 919)
+102214: mip =   3.547700000e+04 <=   4.665600000e+04  31.5% (52297; 919)
+102386: mip =   3.547700000e+04 <=   4.665600000e+04  31.5% (52381; 919)
+102586: mip =   3.547700000e+04 <=   4.665600000e+04  31.5% (52479; 919)
+102812: mip =   3.547700000e+04 <=   4.665600000e+04  31.5% (52603; 919)
+103189: mip =   3.547700000e+04 <=   4.665600000e+04  31.5% (52806; 919)
+103423: mip =   3.547700000e+04 <=   4.665600000e+04  31.5% (52938; 920)
+103562: mip =   3.547700000e+04 <=   4.665600000e+04  31.5% (53002; 920)
+103696: mip =   3.547700000e+04 <=   4.665600000e+04  31.5% (53073; 920)
+103840: mip =   3.547700000e+04 <=   4.665600000e+04  31.5% (53149; 920)
Time used: 2521.3 secs.  Memory used: 40.3 Mb.
+104025: mip =   3.547700000e+04 <=   4.665600000e+04  31.5% (53234; 920)
+104223: mip =   3.547700000e+04 <=   4.665600000e+04  31.5% (53334; 920)
+104472: mip =   3.547700000e+04 <=   4.665600000e+04  31.5% (53465; 920)
+104903: mip =   3.547700000e+04 <=   4.665600000e+04  31.5% (53716; 920)
+105068: mip =   3.547700000e+04 <=   4.665500000e+04  31.5% (53796; 921)
+105213: mip =   3.547700000e+04 <=   4.665500000e+04  31.5% (53859; 921)
+105344: mip =   3.547700000e+04 <=   4.665500000e+04  31.5% (53921; 921)
+105484: mip =   3.547700000e+04 <=   4.665500000e+04  31.5% (53989; 921)
+105634: mip =   3.547700000e+04 <=   4.665500000e+04  31.5% (54065; 921)
+105801: mip =   3.547700000e+04 <=   4.665500000e+04  31.5% (54154; 921)
+106006: mip =   3.547700000e+04 <=   4.665500000e+04  31.5% (54263; 921)
+106331: mip =   3.547700000e+04 <=   4.665500000e+04  31.5% (54420; 921)
Time used: 2581.3 secs.  Memory used: 41.1 Mb.
+106704: mip =   3.547700000e+04 <=   4.665300000e+04  31.5% (54643; 922)
+106823: mip =   3.547700000e+04 <=   4.665300000e+04  31.5% (54703; 922)
+106966: mip =   3.547700000e+04 <=   4.665300000e+04  31.5% (54769; 922)
+107095: mip =   3.547700000e+04 <=   4.665300000e+04  31.5% (54840; 922)
+107245: mip =   3.547700000e+04 <=   4.665300000e+04  31.5% (54918; 922)
+107455: mip =   3.547700000e+04 <=   4.665300000e+04  31.5% (55008; 922)
+107661: mip =   3.547700000e+04 <=   4.665300000e+04  31.5% (55116; 922)
+107943: mip =   3.547700000e+04 <=   4.665300000e+04  31.5% (55272; 922)
+108356: mip =   3.547700000e+04 <=   4.665300000e+04  31.5% (55505; 923)
+108473: mip =   3.547700000e+04 <=   4.665300000e+04  31.5% (55566; 923)
+108614: mip =   3.547700000e+04 <=   4.665300000e+04  31.5% (55633; 923)
+108745: mip =   3.547700000e+04 <=   4.665300000e+04  31.5% (55705; 923)
Time used: 2641.3 secs.  Memory used: 41.7 Mb.
+108902: mip =   3.547700000e+04 <=   4.665300000e+04  31.5% (55782; 923)
+109094: mip =   3.547700000e+04 <=   4.665300000e+04  31.5% (55869; 923)
+109301: mip =   3.547700000e+04 <=   4.665300000e+04  31.5% (55975; 923)
+109564: mip =   3.547700000e+04 <=   4.665300000e+04  31.5% (56117; 923)
+110041: mip =   3.547700000e+04 <=   4.665100000e+04  31.5% (56394; 924)
+110153: mip =   3.547700000e+04 <=   4.665100000e+04  31.5% (56454; 924)
+110295: mip =   3.547700000e+04 <=   4.665100000e+04  31.5% (56518; 924)
+110421: mip =   3.547700000e+04 <=   4.665100000e+04  31.5% (56589; 924)
+110571: mip =   3.547700000e+04 <=   4.665100000e+04  31.5% (56666; 924)
+110756: mip =   3.547700000e+04 <=   4.665100000e+04  31.5% (56752; 924)
+110948: mip =   3.547700000e+04 <=   4.665100000e+04  31.5% (56852; 924)
+111202: mip =   3.547700000e+04 <=   4.665100000e+04  31.5% (56975; 924)
Time used: 2701.3 secs.  Memory used: 42.3 Mb.
+111544: mip =   3.547700000e+04 <=   4.665100000e+04  31.5% (57166; 924)
+111871: mip =   3.547700000e+04 <=   4.665100000e+04  31.5% (57349; 925)
+112005: mip =   3.547700000e+04 <=   4.665100000e+04  31.5% (57409; 925)
+112134: mip =   3.547700000e+04 <=   4.665100000e+04  31.5% (57479; 925)
+112282: mip =   3.547700000e+04 <=   4.665100000e+04  31.5% (57554; 925)
+112453: mip =   3.547700000e+04 <=   4.665100000e+04  31.5% (57638; 925)
+112661: mip =   3.547700000e+04 <=   4.665100000e+04  31.5% (57735; 925)
+112890: mip =   3.547700000e+04 <=   4.665100000e+04  31.5% (57858; 925)
+113239: mip =   3.547700000e+04 <=   4.665100000e+04  31.5% (58051; 925)
+113528: mip =   3.547700000e+04 <=   4.665100000e+04  31.5% (58218; 926)
+113667: mip =   3.547700000e+04 <=   4.665100000e+04  31.5% (58282; 926)
+113794: mip =   3.547700000e+04 <=   4.665100000e+04  31.5% (58352; 926)
Time used: 2761.4 secs.  Memory used: 43.1 Mb.
+113950: mip =   3.547700000e+04 <=   4.665100000e+04  31.5% (58428; 926)
+114134: mip =   3.547700000e+04 <=   4.665100000e+04  31.5% (58514; 926)
+114337: mip =   3.547700000e+04 <=   4.665100000e+04  31.5% (58615; 926)
+114576: mip =   3.547700000e+04 <=   4.665100000e+04  31.5% (58747; 926)
+115006: mip =   3.547700000e+04 <=   4.665100000e+04  31.5% (58993; 926)
Solution found by heuristic: 35530
+115119: >>>>>   3.553100000e+04 <=   4.665100000e+04  31.3% (59060; 926)
+115229: mip =   3.553100000e+04 <=   4.665100000e+04  31.3% (58901; 1331)
+115384: mip =   3.553100000e+04 <=   4.665100000e+04  31.3% (58965; 1331)
+115527: mip =   3.553100000e+04 <=   4.665100000e+04  31.3% (59036; 1331)
+115670: mip =   3.553100000e+04 <=   4.665100000e+04  31.3% (59110; 1331)
+115825: mip =   3.553100000e+04 <=   4.665100000e+04  31.3% (59195; 1331)
+116022: mip =   3.553100000e+04 <=   4.665100000e+04  31.3% (59294; 1331)
+116280: mip =   3.553100000e+04 <=   4.665100000e+04  31.3% (59420; 1331)
Time used: 2821.4 secs.  Memory used: 43.5 Mb.
+116655: mip =   3.553100000e+04 <=   4.665100000e+04  31.3% (59634; 1331)
+116846: mip =   3.553100000e+04 <=   4.665100000e+04  31.3% (59744; 1332)
+116983: mip =   3.553100000e+04 <=   4.665100000e+04  31.3% (59806; 1332)
+117108: mip =   3.553100000e+04 <=   4.665100000e+04  31.3% (59875; 1332)
+117259: mip =   3.553100000e+04 <=   4.665100000e+04  31.3% (59946; 1332)
+117427: mip =   3.553100000e+04 <=   4.665100000e+04  31.3% (60024; 1332)
+117572: mip =   3.553100000e+04 <=   4.665100000e+04  31.3% (60094; 1332)
+117676: mip =   3.553100000e+04 <=   4.665100000e+04  31.3% (60143; 1332)
+117785: mip =   3.553100000e+04 <=   4.665100000e+04  31.3% (60208; 1332)
+118033: mip =   3.553100000e+04 <=   4.665100000e+04  31.3% (60341; 1332)
+118482: mip =   3.553100000e+04 <=   4.665100000e+04  31.3% (60581; 1333)
+118585: mip =   3.553100000e+04 <=   4.665100000e+04  31.3% (60635; 1333)
Time used: 2881.4 secs.  Memory used: 44.1 Mb.
+118727: mip =   3.553100000e+04 <=   4.665100000e+04  31.3% (60695; 1333)
+118861: mip =   3.553100000e+04 <=   4.665100000e+04  31.3% (60762; 1333)
+119002: mip =   3.553100000e+04 <=   4.665100000e+04  31.3% (60832; 1333)
+119130: mip =   3.553100000e+04 <=   4.665100000e+04  31.3% (60901; 1333)
+119287: mip =   3.553100000e+04 <=   4.665100000e+04  31.3% (60987; 1333)
+119468: mip =   3.553100000e+04 <=   4.665100000e+04  31.3% (61079; 1333)
+119706: mip =   3.553100000e+04 <=   4.665100000e+04  31.3% (61197; 1333)
+120080: mip =   3.553100000e+04 <=   4.665100000e+04  31.3% (61417; 1333)
+120194: mip =   3.553100000e+04 <=   4.665000000e+04  31.3% (61470; 1334)
+120271: mip =   3.553100000e+04 <=   4.665000000e+04  31.3% (61509; 1334)
+120402: mip =   3.553100000e+04 <=   4.665000000e+04  31.3% (61567; 1334)
+120535: mip =   3.553100000e+04 <=   4.665000000e+04  31.3% (61633; 1334)
Time used: 2941.4 secs.  Memory used: 44.7 Mb.
+120666: mip =   3.553100000e+04 <=   4.665000000e+04  31.3% (61700; 1334)
+120778: mip =   3.553100000e+04 <=   4.665000000e+04  31.3% (61763; 1334)
+120938: mip =   3.553100000e+04 <=   4.665000000e+04  31.3% (61839; 1334)
+121095: mip =   3.553100000e+04 <=   4.665000000e+04  31.3% (61915; 1334)
+121348: mip =   3.553100000e+04 <=   4.665000000e+04  31.3% (62040; 1334)
+121692: mip =   3.553100000e+04 <=   4.665000000e+04  31.3% (62236; 1334)
+121907: mip =   3.553100000e+04 <=   4.664800000e+04  31.3% (62357; 1335)
+122021: mip =   3.553100000e+04 <=   4.664800000e+04  31.3% (62411; 1335)
+122148: mip =   3.553100000e+04 <=   4.664800000e+04  31.3% (62470; 1335)
+122268: mip =   3.553100000e+04 <=   4.664800000e+04  31.3% (62532; 1335)
+122401: mip =   3.553100000e+04 <=   4.664800000e+04  31.3% (62602; 1335)
+122551: mip =   3.553100000e+04 <=   4.664800000e+04  31.3% (62681; 1335)
Time used: 3001.5 secs.  Memory used: 45.2 Mb.
+122736: mip =   3.553100000e+04 <=   4.664800000e+04  31.3% (62770; 1335)
+122975: mip =   3.553100000e+04 <=   4.664800000e+04  31.3% (62886; 1335)
+123261: mip =   3.553100000e+04 <=   4.664800000e+04  31.3% (63054; 1335)
+123561: mip =   3.553100000e+04 <=   4.664700000e+04  31.3% (63230; 1336)
+123669: mip =   3.553100000e+04 <=   4.664700000e+04  31.3% (63282; 1336)
+123806: mip =   3.553100000e+04 <=   4.664700000e+04  31.3% (63346; 1336)
+123926: mip =   3.553100000e+04 <=   4.664700000e+04  31.3% (63408; 1336)
+124070: mip =   3.553100000e+04 <=   4.664700000e+04  31.3% (63480; 1336)
+124218: mip =   3.553100000e+04 <=   4.664700000e+04  31.3% (63557; 1336)
+124388: mip =   3.553100000e+04 <=   4.664700000e+04  31.3% (63649; 1336)
+124622: mip =   3.553100000e+04 <=   4.664700000e+04  31.3% (63763; 1336)
+124884: mip =   3.553100000e+04 <=   4.664700000e+04  31.3% (63906; 1336)
Time used: 3061.5 secs.  Memory used: 45.8 Mb.
+125226: mip =   3.553100000e+04 <=   4.664700000e+04  31.3% (64103; 1337)
+125323: mip =   3.553100000e+04 <=   4.664700000e+04  31.3% (64150; 1337)
+125461: mip =   3.553100000e+04 <=   4.664700000e+04  31.3% (64206; 1337)
+125582: mip =   3.553100000e+04 <=   4.664700000e+04  31.3% (64269; 1337)
+125725: mip =   3.553100000e+04 <=   4.664700000e+04  31.3% (64336; 1337)
+125863: mip =   3.553100000e+04 <=   4.664700000e+04  31.3% (64413; 1337)
+126021: mip =   3.553100000e+04 <=   4.664700000e+04  31.3% (64500; 1337)
+126219: mip =   3.553100000e+04 <=   4.664700000e+04  31.3% (64595; 1337)
+126399: mip =   3.553100000e+04 <=   4.664700000e+04  31.3% (64693; 1337)
+126748: mip =   3.553100000e+04 <=   4.664700000e+04  31.3% (64896; 1337)
+126909: mip =   3.553100000e+04 <=   4.664700000e+04  31.3% (64984; 1338)
Time used: 3121.6 secs.  Memory used: 46.4 Mb.
+127018: mip =   3.553100000e+04 <=   4.664700000e+04  31.3% (65038; 1338)
+127126: mip =   3.553100000e+04 <=   4.664700000e+04  31.3% (65095; 1338)
+127266: mip =   3.553100000e+04 <=   4.664700000e+04  31.3% (65164; 1338)
+127411: mip =   3.553100000e+04 <=   4.664700000e+04  31.3% (65240; 1338)
+127591: mip =   3.553100000e+04 <=   4.664700000e+04  31.3% (65321; 1338)
+127782: mip =   3.553100000e+04 <=   4.664700000e+04  31.3% (65420; 1338)
+128023: mip =   3.553100000e+04 <=   4.664700000e+04  31.3% (65551; 1338)
+128470: mip =   3.553100000e+04 <=   4.664700000e+04  31.3% (65802; 1339)
+128590: mip =   3.553100000e+04 <=   4.664700000e+04  31.3% (65859; 1339)
+128734: mip =   3.553100000e+04 <=   4.664700000e+04  31.3% (65920; 1339)
+128856: mip =   3.553100000e+04 <=   4.664700000e+04  31.3% (65985; 1339)
+129001: mip =   3.553100000e+04 <=   4.664700000e+04  31.3% (66055; 1339)
Time used: 3181.6 secs.  Memory used: 47.0 Mb.
+129149: mip =   3.553100000e+04 <=   4.664700000e+04  31.3% (66137; 1339)
+129327: mip =   3.553100000e+04 <=   4.664700000e+04  31.3% (66234; 1339)
+129583: mip =   3.553100000e+04 <=   4.664700000e+04  31.3% (66360; 1339)
+129970: mip =   3.553100000e+04 <=   4.664700000e+04  31.3% (66578; 1339)
+130216: mip =   3.553100000e+04 <=   4.664700000e+04  31.3% (66712; 1340)
+130318: mip =   3.553100000e+04 <=   4.664700000e+04  31.3% (66763; 1340)
+130434: mip =   3.553100000e+04 <=   4.664700000e+04  31.3% (66823; 1340)
+130577: mip =   3.553100000e+04 <=   4.664700000e+04  31.3% (66892; 1340)
+130724: mip =   3.553100000e+04 <=   4.664700000e+04  31.3% (66966; 1340)
+130921: mip =   3.553100000e+04 <=   4.664700000e+04  31.3% (67050; 1340)
+131110: mip =   3.553100000e+04 <=   4.664700000e+04  31.3% (67151; 1340)
+131367: mip =   3.553100000e+04 <=   4.664700000e+04  31.3% (67284; 1340)
Time used: 3241.6 secs.  Memory used: 47.7 Mb.
+131844: mip =   3.553100000e+04 <=   4.664600000e+04  31.3% (67561; 1341)
+131952: mip =   3.553100000e+04 <=   4.664600000e+04  31.3% (67618; 1341)
+132093: mip =   3.553100000e+04 <=   4.664600000e+04  31.3% (67679; 1341)
+132236: mip =   3.553100000e+04 <=   4.664600000e+04  31.3% (67747; 1341)
+132379: mip =   3.553100000e+04 <=   4.664600000e+04  31.3% (67818; 1341)
+132521: mip =   3.553100000e+04 <=   4.664600000e+04  31.3% (67898; 1341)
+132691: mip =   3.553100000e+04 <=   4.664600000e+04  31.3% (67989; 1341)
+132921: mip =   3.553100000e+04 <=   4.664600000e+04  31.3% (68101; 1341)
+133228: mip =   3.553100000e+04 <=   4.664600000e+04  31.3% (68268; 1341)
+133536: mip =   3.553100000e+04 <=   4.664600000e+04  31.3% (68447; 1342)
+133652: mip =   3.553100000e+04 <=   4.664600000e+04  31.3% (68505; 1342)
+133789: mip =   3.553100000e+04 <=   4.664600000e+04  31.3% (68569; 1342)
Time used: 3301.6 secs.  Memory used: 48.3 Mb.
+133934: mip =   3.553100000e+04 <=   4.664600000e+04  31.3% (68638; 1342)
+134088: mip =   3.553100000e+04 <=   4.664600000e+04  31.3% (68714; 1342)
+134235: mip =   3.553100000e+04 <=   4.664600000e+04  31.3% (68797; 1342)
+134430: mip =   3.553100000e+04 <=   4.664600000e+04  31.3% (68901; 1342)
+134706: mip =   3.553100000e+04 <=   4.664600000e+04  31.3% (69042; 1342)
+135177: mip =   3.553100000e+04 <=   4.664600000e+04  31.3% (69314; 1343)
+135289: mip =   3.553100000e+04 <=   4.664600000e+04  31.3% (69371; 1343)
+135437: mip =   3.553100000e+04 <=   4.664600000e+04  31.3% (69433; 1343)
+135569: mip =   3.553100000e+04 <=   4.664600000e+04  31.3% (69500; 1343)
+135719: mip =   3.553100000e+04 <=   4.664600000e+04  31.3% (69572; 1343)
+135863: mip =   3.553100000e+04 <=   4.664600000e+04  31.3% (69654; 1343)
+136051: mip =   3.553100000e+04 <=   4.664600000e+04  31.3% (69747; 1343)
Time used: 3361.7 secs.  Memory used: 49.0 Mb.
+136301: mip =   3.553100000e+04 <=   4.664600000e+04  31.3% (69870; 1343)
+136662: mip =   3.553100000e+04 <=   4.664600000e+04  31.3% (70069; 1343)
+136956: mip =   3.553100000e+04 <=   4.664500000e+04  31.3% (70238; 1344)
+137078: mip =   3.553100000e+04 <=   4.664500000e+04  31.3% (70298; 1344)
+137202: mip =   3.553100000e+04 <=   4.664500000e+04  31.3% (70363; 1344)
+137354: mip =   3.553100000e+04 <=   4.664500000e+04  31.3% (70434; 1344)
+137507: mip =   3.553100000e+04 <=   4.664500000e+04  31.3% (70512; 1344)
+137698: mip =   3.553100000e+04 <=   4.664500000e+04  31.3% (70602; 1344)
+137906: mip =   3.553100000e+04 <=   4.664500000e+04  31.3% (70711; 1344)
+138172: mip =   3.553100000e+04 <=   4.664500000e+04  31.3% (70863; 1344)
+138606: mip =   3.553100000e+04 <=   4.664400000e+04  31.3% (71114; 1345)
+138731: mip =   3.553100000e+04 <=   4.664400000e+04  31.3% (71173; 1345)
Time used: 3421.7 secs.  Memory used: 49.7 Mb.
+138868: mip =   3.553100000e+04 <=   4.664400000e+04  31.3% (71238; 1345)
+139002: mip =   3.553100000e+04 <=   4.664400000e+04  31.3% (71307; 1345)
+139153: mip =   3.553100000e+04 <=   4.664400000e+04  31.3% (71383; 1345)
+139312: mip =   3.553100000e+04 <=   4.664400000e+04  31.3% (71467; 1345)
+139515: mip =   3.553100000e+04 <=   4.664400000e+04  31.3% (71566; 1345)
+139776: mip =   3.553100000e+04 <=   4.664400000e+04  31.3% (71697; 1345)
+140175: mip =   3.553100000e+04 <=   4.664400000e+04  31.3% (71935; 1345)
+140375: mip =   3.553100000e+04 <=   4.664400000e+04  31.3% (72043; 1346)
+140513: mip =   3.553100000e+04 <=   4.664400000e+04  31.3% (72102; 1346)
+140635: mip =   3.553100000e+04 <=   4.664400000e+04  31.3% (72164; 1346)
+140776: mip =   3.553100000e+04 <=   4.664400000e+04  31.3% (72235; 1346)
+140931: mip =   3.553100000e+04 <=   4.664400000e+04  31.3% (72314; 1346)
Time used: 3481.7 secs.  Memory used: 50.3 Mb.
+141097: mip =   3.553100000e+04 <=   4.664400000e+04  31.3% (72404; 1346)
+141319: mip =   3.553100000e+04 <=   4.664400000e+04  31.3% (72514; 1346)
+141631: mip =   3.553100000e+04 <=   4.664400000e+04  31.3% (72673; 1346)
+142013: mip =   3.553100000e+04 <=   4.664400000e+04  31.3% (72894; 1347)
+142117: mip =   3.553100000e+04 <=   4.664400000e+04  31.3% (72947; 1347)
+142253: mip =   3.553100000e+04 <=   4.664400000e+04  31.3% (73011; 1347)
+142393: mip =   3.553100000e+04 <=   4.664400000e+04  31.3% (73080; 1347)
+142534: mip =   3.553100000e+04 <=   4.664400000e+04  31.3% (73154; 1347)
+142688: mip =   3.553100000e+04 <=   4.664400000e+04  31.3% (73239; 1347)
+142880: mip =   3.553100000e+04 <=   4.664400000e+04  31.3% (73339; 1347)
+143144: mip =   3.553100000e+04 <=   4.664400000e+04  31.3% (73473; 1347)
+143576: mip =   3.553100000e+04 <=   4.664200000e+04  31.3% (73711; 1348)
Time used: 3541.8 secs.  Memory used: 51.0 Mb.
+143685: mip =   3.553100000e+04 <=   4.664200000e+04  31.3% (73768; 1348)
+143818: mip =   3.553100000e+04 <=   4.664200000e+04  31.3% (73829; 1348)
+143957: mip =   3.553100000e+04 <=   4.664200000e+04  31.3% (73898; 1348)
+144107: mip =   3.553100000e+04 <=   4.664200000e+04  31.3% (73971; 1348)
+144257: mip =   3.553100000e+04 <=   4.664200000e+04  31.3% (74053; 1348)
+144458: mip =   3.553100000e+04 <=   4.664200000e+04  31.3% (74149; 1348)
+144684: mip =   3.553100000e+04 <=   4.664200000e+04  31.3% (74268; 1348)
+145020: mip =   3.553100000e+04 <=   4.664200000e+04  31.3% (74453; 1348)
+145310: mip =   3.553100000e+04 <=   4.664200000e+04  31.3% (74621; 1349)
+145438: mip =   3.553100000e+04 <=   4.664200000e+04  31.3% (74681; 1349)
+145558: mip =   3.553100000e+04 <=   4.664200000e+04  31.3% (74747; 1349)
+145695: mip =   3.553100000e+04 <=   4.664200000e+04  31.3% (74810; 1349)
TIME LIMIT EXCEEDED; SEARCH TERMINATED
Time used:   3600.1 secs
Memory used: 52.7 Mb (55208757 bytes)
Writing MIP solution to `I72_SOL.sol'...
