GLPSOL: GLPK LP/MIP Solver, v4.52
Parameter(s) specified in the command line:
 --math math_model.mod -d I90_GLPK.dat -o I90_SOL.sol --log I90_LOG.log --tmlim
 3600
Reading model section from math_model.mod...
40 lines were read
Reading data section from I90_GLPK.dat...
13035 lines were read
Generating profit...
Generating CAP...
Model has been successfully generated
GLPK Integer Optimizer, v4.52
1922 rows, 13025 columns, 83914 non-zeros
13025 integer variables, all of which are binary
Preprocessing...
1921 rows, 13025 columns, 70889 non-zeros
13025 integer variables, all of which are binary
Scaling...
 A: min|aij| =  1.000e+01  max|aij| =  1.000e+02  ratio =  1.000e+01
GM: min|aij| =  1.000e+00  max|aij| =  1.000e+00  ratio =  1.000e+00
EQ: min|aij| =  1.000e+00  max|aij| =  1.000e+00  ratio =  1.000e+00
2N: min|aij| =  6.719e-01  max|aij| =  1.328e+00  ratio =  1.977e+00
Constructing initial basis...
Size of triangular part is 1921
Solving LP relaxation...
GLPK Simplex Optimizer, v4.52
1921 rows, 13025 columns, 70889 non-zeros
*     0: obj =   0.000000000e+00  infeas =  0.000e+00 (0)
*   500: obj =   4.236669231e+04  infeas =  0.000e+00 (0)
*  1000: obj =   7.375756564e+04  infeas =  0.000e+00 (0)
*  1500: obj =   1.039307087e+05  infeas =  0.000e+00 (0)
*  2000: obj =   1.221857980e+05  infeas =  0.000e+00 (0)
*  2500: obj =   1.334558063e+05  infeas =  0.000e+00 (0)
*  3000: obj =   1.421940552e+05  infeas =  0.000e+00 (0)
*  3500: obj =   1.483018191e+05  infeas =  4.441e-16 (0)
*  4000: obj =   1.516550946e+05  infeas =  9.874e-15 (0)
*  4500: obj =   1.530122667e+05  infeas =  2.842e-15 (0)
*  4587: obj =   1.530357643e+05  infeas =  2.842e-15 (0)
OPTIMAL LP SOLUTION FOUND
Integer optimization begins...
+  4587: mip =     not found yet <=              +inf        (1; 0)
+  4593: mip =     not found yet <=   1.530260000e+05        (7; 0)
+  4605: mip =     not found yet <=   1.530180000e+05        (13; 0)
+  4621: mip =     not found yet <=   1.530180000e+05        (19; 0)
+  4640: mip =     not found yet <=   1.530180000e+05        (25; 0)
+  4662: mip =     not found yet <=   1.530180000e+05        (31; 0)
+  4682: mip =     not found yet <=   1.530180000e+05        (37; 0)
+  4700: mip =     not found yet <=   1.530180000e+05        (43; 0)
+  4718: mip =     not found yet <=   1.530180000e+05        (49; 0)
+  4734: mip =     not found yet <=   1.530180000e+05        (55; 0)
+  4750: mip =     not found yet <=   1.530180000e+05        (61; 0)
Time used: 60.7 secs.  Memory used: 32.0 Mb.
+  4767: mip =     not found yet <=   1.530180000e+05        (67; 0)
+  4787: mip =     not found yet <=   1.530180000e+05        (73; 0)
+  4803: mip =     not found yet <=   1.530180000e+05        (79; 0)
+  4815: mip =     not found yet <=   1.530180000e+05        (85; 0)
+  4841: mip =     not found yet <=   1.530180000e+05        (91; 0)
+  4866: mip =     not found yet <=   1.530180000e+05        (97; 0)
+  4888: mip =     not found yet <=   1.530180000e+05        (103; 0)
+  4913: mip =     not found yet <=   1.530180000e+05        (109; 0)
+  4942: mip =     not found yet <=   1.530180000e+05        (115; 0)
+  4959: mip =     not found yet <=   1.530180000e+05        (121; 0)
+  4980: mip =     not found yet <=   1.530180000e+05        (127; 0)
Time used: 120.9 secs.  Memory used: 32.0 Mb.
+  4996: mip =     not found yet <=   1.530180000e+05        (133; 0)
+  5016: mip =     not found yet <=   1.530180000e+05        (139; 0)
+  5034: mip =     not found yet <=   1.530180000e+05        (145; 0)
+  5057: mip =     not found yet <=   1.530180000e+05        (151; 0)
+  5084: mip =     not found yet <=   1.530180000e+05        (157; 0)
+  5101: mip =     not found yet <=   1.530180000e+05        (163; 0)
+  5118: mip =     not found yet <=   1.530180000e+05        (169; 0)
+  5138: mip =     not found yet <=   1.530180000e+05        (175; 0)
+  5161: mip =     not found yet <=   1.530180000e+05        (181; 0)
+  5180: mip =     not found yet <=   1.530180000e+05        (187; 0)
+  5202: mip =     not found yet <=   1.530180000e+05        (193; 0)
Time used: 181.1 secs.  Memory used: 32.1 Mb.
+  5215: mip =     not found yet <=   1.530180000e+05        (199; 0)
+  5235: mip =     not found yet <=   1.530180000e+05        (205; 0)
+  5256: mip =     not found yet <=   1.530180000e+05        (211; 0)
+  5279: mip =     not found yet <=   1.530180000e+05        (217; 0)
+  5302: mip =     not found yet <=   1.530180000e+05        (223; 0)
+  5319: mip =     not found yet <=   1.530180000e+05        (229; 0)
+  5332: mip =     not found yet <=   1.530180000e+05        (235; 0)
+  5345: mip =     not found yet <=   1.530180000e+05        (241; 0)
+  5370: mip =     not found yet <=   1.530180000e+05        (247; 0)
+  5391: mip =     not found yet <=   1.530180000e+05        (253; 0)
+  5413: mip =     not found yet <=   1.530180000e+05        (259; 0)
Time used: 241.2 secs.  Memory used: 32.1 Mb.
+  5436: mip =     not found yet <=   1.530180000e+05        (265; 0)
+  5466: mip =     not found yet <=   1.530180000e+05        (271; 0)
+  5489: mip =     not found yet <=   1.530180000e+05        (277; 0)
+  5511: mip =     not found yet <=   1.530180000e+05        (283; 0)
+  5531: mip =     not found yet <=   1.530180000e+05        (289; 0)
+  5551: mip =     not found yet <=   1.530180000e+05        (294; 0)
+  5563: mip =     not found yet <=   1.530180000e+05        (299; 0)
+  5576: mip =     not found yet <=   1.530180000e+05        (304; 0)
+  5590: mip =     not found yet <=   1.530180000e+05        (309; 0)
+  5610: mip =     not found yet <=   1.530180000e+05        (315; 0)
+  5636: mip =     not found yet <=   1.530180000e+05        (321; 0)
Time used: 301.4 secs.  Memory used: 32.2 Mb.
+  5651: mip =     not found yet <=   1.530180000e+05        (327; 0)
+  5670: mip =     not found yet <=   1.530180000e+05        (333; 0)
+  5687: mip =     not found yet <=   1.530180000e+05        (339; 0)
+  5709: mip =     not found yet <=   1.530180000e+05        (345; 0)
+  5726: mip =     not found yet <=   1.530180000e+05        (351; 0)
+  5740: mip =     not found yet <=   1.530180000e+05        (357; 0)
+  5758: mip =     not found yet <=   1.530180000e+05        (363; 0)
+  5779: mip =     not found yet <=   1.530180000e+05        (369; 0)
+  5795: mip =     not found yet <=   1.530180000e+05        (375; 0)
+  5811: mip =     not found yet <=   1.530180000e+05        (381; 0)
+  5830: mip =     not found yet <=   1.530180000e+05        (387; 0)
Time used: 361.6 secs.  Memory used: 32.2 Mb.
+  5857: mip =     not found yet <=   1.530180000e+05        (393; 0)
+  5879: mip =     not found yet <=   1.530180000e+05        (399; 0)
+  5891: mip =     not found yet <=   1.530180000e+05        (405; 0)
+  5907: mip =     not found yet <=   1.530180000e+05        (411; 0)
+  5925: mip =     not found yet <=   1.530180000e+05        (417; 0)
+  5948: mip =     not found yet <=   1.530180000e+05        (423; 0)
+  5975: mip =     not found yet <=   1.530180000e+05        (429; 0)
+  6011: mip =     not found yet <=   1.530180000e+05        (436; 0)
+  6038: mip =     not found yet <=   1.530180000e+05        (443; 0)
+  6063: mip =     not found yet <=   1.530180000e+05        (450; 0)
+  6094: mip =     not found yet <=   1.530180000e+05        (456; 0)
+  6114: mip =     not found yet <=   1.530180000e+05        (463; 0)
Time used: 421.8 secs.  Memory used: 32.3 Mb.
+  6134: mip =     not found yet <=   1.530180000e+05        (470; 0)
+  6155: mip =     not found yet <=   1.530180000e+05        (476; 0)
+  6181: mip =     not found yet <=   1.530180000e+05        (483; 0)
+  6204: mip =     not found yet <=   1.530180000e+05        (490; 0)
+  6231: mip =     not found yet <=   1.530180000e+05        (497; 0)
+  6252: mip =     not found yet <=   1.530180000e+05        (504; 0)
+  6279: mip =     not found yet <=   1.530180000e+05        (511; 0)
+  6303: mip =     not found yet <=   1.530180000e+05        (518; 0)
+  6332: mip =     not found yet <=   1.530180000e+05        (525; 0)
+  6356: mip =     not found yet <=   1.530180000e+05        (532; 0)
Time used: 482.3 secs.  Memory used: 32.3 Mb.
+  6386: mip =     not found yet <=   1.530180000e+05        (539; 0)
+  6412: mip =     not found yet <=   1.530180000e+05        (546; 0)
+  6431: mip =     not found yet <=   1.530180000e+05        (553; 0)
+  6461: mip =     not found yet <=   1.530180000e+05        (560; 0)
+  6488: mip =     not found yet <=   1.530180000e+05        (567; 0)
+  6516: mip =     not found yet <=   1.530180000e+05        (574; 0)
+  6539: mip =     not found yet <=   1.530180000e+05        (581; 0)
+  6558: mip =     not found yet <=   1.530180000e+05        (588; 0)
+  6586: mip =     not found yet <=   1.530180000e+05        (595; 0)
+  6609: mip =     not found yet <=   1.530180000e+05        (602; 0)
+  6633: mip =     not found yet <=   1.530180000e+05        (609; 0)
Time used: 542.3 secs.  Memory used: 32.3 Mb.
+  6657: mip =     not found yet <=   1.530180000e+05        (616; 0)
+  6696: mip =     not found yet <=   1.530180000e+05        (623; 0)
+  6717: mip =     not found yet <=   1.530180000e+05        (630; 0)
+  6741: mip =     not found yet <=   1.530180000e+05        (637; 0)
+  6764: mip =     not found yet <=   1.530180000e+05        (644; 0)
+  6788: mip =     not found yet <=   1.530180000e+05        (651; 0)
+  6809: mip =     not found yet <=   1.530180000e+05        (658; 0)
+  6839: mip =     not found yet <=   1.530180000e+05        (665; 0)
+  6860: mip =     not found yet <=   1.530180000e+05        (672; 0)
+  6884: mip =     not found yet <=   1.530180000e+05        (679; 0)
+  6905: mip =     not found yet <=   1.530180000e+05        (686; 0)
Time used: 602.6 secs.  Memory used: 32.4 Mb.
+  6924: mip =     not found yet <=   1.530180000e+05        (693; 0)
+  6956: mip =     not found yet <=   1.530180000e+05        (700; 0)
+  6981: mip =     not found yet <=   1.530180000e+05        (707; 0)
+  7002: mip =     not found yet <=   1.530180000e+05        (714; 0)
+  7029: mip =     not found yet <=   1.530180000e+05        (721; 0)
+  7051: mip =     not found yet <=   1.530180000e+05        (728; 0)
+  7087: mip =     not found yet <=   1.530180000e+05        (735; 0)
+  7108: mip =     not found yet <=   1.530180000e+05        (742; 0)
+  7135: mip =     not found yet <=   1.530180000e+05        (749; 0)
+  7159: mip =     not found yet <=   1.530180000e+05        (756; 0)
+  7189: mip =     not found yet <=   1.530180000e+05        (763; 0)
+  7211: mip =     not found yet <=   1.530180000e+05        (770; 0)
Time used: 662.6 secs.  Memory used: 32.4 Mb.
+  7233: mip =     not found yet <=   1.530180000e+05        (777; 0)
+  7271: mip =     not found yet <=   1.530180000e+05        (784; 0)
+  7297: mip =     not found yet <=   1.530180000e+05        (791; 0)
+  7316: mip =     not found yet <=   1.530180000e+05        (798; 0)
+  7338: mip =     not found yet <=   1.530180000e+05        (805; 0)
+  7366: mip =     not found yet <=   1.530180000e+05        (812; 0)
+  7400: mip =     not found yet <=   1.530180000e+05        (820; 0)
+  7427: mip =     not found yet <=   1.530180000e+05        (828; 0)
+  7450: mip =     not found yet <=   1.530180000e+05        (836; 0)
+  7479: mip =     not found yet <=   1.530180000e+05        (844; 0)
+  7511: mip =     not found yet <=   1.530180000e+05        (852; 0)
Time used: 722.7 secs.  Memory used: 32.5 Mb.
+  7540: mip =     not found yet <=   1.530180000e+05        (860; 0)
+  7565: mip =     not found yet <=   1.530180000e+05        (867; 0)
+  7593: mip =     not found yet <=   1.530180000e+05        (875; 0)
+  7620: mip =     not found yet <=   1.530180000e+05        (883; 0)
+  7642: mip =     not found yet <=   1.530180000e+05        (890; 0)
+  7665: mip =     not found yet <=   1.530180000e+05        (898; 0)
+  7693: mip =     not found yet <=   1.530180000e+05        (906; 0)
+  7721: mip =     not found yet <=   1.530180000e+05        (914; 0)
+  7743: mip =     not found yet <=   1.530180000e+05        (922; 0)
+  7769: mip =     not found yet <=   1.530180000e+05        (930; 0)
+  7796: mip =     not found yet <=   1.530180000e+05        (938; 0)
Time used: 782.8 secs.  Memory used: 32.5 Mb.
+  7829: mip =     not found yet <=   1.530180000e+05        (946; 0)
+  7864: mip =     not found yet <=   1.530180000e+05        (954; 0)
+  7893: mip =     not found yet <=   1.530180000e+05        (962; 0)
+  7916: mip =     not found yet <=   1.530180000e+05        (970; 0)
+  7942: mip =     not found yet <=   1.530180000e+05        (978; 0)
+  7962: mip =     not found yet <=   1.530180000e+05        (986; 0)
+  7987: mip =     not found yet <=   1.530180000e+05        (994; 0)
+  8014: mip =     not found yet <=   1.530180000e+05        (1002; 0)
+  8049: mip =     not found yet <=   1.530180000e+05        (1010; 0)
+  8073: mip =     not found yet <=   1.530180000e+05        (1018; 0)
+  8112: mip =     not found yet <=   1.530180000e+05        (1026; 0)
Time used: 843.2 secs.  Memory used: 32.6 Mb.
+  8136: mip =     not found yet <=   1.530180000e+05        (1034; 0)
+  8163: mip =     not found yet <=   1.530180000e+05        (1042; 0)
+  8191: mip =     not found yet <=   1.530180000e+05        (1050; 0)
+  8223: mip =     not found yet <=   1.530180000e+05        (1058; 0)
+  8259: mip =     not found yet <=   1.530180000e+05        (1066; 0)
+  8294: mip =     not found yet <=   1.530180000e+05        (1074; 0)
+  8314: mip =     not found yet <=   1.530180000e+05        (1082; 0)
+  8336: mip =     not found yet <=   1.530180000e+05        (1090; 0)
+  8358: mip =     not found yet <=   1.530180000e+05        (1098; 0)
+  8389: mip =     not found yet <=   1.530180000e+05        (1106; 0)
+  8414: mip =     not found yet <=   1.530180000e+05        (1114; 0)
+  8435: mip =     not found yet <=   1.530180000e+05        (1122; 0)
Time used: 903.6 secs.  Memory used: 32.6 Mb.
+  8459: mip =     not found yet <=   1.530180000e+05        (1130; 0)
+  8487: mip =     not found yet <=   1.530180000e+05        (1138; 0)
+  8519: mip =     not found yet <=   1.530180000e+05        (1146; 0)
+  8555: mip =     not found yet <=   1.530180000e+05        (1154; 0)
+  8586: mip =     not found yet <=   1.530180000e+05        (1162; 0)
+  8620: mip =     not found yet <=   1.530180000e+05        (1170; 0)
+  8653: mip =     not found yet <=   1.530180000e+05        (1178; 0)
+  8688: mip =     not found yet <=   1.530180000e+05        (1187; 0)
+  8724: mip =     not found yet <=   1.530180000e+05        (1196; 0)
+  8757: mip =     not found yet <=   1.530180000e+05        (1205; 0)
+  8779: mip =     not found yet <=   1.530180000e+05        (1214; 0)
Time used: 964.0 secs.  Memory used: 32.7 Mb.
+  8813: mip =     not found yet <=   1.530180000e+05        (1223; 0)
+  8853: mip =     not found yet <=   1.530180000e+05        (1232; 0)
+  8881: mip =     not found yet <=   1.530180000e+05        (1241; 0)
+  8910: mip =     not found yet <=   1.530180000e+05        (1250; 0)
+  8945: mip =     not found yet <=   1.530180000e+05        (1259; 0)
+  8975: mip =     not found yet <=   1.530180000e+05        (1268; 0)
+  9006: mip =     not found yet <=   1.530180000e+05        (1277; 0)
+  9035: mip =     not found yet <=   1.530180000e+05        (1286; 0)
+  9068: mip =     not found yet <=   1.530180000e+05        (1295; 0)
+  9097: mip =     not found yet <=   1.530180000e+05        (1304; 0)
+  9134: mip =     not found yet <=   1.530180000e+05        (1313; 0)
Time used: 1024.0 secs.  Memory used: 32.8 Mb.
+  9166: mip =     not found yet <=   1.530180000e+05        (1322; 0)
+  9207: mip =     not found yet <=   1.530180000e+05        (1331; 0)
+  9232: mip =     not found yet <=   1.530180000e+05        (1340; 0)
+  9264: mip =     not found yet <=   1.530180000e+05        (1349; 0)
+  9292: mip =     not found yet <=   1.530180000e+05        (1358; 0)
+  9322: mip =     not found yet <=   1.530180000e+05        (1367; 0)
+  9360: mip =     not found yet <=   1.530180000e+05        (1376; 0)
+  9389: mip =     not found yet <=   1.530180000e+05        (1385; 0)
+  9414: mip =     not found yet <=   1.530180000e+05        (1394; 0)
+  9437: mip =     not found yet <=   1.530180000e+05        (1403; 0)
+  9465: mip =     not found yet <=   1.530180000e+05        (1411; 0)
+  9488: mip =     not found yet <=   1.530180000e+05        (1419; 0)
Time used: 1084.1 secs.  Memory used: 32.8 Mb.
+  9511: mip =     not found yet <=   1.530180000e+05        (1428; 0)
+  9539: mip =     not found yet <=   1.530180000e+05        (1437; 0)
+  9572: mip =     not found yet <=   1.530180000e+05        (1446; 0)
+  9596: mip =     not found yet <=   1.530180000e+05        (1455; 0)
+  9630: mip =     not found yet <=   1.530180000e+05        (1464; 0)
+  9662: mip =     not found yet <=   1.530180000e+05        (1473; 0)
+  9690: mip =     not found yet <=   1.530180000e+05        (1482; 0)
+  9730: mip =     not found yet <=   1.530180000e+05        (1491; 0)
+  9768: mip =     not found yet <=   1.530180000e+05        (1501; 0)
+  9794: mip =     not found yet <=   1.530180000e+05        (1510; 0)
+  9824: mip =     not found yet <=   1.530180000e+05        (1520; 0)
Time used: 1144.3 secs.  Memory used: 32.9 Mb.
+  9856: mip =     not found yet <=   1.530180000e+05        (1530; 0)
+  9894: mip =     not found yet <=   1.530180000e+05        (1540; 0)
+  9931: mip =     not found yet <=   1.530180000e+05        (1550; 0)
+  9969: mip =     not found yet <=   1.530180000e+05        (1560; 0)
+ 10004: mip =     not found yet <=   1.530180000e+05        (1570; 0)
+ 10035: mip =     not found yet <=   1.530180000e+05        (1580; 0)
+ 10063: mip =     not found yet <=   1.530180000e+05        (1590; 0)
+ 10092: mip =     not found yet <=   1.530180000e+05        (1600; 0)
+ 10132: mip =     not found yet <=   1.530180000e+05        (1610; 0)
+ 10163: mip =     not found yet <=   1.530180000e+05        (1620; 0)
+ 10191: mip =     not found yet <=   1.530180000e+05        (1630; 0)
+ 10218: mip =     not found yet <=   1.530180000e+05        (1640; 0)
Time used: 1204.5 secs.  Memory used: 32.9 Mb.
+ 10257: mip =     not found yet <=   1.530180000e+05        (1650; 0)
+ 10292: mip =     not found yet <=   1.530180000e+05        (1660; 0)
+ 10327: mip =     not found yet <=   1.530180000e+05        (1671; 0)
+ 10367: mip =     not found yet <=   1.530180000e+05        (1682; 0)
+ 10414: mip =     not found yet <=   1.530180000e+05        (1693; 0)
+ 10447: mip =     not found yet <=   1.530180000e+05        (1704; 0)
+ 10483: mip =     not found yet <=   1.530180000e+05        (1715; 0)
+ 10528: mip =     not found yet <=   1.530180000e+05        (1726; 0)
+ 10564: mip =     not found yet <=   1.530180000e+05        (1736; 0)
+ 10607: mip =     not found yet <=   1.530180000e+05        (1746; 0)
+ 10637: mip =     not found yet <=   1.530180000e+05        (1757; 0)
Time used: 1264.9 secs.  Memory used: 33.0 Mb.
+ 10667: mip =     not found yet <=   1.530180000e+05        (1768; 0)
+ 10697: mip =     not found yet <=   1.530180000e+05        (1779; 0)
+ 10723: mip =     not found yet <=   1.530180000e+05        (1790; 0)
+ 10761: mip =     not found yet <=   1.530180000e+05        (1801; 0)
+ 10792: mip =     not found yet <=   1.530180000e+05        (1812; 0)
+ 10821: mip =     not found yet <=   1.530180000e+05        (1823; 0)
+ 10856: mip =     not found yet <=   1.530180000e+05        (1835; 0)
+ 10895: mip =     not found yet <=   1.530180000e+05        (1847; 0)
+ 10937: mip =     not found yet <=   1.530180000e+05        (1859; 0)
+ 10980: mip =     not found yet <=   1.530180000e+05        (1871; 0)
+ 11008: mip =     not found yet <=   1.530180000e+05        (1883; 0)
+ 11034: mip =     not found yet <=   1.530180000e+05        (1895; 0)
Time used: 1325.2 secs.  Memory used: 33.1 Mb.
+ 11072: mip =     not found yet <=   1.530180000e+05        (1907; 0)
+ 11107: mip =     not found yet <=   1.530180000e+05        (1919; 0)
+ 11142: mip =     not found yet <=   1.530180000e+05        (1931; 0)
+ 11183: mip =     not found yet <=   1.530180000e+05        (1943; 0)
+ 11215: mip =     not found yet <=   1.530180000e+05        (1955; 0)
+ 11254: mip =     not found yet <=   1.530180000e+05        (1968; 0)
+ 11284: mip =     not found yet <=   1.530180000e+05        (1981; 0)
+ 11317: mip =     not found yet <=   1.530180000e+05        (1994; 0)
+ 11349: mip =     not found yet <=   1.530180000e+05        (2007; 0)
+ 11396: mip =     not found yet <=   1.530180000e+05        (2020; 0)
+ 11433: mip =     not found yet <=   1.530180000e+05        (2033; 0)
+ 11468: mip =     not found yet <=   1.530180000e+05        (2046; 0)
Time used: 1385.4 secs.  Memory used: 33.2 Mb.
+ 11501: mip =     not found yet <=   1.530180000e+05        (2060; 0)
+ 11539: mip =     not found yet <=   1.530180000e+05        (2074; 0)
+ 11591: mip =     not found yet <=   1.530180000e+05        (2088; 0)
+ 11629: mip =     not found yet <=   1.530180000e+05        (2102; 0)
+ 11664: mip =     not found yet <=   1.530180000e+05        (2116; 0)
+ 11699: mip =     not found yet <=   1.530180000e+05        (2130; 0)
+ 11735: mip =     not found yet <=   1.530180000e+05        (2144; 0)
+ 11773: mip =     not found yet <=   1.530180000e+05        (2158; 0)
+ 11828: mip =     not found yet <=   1.530180000e+05        (2172; 0)
+ 11866: mip =     not found yet <=   1.530180000e+05        (2186; 0)
+ 11919: mip =     not found yet <=   1.530180000e+05        (2201; 0)
Time used: 1445.6 secs.  Memory used: 33.2 Mb.
+ 11963: mip =     not found yet <=   1.530180000e+05        (2216; 0)
+ 12001: mip =     not found yet <=   1.530180000e+05        (2231; 0)
+ 12054: mip =     not found yet <=   1.530180000e+05        (2246; 0)
+ 12100: mip =     not found yet <=   1.530180000e+05        (2262; 0)
+ 12143: mip =     not found yet <=   1.530180000e+05        (2278; 0)
+ 12188: mip =     not found yet <=   1.530180000e+05        (2294; 0)
+ 12240: mip =     not found yet <=   1.530180000e+05        (2311; 0)
+ 12299: mip =     not found yet <=   1.530180000e+05        (2328; 0)
+ 12343: mip =     not found yet <=   1.530180000e+05        (2345; 0)
+ 12392: mip =     not found yet <=   1.530180000e+05        (2363; 0)
+ 12448: mip =     not found yet <=   1.530180000e+05        (2381; 0)
+ 12498: mip =     not found yet <=   1.530180000e+05        (2399; 0)
Time used: 1505.7 secs.  Memory used: 33.3 Mb.
+ 12565: mip =     not found yet <=   1.530180000e+05        (2418; 0)
+ 12633: mip =     not found yet <=   1.530180000e+05        (2437; 0)
+ 12681: mip =     not found yet <=   1.530180000e+05        (2456; 0)
+ 12732: mip =     not found yet <=   1.530180000e+05        (2475; 0)
+ 12777: mip =     not found yet <=   1.530180000e+05        (2495; 0)
+ 12837: mip =     not found yet <=   1.530180000e+05        (2516; 0)
+ 12893: mip =     not found yet <=   1.530180000e+05        (2537; 0)
+ 12961: mip =     not found yet <=   1.530180000e+05        (2559; 0)
+ 13029: mip =     not found yet <=   1.530180000e+05        (2581; 0)
+ 13073: mip =     not found yet <=   1.530180000e+05        (2604; 0)
+ 13133: mip =     not found yet <=   1.530180000e+05        (2627; 0)
+ 13188: mip =     not found yet <=   1.530180000e+05        (2652; 0)
Time used: 1565.8 secs.  Memory used: 33.6 Mb.
+ 13230: mip =     not found yet <=   1.530180000e+05        (2678; 0)
+ 13279: mip =     not found yet <=   1.530180000e+05        (2704; 0)
+ 13329: mip =     not found yet <=   1.530180000e+05        (2731; 0)
+ 13377: mip =     not found yet <=   1.530180000e+05        (2760; 0)
+ 13426: mip =     not found yet <=   1.530180000e+05        (2790; 0)
+ 13482: mip =     not found yet <=   1.530180000e+05        (2822; 0)
+ 13555: mip =     not found yet <=   1.530180000e+05        (2855; 0)
+ 13606: mip =     not found yet <=   1.530180000e+05        (2890; 0)
+ 13653: mip =     not found yet <=   1.530180000e+05        (2926; 0)
+ 13715: mip =     not found yet <=   1.530180000e+05        (2964; 0)
+ 13784: mip =     not found yet <=   1.530180000e+05        (3004; 0)
Time used: 1625.8 secs.  Memory used: 33.7 Mb.
+ 13857: mip =     not found yet <=   1.530180000e+05        (3047; 0)
+ 13933: mip =     not found yet <=   1.530180000e+05        (3094; 0)
+ 14031: mip =     not found yet <=   1.530180000e+05        (3145; 0)
+ 14116: mip =     not found yet <=   1.530180000e+05        (3204; 0)
+ 14220: mip =     not found yet <=   1.530180000e+05        (3272; 0)
+ 14348: mip =     not found yet <=   1.530180000e+05        (3351; 0)
+ 14511: mip =     not found yet <=   1.530180000e+05        (3466; 0)
Solution found by heuristic: 117164
+ 14696: mip =   1.171640000e+05 <=   1.530100000e+05  30.6% (3570; 1)
+ 14707: mip =   1.171640000e+05 <=   1.529970000e+05  30.6% (3576; 1)
+ 14725: mip =   1.171640000e+05 <=   1.529950000e+05  30.6% (3582; 1)
+ 14750: mip =   1.171640000e+05 <=   1.529950000e+05  30.6% (3588; 1)
+ 14766: mip =   1.171640000e+05 <=   1.529950000e+05  30.6% (3594; 1)
Time used: 1686.5 secs.  Memory used: 34.1 Mb.
+ 14789: mip =   1.171640000e+05 <=   1.529950000e+05  30.6% (3600; 1)
+ 14809: mip =   1.171640000e+05 <=   1.529950000e+05  30.6% (3606; 1)
+ 14825: mip =   1.171640000e+05 <=   1.529950000e+05  30.6% (3612; 1)
+ 14841: mip =   1.171640000e+05 <=   1.529950000e+05  30.6% (3618; 1)
+ 14854: mip =   1.171640000e+05 <=   1.529950000e+05  30.6% (3624; 1)
+ 14873: mip =   1.171640000e+05 <=   1.529950000e+05  30.6% (3630; 1)
+ 14893: mip =   1.171640000e+05 <=   1.529950000e+05  30.6% (3636; 1)
+ 14907: mip =   1.171640000e+05 <=   1.529950000e+05  30.6% (3642; 1)
+ 14927: mip =   1.171640000e+05 <=   1.529950000e+05  30.6% (3648; 1)
+ 14951: mip =   1.171640000e+05 <=   1.529950000e+05  30.6% (3654; 1)
Time used: 1746.7 secs.  Memory used: 34.1 Mb.
+ 14971: mip =   1.171640000e+05 <=   1.529950000e+05  30.6% (3660; 1)
+ 15001: mip =   1.171640000e+05 <=   1.529950000e+05  30.6% (3666; 1)
+ 15027: mip =   1.171640000e+05 <=   1.529950000e+05  30.6% (3672; 1)
+ 15049: mip =   1.171640000e+05 <=   1.529950000e+05  30.6% (3678; 1)
+ 15065: mip =   1.171640000e+05 <=   1.529950000e+05  30.6% (3684; 1)
+ 15088: mip =   1.171640000e+05 <=   1.529950000e+05  30.6% (3690; 1)
+ 15106: mip =   1.171640000e+05 <=   1.529950000e+05  30.6% (3696; 1)
+ 15122: mip =   1.171640000e+05 <=   1.529950000e+05  30.6% (3702; 1)
+ 15138: mip =   1.171640000e+05 <=   1.529950000e+05  30.6% (3708; 1)
+ 15162: mip =   1.171640000e+05 <=   1.529950000e+05  30.6% (3714; 1)
+ 15185: mip =   1.171640000e+05 <=   1.529950000e+05  30.6% (3720; 1)
Time used: 1807.6 secs.  Memory used: 34.2 Mb.
+ 15199: mip =   1.171640000e+05 <=   1.529950000e+05  30.6% (3726; 1)
+ 15230: mip =   1.171640000e+05 <=   1.529950000e+05  30.6% (3732; 1)
+ 15247: mip =   1.171640000e+05 <=   1.529950000e+05  30.6% (3738; 1)
+ 15265: mip =   1.171640000e+05 <=   1.529950000e+05  30.6% (3744; 1)
+ 15282: mip =   1.171640000e+05 <=   1.529950000e+05  30.6% (3750; 1)
+ 15304: mip =   1.171640000e+05 <=   1.529950000e+05  30.6% (3756; 1)
+ 15325: mip =   1.171640000e+05 <=   1.529950000e+05  30.6% (3762; 1)
+ 15344: mip =   1.171640000e+05 <=   1.529950000e+05  30.6% (3768; 1)
+ 15363: mip =   1.171640000e+05 <=   1.529950000e+05  30.6% (3774; 1)
+ 15385: mip =   1.171640000e+05 <=   1.529950000e+05  30.6% (3780; 1)
+ 15408: mip =   1.171640000e+05 <=   1.529950000e+05  30.6% (3786; 1)
Time used: 1868.0 secs.  Memory used: 34.2 Mb.
+ 15428: mip =   1.171640000e+05 <=   1.529950000e+05  30.6% (3792; 1)
+ 15446: mip =   1.171640000e+05 <=   1.529950000e+05  30.6% (3798; 1)
+ 15462: mip =   1.171640000e+05 <=   1.529950000e+05  30.6% (3804; 1)
+ 15474: mip =   1.171640000e+05 <=   1.529950000e+05  30.6% (3810; 1)
+ 15498: mip =   1.171640000e+05 <=   1.529950000e+05  30.6% (3816; 1)
+ 15517: mip =   1.171640000e+05 <=   1.529950000e+05  30.6% (3822; 1)
+ 15537: mip =   1.171640000e+05 <=   1.529950000e+05  30.6% (3828; 1)
+ 15563: mip =   1.171640000e+05 <=   1.529950000e+05  30.6% (3834; 1)
+ 15591: mip =   1.171640000e+05 <=   1.529950000e+05  30.6% (3840; 1)
+ 15617: mip =   1.171640000e+05 <=   1.529950000e+05  30.6% (3846; 1)
+ 15635: mip =   1.171640000e+05 <=   1.529950000e+05  30.6% (3852; 1)
Time used: 1928.2 secs.  Memory used: 34.3 Mb.
+ 15656: mip =   1.171640000e+05 <=   1.529950000e+05  30.6% (3858; 1)
+ 15675: mip =   1.171640000e+05 <=   1.529950000e+05  30.6% (3864; 1)
+ 15698: mip =   1.171640000e+05 <=   1.529950000e+05  30.6% (3870; 1)
+ 15713: mip =   1.171640000e+05 <=   1.529950000e+05  30.6% (3876; 1)
+ 15731: mip =   1.171640000e+05 <=   1.529950000e+05  30.6% (3882; 1)
+ 15749: mip =   1.171640000e+05 <=   1.529950000e+05  30.6% (3888; 1)
+ 15775: mip =   1.171640000e+05 <=   1.529950000e+05  30.6% (3894; 1)
+ 15792: mip =   1.171640000e+05 <=   1.529950000e+05  30.6% (3900; 1)
+ 15809: mip =   1.171640000e+05 <=   1.529950000e+05  30.6% (3906; 1)
+ 15827: mip =   1.171640000e+05 <=   1.529950000e+05  30.6% (3912; 1)
+ 15852: mip =   1.171640000e+05 <=   1.529950000e+05  30.6% (3918; 1)
+ 15865: mip =   1.171640000e+05 <=   1.529950000e+05  30.6% (3924; 1)
Time used: 1988.6 secs.  Memory used: 34.3 Mb.
+ 15882: mip =   1.171640000e+05 <=   1.529950000e+05  30.6% (3930; 1)
+ 15897: mip =   1.171640000e+05 <=   1.529950000e+05  30.6% (3936; 1)
+ 15918: mip =   1.171640000e+05 <=   1.529950000e+05  30.6% (3942; 1)
+ 15934: mip =   1.171640000e+05 <=   1.529950000e+05  30.6% (3948; 1)
+ 15950: mip =   1.171640000e+05 <=   1.529950000e+05  30.6% (3954; 1)
+ 15972: mip =   1.171640000e+05 <=   1.529950000e+05  30.6% (3960; 1)
+ 15997: mip =   1.171640000e+05 <=   1.529950000e+05  30.6% (3966; 1)
+ 16018: mip =   1.171640000e+05 <=   1.529950000e+05  30.6% (3972; 1)
+ 16032: mip =   1.171640000e+05 <=   1.529950000e+05  30.6% (3978; 1)
+ 16048: mip =   1.171640000e+05 <=   1.529950000e+05  30.6% (3984; 1)
+ 16066: mip =   1.171640000e+05 <=   1.529950000e+05  30.6% (3990; 1)
+ 16089: mip =   1.171640000e+05 <=   1.529950000e+05  30.6% (3996; 1)
Time used: 2048.7 secs.  Memory used: 34.3 Mb.
+ 16118: mip =   1.171640000e+05 <=   1.529950000e+05  30.6% (4003; 1)
+ 16152: mip =   1.171640000e+05 <=   1.529950000e+05  30.6% (4009; 1)
+ 16179: mip =   1.171640000e+05 <=   1.529950000e+05  30.6% (4016; 1)
+ 16204: mip =   1.171640000e+05 <=   1.529950000e+05  30.6% (4023; 1)
+ 16238: mip =   1.171640000e+05 <=   1.529950000e+05  30.6% (4030; 1)
+ 16257: mip =   1.171640000e+05 <=   1.529950000e+05  30.6% (4037; 1)
+ 16278: mip =   1.171640000e+05 <=   1.529950000e+05  30.6% (4044; 1)
+ 16302: mip =   1.171640000e+05 <=   1.529950000e+05  30.6% (4051; 1)
+ 16332: mip =   1.171640000e+05 <=   1.529950000e+05  30.6% (4058; 1)
+ 16355: mip =   1.171640000e+05 <=   1.529950000e+05  30.6% (4065; 1)
Time used: 2108.8 secs.  Memory used: 34.4 Mb.
+ 16380: mip =   1.171640000e+05 <=   1.529950000e+05  30.6% (4072; 1)
+ 16408: mip =   1.171640000e+05 <=   1.529950000e+05  30.6% (4079; 1)
+ 16435: mip =   1.171640000e+05 <=   1.529950000e+05  30.6% (4086; 1)
+ 16458: mip =   1.171640000e+05 <=   1.529950000e+05  30.6% (4093; 1)
+ 16478: mip =   1.171640000e+05 <=   1.529950000e+05  30.6% (4100; 1)
+ 16510: mip =   1.171640000e+05 <=   1.529950000e+05  30.6% (4107; 1)
+ 16529: mip =   1.171640000e+05 <=   1.529950000e+05  30.6% (4114; 1)
+ 16552: mip =   1.171640000e+05 <=   1.529950000e+05  30.6% (4121; 1)
+ 16584: mip =   1.171640000e+05 <=   1.529950000e+05  30.6% (4128; 1)
+ 16613: mip =   1.171640000e+05 <=   1.529950000e+05  30.6% (4135; 1)
+ 16636: mip =   1.171640000e+05 <=   1.529950000e+05  30.6% (4142; 1)
Time used: 2169.2 secs.  Memory used: 34.4 Mb.
+ 16656: mip =   1.171640000e+05 <=   1.529950000e+05  30.6% (4149; 1)
+ 16683: mip =   1.171640000e+05 <=   1.529950000e+05  30.6% (4156; 1)
+ 16704: mip =   1.171640000e+05 <=   1.529950000e+05  30.6% (4163; 1)
+ 16730: mip =   1.171640000e+05 <=   1.529950000e+05  30.6% (4170; 1)
+ 16752: mip =   1.171640000e+05 <=   1.529950000e+05  30.6% (4177; 1)
+ 16776: mip =   1.171640000e+05 <=   1.529950000e+05  30.6% (4184; 1)
+ 16815: mip =   1.171640000e+05 <=   1.529950000e+05  30.6% (4191; 1)
+ 16835: mip =   1.171640000e+05 <=   1.529950000e+05  30.6% (4198; 1)
+ 16859: mip =   1.171640000e+05 <=   1.529950000e+05  30.6% (4205; 1)
+ 16881: mip =   1.171640000e+05 <=   1.529950000e+05  30.6% (4212; 1)
+ 16905: mip =   1.171640000e+05 <=   1.529950000e+05  30.6% (4219; 1)
Time used: 2229.9 secs.  Memory used: 34.5 Mb.
+ 16930: mip =   1.171640000e+05 <=   1.529950000e+05  30.6% (4226; 1)
+ 16957: mip =   1.171640000e+05 <=   1.529950000e+05  30.6% (4233; 1)
+ 16981: mip =   1.171640000e+05 <=   1.529950000e+05  30.6% (4240; 1)
+ 17000: mip =   1.171640000e+05 <=   1.529950000e+05  30.6% (4247; 1)
+ 17022: mip =   1.171640000e+05 <=   1.529950000e+05  30.6% (4254; 1)
+ 17051: mip =   1.171640000e+05 <=   1.529950000e+05  30.6% (4261; 1)
+ 17074: mip =   1.171640000e+05 <=   1.529950000e+05  30.6% (4268; 1)
+ 17099: mip =   1.171640000e+05 <=   1.529950000e+05  30.6% (4275; 1)
+ 17121: mip =   1.171640000e+05 <=   1.529950000e+05  30.6% (4282; 1)
+ 17146: mip =   1.171640000e+05 <=   1.529950000e+05  30.6% (4289; 1)
+ 17180: mip =   1.171640000e+05 <=   1.529950000e+05  30.6% (4296; 1)
Time used: 2290.5 secs.  Memory used: 34.5 Mb.
+ 17203: mip =   1.171640000e+05 <=   1.529950000e+05  30.6% (4303; 1)
+ 17226: mip =   1.171640000e+05 <=   1.529950000e+05  30.6% (4310; 1)
+ 17251: mip =   1.171640000e+05 <=   1.529950000e+05  30.6% (4317; 1)
+ 17280: mip =   1.171640000e+05 <=   1.529950000e+05  30.6% (4324; 1)
+ 17305: mip =   1.171640000e+05 <=   1.529950000e+05  30.6% (4331; 1)
+ 17331: mip =   1.171640000e+05 <=   1.529950000e+05  30.6% (4338; 1)
+ 17357: mip =   1.171640000e+05 <=   1.529950000e+05  30.6% (4345; 1)
+ 17396: mip =   1.171640000e+05 <=   1.529950000e+05  30.6% (4352; 1)
+ 17413: mip =   1.171640000e+05 <=   1.529950000e+05  30.6% (4359; 1)
+ 17436: mip =   1.171640000e+05 <=   1.529950000e+05  30.6% (4366; 1)
+ 17458: mip =   1.171640000e+05 <=   1.529950000e+05  30.6% (4373; 1)
+ 17490: mip =   1.171640000e+05 <=   1.529950000e+05  30.6% (4380; 1)
Time used: 2351.0 secs.  Memory used: 34.6 Mb.
+ 17519: mip =   1.171640000e+05 <=   1.529950000e+05  30.6% (4388; 1)
+ 17544: mip =   1.171640000e+05 <=   1.529950000e+05  30.6% (4396; 1)
+ 17567: mip =   1.171640000e+05 <=   1.529950000e+05  30.6% (4404; 1)
+ 17600: mip =   1.171640000e+05 <=   1.529950000e+05  30.6% (4412; 1)
+ 17631: mip =   1.171640000e+05 <=   1.529950000e+05  30.6% (4420; 1)
+ 17664: mip =   1.171640000e+05 <=   1.529950000e+05  30.6% (4428; 1)
+ 17687: mip =   1.171640000e+05 <=   1.529950000e+05  30.6% (4436; 1)
+ 17713: mip =   1.171640000e+05 <=   1.529950000e+05  30.6% (4444; 1)
+ 17744: mip =   1.171640000e+05 <=   1.529950000e+05  30.6% (4452; 1)
+ 17767: mip =   1.171640000e+05 <=   1.529950000e+05  30.6% (4460; 1)
+ 17792: mip =   1.171640000e+05 <=   1.529950000e+05  30.6% (4468; 1)
Time used: 2411.4 secs.  Memory used: 34.6 Mb.
+ 17821: mip =   1.171640000e+05 <=   1.529950000e+05  30.6% (4476; 1)
+ 17844: mip =   1.171640000e+05 <=   1.529950000e+05  30.6% (4484; 1)
+ 17871: mip =   1.171640000e+05 <=   1.529950000e+05  30.6% (4492; 1)
+ 17896: mip =   1.171640000e+05 <=   1.529950000e+05  30.6% (4500; 1)
+ 17929: mip =   1.171640000e+05 <=   1.529950000e+05  30.6% (4508; 1)
+ 17965: mip =   1.171640000e+05 <=   1.529950000e+05  30.6% (4516; 1)
+ 17995: mip =   1.171640000e+05 <=   1.529950000e+05  30.6% (4524; 1)
+ 18018: mip =   1.171640000e+05 <=   1.529950000e+05  30.6% (4532; 1)
+ 18044: mip =   1.171640000e+05 <=   1.529950000e+05  30.6% (4540; 1)
+ 18064: mip =   1.171640000e+05 <=   1.529950000e+05  30.6% (4548; 1)
+ 18086: mip =   1.171640000e+05 <=   1.529950000e+05  30.6% (4556; 1)
Time used: 2471.8 secs.  Memory used: 34.7 Mb.
+ 18113: mip =   1.171640000e+05 <=   1.529950000e+05  30.6% (4564; 1)
+ 18146: mip =   1.171640000e+05 <=   1.529950000e+05  30.6% (4572; 1)
+ 18175: mip =   1.171640000e+05 <=   1.529950000e+05  30.6% (4580; 1)
+ 18212: mip =   1.171640000e+05 <=   1.529950000e+05  30.6% (4588; 1)
+ 18236: mip =   1.171640000e+05 <=   1.529950000e+05  30.6% (4596; 1)
+ 18263: mip =   1.171640000e+05 <=   1.529950000e+05  30.6% (4604; 1)
+ 18291: mip =   1.171640000e+05 <=   1.529950000e+05  30.6% (4612; 1)
+ 18323: mip =   1.171640000e+05 <=   1.529950000e+05  30.6% (4620; 1)
+ 18351: mip =   1.171640000e+05 <=   1.529950000e+05  30.6% (4628; 1)
+ 18396: mip =   1.171640000e+05 <=   1.529950000e+05  30.6% (4636; 1)
+ 18416: mip =   1.171640000e+05 <=   1.529950000e+05  30.6% (4644; 1)
Time used: 2532.3 secs.  Memory used: 34.7 Mb.
+ 18438: mip =   1.171640000e+05 <=   1.529950000e+05  30.6% (4652; 1)
+ 18460: mip =   1.171640000e+05 <=   1.529950000e+05  30.6% (4660; 1)
+ 18490: mip =   1.171640000e+05 <=   1.529950000e+05  30.6% (4668; 1)
+ 18513: mip =   1.171640000e+05 <=   1.529950000e+05  30.6% (4676; 1)
+ 18536: mip =   1.171640000e+05 <=   1.529950000e+05  30.6% (4684; 1)
+ 18559: mip =   1.171640000e+05 <=   1.529950000e+05  30.6% (4692; 1)
+ 18586: mip =   1.171640000e+05 <=   1.529950000e+05  30.6% (4700; 1)
+ 18627: mip =   1.171640000e+05 <=   1.529950000e+05  30.6% (4708; 1)
+ 18657: mip =   1.171640000e+05 <=   1.529950000e+05  30.6% (4716; 1)
+ 18686: mip =   1.171640000e+05 <=   1.529950000e+05  30.6% (4724; 1)
+ 18720: mip =   1.171640000e+05 <=   1.529950000e+05  30.6% (4732; 1)
+ 18752: mip =   1.171640000e+05 <=   1.529950000e+05  30.6% (4740; 1)
Time used: 2592.4 secs.  Memory used: 34.8 Mb.
+ 18782: mip =   1.171640000e+05 <=   1.529950000e+05  30.6% (4748; 1)
+ 18817: mip =   1.171640000e+05 <=   1.529950000e+05  30.6% (4756; 1)
+ 18848: mip =   1.171640000e+05 <=   1.529950000e+05  30.6% (4765; 1)
+ 18874: mip =   1.171640000e+05 <=   1.529950000e+05  30.6% (4774; 1)
+ 18901: mip =   1.171640000e+05 <=   1.529950000e+05  30.6% (4783; 1)
+ 18938: mip =   1.171640000e+05 <=   1.529950000e+05  30.6% (4792; 1)
+ 18974: mip =   1.171640000e+05 <=   1.529950000e+05  30.6% (4801; 1)
+ 19001: mip =   1.171640000e+05 <=   1.529950000e+05  30.6% (4810; 1)
+ 19034: mip =   1.171640000e+05 <=   1.529950000e+05  30.6% (4819; 1)
+ 19069: mip =   1.171640000e+05 <=   1.529950000e+05  30.6% (4828; 1)
+ 19100: mip =   1.171640000e+05 <=   1.529950000e+05  30.6% (4837; 1)
Time used: 2652.5 secs.  Memory used: 34.8 Mb.
+ 19126: mip =   1.171640000e+05 <=   1.529950000e+05  30.6% (4846; 1)
+ 19159: mip =   1.171640000e+05 <=   1.529950000e+05  30.6% (4855; 1)
+ 19189: mip =   1.171640000e+05 <=   1.529950000e+05  30.6% (4864; 1)
+ 19216: mip =   1.171640000e+05 <=   1.529950000e+05  30.6% (4872; 1)
+ 19254: mip =   1.171640000e+05 <=   1.529950000e+05  30.6% (4881; 1)
+ 19288: mip =   1.171640000e+05 <=   1.529950000e+05  30.6% (4889; 1)
+ 19316: mip =   1.171640000e+05 <=   1.529950000e+05  30.6% (4897; 1)
+ 19339: mip =   1.171640000e+05 <=   1.529950000e+05  30.6% (4905; 1)
+ 19371: mip =   1.171640000e+05 <=   1.529950000e+05  30.6% (4914; 1)
+ 19399: mip =   1.171640000e+05 <=   1.529950000e+05  30.6% (4923; 1)
+ 19430: mip =   1.171640000e+05 <=   1.529950000e+05  30.6% (4932; 1)
+ 19467: mip =   1.171640000e+05 <=   1.529950000e+05  30.6% (4941; 1)
Time used: 2712.6 secs.  Memory used: 34.9 Mb.
+ 19497: mip =   1.171640000e+05 <=   1.529950000e+05  30.6% (4950; 1)
+ 19521: mip =   1.171640000e+05 <=   1.529950000e+05  30.6% (4959; 1)
+ 19546: mip =   1.171640000e+05 <=   1.529950000e+05  30.6% (4968; 1)
+ 19575: mip =   1.171640000e+05 <=   1.529950000e+05  30.6% (4977; 1)
+ 19601: mip =   1.171640000e+05 <=   1.529950000e+05  30.6% (4986; 1)
+ 19624: mip =   1.171640000e+05 <=   1.529950000e+05  30.6% (4995; 1)
+ 19656: mip =   1.171640000e+05 <=   1.529950000e+05  30.6% (5004; 1)
+ 19686: mip =   1.171640000e+05 <=   1.529950000e+05  30.6% (5013; 1)
+ 19713: mip =   1.171640000e+05 <=   1.529950000e+05  30.6% (5022; 1)
+ 19747: mip =   1.171640000e+05 <=   1.529950000e+05  30.6% (5031; 1)
+ 19779: mip =   1.171640000e+05 <=   1.529950000e+05  30.6% (5040; 1)
Time used: 2773.2 secs.  Memory used: 34.9 Mb.
+ 19807: mip =   1.171640000e+05 <=   1.529950000e+05  30.6% (5049; 1)
+ 19845: mip =   1.171640000e+05 <=   1.529950000e+05  30.6% (5058; 1)
+ 19881: mip =   1.171640000e+05 <=   1.529950000e+05  30.6% (5067; 1)
+ 19911: mip =   1.171640000e+05 <=   1.529950000e+05  30.6% (5077; 1)
+ 19941: mip =   1.171640000e+05 <=   1.529950000e+05  30.6% (5087; 1)
+ 19973: mip =   1.171640000e+05 <=   1.529950000e+05  30.6% (5097; 1)
+ 20011: mip =   1.171640000e+05 <=   1.529950000e+05  30.6% (5107; 1)
+ 20048: mip =   1.171640000e+05 <=   1.529950000e+05  30.6% (5117; 1)
+ 20086: mip =   1.171640000e+05 <=   1.529950000e+05  30.6% (5127; 1)
+ 20121: mip =   1.171640000e+05 <=   1.529950000e+05  30.6% (5137; 1)
+ 20152: mip =   1.171640000e+05 <=   1.529950000e+05  30.6% (5147; 1)
+ 20179: mip =   1.171640000e+05 <=   1.529950000e+05  30.6% (5157; 1)
Time used: 2833.3 secs.  Memory used: 35.1 Mb.
+ 20205: mip =   1.171640000e+05 <=   1.529950000e+05  30.6% (5167; 1)
+ 20246: mip =   1.171640000e+05 <=   1.529950000e+05  30.6% (5177; 1)
+ 20277: mip =   1.171640000e+05 <=   1.529950000e+05  30.6% (5187; 1)
+ 20305: mip =   1.171640000e+05 <=   1.529950000e+05  30.6% (5197; 1)
+ 20335: mip =   1.171640000e+05 <=   1.529950000e+05  30.6% (5207; 1)
+ 20370: mip =   1.171640000e+05 <=   1.529950000e+05  30.6% (5217; 1)
+ 20406: mip =   1.171640000e+05 <=   1.529950000e+05  30.6% (5227; 1)
+ 20442: mip =   1.171640000e+05 <=   1.529950000e+05  30.6% (5237; 1)
+ 20478: mip =   1.171640000e+05 <=   1.529950000e+05  30.6% (5248; 1)
+ 20524: mip =   1.171640000e+05 <=   1.529950000e+05  30.6% (5259; 1)
+ 20558: mip =   1.171640000e+05 <=   1.529950000e+05  30.6% (5270; 1)
Time used: 2893.5 secs.  Memory used: 35.2 Mb.
+ 20594: mip =   1.171640000e+05 <=   1.529950000e+05  30.6% (5281; 1)
+ 20641: mip =   1.171640000e+05 <=   1.529950000e+05  30.6% (5292; 1)
+ 20685: mip =   1.171640000e+05 <=   1.529950000e+05  30.6% (5303; 1)
+ 20721: mip =   1.171640000e+05 <=   1.529950000e+05  30.6% (5314; 1)
+ 20751: mip =   1.171640000e+05 <=   1.529950000e+05  30.6% (5325; 1)
+ 20782: mip =   1.171640000e+05 <=   1.529950000e+05  30.6% (5336; 1)
+ 20808: mip =   1.171640000e+05 <=   1.529950000e+05  30.6% (5347; 1)
+ 20844: mip =   1.171640000e+05 <=   1.529950000e+05  30.6% (5358; 1)
+ 20877: mip =   1.171640000e+05 <=   1.529950000e+05  30.6% (5369; 1)
+ 20908: mip =   1.171640000e+05 <=   1.529950000e+05  30.6% (5381; 1)
+ 20943: mip =   1.171640000e+05 <=   1.529950000e+05  30.6% (5393; 1)
+ 20982: mip =   1.171640000e+05 <=   1.529950000e+05  30.6% (5405; 1)
Time used: 2953.8 secs.  Memory used: 35.3 Mb.
+ 21024: mip =   1.171640000e+05 <=   1.529950000e+05  30.6% (5417; 1)
+ 21067: mip =   1.171640000e+05 <=   1.529950000e+05  30.6% (5429; 1)
+ 21095: mip =   1.171640000e+05 <=   1.529950000e+05  30.6% (5441; 1)
+ 21121: mip =   1.171640000e+05 <=   1.529950000e+05  30.6% (5453; 1)
+ 21161: mip =   1.171640000e+05 <=   1.529950000e+05  30.6% (5465; 1)
+ 21201: mip =   1.171640000e+05 <=   1.529950000e+05  30.6% (5477; 1)
+ 21238: mip =   1.171640000e+05 <=   1.529950000e+05  30.6% (5489; 1)
+ 21275: mip =   1.171640000e+05 <=   1.529950000e+05  30.6% (5502; 1)
+ 21310: mip =   1.171640000e+05 <=   1.529950000e+05  30.6% (5515; 1)
+ 21347: mip =   1.171640000e+05 <=   1.529950000e+05  30.6% (5528; 1)
+ 21376: mip =   1.171640000e+05 <=   1.529950000e+05  30.6% (5540; 1)
Time used: 3014.0 secs.  Memory used: 35.3 Mb.
+ 21406: mip =   1.171640000e+05 <=   1.529950000e+05  30.6% (5553; 1)
+ 21438: mip =   1.171640000e+05 <=   1.529950000e+05  30.6% (5566; 1)
+ 21484: mip =   1.171640000e+05 <=   1.529950000e+05  30.6% (5579; 1)
+ 21523: mip =   1.171640000e+05 <=   1.529950000e+05  30.6% (5592; 1)
+ 21559: mip =   1.171640000e+05 <=   1.529950000e+05  30.6% (5605; 1)
+ 21595: mip =   1.171640000e+05 <=   1.529950000e+05  30.6% (5619; 1)
+ 21625: mip =   1.171640000e+05 <=   1.529950000e+05  30.6% (5633; 1)
+ 21680: mip =   1.171640000e+05 <=   1.529950000e+05  30.6% (5647; 1)
+ 21718: mip =   1.171640000e+05 <=   1.529950000e+05  30.6% (5661; 1)
+ 21754: mip =   1.171640000e+05 <=   1.529950000e+05  30.6% (5675; 1)
+ 21791: mip =   1.171640000e+05 <=   1.529950000e+05  30.6% (5689; 1)
+ 21825: mip =   1.171640000e+05 <=   1.529950000e+05  30.6% (5703; 1)
Time used: 3074.3 secs.  Memory used: 35.4 Mb.
+ 21862: mip =   1.171640000e+05 <=   1.529950000e+05  30.6% (5717; 1)
+ 21907: mip =   1.171640000e+05 <=   1.529950000e+05  30.6% (5731; 1)
+ 21955: mip =   1.171640000e+05 <=   1.529950000e+05  30.6% (5745; 1)
+ 22003: mip =   1.171640000e+05 <=   1.529950000e+05  30.6% (5759; 1)
+ 22054: mip =   1.171640000e+05 <=   1.529950000e+05  30.6% (5774; 1)
+ 22086: mip =   1.171640000e+05 <=   1.529950000e+05  30.6% (5789; 1)
+ 22126: mip =   1.171640000e+05 <=   1.529950000e+05  30.6% (5804; 1)
+ 22182: mip =   1.171640000e+05 <=   1.529950000e+05  30.6% (5820; 1)
+ 22225: mip =   1.171640000e+05 <=   1.529950000e+05  30.6% (5836; 1)
+ 22271: mip =   1.171640000e+05 <=   1.529950000e+05  30.6% (5852; 1)
+ 22314: mip =   1.171640000e+05 <=   1.529950000e+05  30.6% (5868; 1)
Time used: 3134.6 secs.  Memory used: 35.5 Mb.
+ 22374: mip =   1.171640000e+05 <=   1.529950000e+05  30.6% (5885; 1)
+ 22426: mip =   1.171640000e+05 <=   1.529950000e+05  30.6% (5902; 1)
+ 22468: mip =   1.171640000e+05 <=   1.529950000e+05  30.6% (5918; 1)
+ 22513: mip =   1.171640000e+05 <=   1.529950000e+05  30.6% (5935; 1)
+ 22569: mip =   1.171640000e+05 <=   1.529950000e+05  30.6% (5953; 1)
+ 22637: mip =   1.171640000e+05 <=   1.529950000e+05  30.6% (5971; 1)
+ 22687: mip =   1.171640000e+05 <=   1.529950000e+05  30.6% (5989; 1)
+ 22754: mip =   1.171640000e+05 <=   1.529950000e+05  30.6% (6008; 1)
+ 22803: mip =   1.171640000e+05 <=   1.529950000e+05  30.6% (6027; 1)
+ 22851: mip =   1.171640000e+05 <=   1.529950000e+05  30.6% (6046; 1)
+ 22896: mip =   1.171640000e+05 <=   1.529950000e+05  30.6% (6066; 1)
+ 22956: mip =   1.171640000e+05 <=   1.529950000e+05  30.6% (6087; 1)
Time used: 3194.7 secs.  Memory used: 35.6 Mb.
+ 23013: mip =   1.171640000e+05 <=   1.529950000e+05  30.6% (6108; 1)
+ 23085: mip =   1.171640000e+05 <=   1.529950000e+05  30.6% (6130; 1)
+ 23150: mip =   1.171640000e+05 <=   1.529950000e+05  30.6% (6152; 1)
+ 23189: mip =   1.171640000e+05 <=   1.529950000e+05  30.6% (6175; 1)
+ 23253: mip =   1.171640000e+05 <=   1.529950000e+05  30.6% (6199; 1)
+ 23310: mip =   1.171640000e+05 <=   1.529950000e+05  30.6% (6224; 1)
+ 23347: mip =   1.171640000e+05 <=   1.529950000e+05  30.6% (6249; 1)
+ 23399: mip =   1.171640000e+05 <=   1.529950000e+05  30.6% (6275; 1)
+ 23446: mip =   1.171640000e+05 <=   1.529950000e+05  30.6% (6302; 1)
+ 23497: mip =   1.171640000e+05 <=   1.529950000e+05  30.6% (6331; 1)
+ 23542: mip =   1.171640000e+05 <=   1.529950000e+05  30.6% (6361; 1)
+ 23603: mip =   1.171640000e+05 <=   1.529950000e+05  30.6% (6393; 1)
Time used: 3254.7 secs.  Memory used: 35.8 Mb.
+ 23674: mip =   1.171640000e+05 <=   1.529950000e+05  30.6% (6426; 1)
+ 23723: mip =   1.171640000e+05 <=   1.529950000e+05  30.6% (6460; 1)
+ 23769: mip =   1.171640000e+05 <=   1.529950000e+05  30.6% (6495; 1)
+ 23826: mip =   1.171640000e+05 <=   1.529950000e+05  30.6% (6532; 1)
+ 23891: mip =   1.171640000e+05 <=   1.529950000e+05  30.6% (6571; 1)
+ 23961: mip =   1.171640000e+05 <=   1.529950000e+05  30.6% (6613; 1)
+ 24037: mip =   1.171640000e+05 <=   1.529950000e+05  30.6% (6659; 1)
+ 24129: mip =   1.171640000e+05 <=   1.529950000e+05  30.6% (6709; 1)
+ 24219: mip =   1.171640000e+05 <=   1.529950000e+05  30.6% (6765; 1)
+ 24317: mip =   1.171640000e+05 <=   1.529950000e+05  30.6% (6828; 1)
+ 24426: mip =   1.171640000e+05 <=   1.529950000e+05  30.6% (6901; 1)
+ 24554: mip =   1.171640000e+05 <=   1.529950000e+05  30.6% (6990; 1)
Time used: 3314.7 secs.  Memory used: 36.0 Mb.
+ 24799: mip =   1.171640000e+05 <=   1.529950000e+05  30.6% (7143; 1)
+ 24831: mip =   1.171640000e+05 <=   1.529940000e+05  30.6% (7153; 2)
+ 24844: mip =   1.171640000e+05 <=   1.529940000e+05  30.6% (7159; 2)
+ 24870: mip =   1.171640000e+05 <=   1.529940000e+05  30.6% (7165; 2)
+ 24885: mip =   1.171640000e+05 <=   1.529940000e+05  30.6% (7171; 2)
+ 24907: mip =   1.171640000e+05 <=   1.529940000e+05  30.6% (7177; 2)
+ 24927: mip =   1.171640000e+05 <=   1.529940000e+05  30.6% (7183; 2)
+ 24943: mip =   1.171640000e+05 <=   1.529940000e+05  30.6% (7189; 2)
+ 24960: mip =   1.171640000e+05 <=   1.529940000e+05  30.6% (7195; 2)
+ 24975: mip =   1.171640000e+05 <=   1.529940000e+05  30.6% (7201; 2)
Time used: 3375.5 secs.  Memory used: 36.2 Mb.
+ 24997: mip =   1.171640000e+05 <=   1.529940000e+05  30.6% (7207; 2)
+ 25013: mip =   1.171640000e+05 <=   1.529940000e+05  30.6% (7213; 2)
+ 25025: mip =   1.171640000e+05 <=   1.529940000e+05  30.6% (7219; 2)
+ 25048: mip =   1.171640000e+05 <=   1.529940000e+05  30.6% (7225; 2)
+ 25076: mip =   1.171640000e+05 <=   1.529940000e+05  30.6% (7231; 2)
+ 25090: mip =   1.171640000e+05 <=   1.529940000e+05  30.6% (7237; 2)
+ 25113: mip =   1.171640000e+05 <=   1.529940000e+05  30.6% (7243; 2)
+ 25139: mip =   1.171640000e+05 <=   1.529940000e+05  30.6% (7249; 2)
+ 25161: mip =   1.171640000e+05 <=   1.529940000e+05  30.6% (7255; 2)
+ 25177: mip =   1.171640000e+05 <=   1.529940000e+05  30.6% (7261; 2)
+ 25197: mip =   1.171640000e+05 <=   1.529940000e+05  30.6% (7267; 2)
Time used: 3436.2 secs.  Memory used: 36.2 Mb.
+ 25213: mip =   1.171640000e+05 <=   1.529940000e+05  30.6% (7273; 2)
+ 25237: mip =   1.171640000e+05 <=   1.529940000e+05  30.6% (7279; 2)
+ 25258: mip =   1.171640000e+05 <=   1.529940000e+05  30.6% (7285; 2)
+ 25274: mip =   1.171640000e+05 <=   1.529940000e+05  30.6% (7291; 2)
+ 25305: mip =   1.171640000e+05 <=   1.529940000e+05  30.6% (7297; 2)
+ 25325: mip =   1.171640000e+05 <=   1.529940000e+05  30.6% (7303; 2)
+ 25342: mip =   1.171640000e+05 <=   1.529940000e+05  30.6% (7309; 2)
+ 25360: mip =   1.171640000e+05 <=   1.529940000e+05  30.6% (7315; 2)
+ 25381: mip =   1.171640000e+05 <=   1.529940000e+05  30.6% (7321; 2)
+ 25402: mip =   1.171640000e+05 <=   1.529940000e+05  30.6% (7327; 2)
+ 25422: mip =   1.171640000e+05 <=   1.529940000e+05  30.6% (7333; 2)
Time used: 3497.0 secs.  Memory used: 36.3 Mb.
+ 25436: mip =   1.171640000e+05 <=   1.529940000e+05  30.6% (7339; 2)
+ 25455: mip =   1.171640000e+05 <=   1.529940000e+05  30.6% (7345; 2)
+ 25483: mip =   1.171640000e+05 <=   1.529940000e+05  30.6% (7351; 2)
+ 25504: mip =   1.171640000e+05 <=   1.529940000e+05  30.6% (7357; 2)
+ 25524: mip =   1.171640000e+05 <=   1.529940000e+05  30.6% (7363; 2)
+ 25540: mip =   1.171640000e+05 <=   1.529940000e+05  30.6% (7369; 2)
+ 25552: mip =   1.171640000e+05 <=   1.529940000e+05  30.6% (7375; 2)
+ 25574: mip =   1.171640000e+05 <=   1.529940000e+05  30.6% (7381; 2)
+ 25594: mip =   1.171640000e+05 <=   1.529940000e+05  30.6% (7387; 2)
+ 25614: mip =   1.171640000e+05 <=   1.529940000e+05  30.6% (7393; 2)
+ 25637: mip =   1.171640000e+05 <=   1.529940000e+05  30.6% (7399; 2)
+ 25663: mip =   1.171640000e+05 <=   1.529940000e+05  30.6% (7405; 2)
Time used: 3557.7 secs.  Memory used: 36.3 Mb.
+ 25697: mip =   1.171640000e+05 <=   1.529940000e+05  30.6% (7411; 2)
+ 25712: mip =   1.171640000e+05 <=   1.529940000e+05  30.6% (7417; 2)
+ 25735: mip =   1.171640000e+05 <=   1.529940000e+05  30.6% (7423; 2)
+ 25758: mip =   1.171640000e+05 <=   1.529940000e+05  30.6% (7429; 2)
+ 25775: mip =   1.171640000e+05 <=   1.529940000e+05  30.6% (7435; 2)
+ 25790: mip =   1.171640000e+05 <=   1.529940000e+05  30.6% (7441; 2)
+ 25810: mip =   1.171640000e+05 <=   1.529940000e+05  30.6% (7447; 2)
+ 25837: mip =   1.171640000e+05 <=   1.529940000e+05  30.6% (7453; 2)
+ 25842: mip =   1.171640000e+05 <=   1.529940000e+05  30.6% (7455; 2)
TIME LIMIT EXCEEDED; SEARCH TERMINATED
Time used:   3601.1 secs
Memory used: 39.2 Mb (41117848 bytes)
Writing MIP solution to `I90_SOL.sol'...
