GLPSOL: GLPK LP/MIP Solver, v4.52
Parameter(s) specified in the command line:
 --math math_model.mod -d U100_GLPK.dat -o U100_SOL.sol --log U100_LOG.log
 --tmlim 3600
Reading model section from math_model.mod...
40 lines were read
Reading data section from U100_GLPK.dat...
1010 lines were read
Generating profit...
Generating CAP...
Model has been successfully generated
GLPK Integer Optimizer, v4.52
1073 rows, 1000 columns, 53105 non-zeros
1000 integer variables, all of which are binary
Preprocessing...
34 constraint coefficient(s) were reduced
1032 rows, 997 columns, 51869 non-zeros
997 integer variables, all of which are binary
Scaling...
 A: min|aij| =  1.000e+00  max|aij| =  1.000e+02  ratio =  1.000e+02
GM: min|aij| =  7.108e-01  max|aij| =  1.407e+00  ratio =  1.979e+00
EQ: min|aij| =  5.053e-01  max|aij| =  1.000e+00  ratio =  1.979e+00
2N: min|aij| =  3.125e-01  max|aij| =  1.625e+00  ratio =  5.200e+00
Constructing initial basis...
Size of triangular part is 1032
Solving LP relaxation...
GLPK Simplex Optimizer, v4.52
1032 rows, 997 columns, 51869 non-zeros
*     0: obj =   1.340000000e+02  infeas =  0.000e+00 (0)
*   500: obj =   2.619219334e+04  infeas =  1.645e-14 (0)
*   686: obj =   2.736448685e+04  infeas =  0.000e+00 (0)
OPTIMAL LP SOLUTION FOUND
Integer optimization begins...
+   686: mip =     not found yet <=              +inf        (1; 0)
+   932: mip =     not found yet <=   2.734800000e+04        (123; 0)
+  1357: mip =     not found yet <=   2.734800000e+04        (337; 0)
Solution found by heuristic: 25231
+  1667: >>>>>   2.523500000e+04 <=   2.734800000e+04   8.4% (522; 0)
+  1905: mip =   2.523500000e+04 <=   2.734600000e+04   8.4% (642; 4)
+  2276: mip =   2.523500000e+04 <=   2.734600000e+04   8.4% (829; 4)
Solution found by heuristic: 25474
+  2687: mip =   2.547400000e+04 <=   2.734500000e+04   7.3% (994; 139)
+  2997: mip =   2.547400000e+04 <=   2.734500000e+04   7.3% (1137; 139)
Solution found by heuristic: 25634
+  3420: mip =   2.563400000e+04 <=   2.734400000e+04   6.7% (1257; 367)
+  3774: mip =   2.563400000e+04 <=   2.734400000e+04   6.7% (1404; 367)
+  4227: mip =   2.563400000e+04 <=   2.734300000e+04   6.7% (1635; 368)
+  4506: mip =   2.563400000e+04 <=   2.734300000e+04   6.7% (1777; 368)
+  4928: mip =   2.563400000e+04 <=   2.733600000e+04   6.6% (1982; 369)
Time used: 60.0 secs.  Memory used: 10.5 Mb.
+  5222: mip =   2.563400000e+04 <=   2.733600000e+04   6.6% (2131; 369)
+  5608: mip =   2.563400000e+04 <=   2.733400000e+04   6.6% (2333; 370)
+  5936: mip =   2.563400000e+04 <=   2.733400000e+04   6.6% (2476; 370)
+  6332: mip =   2.563400000e+04 <=   2.733400000e+04   6.6% (2665; 371)
+  6647: mip =   2.563400000e+04 <=   2.733400000e+04   6.6% (2793; 371)
+  7093: mip =   2.563400000e+04 <=   2.733400000e+04   6.6% (3006; 372)
+  7331: mip =   2.563400000e+04 <=   2.733400000e+04   6.6% (3131; 372)
+  7855: mip =   2.563400000e+04 <=   2.733300000e+04   6.6% (3343; 373)
+  8131: mip =   2.563400000e+04 <=   2.733300000e+04   6.6% (3482; 373)
+  8544: mip =   2.563400000e+04 <=   2.733300000e+04   6.6% (3702; 373)
Solution found by heuristic: 25661
+  8875: mip =   2.566100000e+04 <=   2.733200000e+04   6.5% (3835; 424)
+  9285: mip =   2.566100000e+04 <=   2.733200000e+04   6.5% (4027; 424)
Time used: 120.0 secs.  Memory used: 11.5 Mb.
+  9609: mip =   2.566100000e+04 <=   2.733100000e+04   6.5% (4163; 425)
+ 10045: mip =   2.566100000e+04 <=   2.733100000e+04   6.5% (4366; 425)
+ 10353: mip =   2.566100000e+04 <=   2.733100000e+04   6.5% (4499; 426)
+ 10766: mip =   2.566100000e+04 <=   2.732700000e+04   6.5% (4698; 427)
+ 11008: mip =   2.566100000e+04 <=   2.732700000e+04   6.5% (4835; 427)
+ 11468: mip =   2.566100000e+04 <=   2.732700000e+04   6.5% (5062; 427)
+ 11787: mip =   2.566100000e+04 <=   2.732700000e+04   6.5% (5215; 428)
+ 12190: mip =   2.566100000e+04 <=   2.732600000e+04   6.5% (5425; 429)
+ 12499: mip =   2.566100000e+04 <=   2.732600000e+04   6.5% (5581; 429)
+ 12903: mip =   2.566100000e+04 <=   2.732400000e+04   6.5% (5782; 430)
+ 13222: mip =   2.566100000e+04 <=   2.732400000e+04   6.5% (5935; 430)
+ 13672: mip =   2.566100000e+04 <=   2.732200000e+04   6.5% (6148; 431)
Time used: 180.0 secs.  Memory used: 12.7 Mb.
+ 14004: mip =   2.566100000e+04 <=   2.732200000e+04   6.5% (6297; 431)
+ 14350: mip =   2.566100000e+04 <=   2.732200000e+04   6.5% (6488; 432)
+ 14726: mip =   2.566100000e+04 <=   2.732200000e+04   6.5% (6644; 432)
+ 15156: mip =   2.566100000e+04 <=   2.732100000e+04   6.5% (6864; 433)
+ 15536: mip =   2.566100000e+04 <=   2.732100000e+04   6.5% (7029; 433)
+ 15977: mip =   2.566100000e+04 <=   2.732100000e+04   6.5% (7237; 434)
+ 16340: mip =   2.566100000e+04 <=   2.732100000e+04   6.5% (7421; 434)
+ 16715: mip =   2.566100000e+04 <=   2.732100000e+04   6.5% (7634; 435)
+ 17063: mip =   2.566100000e+04 <=   2.732100000e+04   6.5% (7798; 435)
+ 17396: mip =   2.566100000e+04 <=   2.732100000e+04   6.5% (7944; 436)
+ 17862: mip =   2.566100000e+04 <=   2.732100000e+04   6.5% (8139; 436)
+ 18135: mip =   2.566100000e+04 <=   2.732000000e+04   6.5% (8276; 437)
Time used: 240.0 secs.  Memory used: 13.7 Mb.
+ 18490: mip =   2.566100000e+04 <=   2.732000000e+04   6.5% (8456; 437)
+ 18858: mip =   2.566100000e+04 <=   2.731800000e+04   6.5% (8644; 438)
+ 19200: mip =   2.566100000e+04 <=   2.731800000e+04   6.5% (8797; 438)
+ 19499: mip =   2.566100000e+04 <=   2.731700000e+04   6.5% (8959; 439)
+ 19810: mip =   2.566100000e+04 <=   2.731700000e+04   6.5% (9097; 439)
+ 20174: mip =   2.566100000e+04 <=   2.731700000e+04   6.5% (9299; 440)
+ 20407: mip =   2.566100000e+04 <=   2.731700000e+04   6.5% (9430; 440)
+ 20861: mip =   2.566100000e+04 <=   2.731700000e+04   6.5% (9644; 440)
+ 21186: mip =   2.566100000e+04 <=   2.731700000e+04   6.5% (9791; 441)
+ 21640: mip =   2.566100000e+04 <=   2.731700000e+04   6.5% (9983; 441)
+ 21964: mip =   2.566100000e+04 <=   2.731700000e+04   6.5% (10147; 442)
+ 22329: mip =   2.566100000e+04 <=   2.731700000e+04   6.5% (10341; 442)
Time used: 300.0 secs.  Memory used: 15.1 Mb.
+ 22696: mip =   2.566100000e+04 <=   2.731600000e+04   6.4% (10530; 443)
+ 23083: mip =   2.566100000e+04 <=   2.731600000e+04   6.4% (10727; 443)
+ 23466: mip =   2.566100000e+04 <=   2.731500000e+04   6.4% (10914; 444)
+ 23892: mip =   2.566100000e+04 <=   2.731500000e+04   6.4% (11125; 444)
Solution found by heuristic: 25686
Solution found by heuristic: 25692
+ 24276: mip =   2.569200000e+04 <=   2.731500000e+04   6.3% (11146; 727)
+ 24691: mip =   2.569200000e+04 <=   2.731500000e+04   6.3% (11332; 727)
+ 25050: mip =   2.569200000e+04 <=   2.731400000e+04   6.3% (11519; 728)
+ 25459: mip =   2.569200000e+04 <=   2.731400000e+04   6.3% (11703; 728)
+ 25820: mip =   2.569200000e+04 <=   2.731400000e+04   6.3% (11885; 729)
+ 26275: mip =   2.569200000e+04 <=   2.731400000e+04   6.3% (12077; 729)
+ 26643: mip =   2.569200000e+04 <=   2.731400000e+04   6.3% (12222; 730)
+ 27147: mip =   2.569200000e+04 <=   2.731400000e+04   6.3% (12423; 731)
Time used: 360.1 secs.  Memory used: 16.0 Mb.
+ 27471: mip =   2.569200000e+04 <=   2.731400000e+04   6.3% (12585; 731)
+ 27831: mip =   2.569200000e+04 <=   2.731400000e+04   6.3% (12752; 732)
+ 28159: mip =   2.569200000e+04 <=   2.731400000e+04   6.3% (12933; 732)
+ 28611: mip =   2.569200000e+04 <=   2.731300000e+04   6.3% (13171; 733)
+ 28945: mip =   2.569200000e+04 <=   2.731300000e+04   6.3% (13336; 733)
+ 29303: mip =   2.569200000e+04 <=   2.731300000e+04   6.3% (13515; 734)
+ 29670: mip =   2.569200000e+04 <=   2.731300000e+04   6.3% (13684; 734)
+ 30091: mip =   2.569200000e+04 <=   2.731200000e+04   6.3% (13877; 735)
+ 30423: mip =   2.569200000e+04 <=   2.731200000e+04   6.3% (14037; 735)
+ 30871: mip =   2.569200000e+04 <=   2.731200000e+04   6.3% (14243; 736)
+ 31155: mip =   2.569200000e+04 <=   2.731200000e+04   6.3% (14399; 736)
+ 31754: mip =   2.569200000e+04 <=   2.731100000e+04   6.3% (14698; 737)
Time used: 420.1 secs.  Memory used: 17.1 Mb.
+ 32076: mip =   2.569200000e+04 <=   2.731100000e+04   6.3% (14849; 737)
+ 32533: mip =   2.569200000e+04 <=   2.731100000e+04   6.3% (15107; 737)
+ 32906: mip =   2.569200000e+04 <=   2.731100000e+04   6.3% (15265; 738)
+ 33246: mip =   2.569200000e+04 <=   2.731100000e+04   6.3% (15477; 738)
+ 33568: mip =   2.569200000e+04 <=   2.731000000e+04   6.3% (15638; 739)
+ 34007: mip =   2.569200000e+04 <=   2.731000000e+04   6.3% (15851; 740)
+ 34349: mip =   2.569200000e+04 <=   2.731000000e+04   6.3% (15998; 740)
+ 34799: mip =   2.569200000e+04 <=   2.731000000e+04   6.3% (16218; 740)
+ 35096: mip =   2.569200000e+04 <=   2.731000000e+04   6.3% (16358; 741)
+ 35549: mip =   2.569200000e+04 <=   2.731000000e+04   6.3% (16597; 741)
+ 35887: mip =   2.569200000e+04 <=   2.731000000e+04   6.3% (16760; 742)
+ 36332: mip =   2.569200000e+04 <=   2.731000000e+04   6.3% (17007; 742)
Solution found by heuristic: 25758
Time used: 480.1 secs.  Memory used: 18.3 Mb.
+ 36604: mip =   2.575800000e+04 <=   2.731000000e+04   6.0% (16532; 1812)
+ 36997: mip =   2.575800000e+04 <=   2.731000000e+04   6.0% (16701; 1812)
+ 37243: mip =   2.575800000e+04 <=   2.730900000e+04   6.0% (16842; 1813)
+ 37561: mip =   2.575800000e+04 <=   2.730900000e+04   6.0% (16971; 1813)
+ 37915: mip =   2.575800000e+04 <=   2.730900000e+04   6.0% (17147; 1814)
+ 38249: mip =   2.575800000e+04 <=   2.730900000e+04   6.0% (17291; 1814)
+ 38573: mip =   2.575800000e+04 <=   2.730800000e+04   6.0% (17457; 1815)
+ 38941: mip =   2.575800000e+04 <=   2.730800000e+04   6.0% (17626; 1815)
+ 39218: mip =   2.575800000e+04 <=   2.730800000e+04   6.0% (17764; 1816)
+ 39517: mip =   2.575800000e+04 <=   2.730800000e+04   6.0% (17923; 1816)
+ 39988: mip =   2.575800000e+04 <=   2.730800000e+04   6.0% (18138; 1817)
+ 40354: mip =   2.575800000e+04 <=   2.730800000e+04   6.0% (18296; 1817)
Time used: 540.1 secs.  Memory used: 18.7 Mb.
+ 40773: mip =   2.575800000e+04 <=   2.730800000e+04   6.0% (18508; 1818)
+ 41086: mip =   2.575800000e+04 <=   2.730800000e+04   6.0% (18656; 1818)
+ 41411: mip =   2.575800000e+04 <=   2.730800000e+04   6.0% (18820; 1819)
+ 41744: mip =   2.575800000e+04 <=   2.730800000e+04   6.0% (18978; 1819)
+ 42222: mip =   2.575800000e+04 <=   2.730800000e+04   6.0% (19212; 1820)
+ 42522: mip =   2.575800000e+04 <=   2.730800000e+04   6.0% (19357; 1820)
+ 42841: mip =   2.575800000e+04 <=   2.730800000e+04   6.0% (19532; 1821)
+ 43106: mip =   2.575800000e+04 <=   2.730800000e+04   6.0% (19678; 1821)
+ 43597: mip =   2.575800000e+04 <=   2.730800000e+04   6.0% (19901; 1822)
+ 43909: mip =   2.575800000e+04 <=   2.730800000e+04   6.0% (20053; 1822)
+ 44298: mip =   2.575800000e+04 <=   2.730800000e+04   6.0% (20233; 1823)
+ 44558: mip =   2.575800000e+04 <=   2.730800000e+04   6.0% (20368; 1823)
Time used: 600.1 secs.  Memory used: 20.1 Mb.
+ 44782: mip =   2.575800000e+04 <=   2.730800000e+04   6.0% (20488; 1823)
+ 45086: mip =   2.575800000e+04 <=   2.730700000e+04   6.0% (20610; 1824)
+ 45312: mip =   2.575800000e+04 <=   2.730700000e+04   6.0% (20721; 1824)
+ 45595: mip =   2.575800000e+04 <=   2.730700000e+04   6.0% (20858; 1825)
+ 45857: mip =   2.575800000e+04 <=   2.730700000e+04   6.0% (20989; 1825)
+ 46172: mip =   2.575800000e+04 <=   2.730700000e+04   6.0% (21146; 1825)
+ 46450: mip =   2.575800000e+04 <=   2.730700000e+04   6.0% (21275; 1826)
+ 46797: mip =   2.575800000e+04 <=   2.730700000e+04   6.0% (21427; 1826)
+ 47094: mip =   2.575800000e+04 <=   2.730700000e+04   6.0% (21602; 1827)
+ 47409: mip =   2.575800000e+04 <=   2.730700000e+04   6.0% (21746; 1827)
+ 47751: mip =   2.575800000e+04 <=   2.730600000e+04   6.0% (21918; 1828)
+ 48077: mip =   2.575800000e+04 <=   2.730600000e+04   6.0% (22061; 1828)
Time used: 660.1 secs.  Memory used: 20.9 Mb.
+ 48460: mip =   2.575800000e+04 <=   2.730600000e+04   6.0% (22230; 1829)
+ 48701: mip =   2.575800000e+04 <=   2.730600000e+04   6.0% (22356; 1829)
+ 49055: mip =   2.575800000e+04 <=   2.730600000e+04   6.0% (22567; 1829)
+ 49313: mip =   2.575800000e+04 <=   2.730600000e+04   6.0% (22701; 1830)
+ 49695: mip =   2.575800000e+04 <=   2.730600000e+04   6.0% (22857; 1830)
+ 49980: mip =   2.575800000e+04 <=   2.730600000e+04   6.0% (23024; 1831)
+ 50310: mip =   2.575800000e+04 <=   2.730600000e+04   6.0% (23170; 1831)
+ 50705: mip =   2.575800000e+04 <=   2.730600000e+04   6.0% (23394; 1832)
+ 50955: mip =   2.575800000e+04 <=   2.730600000e+04   6.0% (23527; 1832)
+ 51347: mip =   2.575800000e+04 <=   2.730600000e+04   6.0% (23701; 1833)
+ 51575: mip =   2.575800000e+04 <=   2.730600000e+04   6.0% (23826; 1833)
+ 51927: mip =   2.575800000e+04 <=   2.730500000e+04   6.0% (23982; 1834)
Time used: 720.1 secs.  Memory used: 21.9 Mb.
+ 52213: mip =   2.575800000e+04 <=   2.730500000e+04   6.0% (24101; 1834)
+ 52549: mip =   2.575800000e+04 <=   2.730500000e+04   6.0% (24264; 1835)
+ 52816: mip =   2.575800000e+04 <=   2.730500000e+04   6.0% (24385; 1835)
+ 53205: mip =   2.575800000e+04 <=   2.730500000e+04   6.0% (24571; 1835)
+ 53525: mip =   2.575800000e+04 <=   2.730500000e+04   6.0% (24748; 1836)
+ 53870: mip =   2.575800000e+04 <=   2.730500000e+04   6.0% (24892; 1836)
+ 54143: mip =   2.575800000e+04 <=   2.730500000e+04   6.0% (25052; 1837)
+ 54508: mip =   2.575800000e+04 <=   2.730500000e+04   6.0% (25183; 1837)
+ 54854: mip =   2.575800000e+04 <=   2.730400000e+04   6.0% (25354; 1838)
+ 55078: mip =   2.575800000e+04 <=   2.730400000e+04   6.0% (25480; 1838)
+ 55434: mip =   2.575800000e+04 <=   2.730400000e+04   6.0% (25666; 1838)
Time used: 780.1 secs.  Memory used: 22.8 Mb.
+ 55764: mip =   2.575800000e+04 <=   2.730400000e+04   6.0% (25809; 1839)
+ 56151: mip =   2.575800000e+04 <=   2.730400000e+04   6.0% (25995; 1840)
+ 56405: mip =   2.575800000e+04 <=   2.730400000e+04   6.0% (26128; 1840)
+ 56803: mip =   2.575800000e+04 <=   2.730400000e+04   6.0% (26304; 1840)
+ 57112: mip =   2.575800000e+04 <=   2.730400000e+04   6.0% (26470; 1841)
+ 57511: mip =   2.575800000e+04 <=   2.730400000e+04   6.0% (26637; 1842)
+ 57818: mip =   2.575800000e+04 <=   2.730300000e+04   6.0% (26772; 1842)
+ 58298: mip =   2.575800000e+04 <=   2.730300000e+04   6.0% (26944; 1843)
+ 58580: mip =   2.575800000e+04 <=   2.730300000e+04   6.0% (27087; 1843)
+ 59048: mip =   2.575800000e+04 <=   2.730300000e+04   6.0% (27312; 1844)
+ 59375: mip =   2.575800000e+04 <=   2.730300000e+04   6.0% (27465; 1844)
+ 59747: mip =   2.575800000e+04 <=   2.730300000e+04   6.0% (27643; 1845)
Time used: 840.1 secs.  Memory used: 23.8 Mb.
+ 60117: mip =   2.575800000e+04 <=   2.730300000e+04   6.0% (27814; 1845)
+ 60519: mip =   2.575800000e+04 <=   2.730300000e+04   6.0% (27968; 1846)
+ 61004: mip =   2.575800000e+04 <=   2.730300000e+04   6.0% (28185; 1847)
+ 61358: mip =   2.575800000e+04 <=   2.730300000e+04   6.0% (28334; 1847)
+ 61741: mip =   2.575800000e+04 <=   2.730300000e+04   6.0% (28520; 1848)
+ 62058: mip =   2.575800000e+04 <=   2.730300000e+04   6.0% (28669; 1848)
+ 62480: mip =   2.575800000e+04 <=   2.730300000e+04   6.0% (28853; 1849)
+ 62880: mip =   2.575800000e+04 <=   2.730300000e+04   6.0% (29006; 1849)
+ 63240: mip =   2.575800000e+04 <=   2.730200000e+04   6.0% (29210; 1850)
+ 63624: mip =   2.575800000e+04 <=   2.730200000e+04   6.0% (29374; 1850)
+ 63989: mip =   2.575800000e+04 <=   2.730200000e+04   6.0% (29544; 1851)
+ 64315: mip =   2.575800000e+04 <=   2.730200000e+04   6.0% (29684; 1851)
Time used: 900.2 secs.  Memory used: 24.9 Mb.
+ 64696: mip =   2.575800000e+04 <=   2.730200000e+04   6.0% (29859; 1852)
+ 65039: mip =   2.575800000e+04 <=   2.730200000e+04   6.0% (30016; 1852)
+ 65409: mip =   2.575800000e+04 <=   2.730200000e+04   6.0% (30205; 1853)
+ 65789: mip =   2.575800000e+04 <=   2.730200000e+04   6.0% (30371; 1853)
+ 66221: mip =   2.575800000e+04 <=   2.730200000e+04   6.0% (30594; 1854)
+ 66608: mip =   2.575800000e+04 <=   2.730200000e+04   6.0% (30751; 1854)
+ 67020: mip =   2.575800000e+04 <=   2.730200000e+04   6.0% (30911; 1855)
+ 67458: mip =   2.575800000e+04 <=   2.730200000e+04   6.0% (31104; 1855)
+ 67805: mip =   2.575800000e+04 <=   2.730200000e+04   6.0% (31246; 1856)
+ 68289: mip =   2.575800000e+04 <=   2.730200000e+04   6.0% (31455; 1857)
+ 68651: mip =   2.575800000e+04 <=   2.730200000e+04   6.0% (31607; 1857)
+ 69002: mip =   2.575800000e+04 <=   2.730200000e+04   6.0% (31806; 1858)
Time used: 960.2 secs.  Memory used: 25.9 Mb.
+ 69366: mip =   2.575800000e+04 <=   2.730200000e+04   6.0% (31973; 1858)
+ 69720: mip =   2.575800000e+04 <=   2.730200000e+04   6.0% (32143; 1859)
+ 70099: mip =   2.575800000e+04 <=   2.730200000e+04   6.0% (32324; 1859)
+ 70500: mip =   2.575800000e+04 <=   2.730100000e+04   6.0% (32518; 1860)
+ 70806: mip =   2.575800000e+04 <=   2.730100000e+04   6.0% (32693; 1860)
+ 71214: mip =   2.575800000e+04 <=   2.730100000e+04   6.0% (32870; 1861)
+ 71634: mip =   2.575800000e+04 <=   2.730100000e+04   6.0% (33043; 1862)
+ 71999: mip =   2.575800000e+04 <=   2.730100000e+04   6.0% (33196; 1862)
+ 72359: mip =   2.575800000e+04 <=   2.730100000e+04   6.0% (33386; 1863)
+ 72647: mip =   2.575800000e+04 <=   2.730100000e+04   6.0% (33522; 1863)
+ 73017: mip =   2.575800000e+04 <=   2.730100000e+04   6.0% (33710; 1864)
+ 73347: mip =   2.575800000e+04 <=   2.730100000e+04   6.0% (33844; 1864)
Time used: 1020.2 secs.  Memory used: 26.9 Mb.
+ 73728: mip =   2.575800000e+04 <=   2.730100000e+04   6.0% (34011; 1865)
+ 73981: mip =   2.575800000e+04 <=   2.730100000e+04   6.0% (34136; 1865)
+ 74263: mip =   2.575800000e+04 <=   2.730100000e+04   6.0% (34293; 1865)
+ 74509: mip =   2.575800000e+04 <=   2.730100000e+04   6.0% (34435; 1866)
+ 74674: mip =   2.575800000e+04 <=   2.730100000e+04   6.0% (34521; 1866)
+ 74937: mip =   2.575800000e+04 <=   2.730100000e+04   6.0% (34650; 1866)
+ 75237: mip =   2.575800000e+04 <=   2.730100000e+04   6.0% (34814; 1867)
+ 75494: mip =   2.575800000e+04 <=   2.730100000e+04   6.0% (34941; 1867)
+ 75894: mip =   2.575800000e+04 <=   2.730100000e+04   6.0% (35156; 1868)
+ 76144: mip =   2.575800000e+04 <=   2.730100000e+04   6.0% (35282; 1868)
+ 76613: mip =   2.575800000e+04 <=   2.730100000e+04   6.0% (35481; 1868)
+ 76986: mip =   2.575800000e+04 <=   2.730000000e+04   6.0% (35632; 1869)
Time used: 1080.2 secs.  Memory used: 27.8 Mb.
+ 77291: mip =   2.575800000e+04 <=   2.730000000e+04   6.0% (35808; 1869)
+ 77631: mip =   2.575800000e+04 <=   2.730000000e+04   6.0% (35977; 1870)
+ 77959: mip =   2.575800000e+04 <=   2.730000000e+04   6.0% (36144; 1870)
+ 78328: mip =   2.575800000e+04 <=   2.730000000e+04   6.0% (36300; 1871)
+ 78767: mip =   2.575800000e+04 <=   2.730000000e+04   6.0% (36481; 1871)
+ 79076: mip =   2.575800000e+04 <=   2.730000000e+04   6.0% (36623; 1872)
+ 79448: mip =   2.575800000e+04 <=   2.730000000e+04   6.0% (36814; 1872)
+ 79806: mip =   2.575800000e+04 <=   2.730000000e+04   6.0% (36999; 1873)
+ 80188: mip =   2.575800000e+04 <=   2.730000000e+04   6.0% (37147; 1873)
+ 80458: mip =   2.575800000e+04 <=   2.730000000e+04   6.0% (37279; 1874)
+ 80620: mip =   2.575800000e+04 <=   2.730000000e+04   6.0% (37366; 1874)
+ 80871: mip =   2.575800000e+04 <=   2.730000000e+04   6.0% (37484; 1874)
Time used: 1140.2 secs.  Memory used: 28.8 Mb.
+ 81127: mip =   2.575800000e+04 <=   2.730000000e+04   6.0% (37606; 1875)
+ 81275: mip =   2.575800000e+04 <=   2.730000000e+04   6.0% (37687; 1875)
+ 81529: mip =   2.575800000e+04 <=   2.730000000e+04   6.0% (37811; 1875)
+ 81772: mip =   2.575800000e+04 <=   2.730000000e+04   6.0% (37931; 1876)
+ 81955: mip =   2.575800000e+04 <=   2.730000000e+04   6.0% (38027; 1876)
+ 82238: mip =   2.575800000e+04 <=   2.730000000e+04   6.0% (38146; 1876)
+ 82487: mip =   2.575800000e+04 <=   2.730000000e+04   6.0% (38269; 1877)
+ 82744: mip =   2.575800000e+04 <=   2.730000000e+04   6.0% (38389; 1877)
+ 83133: mip =   2.575800000e+04 <=   2.730000000e+04   6.0% (38582; 1877)
+ 83366: mip =   2.575800000e+04 <=   2.730000000e+04   6.0% (38699; 1878)
+ 83662: mip =   2.575800000e+04 <=   2.730000000e+04   6.0% (38859; 1878)
+ 83936: mip =   2.575800000e+04 <=   2.729900000e+04   6.0% (38996; 1879)
Time used: 1200.2 secs.  Memory used: 29.5 Mb.
+ 84271: mip =   2.575800000e+04 <=   2.729900000e+04   6.0% (39145; 1879)
+ 84622: mip =   2.575800000e+04 <=   2.729900000e+04   6.0% (39332; 1880)
+ 84867: mip =   2.575800000e+04 <=   2.729900000e+04   6.0% (39439; 1880)
+ 85219: mip =   2.575800000e+04 <=   2.729900000e+04   6.0% (39602; 1880)
+ 85487: mip =   2.575800000e+04 <=   2.729900000e+04   6.0% (39739; 1881)
+ 85782: mip =   2.575800000e+04 <=   2.729900000e+04   6.0% (39886; 1881)
+ 86089: mip =   2.575800000e+04 <=   2.729800000e+04   6.0% (40033; 1882)
+ 86421: mip =   2.575800000e+04 <=   2.729800000e+04   6.0% (40178; 1882)
+ 86755: mip =   2.575800000e+04 <=   2.729800000e+04   6.0% (40371; 1883)
+ 87038: mip =   2.575800000e+04 <=   2.729800000e+04   6.0% (40499; 1883)
+ 87355: mip =   2.575800000e+04 <=   2.729800000e+04   6.0% (40659; 1884)
+ 87605: mip =   2.575800000e+04 <=   2.729800000e+04   6.0% (40775; 1884)
Time used: 1260.2 secs.  Memory used: 31.7 Mb.
+ 88008: mip =   2.575800000e+04 <=   2.729800000e+04   6.0% (40970; 1884)
+ 88332: mip =   2.575800000e+04 <=   2.729800000e+04   6.0% (41108; 1885)
+ 88641: mip =   2.575800000e+04 <=   2.729800000e+04   6.0% (41274; 1885)
+ 88901: mip =   2.575800000e+04 <=   2.729800000e+04   6.0% (41399; 1886)
+ 89264: mip =   2.575800000e+04 <=   2.729800000e+04   6.0% (41553; 1886)
+ 89523: mip =   2.575800000e+04 <=   2.729800000e+04   6.0% (41688; 1887)
+ 89910: mip =   2.575800000e+04 <=   2.729800000e+04   6.0% (41839; 1887)
+ 90192: mip =   2.575800000e+04 <=   2.729800000e+04   6.0% (41980; 1888)
+ 90502: mip =   2.575800000e+04 <=   2.729800000e+04   6.0% (42134; 1888)
+ 90831: mip =   2.575800000e+04 <=   2.729700000e+04   6.0% (42284; 1889)
+ 91134: mip =   2.575800000e+04 <=   2.729700000e+04   6.0% (42425; 1889)
+ 91464: mip =   2.575800000e+04 <=   2.729700000e+04   6.0% (42592; 1890)
Time used: 1320.3 secs.  Memory used: 32.6 Mb.
+ 91757: mip =   2.575800000e+04 <=   2.729700000e+04   6.0% (42724; 1890)
+ 92175: mip =   2.575800000e+04 <=   2.729700000e+04   6.0% (42932; 1891)
+ 92509: mip =   2.575800000e+04 <=   2.729700000e+04   6.0% (43064; 1891)
+ 92885: mip =   2.575800000e+04 <=   2.729700000e+04   6.0% (43252; 1892)
+ 93138: mip =   2.575800000e+04 <=   2.729700000e+04   6.0% (43383; 1892)
+ 93518: mip =   2.575800000e+04 <=   2.729700000e+04   6.0% (43573; 1893)
+ 93771: mip =   2.575800000e+04 <=   2.729700000e+04   6.0% (43709; 1893)
+ 94220: mip =   2.575800000e+04 <=   2.729700000e+04   6.0% (43919; 1893)
+ 94409: mip =   2.575800000e+04 <=   2.729700000e+04   6.0% (44026; 1894)
+ 94625: mip =   2.575800000e+04 <=   2.729700000e+04   6.0% (44119; 1894)
+ 94897: mip =   2.575800000e+04 <=   2.729700000e+04   6.0% (44263; 1895)
+ 95230: mip =   2.575800000e+04 <=   2.729700000e+04   6.0% (44399; 1895)
Time used: 1380.3 secs.  Memory used: 33.5 Mb.
+ 95596: mip =   2.575800000e+04 <=   2.729700000e+04   6.0% (44583; 1896)
+ 95825: mip =   2.575800000e+04 <=   2.729700000e+04   6.0% (44703; 1896)
+ 96145: mip =   2.575800000e+04 <=   2.729700000e+04   6.0% (44873; 1896)
+ 96520: mip =   2.575800000e+04 <=   2.729700000e+04   6.0% (45038; 1897)
+ 96885: mip =   2.575800000e+04 <=   2.729700000e+04   6.0% (45197; 1897)
+ 97166: mip =   2.575800000e+04 <=   2.729700000e+04   6.0% (45330; 1898)
+ 97511: mip =   2.575800000e+04 <=   2.729700000e+04   6.0% (45475; 1898)
+ 97847: mip =   2.575800000e+04 <=   2.729700000e+04   6.0% (45639; 1899)
+ 98106: mip =   2.575800000e+04 <=   2.729700000e+04   6.0% (45766; 1899)
+ 98545: mip =   2.575800000e+04 <=   2.729700000e+04   6.0% (45989; 1900)
+ 98786: mip =   2.575800000e+04 <=   2.729700000e+04   6.0% (46104; 1900)
+ 99119: mip =   2.575800000e+04 <=   2.729600000e+04   6.0% (46288; 1901)
Time used: 1440.3 secs.  Memory used: 34.4 Mb.
+ 99353: mip =   2.575800000e+04 <=   2.729600000e+04   6.0% (46415; 1901)
+ 99685: mip =   2.575800000e+04 <=   2.729600000e+04   6.0% (46575; 1902)
+ 99968: mip =   2.575800000e+04 <=   2.729600000e+04   6.0% (46713; 1902)
+100384: mip =   2.575800000e+04 <=   2.729600000e+04   6.0% (46892; 1903)
+100648: mip =   2.575800000e+04 <=   2.729600000e+04   6.0% (47020; 1903)
+101036: mip =   2.575800000e+04 <=   2.729600000e+04   6.0% (47184; 1904)
+101309: mip =   2.575800000e+04 <=   2.729600000e+04   6.0% (47315; 1904)
+101753: mip =   2.575800000e+04 <=   2.729600000e+04   6.0% (47510; 1905)
+102016: mip =   2.575800000e+04 <=   2.729600000e+04   6.0% (47634; 1905)
+102388: mip =   2.575800000e+04 <=   2.729600000e+04   6.0% (47844; 1905)
+102648: mip =   2.575800000e+04 <=   2.729600000e+04   6.0% (47973; 1906)
+102990: mip =   2.575800000e+04 <=   2.729600000e+04   6.0% (48152; 1906)
Time used: 1500.3 secs.  Memory used: 35.3 Mb.
+103290: mip =   2.575800000e+04 <=   2.729600000e+04   6.0% (48312; 1907)
+103643: mip =   2.575800000e+04 <=   2.729600000e+04   6.0% (48459; 1907)
+104003: mip =   2.575800000e+04 <=   2.729600000e+04   6.0% (48651; 1908)
+104304: mip =   2.575800000e+04 <=   2.729600000e+04   6.0% (48791; 1908)
+104622: mip =   2.575800000e+04 <=   2.729600000e+04   6.0% (48959; 1909)
+104892: mip =   2.575800000e+04 <=   2.729600000e+04   6.0% (49085; 1909)
+105239: mip =   2.575800000e+04 <=   2.729500000e+04   6.0% (49245; 1910)
+105492: mip =   2.575800000e+04 <=   2.729500000e+04   6.0% (49373; 1910)
+105813: mip =   2.575800000e+04 <=   2.729500000e+04   6.0% (49571; 1910)
+106186: mip =   2.575800000e+04 <=   2.729500000e+04   6.0% (49701; 1911)
+106480: mip =   2.575800000e+04 <=   2.729500000e+04   6.0% (49861; 1911)
+106746: mip =   2.575800000e+04 <=   2.729500000e+04   6.0% (49997; 1912)
Time used: 1560.3 secs.  Memory used: 36.2 Mb.
+107149: mip =   2.575800000e+04 <=   2.729500000e+04   6.0% (50187; 1912)
+107448: mip =   2.575800000e+04 <=   2.729500000e+04   6.0% (50358; 1913)
+107811: mip =   2.575800000e+04 <=   2.729500000e+04   6.0% (50524; 1913)
+108164: mip =   2.575800000e+04 <=   2.729500000e+04   6.0% (50710; 1914)
+108547: mip =   2.575800000e+04 <=   2.729500000e+04   6.0% (50873; 1914)
+108869: mip =   2.575800000e+04 <=   2.729500000e+04   6.0% (51039; 1915)
+109199: mip =   2.575800000e+04 <=   2.729500000e+04   6.0% (51198; 1915)
+109524: mip =   2.575800000e+04 <=   2.729500000e+04   6.0% (51352; 1916)
+109876: mip =   2.575800000e+04 <=   2.729500000e+04   6.0% (51494; 1916)
+110213: mip =   2.575800000e+04 <=   2.729500000e+04   6.0% (51667; 1917)
+110519: mip =   2.575800000e+04 <=   2.729500000e+04   6.0% (51808; 1917)
+110954: mip =   2.575800000e+04 <=   2.729500000e+04   6.0% (52058; 1918)
Time used: 1620.3 secs.  Memory used: 37.3 Mb.
+111211: mip =   2.575800000e+04 <=   2.729500000e+04   6.0% (52185; 1918)
+111613: mip =   2.575800000e+04 <=   2.729500000e+04   6.0% (52379; 1918)
+111898: mip =   2.575800000e+04 <=   2.729500000e+04   6.0% (52511; 1919)
+112311: mip =   2.575800000e+04 <=   2.729500000e+04   6.0% (52679; 1919)
+112609: mip =   2.575800000e+04 <=   2.729500000e+04   6.0% (52856; 1920)
+112950: mip =   2.575800000e+04 <=   2.729500000e+04   6.0% (53011; 1920)
+113250: mip =   2.575800000e+04 <=   2.729500000e+04   6.0% (53181; 1921)
+113648: mip =   2.575800000e+04 <=   2.729500000e+04   6.0% (53349; 1921)
+113981: mip =   2.575800000e+04 <=   2.729500000e+04   6.0% (53499; 1922)
+114307: mip =   2.575800000e+04 <=   2.729500000e+04   6.0% (53662; 1922)
+114651: mip =   2.575800000e+04 <=   2.729500000e+04   6.0% (53831; 1923)
+115029: mip =   2.575800000e+04 <=   2.729500000e+04   6.0% (54026; 1923)
Time used: 1680.3 secs.  Memory used: 38.2 Mb.
+115415: mip =   2.575800000e+04 <=   2.729400000e+04   6.0% (54238; 1924)
+115779: mip =   2.575800000e+04 <=   2.729400000e+04   6.0% (54424; 1924)
+116169: mip =   2.575800000e+04 <=   2.729400000e+04   6.0% (54605; 1925)
+116552: mip =   2.575800000e+04 <=   2.729400000e+04   6.0% (54798; 1925)
+116930: mip =   2.575800000e+04 <=   2.729400000e+04   6.0% (55003; 1926)
+117313: mip =   2.575800000e+04 <=   2.729400000e+04   6.0% (55161; 1926)
+117726: mip =   2.575800000e+04 <=   2.729400000e+04   6.0% (55351; 1927)
+118104: mip =   2.575800000e+04 <=   2.729400000e+04   6.0% (55512; 1927)
+118398: mip =   2.575800000e+04 <=   2.729400000e+04   6.0% (55651; 1928)
+118895: mip =   2.575800000e+04 <=   2.729400000e+04   6.0% (55856; 1929)
+119233: mip =   2.575800000e+04 <=   2.729400000e+04   6.0% (55997; 1929)
+119684: mip =   2.575800000e+04 <=   2.729400000e+04   6.0% (56233; 1930)
Time used: 1740.4 secs.  Memory used: 39.4 Mb.
+119960: mip =   2.575800000e+04 <=   2.729400000e+04   6.0% (56377; 1930)
+120319: mip =   2.575800000e+04 <=   2.729400000e+04   6.0% (56565; 1931)
+120697: mip =   2.575800000e+04 <=   2.729400000e+04   6.0% (56749; 1931)
+121085: mip =   2.575800000e+04 <=   2.729400000e+04   6.0% (56939; 1932)
+121509: mip =   2.575800000e+04 <=   2.729400000e+04   6.0% (57117; 1933)
+121838: mip =   2.575800000e+04 <=   2.729400000e+04   6.0% (57263; 1933)
+122356: mip =   2.575800000e+04 <=   2.729400000e+04   6.0% (57493; 1934)
+122706: mip =   2.575800000e+04 <=   2.729400000e+04   6.0% (57644; 1934)
+123065: mip =   2.575800000e+04 <=   2.729400000e+04   6.0% (57825; 1935)
+123402: mip =   2.575800000e+04 <=   2.729400000e+04   6.0% (57998; 1935)
+123824: mip =   2.575800000e+04 <=   2.729400000e+04   6.0% (58228; 1936)
+124155: mip =   2.575800000e+04 <=   2.729400000e+04   6.0% (58403; 1936)
Time used: 1800.4 secs.  Memory used: 40.4 Mb.
+124551: mip =   2.575800000e+04 <=   2.729400000e+04   6.0% (58585; 1937)
+124998: mip =   2.575800000e+04 <=   2.729400000e+04   6.0% (58780; 1937)
+125329: mip =   2.575800000e+04 <=   2.729400000e+04   6.0% (58942; 1938)
+125804: mip =   2.575800000e+04 <=   2.729400000e+04   6.0% (59184; 1939)
+126164: mip =   2.575800000e+04 <=   2.729400000e+04   6.0% (59336; 1939)
+126581: mip =   2.575800000e+04 <=   2.729300000e+04   6.0% (59549; 1940)
+126854: mip =   2.575800000e+04 <=   2.729300000e+04   6.0% (59697; 1940)
+127291: mip =   2.575800000e+04 <=   2.729300000e+04   6.0% (59932; 1941)
+127631: mip =   2.575800000e+04 <=   2.729300000e+04   6.0% (60092; 1941)
+128122: mip =   2.575800000e+04 <=   2.729300000e+04   6.0% (60315; 1942)
+128455: mip =   2.575800000e+04 <=   2.729300000e+04   6.0% (60474; 1942)
+128902: mip =   2.575800000e+04 <=   2.729300000e+04   6.0% (60677; 1943)
Time used: 1860.4 secs.  Memory used: 41.6 Mb.
+129317: mip =   2.575800000e+04 <=   2.729300000e+04   6.0% (60853; 1943)
+129679: mip =   2.575800000e+04 <=   2.729300000e+04   6.0% (61040; 1944)
+130121: mip =   2.575800000e+04 <=   2.729300000e+04   6.0% (61230; 1945)
+130412: mip =   2.575800000e+04 <=   2.729300000e+04   6.0% (61364; 1945)
+130803: mip =   2.575800000e+04 <=   2.729300000e+04   6.0% (61585; 1945)
+131090: mip =   2.575800000e+04 <=   2.729300000e+04   6.0% (61726; 1946)
+131601: mip =   2.575800000e+04 <=   2.729300000e+04   6.0% (61942; 1947)
+131877: mip =   2.575800000e+04 <=   2.729300000e+04   6.0% (62103; 1947)
+132279: mip =   2.575800000e+04 <=   2.729300000e+04   6.0% (62315; 1948)
+132677: mip =   2.575800000e+04 <=   2.729300000e+04   6.0% (62496; 1948)
+133109: mip =   2.575800000e+04 <=   2.729300000e+04   6.0% (62719; 1949)
+133507: mip =   2.575800000e+04 <=   2.729300000e+04   6.0% (62870; 1949)
Time used: 1920.4 secs.  Memory used: 42.6 Mb.
+133945: mip =   2.575800000e+04 <=   2.729300000e+04   6.0% (63052; 1950)
+134375: mip =   2.575800000e+04 <=   2.729300000e+04   6.0% (63235; 1950)
+134835: mip =   2.575800000e+04 <=   2.729300000e+04   6.0% (63479; 1951)
+135176: mip =   2.575800000e+04 <=   2.729300000e+04   6.0% (63655; 1951)
+135583: mip =   2.575800000e+04 <=   2.729300000e+04   6.0% (63843; 1952)
+136015: mip =   2.575800000e+04 <=   2.729300000e+04   6.0% (64048; 1952)
+136336: mip =   2.575800000e+04 <=   2.729300000e+04   6.0% (64186; 1953)
+136810: mip =   2.575800000e+04 <=   2.729300000e+04   6.0% (64407; 1954)
+137168: mip =   2.575800000e+04 <=   2.729300000e+04   6.0% (64559; 1954)
+137540: mip =   2.575800000e+04 <=   2.729200000e+04   6.0% (64743; 1955)
+137919: mip =   2.575800000e+04 <=   2.729200000e+04   6.0% (64919; 1955)
+138237: mip =   2.575800000e+04 <=   2.729200000e+04   6.0% (65071; 1956)
Time used: 1980.4 secs.  Memory used: 43.8 Mb.
+138641: mip =   2.575800000e+04 <=   2.729200000e+04   6.0% (65280; 1956)
+139087: mip =   2.575800000e+04 <=   2.729200000e+04   6.0% (65467; 1957)
+139483: mip =   2.575800000e+04 <=   2.729200000e+04   6.0% (65656; 1957)
+139816: mip =   2.575800000e+04 <=   2.729200000e+04   6.0% (65815; 1958)
+140210: mip =   2.575800000e+04 <=   2.729200000e+04   6.0% (66030; 1958)
+140533: mip =   2.575800000e+04 <=   2.729200000e+04   6.0% (66192; 1959)
+140970: mip =   2.575800000e+04 <=   2.729200000e+04   6.0% (66441; 1959)
+141312: mip =   2.575800000e+04 <=   2.729200000e+04   6.0% (66593; 1960)
+141691: mip =   2.575800000e+04 <=   2.729200000e+04   6.0% (66768; 1961)
+142127: mip =   2.575800000e+04 <=   2.729200000e+04   6.0% (66951; 1961)
+142497: mip =   2.575800000e+04 <=   2.729200000e+04   6.0% (67112; 1962)
Time used: 2040.4 secs.  Memory used: 44.9 Mb.
+142909: mip =   2.575800000e+04 <=   2.729200000e+04   6.0% (67328; 1962)
+143261: mip =   2.575800000e+04 <=   2.729200000e+04   6.0% (67485; 1963)
+143748: mip =   2.575800000e+04 <=   2.729200000e+04   6.0% (67708; 1964)
+144027: mip =   2.575800000e+04 <=   2.729200000e+04   6.0% (67854; 1964)
+144415: mip =   2.575800000e+04 <=   2.729200000e+04   6.0% (68022; 1965)
+144745: mip =   2.575800000e+04 <=   2.729200000e+04   6.0% (68185; 1965)
+145233: mip =   2.575800000e+04 <=   2.729200000e+04   6.0% (68413; 1966)
+145576: mip =   2.575800000e+04 <=   2.729200000e+04   6.0% (68558; 1966)
+145995: mip =   2.575800000e+04 <=   2.729200000e+04   6.0% (68766; 1966)
Solution found by heuristic: 25791
Solution found by heuristic: 25808
Solution found by heuristic: 25814
+146370: mip =   2.581400000e+04 <=   2.729200000e+04   5.7% (66855; 5650)
+146729: mip =   2.581400000e+04 <=   2.729200000e+04   5.7% (67046; 5650)
+147183: mip =   2.581400000e+04 <=   2.729200000e+04   5.7% (67274; 5651)
Time used: 2100.4 secs.  Memory used: 45.6 Mb.
+147598: mip =   2.581400000e+04 <=   2.729200000e+04   5.7% (67454; 5651)
+147989: mip =   2.581400000e+04 <=   2.729200000e+04   5.7% (67607; 5652)
+148403: mip =   2.581400000e+04 <=   2.729200000e+04   5.7% (67830; 5652)
+148774: mip =   2.581400000e+04 <=   2.729200000e+04   5.7% (67994; 5653)
+149158: mip =   2.581400000e+04 <=   2.729200000e+04   5.7% (68188; 5654)
+149570: mip =   2.581400000e+04 <=   2.729200000e+04   5.7% (68343; 5654)
+149984: mip =   2.581400000e+04 <=   2.729100000e+04   5.7% (68536; 5655)
+150431: mip =   2.581400000e+04 <=   2.729100000e+04   5.7% (68707; 5655)
+150831: mip =   2.581400000e+04 <=   2.729100000e+04   5.7% (68875; 5656)
+151189: mip =   2.581400000e+04 <=   2.729100000e+04   5.7% (69049; 5657)
+151492: mip =   2.581400000e+04 <=   2.729100000e+04   5.7% (69213; 5657)
+151946: mip =   2.581400000e+04 <=   2.729100000e+04   5.7% (69407; 5658)
Time used: 2160.5 secs.  Memory used: 45.9 Mb.
+152287: mip =   2.581400000e+04 <=   2.729100000e+04   5.7% (69579; 5658)
+152684: mip =   2.581400000e+04 <=   2.729100000e+04   5.7% (69776; 5659)
+153099: mip =   2.581400000e+04 <=   2.729100000e+04   5.7% (69965; 5659)
+153423: mip =   2.581400000e+04 <=   2.729100000e+04   5.7% (70130; 5660)
+153841: mip =   2.581400000e+04 <=   2.729100000e+04   5.7% (70301; 5661)
+154178: mip =   2.581400000e+04 <=   2.729100000e+04   5.7% (70441; 5661)
+154595: mip =   2.581400000e+04 <=   2.729000000e+04   5.7% (70641; 5662)
+154985: mip =   2.581400000e+04 <=   2.729000000e+04   5.7% (70812; 5662)
+155346: mip =   2.581400000e+04 <=   2.729000000e+04   5.7% (71005; 5663)
+155744: mip =   2.581400000e+04 <=   2.729000000e+04   5.7% (71189; 5663)
+156084: mip =   2.581400000e+04 <=   2.729000000e+04   5.7% (71335; 5664)
+156468: mip =   2.581400000e+04 <=   2.729000000e+04   5.7% (71495; 5665)
Time used: 2220.5 secs.  Memory used: 46.4 Mb.
+156865: mip =   2.581400000e+04 <=   2.729000000e+04   5.7% (71685; 5665)
+157190: mip =   2.581400000e+04 <=   2.729000000e+04   5.7% (71833; 5666)
+157672: mip =   2.581400000e+04 <=   2.729000000e+04   5.7% (72042; 5667)
+157981: mip =   2.581400000e+04 <=   2.729000000e+04   5.7% (72183; 5667)
+158366: mip =   2.581400000e+04 <=   2.729000000e+04   5.7% (72394; 5668)
+158763: mip =   2.581400000e+04 <=   2.729000000e+04   5.7% (72563; 5668)
+159172: mip =   2.581400000e+04 <=   2.729000000e+04   5.7% (72749; 5669)
+159590: mip =   2.581400000e+04 <=   2.729000000e+04   5.7% (72926; 5669)
+159941: mip =   2.581400000e+04 <=   2.729000000e+04   5.7% (73111; 5670)
+160358: mip =   2.581400000e+04 <=   2.729000000e+04   5.7% (73308; 5670)
+160720: mip =   2.581400000e+04 <=   2.729000000e+04   5.7% (73473; 5671)
+161189: mip =   2.581400000e+04 <=   2.729000000e+04   5.7% (73689; 5672)
Time used: 2280.5 secs.  Memory used: 47.0 Mb.
+161537: mip =   2.581400000e+04 <=   2.729000000e+04   5.7% (73838; 5672)
+161937: mip =   2.581400000e+04 <=   2.729000000e+04   5.7% (74049; 5673)
+162311: mip =   2.581400000e+04 <=   2.729000000e+04   5.7% (74201; 5673)
+162699: mip =   2.581400000e+04 <=   2.729000000e+04   5.7% (74388; 5674)
+163067: mip =   2.581400000e+04 <=   2.729000000e+04   5.7% (74539; 5674)
+163512: mip =   2.581400000e+04 <=   2.729000000e+04   5.7% (74744; 5675)
+163927: mip =   2.581400000e+04 <=   2.729000000e+04   5.7% (74926; 5675)
+164257: mip =   2.581400000e+04 <=   2.729000000e+04   5.7% (75086; 5676)
+164630: mip =   2.581400000e+04 <=   2.729000000e+04   5.7% (75267; 5676)
+164984: mip =   2.581400000e+04 <=   2.729000000e+04   5.7% (75431; 5677)
+165392: mip =   2.581400000e+04 <=   2.729000000e+04   5.7% (75629; 5678)
+165673: mip =   2.581400000e+04 <=   2.729000000e+04   5.7% (75773; 5678)
Time used: 2340.5 secs.  Memory used: 47.7 Mb.
+166040: mip =   2.581400000e+04 <=   2.729000000e+04   5.7% (75965; 5679)
+166345: mip =   2.581400000e+04 <=   2.729000000e+04   5.7% (76120; 5679)
+166729: mip =   2.581400000e+04 <=   2.729000000e+04   5.7% (76296; 5680)
+167095: mip =   2.581400000e+04 <=   2.729000000e+04   5.7% (76456; 5680)
+167478: mip =   2.581400000e+04 <=   2.729000000e+04   5.7% (76647; 5681)
+167806: mip =   2.581400000e+04 <=   2.729000000e+04   5.7% (76813; 5681)
+168177: mip =   2.581400000e+04 <=   2.729000000e+04   5.7% (76977; 5682)
+168557: mip =   2.581400000e+04 <=   2.729000000e+04   5.7% (77142; 5682)
+168920: mip =   2.581400000e+04 <=   2.729000000e+04   5.7% (77325; 5683)
+169356: mip =   2.581400000e+04 <=   2.729000000e+04   5.7% (77548; 5683)
+169725: mip =   2.581400000e+04 <=   2.729000000e+04   5.7% (77713; 5684)
+170183: mip =   2.581400000e+04 <=   2.728900000e+04   5.7% (77927; 5685)
Time used: 2400.5 secs.  Memory used: 48.5 Mb.
+170557: mip =   2.581400000e+04 <=   2.728900000e+04   5.7% (78085; 5685)
+170960: mip =   2.581400000e+04 <=   2.728900000e+04   5.7% (78275; 5686)
+171414: mip =   2.581400000e+04 <=   2.728900000e+04   5.7% (78501; 5687)
+171855: mip =   2.581400000e+04 <=   2.728900000e+04   5.7% (78671; 5687)
+172243: mip =   2.581400000e+04 <=   2.728900000e+04   5.7% (78867; 5688)
+172616: mip =   2.581400000e+04 <=   2.728900000e+04   5.7% (79023; 5688)
+172974: mip =   2.581400000e+04 <=   2.728900000e+04   5.7% (79209; 5689)
+173315: mip =   2.581400000e+04 <=   2.728900000e+04   5.7% (79374; 5689)
+173718: mip =   2.581400000e+04 <=   2.728900000e+04   5.7% (79571; 5690)
+174114: mip =   2.581400000e+04 <=   2.728900000e+04   5.7% (79741; 5691)
+174450: mip =   2.581400000e+04 <=   2.728900000e+04   5.7% (79889; 5691)
+174803: mip =   2.581400000e+04 <=   2.728900000e+04   5.7% (80079; 5692)
Time used: 2460.5 secs.  Memory used: 49.3 Mb.
+175179: mip =   2.581400000e+04 <=   2.728900000e+04   5.7% (80246; 5692)
+175589: mip =   2.581400000e+04 <=   2.728900000e+04   5.7% (80437; 5693)
+175999: mip =   2.581400000e+04 <=   2.728900000e+04   5.7% (80650; 5693)
+176374: mip =   2.581400000e+04 <=   2.728900000e+04   5.7% (80814; 5694)
+176747: mip =   2.581400000e+04 <=   2.728900000e+04   5.7% (81028; 5694)
+177141: mip =   2.581400000e+04 <=   2.728900000e+04   5.7% (81195; 5695)
+177544: mip =   2.581400000e+04 <=   2.728900000e+04   5.7% (81384; 5696)
+177983: mip =   2.581400000e+04 <=   2.728900000e+04   5.7% (81558; 5696)
+178329: mip =   2.581400000e+04 <=   2.728900000e+04   5.7% (81717; 5697)
+178810: mip =   2.581400000e+04 <=   2.728900000e+04   5.7% (81947; 5697)
+179150: mip =   2.581400000e+04 <=   2.728900000e+04   5.7% (82099; 5698)
+179584: mip =   2.581400000e+04 <=   2.728900000e+04   5.7% (82294; 5699)
Time used: 2520.6 secs.  Memory used: 52.9 Mb.
+179874: mip =   2.581400000e+04 <=   2.728900000e+04   5.7% (82442; 5699)
+180295: mip =   2.581400000e+04 <=   2.728900000e+04   5.7% (82601; 5700)
+180750: mip =   2.581400000e+04 <=   2.728900000e+04   5.7% (82760; 5700)
+181123: mip =   2.581400000e+04 <=   2.728900000e+04   5.7% (82964; 5701)
+181464: mip =   2.581400000e+04 <=   2.728900000e+04   5.7% (83120; 5701)
+181956: mip =   2.581400000e+04 <=   2.728900000e+04   5.7% (83356; 5702)
+182321: mip =   2.581400000e+04 <=   2.728900000e+04   5.7% (83498; 5702)
+182668: mip =   2.581400000e+04 <=   2.728900000e+04   5.7% (83680; 5703)
+182978: mip =   2.581400000e+04 <=   2.728900000e+04   5.7% (83825; 5703)
+183301: mip =   2.581400000e+04 <=   2.728900000e+04   5.7% (84014; 5704)
+183657: mip =   2.581400000e+04 <=   2.728900000e+04   5.7% (84155; 5704)
+184050: mip =   2.581400000e+04 <=   2.728900000e+04   5.7% (84333; 5705)
Time used: 2580.6 secs.  Memory used: 54.0 Mb.
+184364: mip =   2.581400000e+04 <=   2.728900000e+04   5.7% (84497; 5705)
+184780: mip =   2.581400000e+04 <=   2.728800000e+04   5.7% (84713; 5706)
+185089: mip =   2.581400000e+04 <=   2.728800000e+04   5.7% (84881; 5706)
+185452: mip =   2.581400000e+04 <=   2.728800000e+04   5.7% (85055; 5707)
+185868: mip =   2.581400000e+04 <=   2.728800000e+04   5.7% (85232; 5707)
+186190: mip =   2.581400000e+04 <=   2.728800000e+04   5.7% (85383; 5708)
+186658: mip =   2.581400000e+04 <=   2.728800000e+04   5.7% (85621; 5709)
+186959: mip =   2.581400000e+04 <=   2.728800000e+04   5.7% (85759; 5709)
+187299: mip =   2.581400000e+04 <=   2.728800000e+04   5.7% (85960; 5709)
+187567: mip =   2.581400000e+04 <=   2.728800000e+04   5.7% (86103; 5710)
+187990: mip =   2.581400000e+04 <=   2.728800000e+04   5.7% (86286; 5711)
+188272: mip =   2.581400000e+04 <=   2.728800000e+04   5.7% (86433; 5711)
Time used: 2640.6 secs.  Memory used: 55.0 Mb.
+188639: mip =   2.581400000e+04 <=   2.728800000e+04   5.7% (86597; 5712)
+188856: mip =   2.581400000e+04 <=   2.728800000e+04   5.7% (86699; 5712)
+189255: mip =   2.581400000e+04 <=   2.728800000e+04   5.7% (86864; 5713)
+189571: mip =   2.581400000e+04 <=   2.728800000e+04   5.7% (87002; 5713)
+189968: mip =   2.581400000e+04 <=   2.728800000e+04   5.7% (87210; 5714)
+190288: mip =   2.581400000e+04 <=   2.728800000e+04   5.7% (87344; 5714)
+190656: mip =   2.581400000e+04 <=   2.728800000e+04   5.7% (87534; 5715)
+190988: mip =   2.581400000e+04 <=   2.728800000e+04   5.7% (87665; 5715)
+191362: mip =   2.581400000e+04 <=   2.728800000e+04   5.7% (87840; 5715)
+191645: mip =   2.581400000e+04 <=   2.728800000e+04   5.7% (87998; 5716)
+191921: mip =   2.581400000e+04 <=   2.728800000e+04   5.7% (88137; 5716)
+192188: mip =   2.581400000e+04 <=   2.728800000e+04   5.7% (88276; 5717)
Time used: 2700.6 secs.  Memory used: 55.9 Mb.
+192482: mip =   2.581400000e+04 <=   2.728800000e+04   5.7% (88410; 5717)
+192903: mip =   2.581400000e+04 <=   2.728800000e+04   5.7% (88617; 5717)
+193133: mip =   2.581400000e+04 <=   2.728800000e+04   5.7% (88712; 5718)
+193450: mip =   2.581400000e+04 <=   2.728800000e+04   5.7% (88864; 5718)
+193694: mip =   2.581400000e+04 <=   2.728800000e+04   5.7% (88979; 5719)
+194059: mip =   2.581400000e+04 <=   2.728800000e+04   5.7% (89125; 5719)
+194305: mip =   2.581400000e+04 <=   2.728800000e+04   5.7% (89259; 5720)
+194585: mip =   2.581400000e+04 <=   2.728800000e+04   5.7% (89361; 5720)
+194971: mip =   2.581400000e+04 <=   2.728800000e+04   5.7% (89562; 5720)
+195238: mip =   2.581400000e+04 <=   2.728800000e+04   5.7% (89697; 5721)
+195575: mip =   2.581400000e+04 <=   2.728800000e+04   5.7% (89884; 5721)
+195853: mip =   2.581400000e+04 <=   2.728800000e+04   5.7% (90029; 5722)
Time used: 2760.6 secs.  Memory used: 56.8 Mb.
+196201: mip =   2.581400000e+04 <=   2.728800000e+04   5.7% (90205; 5722)
+196524: mip =   2.581400000e+04 <=   2.728800000e+04   5.7% (90362; 5723)
+196961: mip =   2.581400000e+04 <=   2.728800000e+04   5.7% (90529; 5723)
+197206: mip =   2.581400000e+04 <=   2.728800000e+04   5.7% (90654; 5724)
+197586: mip =   2.581400000e+04 <=   2.728800000e+04   5.7% (90814; 5725)
+197840: mip =   2.581400000e+04 <=   2.728800000e+04   5.7% (90938; 5725)
+198257: mip =   2.581400000e+04 <=   2.728800000e+04   5.7% (91111; 5726)
+198499: mip =   2.581400000e+04 <=   2.728800000e+04   5.7% (91245; 5726)
+198868: mip =   2.581400000e+04 <=   2.728800000e+04   5.7% (91433; 5727)
+199166: mip =   2.581400000e+04 <=   2.728800000e+04   5.7% (91572; 5727)
+199525: mip =   2.581400000e+04 <=   2.728800000e+04   5.7% (91769; 5727)
+199797: mip =   2.581400000e+04 <=   2.728800000e+04   5.7% (91892; 5728)
Time used: 2820.6 secs.  Memory used: 57.6 Mb.
+200179: mip =   2.581400000e+04 <=   2.728800000e+04   5.7% (92060; 5728)
+200455: mip =   2.581400000e+04 <=   2.728800000e+04   5.7% (92194; 5729)
+200828: mip =   2.581400000e+04 <=   2.728800000e+04   5.7% (92372; 5729)
+201076: mip =   2.581400000e+04 <=   2.728800000e+04   5.7% (92496; 5730)
+201459: mip =   2.581400000e+04 <=   2.728700000e+04   5.7% (92678; 5731)
+201711: mip =   2.581400000e+04 <=   2.728700000e+04   5.7% (92807; 5731)
+202113: mip =   2.581400000e+04 <=   2.728700000e+04   5.7% (93006; 5732)
+202332: mip =   2.581400000e+04 <=   2.728700000e+04   5.7% (93125; 5732)
+202702: mip =   2.581400000e+04 <=   2.728700000e+04   5.7% (93315; 5732)
+203120: mip =   2.581400000e+04 <=   2.728700000e+04   5.7% (93515; 5733)
+203431: mip =   2.581400000e+04 <=   2.728700000e+04   5.7% (93670; 5733)
+203832: mip =   2.581400000e+04 <=   2.728700000e+04   5.7% (93891; 5734)
Time used: 2880.7 secs.  Memory used: 58.6 Mb.
+204199: mip =   2.581400000e+04 <=   2.728700000e+04   5.7% (94024; 5734)
+204533: mip =   2.581400000e+04 <=   2.728700000e+04   5.7% (94207; 5735)
+204857: mip =   2.581400000e+04 <=   2.728700000e+04   5.7% (94372; 5735)
+205266: mip =   2.581400000e+04 <=   2.728700000e+04   5.7% (94554; 5736)
+205672: mip =   2.581400000e+04 <=   2.728700000e+04   5.7% (94724; 5736)
+206001: mip =   2.581400000e+04 <=   2.728700000e+04   5.7% (94879; 5737)
+206363: mip =   2.581400000e+04 <=   2.728700000e+04   5.7% (95068; 5737)
+206702: mip =   2.581400000e+04 <=   2.728700000e+04   5.7% (95250; 5738)
+207066: mip =   2.581400000e+04 <=   2.728700000e+04   5.7% (95421; 5738)
+207401: mip =   2.581400000e+04 <=   2.728700000e+04   5.7% (95550; 5739)
+207778: mip =   2.581400000e+04 <=   2.728700000e+04   5.7% (95756; 5739)
+208106: mip =   2.581400000e+04 <=   2.728700000e+04   5.7% (95884; 5740)
Time used: 2940.7 secs.  Memory used: 59.6 Mb.
+208461: mip =   2.581400000e+04 <=   2.728700000e+04   5.7% (96029; 5741)
+208772: mip =   2.581400000e+04 <=   2.728700000e+04   5.7% (96158; 5741)
+209166: mip =   2.581400000e+04 <=   2.728700000e+04   5.7% (96319; 5742)
+209492: mip =   2.581400000e+04 <=   2.728700000e+04   5.7% (96457; 5742)
+209876: mip =   2.581400000e+04 <=   2.728700000e+04   5.7% (96639; 5743)
+210149: mip =   2.581400000e+04 <=   2.728700000e+04   5.7% (96769; 5743)
+210502: mip =   2.581400000e+04 <=   2.728700000e+04   5.7% (96961; 5744)
+210816: mip =   2.581400000e+04 <=   2.728700000e+04   5.7% (97098; 5744)
+211168: mip =   2.581400000e+04 <=   2.728700000e+04   5.7% (97299; 5745)
+211495: mip =   2.581400000e+04 <=   2.728700000e+04   5.7% (97438; 5745)
+211881: mip =   2.581400000e+04 <=   2.728700000e+04   5.7% (97650; 5746)
+212166: mip =   2.581400000e+04 <=   2.728700000e+04   5.7% (97777; 5746)
Time used: 3000.7 secs.  Memory used: 60.6 Mb.
+212581: mip =   2.581400000e+04 <=   2.728700000e+04   5.7% (97981; 5747)
+212704: mip =   2.581400000e+04 <=   2.728700000e+04   5.7% (98051; 5747)
+212925: mip =   2.581400000e+04 <=   2.728700000e+04   5.7% (98127; 5747)
+213193: mip =   2.581400000e+04 <=   2.728700000e+04   5.7% (98293; 5747)
+213449: mip =   2.581400000e+04 <=   2.728700000e+04   5.7% (98414; 5748)
+213828: mip =   2.581400000e+04 <=   2.728700000e+04   5.7% (98593; 5749)
+214150: mip =   2.581400000e+04 <=   2.728700000e+04   5.7% (98718; 5749)
+214584: mip =   2.581400000e+04 <=   2.728700000e+04   5.7% (98900; 5750)
+214802: mip =   2.581400000e+04 <=   2.728700000e+04   5.7% (99030; 5750)
+215097: mip =   2.581400000e+04 <=   2.728700000e+04   5.7% (99179; 5750)
+215475: mip =   2.581400000e+04 <=   2.728700000e+04   5.7% (99365; 5751)
+215878: mip =   2.581400000e+04 <=   2.728700000e+04   5.7% (99565; 5751)
Time used: 3060.7 secs.  Memory used: 61.4 Mb.
+216263: mip =   2.581400000e+04 <=   2.728600000e+04   5.7% (99748; 5752)
+216758: mip =   2.581400000e+04 <=   2.728600000e+04   5.7% (99932; 5752)
+217052: mip =   2.581400000e+04 <=   2.728600000e+04   5.7% (100069; 5753)
+217505: mip =   2.581400000e+04 <=   2.728600000e+04   5.7% (100301; 5754)
+217806: mip =   2.581400000e+04 <=   2.728600000e+04   5.7% (100453; 5754)
+218263: mip =   2.581400000e+04 <=   2.728600000e+04   5.7% (100640; 5755)
+218581: mip =   2.581400000e+04 <=   2.728600000e+04   5.7% (100808; 5755)
+219004: mip =   2.581400000e+04 <=   2.728600000e+04   5.7% (101023; 5756)
+219311: mip =   2.581400000e+04 <=   2.728600000e+04   5.7% (101163; 5756)
+219625: mip =   2.581400000e+04 <=   2.728600000e+04   5.7% (101315; 5757)
+220083: mip =   2.581400000e+04 <=   2.728600000e+04   5.7% (101553; 5757)
Time used: 3120.7 secs.  Memory used: 62.5 Mb.
+220375: mip =   2.581400000e+04 <=   2.728600000e+04   5.7% (101689; 5758)
+220813: mip =   2.581400000e+04 <=   2.728600000e+04   5.7% (101891; 5759)
+221157: mip =   2.581400000e+04 <=   2.728600000e+04   5.7% (102035; 5759)
+221508: mip =   2.581400000e+04 <=   2.728600000e+04   5.7% (102226; 5760)
+221898: mip =   2.581400000e+04 <=   2.728600000e+04   5.7% (102382; 5760)
+222298: mip =   2.581400000e+04 <=   2.728600000e+04   5.7% (102608; 5761)
+222675: mip =   2.581400000e+04 <=   2.728600000e+04   5.7% (102770; 5761)
+223036: mip =   2.581400000e+04 <=   2.728600000e+04   5.7% (102929; 5762)
+223463: mip =   2.581400000e+04 <=   2.728600000e+04   5.7% (103149; 5762)
+223736: mip =   2.581400000e+04 <=   2.728600000e+04   5.7% (103277; 5763)
+224093: mip =   2.581400000e+04 <=   2.728600000e+04   5.7% (103477; 5763)
+224425: mip =   2.581400000e+04 <=   2.728600000e+04   5.7% (103630; 5764)
Time used: 3180.7 secs.  Memory used: 63.6 Mb.
+224745: mip =   2.581400000e+04 <=   2.728600000e+04   5.7% (103779; 5764)
+225083: mip =   2.581400000e+04 <=   2.728600000e+04   5.7% (103944; 5765)
+225501: mip =   2.581400000e+04 <=   2.728600000e+04   5.7% (104116; 5765)
+225920: mip =   2.581400000e+04 <=   2.728600000e+04   5.7% (104300; 5766)
+226301: mip =   2.581400000e+04 <=   2.728600000e+04   5.7% (104474; 5766)
+226625: mip =   2.581400000e+04 <=   2.728600000e+04   5.7% (104642; 5767)
+227043: mip =   2.581400000e+04 <=   2.728600000e+04   5.7% (104843; 5767)
+227345: mip =   2.581400000e+04 <=   2.728600000e+04   5.7% (104989; 5768)
+227755: mip =   2.581400000e+04 <=   2.728600000e+04   5.7% (105183; 5769)
+228142: mip =   2.581400000e+04 <=   2.728600000e+04   5.7% (105335; 5769)
+228552: mip =   2.581400000e+04 <=   2.728600000e+04   5.7% (105540; 5770)
+228853: mip =   2.581400000e+04 <=   2.728600000e+04   5.7% (105685; 5770)
Time used: 3240.8 secs.  Memory used: 64.7 Mb.
+229242: mip =   2.581400000e+04 <=   2.728600000e+04   5.7% (105855; 5771)
+229561: mip =   2.581400000e+04 <=   2.728600000e+04   5.7% (106004; 5771)
+229944: mip =   2.581400000e+04 <=   2.728600000e+04   5.7% (106213; 5772)
+230273: mip =   2.581400000e+04 <=   2.728600000e+04   5.7% (106390; 5772)
+230661: mip =   2.581400000e+04 <=   2.728500000e+04   5.7% (106557; 5773)
+231166: mip =   2.581400000e+04 <=   2.728500000e+04   5.7% (106755; 5774)
+231451: mip =   2.581400000e+04 <=   2.728500000e+04   5.7% (106885; 5774)
+231746: mip =   2.581400000e+04 <=   2.728500000e+04   5.7% (107024; 5775)
+232075: mip =   2.581400000e+04 <=   2.728500000e+04   5.7% (107195; 5775)
+232471: mip =   2.581400000e+04 <=   2.728500000e+04   5.7% (107384; 5776)
+232790: mip =   2.581400000e+04 <=   2.728500000e+04   5.7% (107528; 5776)
+233163: mip =   2.581400000e+04 <=   2.728500000e+04   5.7% (107721; 5777)
Time used: 3300.8 secs.  Memory used: 65.6 Mb.
+233459: mip =   2.581400000e+04 <=   2.728500000e+04   5.7% (107855; 5777)
+233860: mip =   2.581400000e+04 <=   2.728500000e+04   5.7% (108081; 5778)
+234250: mip =   2.581400000e+04 <=   2.728500000e+04   5.7% (108235; 5778)
+234650: mip =   2.581400000e+04 <=   2.728500000e+04   5.7% (108430; 5779)
+235059: mip =   2.581400000e+04 <=   2.728500000e+04   5.7% (108601; 5779)
+235435: mip =   2.581400000e+04 <=   2.728500000e+04   5.7% (108763; 5780)
+235870: mip =   2.581400000e+04 <=   2.728500000e+04   5.7% (108954; 5781)
+236185: mip =   2.581400000e+04 <=   2.728500000e+04   5.7% (109111; 5781)
+236618: mip =   2.581400000e+04 <=   2.728500000e+04   5.7% (109363; 5782)
+236900: mip =   2.581400000e+04 <=   2.728500000e+04   5.7% (109502; 5782)
+237231: mip =   2.581400000e+04 <=   2.728500000e+04   5.7% (109661; 5783)
+237690: mip =   2.581400000e+04 <=   2.728500000e+04   5.7% (109844; 5784)
Time used: 3360.8 secs.  Memory used: 66.7 Mb.
+238020: mip =   2.581400000e+04 <=   2.728500000e+04   5.7% (109993; 5784)
+238407: mip =   2.581400000e+04 <=   2.728500000e+04   5.7% (110203; 5785)
+238755: mip =   2.581400000e+04 <=   2.728500000e+04   5.7% (110369; 5785)
+239123: mip =   2.581400000e+04 <=   2.728500000e+04   5.7% (110538; 5786)
+239498: mip =   2.581400000e+04 <=   2.728500000e+04   5.7% (110716; 5786)
+239868: mip =   2.581400000e+04 <=   2.728500000e+04   5.7% (110907; 5787)
+240250: mip =   2.581400000e+04 <=   2.728500000e+04   5.7% (111067; 5787)
+240611: mip =   2.581400000e+04 <=   2.728400000e+04   5.7% (111247; 5788)
+240954: mip =   2.581400000e+04 <=   2.728400000e+04   5.7% (111411; 5788)
+241270: mip =   2.581400000e+04 <=   2.728400000e+04   5.7% (111581; 5789)
+241727: mip =   2.581400000e+04 <=   2.728400000e+04   5.7% (111770; 5790)
+242041: mip =   2.581400000e+04 <=   2.728400000e+04   5.7% (111919; 5790)
Time used: 3420.8 secs.  Memory used: 67.8 Mb.
+242495: mip =   2.581400000e+04 <=   2.728400000e+04   5.7% (112104; 5791)
+242942: mip =   2.581400000e+04 <=   2.728400000e+04   5.7% (112291; 5791)
+243221: mip =   2.581400000e+04 <=   2.728400000e+04   5.7% (112433; 5792)
+243667: mip =   2.581400000e+04 <=   2.728400000e+04   5.7% (112642; 5793)
+244012: mip =   2.581400000e+04 <=   2.728400000e+04   5.7% (112795; 5793)
+244429: mip =   2.581400000e+04 <=   2.728400000e+04   5.7% (112979; 5794)
+244789: mip =   2.581400000e+04 <=   2.728400000e+04   5.7% (113142; 5794)
+245077: mip =   2.581400000e+04 <=   2.728400000e+04   5.7% (113286; 5795)
+245450: mip =   2.581400000e+04 <=   2.728400000e+04   5.7% (113460; 5796)
+245801: mip =   2.581400000e+04 <=   2.728400000e+04   5.7% (113613; 5796)
+246264: mip =   2.581400000e+04 <=   2.728400000e+04   5.7% (113840; 5797)
+246592: mip =   2.581400000e+04 <=   2.728400000e+04   5.7% (113997; 5797)
Time used: 3480.8 secs.  Memory used: 68.9 Mb.
+246975: mip =   2.581400000e+04 <=   2.728400000e+04   5.7% (114206; 5798)
+247293: mip =   2.581400000e+04 <=   2.728400000e+04   5.7% (114369; 5798)
+247705: mip =   2.581400000e+04 <=   2.728400000e+04   5.7% (114563; 5799)
+248057: mip =   2.581400000e+04 <=   2.728400000e+04   5.7% (114740; 5799)
+248468: mip =   2.581400000e+04 <=   2.728400000e+04   5.7% (114924; 5800)
+248877: mip =   2.581400000e+04 <=   2.728400000e+04   5.7% (115113; 5800)
+249308: mip =   2.581400000e+04 <=   2.728400000e+04   5.7% (115331; 5801)
+249656: mip =   2.581400000e+04 <=   2.728400000e+04   5.7% (115494; 5801)
+250028: mip =   2.581400000e+04 <=   2.728400000e+04   5.7% (115663; 5802)
+250416: mip =   2.581400000e+04 <=   2.728400000e+04   5.7% (115835; 5803)
+250754: mip =   2.581400000e+04 <=   2.728400000e+04   5.7% (115990; 5803)
+251127: mip =   2.581400000e+04 <=   2.728400000e+04   5.7% (116182; 5804)
Time used: 3540.8 secs.  Memory used: 69.9 Mb.
+251475: mip =   2.581400000e+04 <=   2.728400000e+04   5.7% (116330; 5804)
+251898: mip =   2.581400000e+04 <=   2.728400000e+04   5.7% (116552; 5805)
+252223: mip =   2.581400000e+04 <=   2.728400000e+04   5.7% (116719; 5805)
+252603: mip =   2.581400000e+04 <=   2.728400000e+04   5.7% (116918; 5806)
+252997: mip =   2.581400000e+04 <=   2.728400000e+04   5.7% (117083; 5806)
+253331: mip =   2.581400000e+04 <=   2.728400000e+04   5.7% (117266; 5807)
+253757: mip =   2.581400000e+04 <=   2.728400000e+04   5.7% (117446; 5807)
+254182: mip =   2.581400000e+04 <=   2.728400000e+04   5.7% (117663; 5808)
+254538: mip =   2.581400000e+04 <=   2.728400000e+04   5.7% (117823; 5808)
+254960: mip =   2.581400000e+04 <=   2.728400000e+04   5.7% (118036; 5809)
+255312: mip =   2.581400000e+04 <=   2.728400000e+04   5.7% (118193; 5809)
+255869: mip =   2.581400000e+04 <=   2.728400000e+04   5.7% (118480; 5810)
+255946: mip =   2.581400000e+04 <=   2.728400000e+04   5.7% (118518; 5810)
TIME LIMIT EXCEEDED; SEARCH TERMINATED
Time used:   3600.3 secs
Memory used: 72.4 Mb (75936078 bytes)
Writing MIP solution to `U100_SOL.sol'...
