GLPSOL: GLPK LP/MIP Solver, v4.52
Parameter(s) specified in the command line:
 --math math_model.mod -d U2_GLPK.dat -o U2_SOL.sol --log U2_LOG.log --tmlim
 3600
Reading model section from math_model.mod...
40 lines were read
Reading data section from U2_GLPK.dat...
1010 lines were read
Generating profit...
Generating CAP...
Model has been successfully generated
GLPK Integer Optimizer, v4.52
1011 rows, 1000 columns, 7610 non-zeros
1000 integer variables, all of which are binary
Preprocessing...
9 hidden covering inequaliti(es) were detected
343 constraint coefficient(s) were reduced
114 rows, 408 columns, 1143 non-zeros
408 integer variables, all of which are binary
Scaling...
 A: min|aij| =  1.000e+00  max|aij| =  1.000e+02  ratio =  1.000e+02
GM: min|aij| =  5.882e-01  max|aij| =  1.700e+00  ratio =  2.891e+00
EQ: min|aij| =  3.730e-01  max|aij| =  1.000e+00  ratio =  2.681e+00
2N: min|aij| =  2.500e-01  max|aij| =  1.625e+00  ratio =  6.500e+00
Constructing initial basis...
Size of triangular part is 114
Solving LP relaxation...
GLPK Simplex Optimizer, v4.52
114 rows, 408 columns, 1143 non-zeros
*     0: obj =   2.974000000e+04  infeas =  0.000e+00 (0)
*   392: obj =   4.907305356e+04  infeas =  0.000e+00 (0)
OPTIMAL LP SOLUTION FOUND
Integer optimization begins...
+   392: mip =     not found yet <=              +inf        (1; 0)
Solution found by heuristic: 48256
Solution found by heuristic: 48333
Solution found by heuristic: 48373
Solution found by heuristic: 48375
Solution found by heuristic: 48446
Solution found by heuristic: 48498
+  3931: >>>>>   4.850000000e+04 <=   4.901900000e+04   1.1% (2514; 531)
Solution found by heuristic: 48518
+  8004: >>>>>   4.852000000e+04 <=   4.901000000e+04   1.0% (5363; 1076)
Solution found by heuristic: 48525
+  8907: >>>>>   4.852700000e+04 <=   4.900900000e+04   1.0% (5822; 1497)
Solution found by heuristic: 48532
+  9088: >>>>>   4.853400000e+04 <=   4.900900000e+04   1.0% (5889; 1619)
+ 25617: mip =   4.853400000e+04 <=   4.899900000e+04   1.0% (18028; 1992)
+ 41100: mip =   4.853400000e+04 <=   4.899500000e+04   0.9% (29372; 2181)
Solution found by heuristic: 48536
+ 41470: >>>>>   4.853800000e+04 <=   4.899400000e+04   0.9% (29628; 2185)
+ 55946: mip =   4.853800000e+04 <=   4.899100000e+04   0.9% (39932; 2887)
+ 69729: mip =   4.853800000e+04 <=   4.898800000e+04   0.9% (50055; 3060)
Solution found by heuristic: 48543
+ 80496: >>>>>   4.854500000e+04 <=   4.898600000e+04   0.9% (57934; 3196)
Solution found by heuristic: 48554
+ 86429: >>>>>   4.855600000e+04 <=   4.898500000e+04   0.9% (61357; 4894)
+ 98723: mip =   4.855600000e+04 <=   4.898400000e+04   0.9% (68721; 8009)
+110618: mip =   4.855600000e+04 <=   4.898200000e+04   0.9% (77419; 8168)
+121910: mip =   4.855600000e+04 <=   4.898100000e+04   0.9% (85665; 8322)
+132797: mip =   4.855600000e+04 <=   4.898000000e+04   0.9% (93574; 8471)
+143510: mip =   4.855600000e+04 <=   4.897900000e+04   0.9% (101318; 8617)
+153773: mip =   4.855600000e+04 <=   4.897800000e+04   0.9% (108783; 8757)
Time used: 60.0 secs.  Memory used: 71.4 Mb.
Solution found by heuristic: 48561
+159447: >>>>>   4.856300000e+04 <=   4.897700000e+04   0.9% (112852; 8833)
+169139: mip =   4.856300000e+04 <=   4.897700000e+04   0.9% (117843; 12799)
+178611: mip =   4.856300000e+04 <=   4.897600000e+04   0.9% (124667; 12932)
+187940: mip =   4.856300000e+04 <=   4.897500000e+04   0.8% (131396; 13061)
+197088: mip =   4.856300000e+04 <=   4.897500000e+04   0.8% (138076; 13191)
+205923: mip =   4.856300000e+04 <=   4.897400000e+04   0.8% (144397; 13316)
+214660: mip =   4.856300000e+04 <=   4.897400000e+04   0.8% (150770; 13440)
+223142: mip =   4.856300000e+04 <=   4.897300000e+04   0.8% (156817; 13557)
+231557: mip =   4.856300000e+04 <=   4.897300000e+04   0.8% (162947; 13676)
+239488: mip =   4.856300000e+04 <=   4.897300000e+04   0.8% (168647; 13790)
+247373: mip =   4.856300000e+04 <=   4.897200000e+04   0.8% (174393; 13902)
Solution found by heuristic: 48582
+253679: >>>>>   4.858400000e+04 <=   4.897200000e+04   0.8% (178980; 13990)
Time used: 120.0 secs.  Memory used: 118.8 Mb.
+260879: mip =   4.858400000e+04 <=   4.897200000e+04   0.8% (173174; 33791)
+268249: mip =   4.858400000e+04 <=   4.897100000e+04   0.8% (178371; 33901)
+275496: mip =   4.858400000e+04 <=   4.897100000e+04   0.8% (183597; 34011)
+282455: mip =   4.858400000e+04 <=   4.897100000e+04   0.8% (188568; 34119)
+289555: mip =   4.858400000e+04 <=   4.897000000e+04   0.8% (193683; 34226)
+296769: mip =   4.858400000e+04 <=   4.897000000e+04   0.8% (198832; 34335)
+303748: mip =   4.858400000e+04 <=   4.897000000e+04   0.8% (203825; 34440)
+310565: mip =   4.858400000e+04 <=   4.897000000e+04   0.8% (208583; 34544)
+317381: mip =   4.858400000e+04 <=   4.896900000e+04   0.8% (213435; 34647)
+323993: mip =   4.858400000e+04 <=   4.896900000e+04   0.8% (218166; 34749)
+330501: mip =   4.858400000e+04 <=   4.896900000e+04   0.8% (222866; 34850)
+336904: mip =   4.858400000e+04 <=   4.896900000e+04   0.8% (227409; 34949)
Time used: 180.0 secs.  Memory used: 144.1 Mb.
+343365: mip =   4.858400000e+04 <=   4.896800000e+04   0.8% (232049; 35047)
+349689: mip =   4.858400000e+04 <=   4.896800000e+04   0.8% (236567; 35145)
+355853: mip =   4.858400000e+04 <=   4.896800000e+04   0.8% (240997; 35240)
+361945: mip =   4.858400000e+04 <=   4.896800000e+04   0.8% (245289; 35333)
+367989: mip =   4.858400000e+04 <=   4.896800000e+04   0.8% (249510; 35425)
+374044: mip =   4.858400000e+04 <=   4.896700000e+04   0.8% (253823; 35518)
+380030: mip =   4.858400000e+04 <=   4.896700000e+04   0.8% (258126; 35610)
+385867: mip =   4.858400000e+04 <=   4.896700000e+04   0.8% (262333; 35701)
+391605: mip =   4.858400000e+04 <=   4.896700000e+04   0.8% (266434; 35790)
+397299: mip =   4.858400000e+04 <=   4.896700000e+04   0.8% (270452; 35879)
+403038: mip =   4.858400000e+04 <=   4.896700000e+04   0.8% (274431; 35966)
+408795: mip =   4.858400000e+04 <=   4.896600000e+04   0.8% (278614; 36056)
Time used: 240.0 secs.  Memory used: 177.1 Mb.
+414448: mip =   4.858400000e+04 <=   4.896600000e+04   0.8% (282647; 36144)
+419996: mip =   4.858400000e+04 <=   4.896600000e+04   0.8% (286582; 36230)
+425396: mip =   4.858400000e+04 <=   4.896600000e+04   0.8% (290497; 36314)
+430812: mip =   4.858400000e+04 <=   4.896600000e+04   0.8% (294340; 36398)
+436134: mip =   4.858400000e+04 <=   4.896600000e+04   0.8% (298092; 36481)
+441448: mip =   4.858400000e+04 <=   4.896500000e+04   0.8% (301849; 36562)
+446732: mip =   4.858400000e+04 <=   4.896500000e+04   0.8% (305708; 36646)
+452050: mip =   4.858400000e+04 <=   4.896500000e+04   0.8% (309498; 36728)
+457268: mip =   4.858400000e+04 <=   4.896500000e+04   0.8% (313243; 36808)
+462396: mip =   4.858400000e+04 <=   4.896500000e+04   0.8% (316899; 36887)
+467396: mip =   4.858400000e+04 <=   4.896500000e+04   0.8% (320457; 36966)
+472404: mip =   4.858400000e+04 <=   4.896500000e+04   0.8% (323996; 37043)
Time used: 300.0 secs.  Memory used: 216.4 Mb.
+477362: mip =   4.858400000e+04 <=   4.896500000e+04   0.8% (327452; 37120)
+482427: mip =   4.858400000e+04 <=   4.896400000e+04   0.8% (331049; 37197)
+487404: mip =   4.858400000e+04 <=   4.896400000e+04   0.8% (334690; 37276)
+492387: mip =   4.858400000e+04 <=   4.896400000e+04   0.8% (338216; 37353)
+497261: mip =   4.858400000e+04 <=   4.896400000e+04   0.8% (341650; 37429)
+502135: mip =   4.858400000e+04 <=   4.896400000e+04   0.8% (345121; 37504)
+506780: mip =   4.858400000e+04 <=   4.896400000e+04   0.8% (348454; 37578)
+511508: mip =   4.858400000e+04 <=   4.896400000e+04   0.8% (351796; 37651)
+516090: mip =   4.858400000e+04 <=   4.896400000e+04   0.8% (355024; 37724)
+520763: mip =   4.858400000e+04 <=   4.896400000e+04   0.8% (358284; 37796)
+525465: mip =   4.858400000e+04 <=   4.896300000e+04   0.8% (361592; 37868)
+530090: mip =   4.858400000e+04 <=   4.896300000e+04   0.8% (364931; 37942)
Time used: 360.0 secs.  Memory used: 242.9 Mb.
+534673: mip =   4.858400000e+04 <=   4.896300000e+04   0.8% (368262; 38015)
+539257: mip =   4.858400000e+04 <=   4.896300000e+04   0.8% (371480; 38087)
+543772: mip =   4.858400000e+04 <=   4.896300000e+04   0.8% (374707; 38157)
+548399: mip =   4.858400000e+04 <=   4.896300000e+04   0.8% (377997; 38226)
+552688: mip =   4.858400000e+04 <=   4.896300000e+04   0.8% (381096; 38294)
+556975: mip =   4.858400000e+04 <=   4.896300000e+04   0.8% (384116; 38363)
+561321: mip =   4.858400000e+04 <=   4.896300000e+04   0.8% (387120; 38431)
+565675: mip =   4.858400000e+04 <=   4.896300000e+04   0.8% (390190; 38498)
+570144: mip =   4.858400000e+04 <=   4.896300000e+04   0.8% (393294; 38565)
+574561: mip =   4.858400000e+04 <=   4.896200000e+04   0.8% (396463; 38634)
+578899: mip =   4.858400000e+04 <=   4.896200000e+04   0.8% (399623; 38702)
+583226: mip =   4.858400000e+04 <=   4.896200000e+04   0.8% (402687; 38770)
Time used: 420.1 secs.  Memory used: 267.4 Mb.
+587463: mip =   4.858400000e+04 <=   4.896200000e+04   0.8% (405656; 38837)
+591639: mip =   4.858400000e+04 <=   4.896200000e+04   0.8% (408577; 38904)
+595784: mip =   4.858400000e+04 <=   4.896200000e+04   0.8% (411519; 38969)
+599827: mip =   4.858400000e+04 <=   4.896200000e+04   0.8% (414413; 39034)
+603865: mip =   4.858400000e+04 <=   4.896200000e+04   0.8% (417246; 39099)
+607977: mip =   4.858400000e+04 <=   4.896200000e+04   0.8% (420171; 39163)
+611935: mip =   4.858400000e+04 <=   4.896200000e+04   0.8% (422940; 39227)
+615935: mip =   4.858400000e+04 <=   4.896200000e+04   0.8% (425749; 39290)
+619977: mip =   4.858400000e+04 <=   4.896200000e+04   0.8% (428584; 39353)
+624074: mip =   4.858400000e+04 <=   4.896100000e+04   0.8% (431524; 39417)
+628059: mip =   4.858400000e+04 <=   4.896100000e+04   0.8% (434392; 39481)
+632042: mip =   4.858400000e+04 <=   4.896100000e+04   0.8% (437265; 39545)
Time used: 480.1 secs.  Memory used: 290.1 Mb.
+635910: mip =   4.858400000e+04 <=   4.896100000e+04   0.8% (440028; 39608)
+639969: mip =   4.858400000e+04 <=   4.896100000e+04   0.8% (442874; 39670)
+643929: mip =   4.858400000e+04 <=   4.896100000e+04   0.8% (445667; 39732)
+647952: mip =   4.858400000e+04 <=   4.896100000e+04   0.8% (448561; 39793)
+651861: mip =   4.858400000e+04 <=   4.896100000e+04   0.8% (451307; 39854)
+655737: mip =   4.858400000e+04 <=   4.896100000e+04   0.8% (454094; 39915)
+659470: mip =   4.858400000e+04 <=   4.896100000e+04   0.8% (456738; 39976)
+663226: mip =   4.858400000e+04 <=   4.896100000e+04   0.8% (459340; 40036)
+667039: mip =   4.858400000e+04 <=   4.896100000e+04   0.8% (462010; 40096)
+670803: mip =   4.858400000e+04 <=   4.896100000e+04   0.8% (464633; 40155)
+674628: mip =   4.858400000e+04 <=   4.896100000e+04   0.8% (467289; 40214)
Time used: 540.1 secs.  Memory used: 311.3 Mb.
+678493: mip =   4.858400000e+04 <=   4.896000000e+04   0.8% (470032; 40273)
+682154: mip =   4.858400000e+04 <=   4.896000000e+04   0.8% (472697; 40333)
+685895: mip =   4.858400000e+04 <=   4.896000000e+04   0.8% (475397; 40393)
+689542: mip =   4.858400000e+04 <=   4.896000000e+04   0.8% (478009; 40452)
+693306: mip =   4.858400000e+04 <=   4.896000000e+04   0.8% (480645; 40511)
+697008: mip =   4.858400000e+04 <=   4.896000000e+04   0.8% (483289; 40569)
+700584: mip =   4.858400000e+04 <=   4.896000000e+04   0.8% (485771; 40627)
+704293: mip =   4.858400000e+04 <=   4.896000000e+04   0.8% (488378; 40685)
+707837: mip =   4.858400000e+04 <=   4.896000000e+04   0.8% (490908; 40742)
+711426: mip =   4.858400000e+04 <=   4.896000000e+04   0.8% (493476; 40799)
+714984: mip =   4.858400000e+04 <=   4.896000000e+04   0.8% (495984; 40856)
+718477: mip =   4.858400000e+04 <=   4.896000000e+04   0.8% (498499; 40912)
Time used: 600.1 secs.  Memory used: 331.8 Mb.
+721922: mip =   4.858400000e+04 <=   4.896000000e+04   0.8% (500931; 40968)
+725510: mip =   4.858400000e+04 <=   4.896000000e+04   0.8% (503473; 41023)
+728996: mip =   4.858400000e+04 <=   4.896000000e+04   0.8% (505907; 41078)
+732484: mip =   4.858400000e+04 <=   4.896000000e+04   0.8% (508355; 41133)
+736093: mip =   4.858400000e+04 <=   4.895900000e+04   0.8% (510890; 41188)
+739591: mip =   4.858400000e+04 <=   4.895900000e+04   0.8% (513422; 41244)
+742976: mip =   4.858400000e+04 <=   4.895900000e+04   0.8% (515875; 41300)
+746485: mip =   4.858400000e+04 <=   4.895900000e+04   0.8% (518446; 41355)
+749859: mip =   4.858400000e+04 <=   4.895900000e+04   0.8% (520869; 41410)
+753240: mip =   4.858400000e+04 <=   4.895900000e+04   0.8% (523274; 41465)
+756644: mip =   4.858400000e+04 <=   4.895900000e+04   0.8% (525690; 41520)
+760159: mip =   4.858400000e+04 <=   4.895900000e+04   0.8% (528098; 41574)
Time used: 660.1 secs.  Memory used: 351.1 Mb.
+763507: mip =   4.858400000e+04 <=   4.895900000e+04   0.8% (530452; 41628)
+766911: mip =   4.858400000e+04 <=   4.895900000e+04   0.8% (532877; 41681)
+770296: mip =   4.858400000e+04 <=   4.895900000e+04   0.8% (535247; 41734)
+773596: mip =   4.858400000e+04 <=   4.895900000e+04   0.8% (537572; 41787)
+776983: mip =   4.858400000e+04 <=   4.895900000e+04   0.8% (539969; 41840)
+780214: mip =   4.858400000e+04 <=   4.895900000e+04   0.8% (542224; 41893)
+783516: mip =   4.858400000e+04 <=   4.895900000e+04   0.8% (544550; 41945)
+786723: mip =   4.858400000e+04 <=   4.895900000e+04   0.8% (546775; 41997)
+790009: mip =   4.858400000e+04 <=   4.895900000e+04   0.8% (549088; 42049)
+793296: mip =   4.858400000e+04 <=   4.895900000e+04   0.8% (551396; 42101)
+796609: mip =   4.858400000e+04 <=   4.895900000e+04   0.8% (553682; 42153)
+799856: mip =   4.858400000e+04 <=   4.895900000e+04   0.8% (555955; 42203)
Time used: 720.1 secs.  Memory used: 369.0 Mb.
+803161: mip =   4.858400000e+04 <=   4.895800000e+04   0.8% (558303; 42255)
+806394: mip =   4.858400000e+04 <=   4.895800000e+04   0.8% (560669; 42307)
+809593: mip =   4.858400000e+04 <=   4.895800000e+04   0.8% (562985; 42359)
+812707: mip =   4.858400000e+04 <=   4.895800000e+04   0.8% (565216; 42410)
+815860: mip =   4.858400000e+04 <=   4.895800000e+04   0.8% (567514; 42461)
+819010: mip =   4.858400000e+04 <=   4.895800000e+04   0.8% (569749; 42512)
+822165: mip =   4.858400000e+04 <=   4.895800000e+04   0.8% (571965; 42563)
+825421: mip =   4.858400000e+04 <=   4.895800000e+04   0.8% (574258; 42613)
+828438: mip =   4.858400000e+04 <=   4.895800000e+04   0.8% (576379; 42664)
+831550: mip =   4.858400000e+04 <=   4.895800000e+04   0.8% (578564; 42714)
+834701: mip =   4.858400000e+04 <=   4.895800000e+04   0.8% (580739; 42764)
+837828: mip =   4.858400000e+04 <=   4.895800000e+04   0.8% (582926; 42814)
Time used: 780.2 secs.  Memory used: 387.1 Mb.
+841019: mip =   4.858400000e+04 <=   4.895800000e+04   0.8% (585183; 42864)
+843987: mip =   4.858400000e+04 <=   4.895800000e+04   0.8% (587309; 42913)
+847105: mip =   4.858400000e+04 <=   4.895800000e+04   0.8% (589517; 42962)
+850165: mip =   4.858400000e+04 <=   4.895800000e+04   0.8% (591723; 43011)
+853259: mip =   4.858400000e+04 <=   4.895800000e+04   0.8% (593903; 43060)
+856300: mip =   4.858400000e+04 <=   4.895800000e+04   0.8% (596043; 43109)
+859370: mip =   4.858400000e+04 <=   4.895800000e+04   0.8% (598190; 43157)
+862393: mip =   4.858400000e+04 <=   4.895800000e+04   0.8% (600307; 43205)
+865397: mip =   4.858400000e+04 <=   4.895800000e+04   0.8% (602390; 43253)
+868448: mip =   4.858400000e+04 <=   4.895800000e+04   0.8% (604546; 43300)
+871486: mip =   4.858400000e+04 <=   4.895700000e+04   0.8% (606716; 43347)
+874515: mip =   4.858400000e+04 <=   4.895700000e+04   0.8% (608895; 43395)
Time used: 840.2 secs.  Memory used: 403.6 Mb.
+877325: mip =   4.858400000e+04 <=   4.895700000e+04   0.8% (610901; 43442)
+880207: mip =   4.858400000e+04 <=   4.895700000e+04   0.8% (612971; 43490)
+883167: mip =   4.858400000e+04 <=   4.895700000e+04   0.8% (615168; 43538)
+886110: mip =   4.858400000e+04 <=   4.895700000e+04   0.8% (617275; 43586)
+889135: mip =   4.858400000e+04 <=   4.895700000e+04   0.8% (619443; 43634)
+891993: mip =   4.858400000e+04 <=   4.895700000e+04   0.8% (621487; 43681)
+894876: mip =   4.858400000e+04 <=   4.895700000e+04   0.8% (623513; 43728)
+897793: mip =   4.858400000e+04 <=   4.895700000e+04   0.8% (625589; 43775)
+900730: mip =   4.858400000e+04 <=   4.895700000e+04   0.8% (627610; 43822)
+903597: mip =   4.858400000e+04 <=   4.895700000e+04   0.8% (629632; 43869)
+906500: mip =   4.858400000e+04 <=   4.895700000e+04   0.8% (631647; 43916)
Time used: 900.3 secs.  Memory used: 420.2 Mb.
+909395: mip =   4.858400000e+04 <=   4.895700000e+04   0.8% (633697; 43963)
+912383: mip =   4.858400000e+04 <=   4.895700000e+04   0.8% (635832; 44009)
+915307: mip =   4.858400000e+04 <=   4.895700000e+04   0.8% (637874; 44055)
+918129: mip =   4.858400000e+04 <=   4.895700000e+04   0.8% (639854; 44100)
+920945: mip =   4.858400000e+04 <=   4.895700000e+04   0.8% (641853; 44146)
+923800: mip =   4.858400000e+04 <=   4.895700000e+04   0.8% (643855; 44191)
+926567: mip =   4.858400000e+04 <=   4.895700000e+04   0.8% (645751; 44237)
+929351: mip =   4.858400000e+04 <=   4.895700000e+04   0.8% (647711; 44282)
+932224: mip =   4.858400000e+04 <=   4.895700000e+04   0.8% (649687; 44327)
+934964: mip =   4.858400000e+04 <=   4.895700000e+04   0.8% (651619; 44372)
+937834: mip =   4.858400000e+04 <=   4.895700000e+04   0.8% (653683; 44417)
+940688: mip =   4.858400000e+04 <=   4.895700000e+04   0.8% (655668; 44461)
Time used: 960.3 secs.  Memory used: 455.5 Mb.
+943518: mip =   4.858400000e+04 <=   4.895700000e+04   0.8% (657628; 44506)
+946502: mip =   4.858400000e+04 <=   4.895700000e+04   0.8% (659714; 44550)
+949444: mip =   4.858400000e+04 <=   4.895600000e+04   0.8% (661771; 44595)
+952243: mip =   4.858400000e+04 <=   4.895600000e+04   0.8% (663800; 44640)
+954984: mip =   4.858400000e+04 <=   4.895600000e+04   0.8% (665765; 44685)
+957676: mip =   4.858400000e+04 <=   4.895600000e+04   0.8% (667735; 44730)
+960388: mip =   4.858400000e+04 <=   4.895600000e+04   0.8% (669709; 44775)
+963135: mip =   4.858400000e+04 <=   4.895600000e+04   0.8% (671680; 44819)
+965882: mip =   4.858400000e+04 <=   4.895600000e+04   0.8% (673623; 44864)
+968653: mip =   4.858400000e+04 <=   4.895600000e+04   0.8% (675627; 44908)
+971345: mip =   4.858400000e+04 <=   4.895600000e+04   0.8% (677544; 44952)
+974096: mip =   4.858400000e+04 <=   4.895600000e+04   0.8% (679485; 44996)
Time used: 1020.4 secs.  Memory used: 471.0 Mb.
+976701: mip =   4.858400000e+04 <=   4.895600000e+04   0.8% (681310; 45037)
+979420: mip =   4.858400000e+04 <=   4.895600000e+04   0.8% (683227; 45080)
+982019: mip =   4.858400000e+04 <=   4.895600000e+04   0.8% (685061; 45124)
+984636: mip =   4.858400000e+04 <=   4.895600000e+04   0.8% (686899; 45167)
+987378: mip =   4.858400000e+04 <=   4.895600000e+04   0.8% (688777; 45210)
+990013: mip =   4.858400000e+04 <=   4.895600000e+04   0.8% (690637; 45253)
+992607: mip =   4.858400000e+04 <=   4.895600000e+04   0.8% (692469; 45296)
+995331: mip =   4.858400000e+04 <=   4.895600000e+04   0.8% (694374; 45339)
+997961: mip =   4.858400000e+04 <=   4.895600000e+04   0.8% (696248; 45382)
+1000662: mip =   4.858400000e+04 <=   4.895600000e+04   0.8% (698171; 45425)
+1003282: mip =   4.858400000e+04 <=   4.895600000e+04   0.8% (699978; 45467)
+1005788: mip =   4.858400000e+04 <=   4.895600000e+04   0.8% (701756; 45509)
Time used: 1080.4 secs.  Memory used: 485.6 Mb.
+1008427: mip =   4.858400000e+04 <=   4.895600000e+04   0.8% (703614; 45551)
+1010973: mip =   4.858400000e+04 <=   4.895600000e+04   0.8% (705385; 45593)
+1013661: mip =   4.858400000e+04 <=   4.895600000e+04   0.8% (707268; 45635)
+1016287: mip =   4.858400000e+04 <=   4.895600000e+04   0.8% (709116; 45676)
+1018883: mip =   4.858400000e+04 <=   4.895600000e+04   0.8% (710937; 45717)
+1021530: mip =   4.858400000e+04 <=   4.895600000e+04   0.8% (712779; 45759)
+1024202: mip =   4.858400000e+04 <=   4.895600000e+04   0.8% (714629; 45800)
+1026923: mip =   4.858400000e+04 <=   4.895500000e+04   0.8% (716551; 45841)
+1029560: mip =   4.858400000e+04 <=   4.895500000e+04   0.8% (718442; 45883)
+1032127: mip =   4.858400000e+04 <=   4.895500000e+04   0.8% (720316; 45925)
+1034726: mip =   4.858400000e+04 <=   4.895500000e+04   0.8% (722175; 45967)
Time used: 1140.4 secs.  Memory used: 499.6 Mb.
+1037246: mip =   4.858400000e+04 <=   4.895500000e+04   0.8% (724009; 46009)
+1039724: mip =   4.858400000e+04 <=   4.895500000e+04   0.8% (725794; 46051)
+1042336: mip =   4.858400000e+04 <=   4.895500000e+04   0.8% (727698; 46092)
+1044727: mip =   4.858400000e+04 <=   4.895500000e+04   0.8% (729403; 46133)
+1047266: mip =   4.858400000e+04 <=   4.895500000e+04   0.8% (731172; 46174)
+1049775: mip =   4.858400000e+04 <=   4.895500000e+04   0.8% (733008; 46215)
+1052265: mip =   4.858400000e+04 <=   4.895500000e+04   0.8% (734779; 46256)
+1054793: mip =   4.858400000e+04 <=   4.895500000e+04   0.8% (736559; 46297)
+1057338: mip =   4.858400000e+04 <=   4.895500000e+04   0.8% (738363; 46338)
+1059890: mip =   4.858400000e+04 <=   4.895500000e+04   0.8% (740143; 46379)
+1062405: mip =   4.858400000e+04 <=   4.895500000e+04   0.8% (741864; 46420)
+1064869: mip =   4.858400000e+04 <=   4.895500000e+04   0.8% (743567; 46461)
Time used: 1200.4 secs.  Memory used: 513.9 Mb.
+1067392: mip =   4.858400000e+04 <=   4.895500000e+04   0.8% (745338; 46502)
+1069919: mip =   4.858400000e+04 <=   4.895500000e+04   0.8% (747116; 46542)
+1072317: mip =   4.858400000e+04 <=   4.895500000e+04   0.8% (748785; 46583)
+1074940: mip =   4.858400000e+04 <=   4.895500000e+04   0.8% (750655; 46623)
+1077405: mip =   4.858400000e+04 <=   4.895500000e+04   0.8% (752355; 46663)
+1079895: mip =   4.858400000e+04 <=   4.895500000e+04   0.8% (754101; 46703)
+1082391: mip =   4.858400000e+04 <=   4.895500000e+04   0.8% (755833; 46743)
+1084944: mip =   4.858400000e+04 <=   4.895500000e+04   0.8% (757640; 46783)
+1087463: mip =   4.858400000e+04 <=   4.895500000e+04   0.8% (759412; 46823)
+1089844: mip =   4.858400000e+04 <=   4.895500000e+04   0.8% (761089; 46863)
+1092149: mip =   4.858400000e+04 <=   4.895500000e+04   0.8% (762696; 46902)
+1094547: mip =   4.858400000e+04 <=   4.895500000e+04   0.8% (764349; 46941)
Time used: 1260.5 secs.  Memory used: 527.3 Mb.
+1097004: mip =   4.858400000e+04 <=   4.895500000e+04   0.8% (766051; 46981)
+1099451: mip =   4.858400000e+04 <=   4.895500000e+04   0.8% (767766; 47020)
+1101937: mip =   4.858400000e+04 <=   4.895500000e+04   0.8% (769520; 47059)
+1104385: mip =   4.858400000e+04 <=   4.895500000e+04   0.8% (771231; 47098)
+1106809: mip =   4.858400000e+04 <=   4.895500000e+04   0.8% (772919; 47137)
+1109308: mip =   4.858400000e+04 <=   4.895500000e+04   0.8% (774675; 47176)
+1111827: mip =   4.858400000e+04 <=   4.895500000e+04   0.8% (776412; 47215)
+1114451: mip =   4.858400000e+04 <=   4.895400000e+04   0.8% (778236; 47254)
+1116945: mip =   4.858400000e+04 <=   4.895400000e+04   0.8% (780017; 47294)
+1119320: mip =   4.858400000e+04 <=   4.895400000e+04   0.8% (781764; 47333)
+1121712: mip =   4.858400000e+04 <=   4.895400000e+04   0.8% (783455; 47372)
+1124031: mip =   4.858400000e+04 <=   4.895400000e+04   0.8% (785154; 47411)
Time used: 1320.6 secs.  Memory used: 540.5 Mb.
+1126376: mip =   4.858400000e+04 <=   4.895400000e+04   0.8% (786838; 47450)
+1128756: mip =   4.858400000e+04 <=   4.895400000e+04   0.8% (788554; 47489)
+1131126: mip =   4.858400000e+04 <=   4.895400000e+04   0.8% (790261; 47528)
+1133457: mip =   4.858400000e+04 <=   4.895400000e+04   0.8% (791931; 47567)
+1135802: mip =   4.858400000e+04 <=   4.895400000e+04   0.8% (793578; 47606)
+1138104: mip =   4.858400000e+04 <=   4.895400000e+04   0.8% (795235; 47644)
+1140397: mip =   4.858400000e+04 <=   4.895400000e+04   0.8% (796897; 47682)
+1142732: mip =   4.858400000e+04 <=   4.895400000e+04   0.8% (798510; 47719)
+1145015: mip =   4.858400000e+04 <=   4.895400000e+04   0.8% (800127; 47756)
+1147389: mip =   4.858400000e+04 <=   4.895400000e+04   0.8% (801820; 47794)
+1149817: mip =   4.858400000e+04 <=   4.895400000e+04   0.8% (803544; 47832)
Time used: 1380.7 secs.  Memory used: 553.8 Mb.
+1152099: mip =   4.858400000e+04 <=   4.895400000e+04   0.8% (805144; 47870)
+1154501: mip =   4.858400000e+04 <=   4.895400000e+04   0.8% (806817; 47908)
+1156876: mip =   4.858400000e+04 <=   4.895400000e+04   0.8% (808516; 47946)
+1159210: mip =   4.858400000e+04 <=   4.895400000e+04   0.8% (810125; 47984)
+1161579: mip =   4.858400000e+04 <=   4.895400000e+04   0.8% (811780; 48022)
+1163942: mip =   4.858400000e+04 <=   4.895400000e+04   0.8% (813453; 48060)
+1166219: mip =   4.858400000e+04 <=   4.895400000e+04   0.8% (815045; 48098)
+1168566: mip =   4.858400000e+04 <=   4.895400000e+04   0.8% (816717; 48135)
+1170921: mip =   4.858400000e+04 <=   4.895400000e+04   0.8% (818389; 48172)
+1173159: mip =   4.858400000e+04 <=   4.895400000e+04   0.8% (819964; 48210)
+1175478: mip =   4.858400000e+04 <=   4.895400000e+04   0.8% (821604; 48247)
+1177874: mip =   4.858400000e+04 <=   4.895400000e+04   0.8% (823255; 48284)
Time used: 1440.7 secs.  Memory used: 566.6 Mb.
+1180156: mip =   4.858400000e+04 <=   4.895400000e+04   0.8% (824871; 48321)
+1182416: mip =   4.858400000e+04 <=   4.895400000e+04   0.8% (826453; 48358)
+1184654: mip =   4.858400000e+04 <=   4.895400000e+04   0.8% (828005; 48395)
+1186982: mip =   4.858400000e+04 <=   4.895400000e+04   0.8% (829681; 48432)
+1189273: mip =   4.858400000e+04 <=   4.895400000e+04   0.8% (831269; 48469)
+1191668: mip =   4.858400000e+04 <=   4.895400000e+04   0.8% (832921; 48505)
+1193905: mip =   4.858400000e+04 <=   4.895400000e+04   0.8% (834499; 48542)
+1196231: mip =   4.858400000e+04 <=   4.895400000e+04   0.8% (836113; 48578)
+1198506: mip =   4.858400000e+04 <=   4.895400000e+04   0.8% (837700; 48615)
+1200853: mip =   4.858400000e+04 <=   4.895400000e+04   0.8% (839323; 48651)
+1203238: mip =   4.858400000e+04 <=   4.895400000e+04   0.8% (840994; 48687)
+1205702: mip =   4.858400000e+04 <=   4.895300000e+04   0.8% (842724; 48723)
Time used: 1500.8 secs.  Memory used: 578.6 Mb.
+1207960: mip =   4.858400000e+04 <=   4.895300000e+04   0.8% (844321; 48760)
+1210262: mip =   4.858400000e+04 <=   4.895300000e+04   0.8% (845988; 48797)
+1212493: mip =   4.858400000e+04 <=   4.895300000e+04   0.8% (847619; 48834)
+1214819: mip =   4.858400000e+04 <=   4.895300000e+04   0.8% (849266; 48871)
+1217027: mip =   4.858400000e+04 <=   4.895300000e+04   0.8% (850860; 48908)
+1219247: mip =   4.858400000e+04 <=   4.895300000e+04   0.8% (852460; 48945)
+1221530: mip =   4.858400000e+04 <=   4.895300000e+04   0.8% (854094; 48981)
+1223624: mip =   4.858400000e+04 <=   4.895300000e+04   0.8% (855606; 49017)
+1225840: mip =   4.858400000e+04 <=   4.895300000e+04   0.8% (857223; 49053)
+1227994: mip =   4.858400000e+04 <=   4.895300000e+04   0.8% (858775; 49089)
+1230147: mip =   4.858400000e+04 <=   4.895300000e+04   0.8% (860290; 49125)
Time used: 1560.8 secs.  Memory used: 591.3 Mb.
+1232398: mip =   4.858400000e+04 <=   4.895300000e+04   0.8% (861875; 49161)
+1234548: mip =   4.858400000e+04 <=   4.895300000e+04   0.8% (863422; 49197)
+1236732: mip =   4.858400000e+04 <=   4.895300000e+04   0.8% (865008; 49233)
+1238914: mip =   4.858400000e+04 <=   4.895300000e+04   0.8% (866536; 49269)
+1241019: mip =   4.858400000e+04 <=   4.895300000e+04   0.8% (868051; 49305)
+1243174: mip =   4.858400000e+04 <=   4.895300000e+04   0.8% (869603; 49341)
+1245418: mip =   4.858400000e+04 <=   4.895300000e+04   0.8% (871156; 49377)
+1247535: mip =   4.858400000e+04 <=   4.895300000e+04   0.8% (872653; 49412)
+1249727: mip =   4.858400000e+04 <=   4.895300000e+04   0.8% (874167; 49448)
+1251845: mip =   4.858400000e+04 <=   4.895300000e+04   0.8% (875607; 49483)
+1253997: mip =   4.858400000e+04 <=   4.895300000e+04   0.8% (877123; 49518)
+1256050: mip =   4.858400000e+04 <=   4.895300000e+04   0.8% (878560; 49553)
Time used: 1620.8 secs.  Memory used: 603.4 Mb.
+1258213: mip =   4.858400000e+04 <=   4.895300000e+04   0.8% (880062; 49588)
+1260336: mip =   4.858400000e+04 <=   4.895300000e+04   0.8% (881576; 49623)
+1262381: mip =   4.858400000e+04 <=   4.895300000e+04   0.8% (882993; 49658)
+1264527: mip =   4.858400000e+04 <=   4.895300000e+04   0.8% (884505; 49693)
+1266703: mip =   4.858400000e+04 <=   4.895300000e+04   0.8% (886018; 49728)
+1268862: mip =   4.858400000e+04 <=   4.895300000e+04   0.8% (887550; 49763)
+1271094: mip =   4.858400000e+04 <=   4.895300000e+04   0.8% (889121; 49797)
+1273195: mip =   4.858400000e+04 <=   4.895300000e+04   0.8% (890583; 49832)
+1275403: mip =   4.858400000e+04 <=   4.895300000e+04   0.8% (892133; 49867)
+1277630: mip =   4.858400000e+04 <=   4.895300000e+04   0.8% (893700; 49901)
+1279655: mip =   4.858400000e+04 <=   4.895300000e+04   0.8% (895110; 49936)
+1281643: mip =   4.858400000e+04 <=   4.895300000e+04   0.8% (896491; 49970)
Time used: 1680.9 secs.  Memory used: 614.9 Mb.
+1283737: mip =   4.858400000e+04 <=   4.895300000e+04   0.8% (897948; 50005)
+1285849: mip =   4.858400000e+04 <=   4.895300000e+04   0.8% (899436; 50039)
+1287850: mip =   4.858400000e+04 <=   4.895300000e+04   0.8% (900832; 50073)
+1289958: mip =   4.858400000e+04 <=   4.895300000e+04   0.8% (902286; 50107)
+1292015: mip =   4.858400000e+04 <=   4.895300000e+04   0.8% (903680; 50142)
+1294082: mip =   4.858400000e+04 <=   4.895300000e+04   0.8% (905128; 50176)
+1296113: mip =   4.858400000e+04 <=   4.895300000e+04   0.8% (906539; 50209)
+1298271: mip =   4.858400000e+04 <=   4.895300000e+04   0.8% (908047; 50242)
+1300412: mip =   4.858400000e+04 <=   4.895300000e+04   0.8% (909534; 50275)
+1302482: mip =   4.858400000e+04 <=   4.895300000e+04   0.8% (910994; 50309)
+1304655: mip =   4.858400000e+04 <=   4.895300000e+04   0.8% (912513; 50343)
Time used: 1741.0 secs.  Memory used: 625.8 Mb.
+1306860: mip =   4.858400000e+04 <=   4.895300000e+04   0.8% (914070; 50377)
+1309119: mip =   4.858400000e+04 <=   4.895300000e+04   0.8% (915629; 50410)
+1311250: mip =   4.858400000e+04 <=   4.895200000e+04   0.8% (917165; 50444)
+1313330: mip =   4.858400000e+04 <=   4.895200000e+04   0.8% (918632; 50478)
+1315428: mip =   4.858400000e+04 <=   4.895200000e+04   0.8% (920183; 50512)
+1317421: mip =   4.858400000e+04 <=   4.895200000e+04   0.8% (921647; 50546)
+1319528: mip =   4.858400000e+04 <=   4.895200000e+04   0.8% (923153; 50580)
+1321559: mip =   4.858400000e+04 <=   4.895200000e+04   0.8% (924633; 50614)
+1323627: mip =   4.858400000e+04 <=   4.895200000e+04   0.8% (926094; 50648)
+1325640: mip =   4.858400000e+04 <=   4.895200000e+04   0.8% (927557; 50682)
+1327688: mip =   4.858400000e+04 <=   4.895200000e+04   0.8% (929030; 50716)
+1329765: mip =   4.858400000e+04 <=   4.895200000e+04   0.8% (930517; 50750)
Time used: 1801.0 secs.  Memory used: 637.6 Mb.
+1331825: mip =   4.858400000e+04 <=   4.895200000e+04   0.8% (932011; 50784)
+1333744: mip =   4.858400000e+04 <=   4.895200000e+04   0.8% (933390; 50818)
+1335844: mip =   4.858400000e+04 <=   4.895200000e+04   0.8% (934839; 50852)
+1337823: mip =   4.858400000e+04 <=   4.895200000e+04   0.8% (936283; 50885)
+1339824: mip =   4.858400000e+04 <=   4.895200000e+04   0.8% (937704; 50918)
+1341834: mip =   4.858400000e+04 <=   4.895200000e+04   0.8% (939151; 50952)
+1343873: mip =   4.858400000e+04 <=   4.895200000e+04   0.8% (940538; 50985)
+1345869: mip =   4.858400000e+04 <=   4.895200000e+04   0.8% (941944; 51018)
+1347927: mip =   4.858400000e+04 <=   4.895200000e+04   0.8% (943435; 51051)
+1349955: mip =   4.858400000e+04 <=   4.895200000e+04   0.8% (944844; 51084)
+1352034: mip =   4.858400000e+04 <=   4.895200000e+04   0.8% (946298; 51117)
+1353953: mip =   4.858400000e+04 <=   4.895200000e+04   0.8% (947656; 51150)
Time used: 1861.1 secs.  Memory used: 649.0 Mb.
+1355941: mip =   4.858400000e+04 <=   4.895200000e+04   0.8% (949019; 51183)
+1358002: mip =   4.858400000e+04 <=   4.895200000e+04   0.8% (950476; 51216)
+1360005: mip =   4.858400000e+04 <=   4.895200000e+04   0.8% (951909; 51249)
+1362024: mip =   4.858400000e+04 <=   4.895200000e+04   0.8% (953310; 51282)
+1364101: mip =   4.858400000e+04 <=   4.895200000e+04   0.8% (954730; 51315)
+1366096: mip =   4.858400000e+04 <=   4.895200000e+04   0.8% (956140; 51347)
+1368078: mip =   4.858400000e+04 <=   4.895200000e+04   0.8% (957522; 51379)
+1370085: mip =   4.858400000e+04 <=   4.895200000e+04   0.8% (958906; 51411)
+1372002: mip =   4.858400000e+04 <=   4.895200000e+04   0.8% (960257; 51444)
+1374003: mip =   4.858400000e+04 <=   4.895200000e+04   0.8% (961676; 51476)
+1376039: mip =   4.858400000e+04 <=   4.895200000e+04   0.8% (963068; 51509)
Time used: 1921.1 secs.  Memory used: 660.2 Mb.
+1377960: mip =   4.858400000e+04 <=   4.895200000e+04   0.8% (964421; 51540)
+1379840: mip =   4.858400000e+04 <=   4.895200000e+04   0.8% (965698; 51572)
+1381865: mip =   4.858400000e+04 <=   4.895200000e+04   0.8% (967139; 51604)
+1383882: mip =   4.858400000e+04 <=   4.895200000e+04   0.8% (968536; 51636)
+1385895: mip =   4.858400000e+04 <=   4.895200000e+04   0.8% (969934; 51668)
+1387870: mip =   4.858400000e+04 <=   4.895200000e+04   0.8% (971348; 51700)
+1389817: mip =   4.858400000e+04 <=   4.895200000e+04   0.8% (972718; 51732)
+1391863: mip =   4.858400000e+04 <=   4.895200000e+04   0.8% (974145; 51764)
+1393803: mip =   4.858400000e+04 <=   4.895200000e+04   0.8% (975492; 51796)
+1395742: mip =   4.858400000e+04 <=   4.895200000e+04   0.8% (976875; 51828)
+1397686: mip =   4.858400000e+04 <=   4.895200000e+04   0.8% (978230; 51860)
+1399717: mip =   4.858400000e+04 <=   4.895200000e+04   0.8% (979609; 51892)
Time used: 1981.2 secs.  Memory used: 670.7 Mb.
+1401799: mip =   4.858400000e+04 <=   4.895200000e+04   0.8% (981028; 51924)
+1403784: mip =   4.858400000e+04 <=   4.895200000e+04   0.8% (982407; 51956)
+1405755: mip =   4.858400000e+04 <=   4.895200000e+04   0.8% (983783; 51988)
+1407803: mip =   4.858400000e+04 <=   4.895200000e+04   0.8% (985212; 52019)
+1409678: mip =   4.858400000e+04 <=   4.895200000e+04   0.8% (986537; 52051)
+1411676: mip =   4.858400000e+04 <=   4.895200000e+04   0.8% (987921; 52082)
+1413698: mip =   4.858400000e+04 <=   4.895200000e+04   0.8% (989355; 52113)
+1415813: mip =   4.858400000e+04 <=   4.895200000e+04   0.8% (990827; 52144)
+1417848: mip =   4.858400000e+04 <=   4.895100000e+04   0.8% (992268; 52175)
+1419801: mip =   4.858400000e+04 <=   4.895100000e+04   0.8% (993646; 52207)
+1421751: mip =   4.858400000e+04 <=   4.895100000e+04   0.8% (995021; 52239)
+1423734: mip =   4.858400000e+04 <=   4.895100000e+04   0.8% (996463; 52271)
Time used: 2041.3 secs.  Memory used: 680.9 Mb.
+1425621: mip =   4.858400000e+04 <=   4.895100000e+04   0.8% (997849; 52303)
+1427572: mip =   4.858400000e+04 <=   4.895100000e+04   0.8% (999249; 52335)
+1429568: mip =   4.858400000e+04 <=   4.895100000e+04   0.8% (1000658; 52367)
+1431424: mip =   4.858400000e+04 <=   4.895100000e+04   0.8% (1001996; 52399)
+1433361: mip =   4.858400000e+04 <=   4.895100000e+04   0.8% (1003414; 52431)
+1435266: mip =   4.858400000e+04 <=   4.895100000e+04   0.8% (1004775; 52463)
+1437183: mip =   4.858400000e+04 <=   4.895100000e+04   0.8% (1006177; 52495)
+1439017: mip =   4.858400000e+04 <=   4.895100000e+04   0.8% (1007487; 52526)
+1440819: mip =   4.858400000e+04 <=   4.895100000e+04   0.8% (1008744; 52557)
+1442755: mip =   4.858400000e+04 <=   4.895100000e+04   0.8% (1010165; 52588)
+1444615: mip =   4.858400000e+04 <=   4.895100000e+04   0.8% (1011522; 52619)
Time used: 2101.3 secs.  Memory used: 691.8 Mb.
+1446400: mip =   4.858400000e+04 <=   4.895100000e+04   0.8% (1012796; 52650)
+1448343: mip =   4.858400000e+04 <=   4.895100000e+04   0.8% (1014121; 52681)
+1450251: mip =   4.858400000e+04 <=   4.895100000e+04   0.8% (1015464; 52712)
+1452124: mip =   4.858400000e+04 <=   4.895100000e+04   0.8% (1016815; 52743)
+1454060: mip =   4.858400000e+04 <=   4.895100000e+04   0.8% (1018204; 52774)
+1455932: mip =   4.858400000e+04 <=   4.895100000e+04   0.8% (1019552; 52805)
+1457781: mip =   4.858400000e+04 <=   4.895100000e+04   0.8% (1020838; 52836)
+1459646: mip =   4.858400000e+04 <=   4.895100000e+04   0.8% (1022153; 52867)
+1461525: mip =   4.858400000e+04 <=   4.895100000e+04   0.8% (1023500; 52898)
+1463362: mip =   4.858400000e+04 <=   4.895100000e+04   0.8% (1024825; 52929)
+1465248: mip =   4.858400000e+04 <=   4.895100000e+04   0.8% (1026123; 52960)
+1467141: mip =   4.858400000e+04 <=   4.895100000e+04   0.8% (1027499; 52991)
Time used: 2161.4 secs.  Memory used: 702.3 Mb.
+1469016: mip =   4.858400000e+04 <=   4.895100000e+04   0.8% (1028781; 53022)
+1470911: mip =   4.858400000e+04 <=   4.895100000e+04   0.8% (1030083; 53053)
+1472765: mip =   4.858400000e+04 <=   4.895100000e+04   0.8% (1031355; 53084)
+1474583: mip =   4.858400000e+04 <=   4.895100000e+04   0.8% (1032629; 53115)
+1476416: mip =   4.858400000e+04 <=   4.895100000e+04   0.8% (1033923; 53145)
+1478198: mip =   4.858400000e+04 <=   4.895100000e+04   0.8% (1035172; 53175)
+1480043: mip =   4.858400000e+04 <=   4.895100000e+04   0.8% (1036470; 53205)
+1481859: mip =   4.858400000e+04 <=   4.895100000e+04   0.8% (1037738; 53236)
+1483695: mip =   4.858400000e+04 <=   4.895100000e+04   0.8% (1039028; 53266)
+1485447: mip =   4.858400000e+04 <=   4.895100000e+04   0.8% (1040260; 53296)
+1487266: mip =   4.858400000e+04 <=   4.895100000e+04   0.8% (1041572; 53326)
Time used: 2221.5 secs.  Memory used: 712.5 Mb.
+1489093: mip =   4.858400000e+04 <=   4.895100000e+04   0.8% (1042815; 53356)
+1490927: mip =   4.858400000e+04 <=   4.895100000e+04   0.8% (1044071; 53386)
+1492711: mip =   4.858400000e+04 <=   4.895100000e+04   0.8% (1045329; 53416)
+1494522: mip =   4.858400000e+04 <=   4.895100000e+04   0.8% (1046613; 53446)
+1496412: mip =   4.858400000e+04 <=   4.895100000e+04   0.8% (1047921; 53476)
+1498126: mip =   4.858400000e+04 <=   4.895100000e+04   0.8% (1049101; 53506)
+1499970: mip =   4.858400000e+04 <=   4.895100000e+04   0.8% (1050415; 53536)
+1501845: mip =   4.858400000e+04 <=   4.895100000e+04   0.8% (1051717; 53566)
+1503720: mip =   4.858400000e+04 <=   4.895100000e+04   0.8% (1053027; 53596)
+1505505: mip =   4.858400000e+04 <=   4.895100000e+04   0.8% (1054274; 53626)
+1507342: mip =   4.858400000e+04 <=   4.895100000e+04   0.8% (1055560; 53656)
+1509028: mip =   4.858400000e+04 <=   4.895100000e+04   0.8% (1056751; 53686)
Time used: 2281.6 secs.  Memory used: 722.3 Mb.
+1510786: mip =   4.858400000e+04 <=   4.895100000e+04   0.8% (1057975; 53716)
+1512644: mip =   4.858400000e+04 <=   4.895100000e+04   0.8% (1059255; 53746)
+1514450: mip =   4.858400000e+04 <=   4.895100000e+04   0.8% (1060532; 53776)
+1516319: mip =   4.858400000e+04 <=   4.895100000e+04   0.8% (1061801; 53806)
+1518086: mip =   4.858400000e+04 <=   4.895100000e+04   0.8% (1063041; 53836)
+1519992: mip =   4.858400000e+04 <=   4.895100000e+04   0.8% (1064361; 53866)
+1521798: mip =   4.858400000e+04 <=   4.895100000e+04   0.8% (1065592; 53896)
+1523600: mip =   4.858400000e+04 <=   4.895100000e+04   0.8% (1066859; 53926)
+1525516: mip =   4.858400000e+04 <=   4.895100000e+04   0.8% (1068184; 53956)
+1527330: mip =   4.858400000e+04 <=   4.895100000e+04   0.8% (1069495; 53985)
+1529181: mip =   4.858400000e+04 <=   4.895100000e+04   0.8% (1070811; 54014)
+1531026: mip =   4.858400000e+04 <=   4.895100000e+04   0.8% (1072081; 54043)
Time used: 2341.8 secs.  Memory used: 731.7 Mb.
+1532879: mip =   4.858400000e+04 <=   4.895100000e+04   0.8% (1073373; 54072)
+1534759: mip =   4.858400000e+04 <=   4.895100000e+04   0.8% (1074665; 54101)
+1536722: mip =   4.858400000e+04 <=   4.895100000e+04   0.8% (1076029; 54130)
+1538715: mip =   4.858400000e+04 <=   4.895100000e+04   0.8% (1077414; 54159)
+1540676: mip =   4.858400000e+04 <=   4.895000000e+04   0.8% (1078788; 54188)
+1542473: mip =   4.858400000e+04 <=   4.895000000e+04   0.8% (1080077; 54218)
+1544308: mip =   4.858400000e+04 <=   4.895000000e+04   0.8% (1081381; 54248)
+1546122: mip =   4.858400000e+04 <=   4.895000000e+04   0.8% (1082676; 54278)
+1547947: mip =   4.858400000e+04 <=   4.895000000e+04   0.8% (1084017; 54308)
+1549697: mip =   4.858400000e+04 <=   4.895000000e+04   0.8% (1085288; 54338)
+1551461: mip =   4.858400000e+04 <=   4.895000000e+04   0.8% (1086558; 54367)
Time used: 2401.8 secs.  Memory used: 741.6 Mb.
+1553266: mip =   4.858400000e+04 <=   4.895000000e+04   0.8% (1087828; 54397)
+1555012: mip =   4.858400000e+04 <=   4.895000000e+04   0.8% (1089094; 54426)
+1556743: mip =   4.858400000e+04 <=   4.895000000e+04   0.8% (1090371; 54455)
+1558477: mip =   4.858400000e+04 <=   4.895000000e+04   0.8% (1091624; 54484)
+1560185: mip =   4.858400000e+04 <=   4.895000000e+04   0.8% (1092840; 54513)
+1561966: mip =   4.858400000e+04 <=   4.895000000e+04   0.8% (1094109; 54542)
+1563619: mip =   4.858400000e+04 <=   4.895000000e+04   0.8% (1095283; 54571)
+1565375: mip =   4.858400000e+04 <=   4.895000000e+04   0.8% (1096556; 54600)
+1567206: mip =   4.858400000e+04 <=   4.895000000e+04   0.8% (1097865; 54629)
+1568893: mip =   4.858400000e+04 <=   4.895000000e+04   0.8% (1099095; 54658)
+1570558: mip =   4.858400000e+04 <=   4.895000000e+04   0.8% (1100270; 54687)
+1572255: mip =   4.858400000e+04 <=   4.895000000e+04   0.8% (1101445; 54716)
Time used: 2462.0 secs.  Memory used: 751.5 Mb.
+1574061: mip =   4.858400000e+04 <=   4.895000000e+04   0.8% (1102699; 54745)
+1575865: mip =   4.858400000e+04 <=   4.895000000e+04   0.8% (1104016; 54774)
+1577602: mip =   4.858400000e+04 <=   4.895000000e+04   0.8% (1105291; 54803)
+1579409: mip =   4.858400000e+04 <=   4.895000000e+04   0.8% (1106568; 54832)
+1581187: mip =   4.858400000e+04 <=   4.895000000e+04   0.8% (1107821; 54861)
+1582960: mip =   4.858400000e+04 <=   4.895000000e+04   0.8% (1109026; 54890)
+1584769: mip =   4.858400000e+04 <=   4.895000000e+04   0.8% (1110288; 54919)
+1586531: mip =   4.858400000e+04 <=   4.895000000e+04   0.8% (1111545; 54948)
+1588348: mip =   4.858400000e+04 <=   4.895000000e+04   0.8% (1112853; 54977)
+1590038: mip =   4.858400000e+04 <=   4.895000000e+04   0.8% (1114044; 55006)
+1591737: mip =   4.858400000e+04 <=   4.895000000e+04   0.8% (1115230; 55034)
Time used: 2522.1 secs.  Memory used: 761.5 Mb.
+1593479: mip =   4.858400000e+04 <=   4.895000000e+04   0.8% (1116463; 55062)
+1595196: mip =   4.858400000e+04 <=   4.895000000e+04   0.8% (1117683; 55091)
+1596969: mip =   4.858400000e+04 <=   4.895000000e+04   0.8% (1118921; 55119)
+1598691: mip =   4.858400000e+04 <=   4.895000000e+04   0.8% (1120137; 55147)
+1600443: mip =   4.858400000e+04 <=   4.895000000e+04   0.8% (1121354; 55176)
+1602111: mip =   4.858400000e+04 <=   4.895000000e+04   0.8% (1122525; 55204)
+1603792: mip =   4.858400000e+04 <=   4.895000000e+04   0.8% (1123677; 55232)
+1605422: mip =   4.858400000e+04 <=   4.895000000e+04   0.8% (1124821; 55260)
+1607251: mip =   4.858400000e+04 <=   4.895000000e+04   0.8% (1126128; 55288)
+1608975: mip =   4.858400000e+04 <=   4.895000000e+04   0.8% (1127324; 55316)
+1610718: mip =   4.858400000e+04 <=   4.895000000e+04   0.8% (1128490; 55344)
+1612480: mip =   4.858400000e+04 <=   4.895000000e+04   0.8% (1129731; 55372)
Time used: 2582.1 secs.  Memory used: 771.0 Mb.
+1614243: mip =   4.858400000e+04 <=   4.895000000e+04   0.8% (1130974; 55400)
+1615868: mip =   4.858400000e+04 <=   4.895000000e+04   0.8% (1132106; 55428)
+1617628: mip =   4.858400000e+04 <=   4.895000000e+04   0.8% (1133344; 55456)
+1619365: mip =   4.858400000e+04 <=   4.895000000e+04   0.8% (1134515; 55484)
+1621081: mip =   4.858400000e+04 <=   4.895000000e+04   0.8% (1135724; 55512)
+1622780: mip =   4.858400000e+04 <=   4.895000000e+04   0.8% (1136949; 55540)
+1624471: mip =   4.858400000e+04 <=   4.895000000e+04   0.8% (1138114; 55568)
+1626159: mip =   4.858400000e+04 <=   4.895000000e+04   0.8% (1139281; 55596)
+1627935: mip =   4.858400000e+04 <=   4.895000000e+04   0.8% (1140536; 55624)
+1629661: mip =   4.858400000e+04 <=   4.895000000e+04   0.8% (1141725; 55652)
+1631460: mip =   4.858400000e+04 <=   4.895000000e+04   0.8% (1142953; 55680)
+1633201: mip =   4.858400000e+04 <=   4.895000000e+04   0.8% (1144152; 55708)
Time used: 2642.2 secs.  Memory used: 780.3 Mb.
+1634844: mip =   4.858400000e+04 <=   4.895000000e+04   0.8% (1145310; 55736)
+1636511: mip =   4.858400000e+04 <=   4.895000000e+04   0.8% (1146460; 55764)
+1638250: mip =   4.858400000e+04 <=   4.895000000e+04   0.8% (1147676; 55792)
+1640002: mip =   4.858400000e+04 <=   4.895000000e+04   0.8% (1148887; 55820)
+1641707: mip =   4.858400000e+04 <=   4.895000000e+04   0.8% (1150047; 55848)
+1643349: mip =   4.858400000e+04 <=   4.895000000e+04   0.8% (1151186; 55876)
+1644861: mip =   4.858400000e+04 <=   4.895000000e+04   0.8% (1152261; 55901)
+1646546: mip =   4.858400000e+04 <=   4.895000000e+04   0.8% (1153430; 55928)
+1648235: mip =   4.858400000e+04 <=   4.895000000e+04   0.8% (1154577; 55955)
+1649968: mip =   4.858400000e+04 <=   4.895000000e+04   0.8% (1155767; 55982)
+1651684: mip =   4.858400000e+04 <=   4.895000000e+04   0.8% (1156962; 56009)
Time used: 2702.4 secs.  Memory used: 789.0 Mb.
+1653387: mip =   4.858400000e+04 <=   4.895000000e+04   0.8% (1158139; 56036)
+1655231: mip =   4.858400000e+04 <=   4.895000000e+04   0.8% (1159418; 56063)
+1656877: mip =   4.858400000e+04 <=   4.895000000e+04   0.8% (1160559; 56089)
+1658505: mip =   4.858400000e+04 <=   4.895000000e+04   0.8% (1161709; 56116)
+1660233: mip =   4.858400000e+04 <=   4.895000000e+04   0.8% (1162888; 56143)
+1661922: mip =   4.858400000e+04 <=   4.895000000e+04   0.8% (1164050; 56169)
+1663637: mip =   4.858400000e+04 <=   4.895000000e+04   0.8% (1165235; 56194)
+1665472: mip =   4.858400000e+04 <=   4.895000000e+04   0.8% (1166535; 56220)
+1667088: mip =   4.858400000e+04 <=   4.894900000e+04   0.8% (1167685; 56246)
+1668631: mip =   4.858400000e+04 <=   4.894900000e+04   0.8% (1168827; 56272)
+1670229: mip =   4.858400000e+04 <=   4.894900000e+04   0.8% (1169947; 56299)
+1671871: mip =   4.858400000e+04 <=   4.894900000e+04   0.8% (1171106; 56326)
Time used: 2762.4 secs.  Memory used: 797.6 Mb.
+1673504: mip =   4.858400000e+04 <=   4.894900000e+04   0.8% (1172264; 56353)
+1675093: mip =   4.858400000e+04 <=   4.894900000e+04   0.8% (1173442; 56379)
+1676667: mip =   4.858400000e+04 <=   4.894900000e+04   0.8% (1174580; 56406)
+1678264: mip =   4.858400000e+04 <=   4.894900000e+04   0.8% (1175739; 56433)
+1679975: mip =   4.858400000e+04 <=   4.894900000e+04   0.8% (1176982; 56460)
+1681577: mip =   4.858400000e+04 <=   4.894900000e+04   0.8% (1178112; 56487)
+1683129: mip =   4.858400000e+04 <=   4.894900000e+04   0.8% (1179225; 56513)
+1684721: mip =   4.858400000e+04 <=   4.894900000e+04   0.8% (1180414; 56540)
+1686324: mip =   4.858400000e+04 <=   4.894900000e+04   0.8% (1181572; 56567)
+1687968: mip =   4.858400000e+04 <=   4.894900000e+04   0.8% (1182739; 56594)
+1689539: mip =   4.858400000e+04 <=   4.894900000e+04   0.8% (1183856; 56621)
Time used: 2822.4 secs.  Memory used: 806.7 Mb.
+1691190: mip =   4.858400000e+04 <=   4.894900000e+04   0.8% (1185078; 56648)
+1692811: mip =   4.858400000e+04 <=   4.894900000e+04   0.8% (1186225; 56675)
+1694345: mip =   4.858400000e+04 <=   4.894900000e+04   0.8% (1187306; 56702)
+1695941: mip =   4.858400000e+04 <=   4.894900000e+04   0.8% (1188442; 56729)
+1697617: mip =   4.858400000e+04 <=   4.894900000e+04   0.8% (1189650; 56756)
+1699205: mip =   4.858400000e+04 <=   4.894900000e+04   0.8% (1190795; 56782)
+1700724: mip =   4.858400000e+04 <=   4.894900000e+04   0.8% (1191909; 56809)
+1702319: mip =   4.858400000e+04 <=   4.894900000e+04   0.8% (1193006; 56836)
+1703961: mip =   4.858400000e+04 <=   4.894900000e+04   0.8% (1194143; 56863)
+1705548: mip =   4.858400000e+04 <=   4.894900000e+04   0.8% (1195251; 56889)
+1707161: mip =   4.858400000e+04 <=   4.894900000e+04   0.8% (1196427; 56915)
+1708673: mip =   4.858400000e+04 <=   4.894900000e+04   0.8% (1197507; 56942)
Time used: 2882.5 secs.  Memory used: 815.8 Mb.
+1710299: mip =   4.858400000e+04 <=   4.894900000e+04   0.8% (1198658; 56968)
+1711948: mip =   4.858400000e+04 <=   4.894900000e+04   0.8% (1199855; 56994)
+1713413: mip =   4.858400000e+04 <=   4.894900000e+04   0.8% (1200917; 57020)
+1715021: mip =   4.858400000e+04 <=   4.894900000e+04   0.8% (1202021; 57046)
+1716571: mip =   4.858400000e+04 <=   4.894900000e+04   0.8% (1203100; 57072)
+1718190: mip =   4.858400000e+04 <=   4.894900000e+04   0.8% (1204225; 57099)
+1719840: mip =   4.858400000e+04 <=   4.894900000e+04   0.8% (1205401; 57125)
+1721382: mip =   4.858400000e+04 <=   4.894900000e+04   0.8% (1206518; 57151)
+1722870: mip =   4.858400000e+04 <=   4.894900000e+04   0.8% (1207577; 57177)
+1724474: mip =   4.858400000e+04 <=   4.894900000e+04   0.8% (1208703; 57204)
+1726142: mip =   4.858400000e+04 <=   4.894900000e+04   0.8% (1209834; 57231)
Time used: 2942.6 secs.  Memory used: 824.7 Mb.
+1727703: mip =   4.858400000e+04 <=   4.894900000e+04   0.8% (1210951; 57257)
+1729244: mip =   4.858400000e+04 <=   4.894900000e+04   0.8% (1212054; 57283)
+1730862: mip =   4.858400000e+04 <=   4.894900000e+04   0.8% (1213176; 57310)
+1732470: mip =   4.858400000e+04 <=   4.894900000e+04   0.8% (1214279; 57336)
+1734109: mip =   4.858400000e+04 <=   4.894900000e+04   0.8% (1215392; 57363)
+1735674: mip =   4.858400000e+04 <=   4.894900000e+04   0.8% (1216497; 57390)
+1737231: mip =   4.858400000e+04 <=   4.894900000e+04   0.8% (1217580; 57417)
+1738840: mip =   4.858400000e+04 <=   4.894900000e+04   0.8% (1218714; 57443)
+1740352: mip =   4.858400000e+04 <=   4.894900000e+04   0.8% (1219761; 57469)
+1741892: mip =   4.858400000e+04 <=   4.894900000e+04   0.8% (1220842; 57495)
+1743468: mip =   4.858400000e+04 <=   4.894900000e+04   0.8% (1221960; 57521)
+1745044: mip =   4.858400000e+04 <=   4.894900000e+04   0.8% (1223044; 57547)
Time used: 3002.6 secs.  Memory used: 833.3 Mb.
+1746643: mip =   4.858400000e+04 <=   4.894900000e+04   0.8% (1224169; 57573)
+1748178: mip =   4.858400000e+04 <=   4.894900000e+04   0.8% (1225216; 57599)
+1749729: mip =   4.858400000e+04 <=   4.894900000e+04   0.8% (1226314; 57625)
+1751251: mip =   4.858400000e+04 <=   4.894900000e+04   0.8% (1227394; 57651)
+1752805: mip =   4.858400000e+04 <=   4.894900000e+04   0.8% (1228492; 57677)
+1754416: mip =   4.858400000e+04 <=   4.894900000e+04   0.8% (1229566; 57703)
+1756069: mip =   4.858400000e+04 <=   4.894900000e+04   0.8% (1230704; 57729)
+1757597: mip =   4.858400000e+04 <=   4.894900000e+04   0.8% (1231787; 57755)
+1759084: mip =   4.858400000e+04 <=   4.894900000e+04   0.8% (1232825; 57781)
+1760654: mip =   4.858400000e+04 <=   4.894900000e+04   0.8% (1233909; 57807)
+1762151: mip =   4.858400000e+04 <=   4.894900000e+04   0.8% (1234935; 57833)
Time used: 3062.6 secs.  Memory used: 841.8 Mb.
+1763701: mip =   4.858400000e+04 <=   4.894900000e+04   0.8% (1236018; 57859)
+1765393: mip =   4.858400000e+04 <=   4.894900000e+04   0.8% (1237212; 57885)
+1766938: mip =   4.858400000e+04 <=   4.894900000e+04   0.8% (1238268; 57910)
+1768129: mip =   4.858400000e+04 <=   4.894900000e+04   0.8% (1239091; 57928)
+1769503: mip =   4.858400000e+04 <=   4.894900000e+04   0.8% (1240036; 57951)
+1770889: mip =   4.858400000e+04 <=   4.894900000e+04   0.8% (1241007; 57974)
+1772377: mip =   4.858400000e+04 <=   4.894900000e+04   0.8% (1242063; 57998)
+1773722: mip =   4.858400000e+04 <=   4.894900000e+04   0.8% (1243003; 58022)
+1775115: mip =   4.858400000e+04 <=   4.894900000e+04   0.8% (1243968; 58045)
+1776444: mip =   4.858400000e+04 <=   4.894900000e+04   0.8% (1244900; 58068)
+1777841: mip =   4.858400000e+04 <=   4.894900000e+04   0.8% (1245859; 58091)
+1779278: mip =   4.858400000e+04 <=   4.894900000e+04   0.8% (1246837; 58115)
Time used: 3122.8 secs.  Memory used: 849.4 Mb.
+1780685: mip =   4.858400000e+04 <=   4.894900000e+04   0.8% (1247787; 58138)
+1782081: mip =   4.858400000e+04 <=   4.894900000e+04   0.8% (1248743; 58160)
+1783546: mip =   4.858400000e+04 <=   4.894900000e+04   0.8% (1249760; 58184)
+1784973: mip =   4.858400000e+04 <=   4.894900000e+04   0.8% (1250752; 58208)
+1786385: mip =   4.858400000e+04 <=   4.894900000e+04   0.8% (1251719; 58232)
+1787746: mip =   4.858400000e+04 <=   4.894900000e+04   0.8% (1252661; 58254)
+1789147: mip =   4.858400000e+04 <=   4.894900000e+04   0.8% (1253652; 58277)
+1790731: mip =   4.858400000e+04 <=   4.894900000e+04   0.8% (1254740; 58301)
+1792076: mip =   4.858400000e+04 <=   4.894900000e+04   0.8% (1255680; 58323)
+1793570: mip =   4.858400000e+04 <=   4.894900000e+04   0.8% (1256750; 58346)
+1795126: mip =   4.858400000e+04 <=   4.894900000e+04   0.8% (1257824; 58370)
Time used: 3182.9 secs.  Memory used: 856.7 Mb.
+1796649: mip =   4.858400000e+04 <=   4.894900000e+04   0.8% (1258873; 58394)
+1798073: mip =   4.858400000e+04 <=   4.894900000e+04   0.8% (1259856; 58417)
+1799614: mip =   4.858400000e+04 <=   4.894900000e+04   0.8% (1260924; 58441)
+1801025: mip =   4.858400000e+04 <=   4.894900000e+04   0.8% (1261925; 58463)
+1802560: mip =   4.858400000e+04 <=   4.894900000e+04   0.8% (1262990; 58487)
+1804007: mip =   4.858400000e+04 <=   4.894900000e+04   0.8% (1264011; 58510)
+1805714: mip =   4.858400000e+04 <=   4.894800000e+04   0.7% (1265194; 58534)
+1807128: mip =   4.858400000e+04 <=   4.894800000e+04   0.7% (1266208; 58558)
+1808591: mip =   4.858400000e+04 <=   4.894800000e+04   0.7% (1267249; 58582)
+1810014: mip =   4.858400000e+04 <=   4.894800000e+04   0.7% (1268250; 58606)
+1811523: mip =   4.858400000e+04 <=   4.894800000e+04   0.7% (1269305; 58630)
+1812993: mip =   4.858400000e+04 <=   4.894800000e+04   0.7% (1270351; 58654)
Time used: 3243.0 secs.  Memory used: 864.4 Mb.
+1814366: mip =   4.858400000e+04 <=   4.894800000e+04   0.7% (1271365; 58677)
+1815817: mip =   4.858400000e+04 <=   4.894800000e+04   0.7% (1272417; 58701)
+1817212: mip =   4.858400000e+04 <=   4.894800000e+04   0.7% (1273432; 58725)
+1818597: mip =   4.858400000e+04 <=   4.894800000e+04   0.7% (1274425; 58749)
+1819994: mip =   4.858400000e+04 <=   4.894800000e+04   0.7% (1275410; 58773)
+1821503: mip =   4.858400000e+04 <=   4.894800000e+04   0.7% (1276477; 58797)
+1822953: mip =   4.858400000e+04 <=   4.894800000e+04   0.7% (1277497; 58821)
+1824338: mip =   4.858400000e+04 <=   4.894800000e+04   0.7% (1278497; 58845)
+1825786: mip =   4.858400000e+04 <=   4.894800000e+04   0.7% (1279563; 58869)
+1827206: mip =   4.858400000e+04 <=   4.894800000e+04   0.7% (1280594; 58893)
+1828664: mip =   4.858400000e+04 <=   4.894800000e+04   0.7% (1281649; 58917)
Time used: 3303.1 secs.  Memory used: 872.6 Mb.
+1830063: mip =   4.858400000e+04 <=   4.894800000e+04   0.7% (1282645; 58941)
+1831474: mip =   4.858400000e+04 <=   4.894800000e+04   0.7% (1283656; 58965)
+1832810: mip =   4.858400000e+04 <=   4.894800000e+04   0.7% (1284624; 58989)
+1834331: mip =   4.858400000e+04 <=   4.894800000e+04   0.7% (1285730; 59013)
+1835763: mip =   4.858400000e+04 <=   4.894800000e+04   0.7% (1286707; 59037)
+1837067: mip =   4.858400000e+04 <=   4.894800000e+04   0.7% (1287676; 59061)
+1838455: mip =   4.858400000e+04 <=   4.894800000e+04   0.7% (1288683; 59085)
+1839931: mip =   4.858400000e+04 <=   4.894800000e+04   0.7% (1289764; 59109)
+1841444: mip =   4.858400000e+04 <=   4.894800000e+04   0.7% (1290843; 59133)
+1842862: mip =   4.858400000e+04 <=   4.894800000e+04   0.7% (1291870; 59157)
+1844228: mip =   4.858400000e+04 <=   4.894800000e+04   0.7% (1292841; 59181)
+1845579: mip =   4.858400000e+04 <=   4.894800000e+04   0.7% (1293810; 59205)
Time used: 3363.2 secs.  Memory used: 880.6 Mb.
+1847044: mip =   4.858400000e+04 <=   4.894800000e+04   0.7% (1294817; 59229)
+1848481: mip =   4.858400000e+04 <=   4.894800000e+04   0.7% (1295760; 59253)
+1849985: mip =   4.858400000e+04 <=   4.894800000e+04   0.7% (1296785; 59277)
+1851427: mip =   4.858400000e+04 <=   4.894800000e+04   0.7% (1297813; 59301)
+1852839: mip =   4.858400000e+04 <=   4.894800000e+04   0.7% (1298845; 59324)
+1854196: mip =   4.858400000e+04 <=   4.894800000e+04   0.7% (1299801; 59348)
+1855665: mip =   4.858400000e+04 <=   4.894800000e+04   0.7% (1300827; 59371)
+1857153: mip =   4.858400000e+04 <=   4.894800000e+04   0.7% (1301897; 59395)
+1858527: mip =   4.858400000e+04 <=   4.894800000e+04   0.7% (1302898; 59419)
+1859984: mip =   4.858400000e+04 <=   4.894800000e+04   0.7% (1303889; 59443)
+1861442: mip =   4.858400000e+04 <=   4.894800000e+04   0.7% (1304895; 59467)
Time used: 3423.4 secs.  Memory used: 928.7 Mb.
+1862902: mip =   4.858400000e+04 <=   4.894800000e+04   0.7% (1305891; 59490)
+1864364: mip =   4.858400000e+04 <=   4.894800000e+04   0.7% (1306932; 59513)
+1865738: mip =   4.858400000e+04 <=   4.894800000e+04   0.7% (1307926; 59536)
+1867104: mip =   4.858400000e+04 <=   4.894800000e+04   0.7% (1308902; 59559)
+1868519: mip =   4.858400000e+04 <=   4.894800000e+04   0.7% (1309898; 59583)
+1869920: mip =   4.858400000e+04 <=   4.894800000e+04   0.7% (1310885; 59606)
+1871290: mip =   4.858400000e+04 <=   4.894800000e+04   0.7% (1311861; 59629)
+1872752: mip =   4.858400000e+04 <=   4.894800000e+04   0.7% (1312893; 59652)
+1874202: mip =   4.858400000e+04 <=   4.894800000e+04   0.7% (1313910; 59676)
+1875652: mip =   4.858400000e+04 <=   4.894800000e+04   0.7% (1314921; 59700)
+1877149: mip =   4.858400000e+04 <=   4.894800000e+04   0.7% (1315946; 59723)
+1878514: mip =   4.858400000e+04 <=   4.894800000e+04   0.7% (1316903; 59746)
Time used: 3483.5 secs.  Memory used: 936.5 Mb.
+1879877: mip =   4.858400000e+04 <=   4.894800000e+04   0.7% (1317858; 59769)
+1881241: mip =   4.858400000e+04 <=   4.894800000e+04   0.7% (1318836; 59792)
+1882620: mip =   4.858400000e+04 <=   4.894800000e+04   0.7% (1319789; 59815)
+1884021: mip =   4.858400000e+04 <=   4.894800000e+04   0.7% (1320798; 59838)
+1885428: mip =   4.858400000e+04 <=   4.894800000e+04   0.7% (1321781; 59861)
+1886786: mip =   4.858400000e+04 <=   4.894800000e+04   0.7% (1322725; 59884)
+1888168: mip =   4.858400000e+04 <=   4.894800000e+04   0.7% (1323685; 59907)
+1889616: mip =   4.858400000e+04 <=   4.894800000e+04   0.7% (1324690; 59930)
+1890938: mip =   4.858400000e+04 <=   4.894800000e+04   0.7% (1325630; 59952)
+1892384: mip =   4.858400000e+04 <=   4.894800000e+04   0.7% (1326626; 59975)
+1893785: mip =   4.858400000e+04 <=   4.894800000e+04   0.7% (1327577; 59998)
+1895222: mip =   4.858400000e+04 <=   4.894800000e+04   0.7% (1328584; 60021)
Time used: 3543.8 secs.  Memory used: 944.2 Mb.
+1896581: mip =   4.858400000e+04 <=   4.894800000e+04   0.7% (1329515; 60044)
+1897950: mip =   4.858400000e+04 <=   4.894800000e+04   0.7% (1330484; 60066)
+1899374: mip =   4.858400000e+04 <=   4.894800000e+04   0.7% (1331484; 60089)
+1900743: mip =   4.858400000e+04 <=   4.894800000e+04   0.7% (1332446; 60111)
+1902116: mip =   4.858400000e+04 <=   4.894800000e+04   0.7% (1333403; 60133)
+1903466: mip =   4.858400000e+04 <=   4.894800000e+04   0.7% (1334304; 60155)
+1904727: mip =   4.858400000e+04 <=   4.894800000e+04   0.7% (1335187; 60177)
+1906002: mip =   4.858400000e+04 <=   4.894800000e+04   0.7% (1336084; 60199)
+1907392: mip =   4.858400000e+04 <=   4.894800000e+04   0.7% (1337088; 60221)
+1908713: mip =   4.858400000e+04 <=   4.894800000e+04   0.7% (1338032; 60243)
+1909655: mip =   4.858400000e+04 <=   4.894800000e+04   0.7% (1338691; 60258)
TIME LIMIT EXCEEDED; SEARCH TERMINATED
Time used:   3600.3 secs
Memory used: 961.0 Mb (1007675777 bytes)
Writing MIP solution to `U2_SOL.sol'...
